<?xml version="1.0" encoding="UTF-8"?>
<coverage generated="1755676500660" clover="3.2.0">
  <project timestamp="1755676500661" name="All files">
    <metrics statements="1328" coveredstatements="1061" conditionals="797" coveredconditionals="601" methods="235" coveredmethods="194" elements="2360" coveredelements="1856" complexity="0" loc="1328" ncloc="1328" packages="17" files="30" classes="30"/>
    <package name="src">
      <metrics statements="138" coveredstatements="98" conditionals="66" coveredconditionals="38" methods="25" coveredmethods="23"/>
      <file name="client-adapters.js" path="F:\_Alpheios\____service_workes\_workspaces-core\v1\packages\client-adapters\src\client-adapters.js">
        <metrics statements="138" coveredstatements="98" conditionals="66" coveredconditionals="38" methods="25" coveredmethods="23"/>
        <line num="18" count="5" type="stmt"/>
        <line num="19" count="5" type="stmt"/>
        <line num="26" count="155" type="cond" truecount="2" falsecount="0"/>
        <line num="27" count="4" type="stmt"/>
        <line num="28" count="32" type="stmt"/>
        <line num="29" count="32" type="stmt"/>
        <line num="30" count="44" type="stmt"/>
        <line num="32" count="44" type="stmt"/>
        <line num="38" count="32" type="stmt"/>
        <line num="41" count="4" type="stmt"/>
        <line num="42" count="32" type="stmt"/>
        <line num="43" count="32" type="stmt"/>
        <line num="44" count="44" type="stmt"/>
        <line num="47" count="32" type="stmt"/>
        <line num="57" count="5" type="stmt"/>
        <line num="58" count="5" type="stmt"/>
        <line num="65" count="82" type="stmt"/>
        <line num="66" count="82" type="stmt"/>
        <line num="73" count="1" type="stmt"/>
        <line num="74" count="1" type="stmt"/>
        <line num="78" count="3" type="stmt"/>
        <line num="79" count="3" type="stmt"/>
        <line num="83" count="2" type="stmt"/>
        <line num="84" count="2" type="stmt"/>
        <line num="88" count="5" type="stmt"/>
        <line num="89" count="5" type="stmt"/>
        <line num="93" count="3" type="stmt"/>
        <line num="94" count="3" type="stmt"/>
        <line num="98" count="1" type="stmt"/>
        <line num="99" count="1" type="stmt"/>
        <line num="109" count="118" type="cond" truecount="2" falsecount="0"/>
        <line num="110" count="1" type="stmt"/>
        <line num="122" count="118" type="cond" truecount="1" falsecount="1"/>
        <line num="123" count="118" type="stmt"/>
        <line num="125" count="217" type="cond" truecount="4" falsecount="0"/>
        <line num="126" count="1" type="stmt"/>
        <line num="139" count="116" type="stmt"/>
        <line num="140" count="116" type="stmt"/>
        <line num="155" count="41" type="stmt"/>
        <line num="157" count="41" type="stmt"/>
        <line num="165" count="41" type="cond" truecount="2" falsecount="0"/>
        <line num="166" count="40" type="stmt"/>
        <line num="167" count="40" type="stmt"/>
        <line num="169" count="1" type="stmt"/>
        <line num="173" count="0" type="stmt"/>
        <line num="175" count="0" type="stmt"/>
        <line num="183" count="0" type="cond" truecount="0" falsecount="2"/>
        <line num="184" count="0" type="stmt"/>
        <line num="185" count="0" type="stmt"/>
        <line num="187" count="0" type="cond" truecount="0" falsecount="2"/>
        <line num="188" count="0" type="stmt"/>
        <line num="189" count="0" type="stmt"/>
        <line num="191" count="0" type="stmt"/>
        <line num="207" count="2" type="stmt"/>
        <line num="209" count="2" type="stmt"/>
        <line num="215" count="2" type="cond" truecount="1" falsecount="1"/>
        <line num="216" count="2" type="stmt"/>
        <line num="217" count="2" type="stmt"/>
        <line num="219" count="0" type="stmt"/>
        <line num="238" count="0" type="stmt"/>
        <line num="240" count="0" type="stmt"/>
        <line num="246" count="0" type="cond" truecount="0" falsecount="2"/>
        <line num="247" count="0" type="stmt"/>
        <line num="252" count="0" type="stmt"/>
        <line num="254" count="0" type="cond" truecount="0" falsecount="2"/>
        <line num="255" count="0" type="stmt"/>
        <line num="256" count="0" type="stmt"/>
        <line num="258" count="0" type="cond" truecount="0" falsecount="2"/>
        <line num="259" count="0" type="stmt"/>
        <line num="264" count="0" type="stmt"/>
        <line num="266" count="0" type="cond" truecount="0" falsecount="2"/>
        <line num="267" count="0" type="stmt"/>
        <line num="274" count="0" type="stmt"/>
        <line num="276" count="0" type="stmt"/>
        <line num="291" count="2" type="stmt"/>
        <line num="293" count="2" type="stmt"/>
        <line num="301" count="2" type="cond" truecount="1" falsecount="1"/>
        <line num="302" count="2" type="stmt"/>
        <line num="303" count="2" type="stmt"/>
        <line num="305" count="0" type="stmt"/>
        <line num="309" count="4" type="stmt"/>
        <line num="311" count="4" type="stmt"/>
        <line num="318" count="4" type="cond" truecount="2" falsecount="0"/>
        <line num="319" count="2" type="stmt"/>
        <line num="320" count="2" type="stmt"/>
        <line num="323" count="2" type="cond" truecount="1" falsecount="1"/>
        <line num="324" count="2" type="stmt"/>
        <line num="325" count="2" type="stmt"/>
        <line num="328" count="0" type="stmt"/>
        <line num="346" count="82" type="stmt"/>
        <line num="348" count="82" type="stmt"/>
        <line num="358" count="82" type="stmt"/>
        <line num="360" count="82" type="cond" truecount="2" falsecount="0"/>
        <line num="361" count="1" type="stmt"/>
        <line num="362" count="1" type="stmt"/>
        <line num="364" count="81" type="cond" truecount="1" falsecount="1"/>
        <line num="365" count="0" type="stmt"/>
        <line num="366" count="0" type="stmt"/>
        <line num="369" count="81" type="cond" truecount="2" falsecount="0"/>
        <line num="370" count="72" type="stmt"/>
        <line num="371" count="72" type="stmt"/>
        <line num="374" count="9" type="cond" truecount="1" falsecount="1"/>
        <line num="375" count="9" type="stmt"/>
        <line num="377" count="0" type="stmt"/>
        <line num="381" count="2" type="stmt"/>
        <line num="383" count="2" type="stmt"/>
        <line num="394" count="2" type="cond" truecount="3" falsecount="1"/>
        <line num="395" count="2" type="stmt"/>
        <line num="396" count="2" type="stmt"/>
        <line num="398" count="0" type="stmt"/>
        <line num="406" count="5" type="stmt"/>
        <line num="408" count="5" type="stmt"/>
        <line num="418" count="5" type="cond" truecount="1" falsecount="1"/>
        <line num="419" count="0" type="stmt"/>
        <line num="420" count="0" type="stmt"/>
        <line num="425" count="5" type="cond" truecount="2" falsecount="0"/>
        <line num="426" count="3" type="stmt"/>
        <line num="427" count="3" type="stmt"/>
        <line num="429" count="2" type="cond" truecount="1" falsecount="1"/>
        <line num="430" count="2" type="stmt"/>
        <line num="431" count="2" type="stmt"/>
        <line num="433" count="0" type="stmt"/>
        <line num="441" count="3" type="stmt"/>
        <line num="443" count="3" type="stmt"/>
        <line num="451" count="3" type="cond" truecount="1" falsecount="1"/>
        <line num="452" count="3" type="stmt"/>
        <line num="453" count="3" type="stmt"/>
        <line num="456" count="0" type="cond" truecount="0" falsecount="2"/>
        <line num="457" count="0" type="stmt"/>
        <line num="458" count="0" type="stmt"/>
        <line num="461" count="0" type="cond" truecount="0" falsecount="2"/>
        <line num="462" count="0" type="stmt"/>
        <line num="463" count="0" type="stmt"/>
        <line num="472" count="1" type="stmt"/>
        <line num="474" count="1" type="stmt"/>
        <line num="483" count="1" type="cond" truecount="1" falsecount="1"/>
        <line num="484" count="1" type="stmt"/>
        <line num="485" count="1" type="stmt"/>
      </file>
      <file name="index.js" path="F:\_Alpheios\____service_workes\_workspaces-core\v1\packages\client-adapters\src\index.js">
        <metrics statements="0" coveredstatements="0" conditionals="0" coveredconditionals="0" methods="0" coveredmethods="0"/>
      </file>
    </package>
    <package name="src.adapters">
      <metrics statements="73" coveredstatements="56" conditionals="44" coveredconditionals="34" methods="19" coveredmethods="12"/>
      <file name="base-adapter.js" path="F:\_Alpheios\____service_workes\_workspaces-core\v1\packages\client-adapters\src\adapters\base-adapter.js">
        <metrics statements="73" coveredstatements="56" conditionals="44" coveredconditionals="34" methods="19" coveredmethods="12"/>
        <line num="17" count="304" type="stmt"/>
        <line num="18" count="304" type="stmt"/>
        <line num="29" count="46" type="stmt"/>
        <line num="30" count="46" type="stmt"/>
        <line num="34" count="0" type="stmt"/>
        <line num="35" count="0" type="stmt"/>
        <line num="39" count="0" type="stmt"/>
        <line num="40" count="0" type="stmt"/>
        <line num="50" count="281" type="stmt"/>
        <line num="51" count="281" type="stmt"/>
        <line num="52" count="661" type="stmt"/>
        <line num="55" count="281" type="stmt"/>
        <line num="56" count="2031" type="cond" truecount="2" falsecount="0"/>
        <line num="57" count="2005" type="stmt"/>
        <line num="58" count="26" type="cond" truecount="2" falsecount="0"/>
        <line num="59" count="3" type="stmt"/>
        <line num="60" count="2" type="stmt"/>
        <line num="62" count="23" type="cond" truecount="2" falsecount="0"/>
        <line num="63" count="15" type="stmt"/>
        <line num="67" count="281" type="stmt"/>
        <line num="76" count="0" type="stmt"/>
        <line num="88" count="31" type="cond" truecount="2" falsecount="0"/>
        <line num="89" count="30" type="stmt"/>
        <line num="90" count="30" type="stmt"/>
        <line num="91" count="19" type="cond" truecount="2" falsecount="0"/>
        <line num="94" count="2" type="cond" truecount="1" falsecount="1"/>
        <line num="95" count="2" type="stmt"/>
        <line num="96" count="2" type="cond" truecount="3" falsecount="1"/>
        <line num="99" count="2" type="stmt"/>
        <line num="100" count="2" type="stmt"/>
        <line num="102" count="17" type="cond" truecount="2" falsecount="0"/>
        <line num="103" count="4" type="stmt"/>
        <line num="105" count="13" type="stmt"/>
        <line num="108" count="11" type="stmt"/>
        <line num="111" count="1" type="stmt"/>
        <line num="125" count="3" type="cond" truecount="2" falsecount="0"/>
        <line num="126" count="2" type="stmt"/>
        <line num="127" count="2" type="stmt"/>
        <line num="128" count="2" type="stmt"/>
        <line num="129" count="0" type="stmt"/>
        <line num="130" count="0" type="stmt"/>
        <line num="133" count="2" type="stmt"/>
        <line num="135" count="2" type="stmt"/>
        <line num="136" count="2" type="cond" truecount="1" falsecount="1"/>
        <line num="137" count="2" type="cond" truecount="2" falsecount="0"/>
        <line num="138" count="1" type="stmt"/>
        <line num="140" count="1" type="stmt"/>
        <line num="145" count="0" type="stmt"/>
        <line num="146" count="0" type="cond" truecount="0" falsecount="2"/>
        <line num="147" count="0" type="stmt"/>
        <line num="151" count="1" type="stmt"/>
        <line num="163" count="4" type="cond" truecount="2" falsecount="0"/>
        <line num="164" count="3" type="stmt"/>
        <line num="165" count="3" type="stmt"/>
        <line num="166" count="3" type="stmt"/>
        <line num="167" count="2" type="stmt"/>
        <line num="169" count="1" type="stmt"/>
        <line num="172" count="1" type="stmt"/>
        <line num="177" count="0" type="cond" truecount="0" falsecount="2"/>
        <line num="180" count="0" type="stmt"/>
        <line num="181" count="0" type="cond" truecount="0" falsecount="2"/>
        <line num="185" count="0" type="stmt"/>
        <line num="188" count="0" type="stmt"/>
        <line num="205" count="30" type="cond" truecount="2" falsecount="0"/>
        <line num="206" count="29" type="stmt"/>
        <line num="207" count="29" type="cond" truecount="3" falsecount="1"/>
        <line num="208" count="29" type="cond" truecount="4" falsecount="0"/>
        <line num="209" count="1" type="stmt"/>
        <line num="211" count="28" type="stmt"/>
        <line num="214" count="0" type="stmt"/>
        <line num="217" count="29" type="stmt"/>
        <line num="219" count="0" type="stmt"/>
        <line num="222" count="1" type="stmt"/>
      </file>
    </package>
    <package name="src.adapters.alpheiostb">
      <metrics statements="53" coveredstatements="50" conditionals="19" coveredconditionals="17" methods="4" coveredmethods="4"/>
      <file name="adapter.js" path="F:\_Alpheios\____service_workes\_workspaces-core\v1\packages\client-adapters\src\adapters\alpheiostb\adapter.js">
        <metrics statements="53" coveredstatements="50" conditionals="19" coveredconditionals="17" methods="4" coveredmethods="4"/>
        <line num="13" count="11" type="stmt"/>
        <line num="14" count="11" type="stmt"/>
        <line num="15" count="11" type="stmt"/>
        <line num="27" count="6" type="stmt"/>
        <line num="28" count="6" type="cond" truecount="2" falsecount="0"/>
        <line num="29" count="3" type="stmt"/>
        <line num="30" count="3" type="stmt"/>
        <line num="32" count="3" type="stmt"/>
        <line num="33" count="3" type="stmt"/>
        <line num="35" count="3" type="cond" truecount="1" falsecount="1"/>
        <line num="36" count="0" type="stmt"/>
        <line num="39" count="3" type="cond" truecount="1" falsecount="1"/>
        <line num="40" count="3" type="stmt"/>
        <line num="42" count="3" type="stmt"/>
        <line num="43" count="3" type="stmt"/>
        <line num="45" count="3" type="stmt"/>
        <line num="46" count="3" type="stmt"/>
        <line num="48" count="0" type="stmt"/>
        <line num="51" count="0" type="stmt"/>
        <line num="61" count="11" type="stmt"/>
        <line num="62" count="11" type="stmt"/>
        <line num="63" count="11" type="cond" truecount="4" falsecount="0"/>
        <line num="64" count="8" type="stmt"/>
        <line num="65" count="7" type="cond" truecount="4" falsecount="0"/>
        <line num="66" count="6" type="stmt"/>
        <line num="67" count="6" type="stmt"/>
        <line num="68" count="6" type="stmt"/>
        <line num="69" count="6" type="stmt"/>
        <line num="73" count="11" type="stmt"/>
        <line num="85" count="3" type="stmt"/>
        <line num="86" count="3" type="stmt"/>
        <line num="87" count="3" type="stmt"/>
        <line num="89" count="3" type="stmt"/>
        <line num="90" count="3" type="stmt"/>
        <line num="93" count="3" type="stmt"/>
        <line num="95" count="3" type="stmt"/>
        <line num="96" count="3" type="stmt"/>
        <line num="97" count="3" type="stmt"/>
        <line num="98" count="3" type="stmt"/>
        <line num="99" count="3" type="stmt"/>
        <line num="100" count="3" type="stmt"/>
        <line num="102" count="3" type="stmt"/>
        <line num="103" count="3" type="stmt"/>
        <line num="104" count="24" type="stmt"/>
        <line num="105" count="24" type="stmt"/>
        <line num="106" count="24" type="stmt"/>
        <line num="107" count="24" type="cond" truecount="2" falsecount="0"/>
        <line num="108" count="12" type="stmt"/>
        <line num="109" count="12" type="stmt"/>
        <line num="110" count="12" type="cond" truecount="2" falsecount="0"/>
        <line num="111" count="3" type="stmt"/>
        <line num="115" count="3" type="stmt"/>
        <line num="116" count="3" type="stmt"/>
      </file>
    </package>
    <package name="src.adapters.arethusa">
      <metrics statements="69" coveredstatements="21" conditionals="30" coveredconditionals="17" methods="9" coveredmethods="3"/>
      <file name="adapter.js" path="F:\_Alpheios\____service_workes\_workspaces-core\v1\packages\client-adapters\src\adapters\arethusa\adapter.js">
        <metrics statements="69" coveredstatements="21" conditionals="30" coveredconditionals="17" methods="9" coveredmethods="3"/>
        <line num="17" count="5" type="stmt"/>
        <line num="18" count="5" type="stmt"/>
        <line num="19" count="5" type="stmt"/>
        <line num="23" count="0" type="cond" truecount="0" falsecount="2"/>
        <line num="24" count="0" type="stmt"/>
        <line num="26" count="0" type="stmt"/>
        <line num="30" count="0" type="stmt"/>
        <line num="31" count="0" type="stmt"/>
        <line num="32" count="0" type="stmt"/>
        <line num="35" count="0" type="stmt"/>
        <line num="36" count="0" type="stmt"/>
        <line num="37" count="0" type="stmt"/>
        <line num="43" count="0" type="stmt"/>
        <line num="44" count="0" type="stmt"/>
        <line num="48" count="0" type="stmt"/>
        <line num="59" count="0" type="stmt"/>
        <line num="60" count="0" type="stmt"/>
        <line num="61" count="0" type="stmt"/>
        <line num="63" count="0" type="stmt"/>
        <line num="64" count="0" type="stmt"/>
        <line num="66" count="0" type="cond" truecount="0" falsecount="2"/>
        <line num="68" count="0" type="stmt"/>
        <line num="71" count="0" type="stmt"/>
        <line num="73" count="0" type="stmt"/>
        <line num="75" count="0" type="stmt"/>
        <line num="90" count="3" type="stmt"/>
        <line num="91" count="3" type="cond" truecount="3" falsecount="1"/>
        <line num="92" count="3" type="stmt"/>
        <line num="93" count="3" type="cond" truecount="3" falsecount="1"/>
        <line num="94" count="0" type="stmt"/>
        <line num="95" count="0" type="stmt"/>
        <line num="97" count="3" type="stmt"/>
        <line num="98" count="3" type="cond" truecount="1" falsecount="1"/>
        <line num="99" count="0" type="stmt"/>
        <line num="100" count="0" type="stmt"/>
        <line num="102" count="3" type="stmt"/>
        <line num="103" count="3" type="stmt"/>
        <line num="104" count="22" type="cond" truecount="2" falsecount="0"/>
        <line num="105" count="1" type="stmt"/>
        <line num="106" count="1" type="stmt"/>
        <line num="107" count="1" type="stmt"/>
        <line num="109" count="22" type="stmt"/>
        <line num="111" count="3" type="stmt"/>
        <line num="112" count="3" type="stmt"/>
        <line num="115" count="3" type="cond" truecount="8" falsecount="0"/>
        <line num="119" count="2" type="stmt"/>
        <line num="121" count="3" type="stmt"/>
        <line num="123" count="0" type="stmt"/>
        <line num="126" count="0" type="stmt"/>
        <line num="131" count="0" type="stmt"/>
        <line num="132" count="0" type="stmt"/>
        <line num="133" count="0" type="stmt"/>
        <line num="136" count="0" type="stmt"/>
        <line num="137" count="0" type="stmt"/>
        <line num="138" count="0" type="stmt"/>
        <line num="139" count="0" type="stmt"/>
        <line num="140" count="0" type="stmt"/>
        <line num="142" count="0" type="cond" truecount="0" falsecount="2"/>
        <line num="144" count="0" type="stmt"/>
        <line num="147" count="0" type="stmt"/>
        <line num="153" count="0" type="stmt"/>
        <line num="154" count="0" type="stmt"/>
        <line num="155" count="0" type="stmt"/>
        <line num="158" count="0" type="stmt"/>
        <line num="159" count="0" type="stmt"/>
        <line num="160" count="0" type="stmt"/>
        <line num="162" count="0" type="cond" truecount="0" falsecount="2"/>
        <line num="164" count="0" type="stmt"/>
        <line num="167" count="0" type="stmt"/>
      </file>
    </package>
    <package name="src.adapters.chineseloc">
      <metrics statements="61" coveredstatements="49" conditionals="23" coveredconditionals="19" methods="12" coveredmethods="11"/>
      <file name="adapter.js" path="F:\_Alpheios\____service_workes\_workspaces-core\v1\packages\client-adapters\src\adapters\chineseloc\adapter.js">
        <metrics statements="61" coveredstatements="49" conditionals="23" coveredconditionals="19" methods="12" coveredmethods="11"/>
        <line num="8" count="6" type="stmt"/>
        <line num="13" count="6" type="stmt"/>
        <line num="17" count="11" type="stmt"/>
        <line num="18" count="11" type="stmt"/>
        <line num="19" count="11" type="stmt"/>
        <line num="20" count="11" type="cond" truecount="1" falsecount="1"/>
        <line num="21" count="0" type="stmt"/>
        <line num="23" count="11" type="stmt"/>
        <line num="30" count="11" type="cond" truecount="2" falsecount="0"/>
        <line num="31" count="1" type="stmt"/>
        <line num="38" count="11" type="stmt"/>
        <line num="41" count="54" type="stmt"/>
        <line num="55" count="10" type="stmt"/>
        <line num="56" count="10" type="cond" truecount="2" falsecount="0"/>
        <line num="57" count="4" type="stmt"/>
        <line num="58" count="20" type="stmt"/>
        <line num="61" count="10" type="stmt"/>
        <line num="65" count="10" type="stmt"/>
        <line num="66" count="10" type="stmt"/>
        <line num="72" count="10" type="stmt"/>
        <line num="73" count="10" type="stmt"/>
        <line num="75" count="0" type="stmt"/>
        <line num="76" count="0" type="stmt"/>
        <line num="79" count="10" type="cond" truecount="2" falsecount="0"/>
        <line num="80" count="2" type="stmt"/>
        <line num="81" count="0" type="stmt"/>
        <line num="83" count="8" type="stmt"/>
        <line num="84" count="8" type="cond" truecount="1" falsecount="1"/>
        <line num="85" count="0" type="stmt"/>
        <line num="86" count="0" type="stmt"/>
        <line num="88" count="8" type="stmt"/>
        <line num="90" count="2" type="stmt"/>
        <line num="95" count="0" type="stmt"/>
        <line num="96" count="0" type="stmt"/>
        <line num="100" count="0" type="stmt"/>
        <line num="101" count="0" type="stmt"/>
        <line num="103" count="0" type="stmt"/>
        <line num="106" count="0" type="stmt"/>
        <line num="112" count="8" type="cond" truecount="2" falsecount="0"/>
        <line num="115" count="8" type="stmt"/>
        <line num="116" count="8" type="stmt"/>
        <line num="117" count="8" type="stmt"/>
        <line num="118" count="12" type="stmt"/>
        <line num="119" count="12" type="stmt"/>
        <line num="120" count="12" type="stmt"/>
        <line num="123" count="12" type="cond" truecount="1" falsecount="1"/>
        <line num="124" count="12" type="stmt"/>
        <line num="127" count="36" type="cond" truecount="2" falsecount="0"/>
        <line num="129" count="12" type="stmt"/>
        <line num="130" count="12" type="stmt"/>
        <line num="131" count="12" type="cond" truecount="4" falsecount="0"/>
        <line num="132" count="12" type="cond" truecount="2" falsecount="0"/>
        <line num="134" count="12" type="stmt"/>
        <line num="135" count="35" type="stmt"/>
        <line num="136" count="12" type="stmt"/>
        <line num="137" count="12" type="stmt"/>
        <line num="139" count="8" type="stmt"/>
        <line num="145" count="8" type="stmt"/>
        <line num="146" count="8" type="stmt"/>
        <line num="158" count="21" type="stmt"/>
        <line num="162" count="39" type="stmt"/>
      </file>
    </package>
    <package name="src.adapters.concordance">
      <metrics statements="105" coveredstatements="103" conditionals="64" coveredconditionals="56" methods="23" coveredmethods="23"/>
      <file name="adapter.js" path="F:\_Alpheios\____service_workes\_workspaces-core\v1\packages\client-adapters\src\adapters\concordance\adapter.js">
        <metrics statements="105" coveredstatements="103" conditionals="64" coveredconditionals="56" methods="23" coveredmethods="23"/>
        <line num="13" count="27" type="stmt"/>
        <line num="14" count="27" type="stmt"/>
        <line num="15" count="27" type="stmt"/>
        <line num="16" count="27" type="stmt"/>
        <line num="26" count="16" type="stmt"/>
        <line num="27" count="16" type="cond" truecount="4" falsecount="0"/>
        <line num="28" count="15" type="stmt"/>
        <line num="30" count="15" type="stmt"/>
        <line num="31" count="15" type="stmt"/>
        <line num="32" count="5068" type="stmt"/>
        <line num="33" count="5068" type="stmt"/>
        <line num="36" count="15" type="stmt"/>
        <line num="38" count="1" type="stmt"/>
        <line num="58" count="9" type="stmt"/>
        <line num="59" count="9" type="stmt"/>
        <line num="60" count="8" type="stmt"/>
        <line num="61" count="8" type="cond" truecount="1" falsecount="1"/>
        <line num="62" count="8" type="stmt"/>
        <line num="63" count="8" type="stmt"/>
        <line num="70" count="0" type="stmt"/>
        <line num="73" count="1" type="stmt"/>
        <line num="87" count="11" type="stmt"/>
        <line num="88" count="11" type="stmt"/>
        <line num="89" count="11" type="stmt"/>
        <line num="99" count="14" type="cond" truecount="4" falsecount="0"/>
        <line num="100" count="9" type="cond" truecount="2" falsecount="0"/>
        <line num="101" count="7" type="stmt"/>
        <line num="103" count="2" type="stmt"/>
        <line num="105" count="5" type="stmt"/>
        <line num="121" count="15" type="cond" truecount="6" falsecount="0"/>
        <line num="122" count="1" type="stmt"/>
        <line num="123" count="14" type="cond" truecount="6" falsecount="0"/>
        <line num="124" count="6" type="stmt"/>
        <line num="126" count="8" type="stmt"/>
        <line num="138" count="11" type="stmt"/>
        <line num="141" count="11" type="cond" truecount="2" falsecount="0"/>
        <line num="142" count="6" type="stmt"/>
        <line num="145" count="11" type="stmt"/>
        <line num="146" count="261" type="stmt"/>
        <line num="147" count="261" type="cond" truecount="2" falsecount="0"/>
        <line num="148" count="260" type="stmt"/>
        <line num="149" count="260" type="cond" truecount="2" falsecount="0"/>
        <line num="150" count="258" type="stmt"/>
        <line num="152" count="258" type="stmt"/>
        <line num="153" count="258" type="stmt"/>
        <line num="157" count="11" type="stmt"/>
        <line num="161" count="263" type="cond" truecount="3" falsecount="1"/>
        <line num="162" count="263" type="stmt"/>
        <line num="163" count="45339" type="stmt"/>
        <line num="165" count="0" type="stmt"/>
        <line num="169" count="262" type="cond" truecount="4" falsecount="1"/>
        <line num="170" count="262" type="stmt"/>
        <line num="174" count="262" type="cond" truecount="2" falsecount="0"/>
        <line num="175" count="261" type="stmt"/>
        <line num="176" count="1421" type="stmt"/>
        <line num="179" count="1" type="stmt"/>
        <line num="183" count="259" type="stmt"/>
        <line num="184" count="259" type="cond" truecount="1" falsecount="1"/>
        <line num="185" count="259" type="stmt"/>
        <line num="189" count="259" type="cond" truecount="2" falsecount="0"/>
        <line num="190" count="1" type="stmt"/>
        <line num="191" count="258" type="cond" truecount="1" falsecount="1"/>
        <line num="192" count="258" type="stmt"/>
        <line num="195" count="259" type="stmt"/>
        <line num="203" count="16780" type="stmt"/>
        <line num="212" count="5070" type="stmt"/>
        <line num="213" count="5070" type="stmt"/>
        <line num="214" count="5070" type="stmt"/>
        <line num="217" count="5070" type="stmt"/>
        <line num="218" count="5070" type="stmt"/>
        <line num="219" count="5070" type="stmt"/>
        <line num="222" count="5070" type="stmt"/>
        <line num="223" count="5070" type="stmt"/>
        <line num="224" count="5070" type="stmt"/>
        <line num="226" count="5070" type="stmt"/>
        <line num="227" count="11706" type="stmt"/>
        <line num="230" count="5070" type="stmt"/>
        <line num="231" count="5070" type="stmt"/>
        <line num="239" count="5072" type="stmt"/>
        <line num="240" count="5072" type="cond" truecount="4" falsecount="0"/>
        <line num="241" count="5071" type="cond" truecount="1" falsecount="1"/>
        <line num="242" count="5071" type="stmt"/>
        <line num="244" count="1" type="stmt"/>
        <line num="254" count="11707" type="stmt"/>
        <line num="255" count="11707" type="stmt"/>
        <line num="256" count="11710" type="stmt"/>
        <line num="259" count="11707" type="stmt"/>
        <line num="260" count="11707" type="stmt"/>
        <line num="261" count="11707" type="stmt"/>
        <line num="264" count="11707" type="stmt"/>
        <line num="265" count="11707" type="stmt"/>
        <line num="266" count="11707" type="stmt"/>
        <line num="274" count="11709" type="stmt"/>
        <line num="276" count="11709" type="cond" truecount="4" falsecount="0"/>
        <line num="277" count="11708" type="cond" truecount="1" falsecount="1"/>
        <line num="279" count="11708" type="stmt"/>
        <line num="281" count="1" type="stmt"/>
        <line num="294" count="259" type="stmt"/>
        <line num="295" count="259" type="stmt"/>
        <line num="298" count="259" type="stmt"/>
        <line num="299" count="259" type="stmt"/>
        <line num="300" count="259" type="stmt"/>
        <line num="301" count="259" type="stmt"/>
        <line num="302" count="259" type="stmt"/>
        <line num="304" count="259" type="stmt"/>
      </file>
    </package>
    <package name="src.adapters.detectlang">
      <metrics statements="26" coveredstatements="19" conditionals="21" coveredconditionals="13" methods="6" coveredmethods="5"/>
      <file name="adapter.js" path="F:\_Alpheios\____service_workes\_workspaces-core\v1\packages\client-adapters\src\adapters\detectlang\adapter.js">
        <metrics statements="26" coveredstatements="19" conditionals="21" coveredconditionals="13" methods="6" coveredmethods="5"/>
        <line num="11" count="1" type="stmt"/>
        <line num="12" count="1" type="stmt"/>
        <line num="13" count="1" type="stmt"/>
        <line num="22" count="1" type="stmt"/>
        <line num="23" count="1" type="stmt"/>
        <line num="28" count="1" type="stmt"/>
        <line num="29" count="1" type="cond" truecount="1" falsecount="1"/>
        <line num="30" count="0" type="stmt"/>
        <line num="31" count="0" type="stmt"/>
        <line num="35" count="1" type="cond" truecount="1" falsecount="1"/>
        <line num="36" count="1" type="stmt"/>
        <line num="38" count="0" type="stmt"/>
        <line num="40" count="1" type="stmt"/>
        <line num="42" count="0" type="stmt"/>
        <line num="52" count="1" type="cond" truecount="1" falsecount="1"/>
        <line num="53" count="1" type="stmt"/>
        <line num="55" count="0" type="stmt"/>
        <line num="72" count="1" type="cond" truecount="5" falsecount="1"/>
        <line num="73" count="1" type="stmt"/>
        <line num="74" count="3" type="stmt"/>
        <line num="76" count="1" type="cond" truecount="1" falsecount="1"/>
        <line num="77" count="0" type="stmt"/>
        <line num="80" count="1" type="cond" truecount="3" falsecount="1"/>
        <line num="81" count="1" type="stmt"/>
        <line num="83" count="1" type="cond" truecount="1" falsecount="1"/>
        <line num="86" count="0" type="stmt"/>
      </file>
    </package>
    <package name="src.adapters.dtsapi">
      <metrics statements="57" coveredstatements="12" conditionals="39" coveredconditionals="4" methods="12" coveredmethods="3"/>
      <file name="adapter.js" path="F:\_Alpheios\____service_workes\_workspaces-core\v1\packages\client-adapters\src\adapters\dtsapi\adapter.js">
        <metrics statements="57" coveredstatements="12" conditionals="39" coveredconditionals="4" methods="12" coveredmethods="3"/>
        <line num="11" count="10" type="stmt"/>
        <line num="12" count="10" type="stmt"/>
        <line num="23" count="9" type="stmt"/>
        <line num="24" count="9" type="stmt"/>
        <line num="25" count="9" type="stmt"/>
        <line num="26" count="9" type="cond" truecount="1" falsecount="1"/>
        <line num="27" count="0" type="stmt"/>
        <line num="29" count="9" type="stmt"/>
        <line num="31" count="0" type="stmt"/>
        <line num="42" count="0" type="stmt"/>
        <line num="43" count="0" type="stmt"/>
        <line num="44" count="0" type="stmt"/>
        <line num="45" count="0" type="cond" truecount="0" falsecount="2"/>
        <line num="46" count="0" type="stmt"/>
        <line num="47" count="0" type="stmt"/>
        <line num="49" count="0" type="stmt"/>
        <line num="51" count="0" type="stmt"/>
        <line num="65" count="0" type="stmt"/>
        <line num="66" count="0" type="stmt"/>
        <line num="67" count="0" type="cond" truecount="0" falsecount="2"/>
        <line num="69" count="0" type="stmt"/>
        <line num="70" count="0" type="stmt"/>
        <line num="72" count="0" type="stmt"/>
        <line num="82" count="9" type="stmt"/>
        <line num="83" count="9" type="cond" truecount="2" falsecount="0"/>
        <line num="84" count="7" type="stmt"/>
        <line num="86" count="9" type="cond" truecount="1" falsecount="1"/>
        <line num="87" count="0" type="stmt"/>
        <line num="89" count="9" type="stmt"/>
        <line num="98" count="0" type="stmt"/>
        <line num="99" count="0" type="cond" truecount="0" falsecount="2"/>
        <line num="100" count="0" type="stmt"/>
        <line num="102" count="0" type="stmt"/>
        <line num="111" count="0" type="stmt"/>
        <line num="112" count="0" type="cond" truecount="0" falsecount="2"/>
        <line num="113" count="0" type="stmt"/>
        <line num="114" count="0" type="stmt"/>
        <line num="115" count="0" type="stmt"/>
        <line num="118" count="0" type="stmt"/>
        <line num="120" count="0" type="cond" truecount="0" falsecount="2"/>
        <line num="121" count="0" type="stmt"/>
        <line num="122" count="0" type="cond" truecount="0" falsecount="2"/>
        <line num="124" count="0" type="stmt"/>
        <line num="125" count="0" type="cond" truecount="0" falsecount="2"/>
        <line num="127" count="0" type="stmt"/>
        <line num="136" count="0" type="stmt"/>
        <line num="145" count="0" type="cond" truecount="0" falsecount="2"/>
        <line num="146" count="0" type="stmt"/>
        <line num="147" count="0" type="stmt"/>
        <line num="158" count="0" type="stmt"/>
        <line num="169" count="0" type="cond" truecount="0" falsecount="4"/>
        <line num="170" count="0" type="stmt"/>
        <line num="171" count="0" type="cond" truecount="0" falsecount="4"/>
        <line num="172" count="0" type="stmt"/>
        <line num="175" count="0" type="cond" truecount="0" falsecount="2"/>
        <line num="176" count="0" type="stmt"/>
        <line num="181" count="0" type="stmt"/>
      </file>
    </package>
    <package name="src.adapters.lexicons">
      <metrics statements="210" coveredstatements="178" conditionals="122" coveredconditionals="95" methods="33" coveredmethods="28"/>
      <file name="adapter.js" path="F:\_Alpheios\____service_workes\_workspaces-core\v1\packages\client-adapters\src\adapters\lexicons\adapter.js">
        <metrics statements="210" coveredstatements="178" conditionals="122" coveredconditionals="95" methods="33" coveredmethods="28"/>
        <line num="7" count="5" type="stmt"/>
        <line num="8" count="5" type="stmt"/>
        <line num="21" count="111" type="stmt"/>
        <line num="22" count="111" type="stmt"/>
        <line num="23" count="111" type="stmt"/>
        <line num="24" count="111" type="cond" truecount="2" falsecount="0"/>
        <line num="25" count="111" type="stmt"/>
        <line num="34" count="5" type="stmt"/>
        <line num="43" count="2" type="stmt"/>
        <line num="52" count="6" type="stmt"/>
        <line num="53" count="6" type="stmt"/>
        <line num="55" count="6" type="stmt"/>
        <line num="56" count="6" type="stmt"/>
        <line num="58" count="6" type="cond" truecount="1" falsecount="1"/>
        <line num="59" count="6" type="stmt"/>
        <line num="60" count="6" type="stmt"/>
        <line num="61" count="6" type="stmt"/>
        <line num="65" count="0" type="stmt"/>
        <line num="66" count="0" type="stmt"/>
        <line num="77" count="2" type="stmt"/>
        <line num="78" count="2" type="stmt"/>
        <line num="80" count="2" type="stmt"/>
        <line num="81" count="2" type="stmt"/>
        <line num="83" count="2" type="cond" truecount="1" falsecount="1"/>
        <line num="84" count="2" type="stmt"/>
        <line num="85" count="2" type="stmt"/>
        <line num="86" count="2" type="stmt"/>
        <line num="87" count="0" type="stmt"/>
        <line num="88" count="0" type="stmt"/>
        <line num="93" count="0" type="stmt"/>
        <line num="94" count="0" type="stmt"/>
        <line num="105" count="6" type="cond" truecount="1" falsecount="1"/>
        <line num="106" count="6" type="stmt"/>
        <line num="119" count="1" type="cond" truecount="1" falsecount="1"/>
        <line num="120" count="1" type="stmt"/>
        <line num="135" count="11" type="stmt"/>
        <line num="136" count="11" type="cond" truecount="4" falsecount="0"/>
        <line num="137" count="2" type="stmt"/>
        <line num="138" count="2" type="stmt"/>
        <line num="141" count="9" type="cond" truecount="2" falsecount="0"/>
        <line num="142" count="7" type="stmt"/>
        <line num="144" count="2" type="cond" truecount="2" falsecount="0"/>
        <line num="145" count="1" type="stmt"/>
        <line num="146" count="1" type="cond" truecount="1" falsecount="1"/>
        <line num="147" count="1" type="stmt"/>
        <line num="157" count="1" type="stmt"/>
        <line num="158" count="1" type="stmt"/>
        <line num="159" count="7" type="stmt"/>
        <line num="161" count="1" type="stmt"/>
        <line num="162" count="1" type="stmt"/>
        <line num="163" count="1" type="stmt"/>
        <line num="165" count="1" type="cond" truecount="1" falsecount="1"/>
        <line num="166" count="1" type="stmt"/>
        <line num="167" count="1" type="stmt"/>
        <line num="171" count="0" type="stmt"/>
        <line num="180" count="1" type="stmt"/>
        <line num="181" count="7" type="stmt"/>
        <line num="183" count="1" type="stmt"/>
        <line num="184" count="1" type="stmt"/>
        <line num="185" count="1" type="stmt"/>
        <line num="187" count="1" type="cond" truecount="1" falsecount="1"/>
        <line num="188" count="1" type="stmt"/>
        <line num="189" count="1" type="stmt"/>
        <line num="202" count="7" type="stmt"/>
        <line num="203" count="44" type="stmt"/>
        <line num="205" count="7" type="stmt"/>
        <line num="206" count="7" type="cond" truecount="2" falsecount="0"/>
        <line num="207" count="5" type="stmt"/>
        <line num="209" count="7" type="cond" truecount="2" falsecount="0"/>
        <line num="210" count="2" type="stmt"/>
        <line num="223" count="85" type="cond" truecount="3" falsecount="1"/>
        <line num="224" count="0" type="stmt"/>
        <line num="226" count="85" type="cond" truecount="4" falsecount="0"/>
        <line num="227" count="10" type="stmt"/>
        <line num="228" count="10" type="stmt"/>
        <line num="230" count="10" type="stmt"/>
        <line num="231" count="10" type="cond" truecount="2" falsecount="0"/>
        <line num="232" count="1" type="stmt"/>
        <line num="233" count="1" type="stmt"/>
        <line num="234" count="0" type="stmt"/>
        <line num="237" count="9" type="stmt"/>
        <line num="238" count="9" type="stmt"/>
        <line num="240" count="1" type="stmt"/>
        <line num="241" count="1" type="stmt"/>
        <line num="242" count="1" type="stmt"/>
        <line num="244" count="75" type="cond" truecount="3" falsecount="1"/>
        <line num="245" count="0" type="stmt"/>
        <line num="246" count="0" type="stmt"/>
        <line num="249" count="84" type="stmt"/>
        <line num="259" count="8" type="stmt"/>
        <line num="260" count="8" type="stmt"/>
        <line num="262" count="8" type="stmt"/>
        <line num="263" count="14" type="stmt"/>
        <line num="264" count="14" type="cond" truecount="2" falsecount="0"/>
        <line num="265" count="13" type="stmt"/>
        <line num="266" count="13" type="stmt"/>
        <line num="267" count="13" type="stmt"/>
        <line num="268" count="13" type="cond" truecount="4" falsecount="0"/>
        <line num="269" count="13" type="stmt"/>
        <line num="270" count="13" type="stmt"/>
        <line num="271" count="13" type="stmt"/>
        <line num="272" count="13" type="cond" truecount="5" falsecount="0"/>
        <line num="273" count="3" type="stmt"/>
        <line num="274" count="3" type="stmt"/>
        <line num="276" count="13" type="stmt"/>
        <line num="277" count="13" type="stmt"/>
        <line num="278" count="13" type="stmt"/>
        <line num="279" count="13" type="stmt"/>
        <line num="281" count="0" type="stmt"/>
        <line num="282" count="0" type="stmt"/>
        <line num="286" count="1" type="stmt"/>
        <line num="287" count="1" type="stmt"/>
        <line num="288" count="1" type="stmt"/>
        <line num="301" count="7" type="stmt"/>
        <line num="302" count="7" type="stmt"/>
        <line num="303" count="7" type="stmt"/>
        <line num="305" count="7" type="cond" truecount="2" falsecount="0"/>
        <line num="306" count="1" type="stmt"/>
        <line num="307" count="1" type="stmt"/>
        <line num="310" count="6" type="stmt"/>
        <line num="311" count="6" type="stmt"/>
        <line num="312" count="13" type="stmt"/>
        <line num="313" count="13" type="cond" truecount="4" falsecount="0"/>
        <line num="314" count="12" type="stmt"/>
        <line num="315" count="12" type="stmt"/>
        <line num="317" count="1" type="cond" truecount="1" falsecount="1"/>
        <line num="318" count="1" type="stmt"/>
        <line num="321" count="6" type="stmt"/>
        <line num="331" count="3" type="stmt"/>
        <line num="333" count="8" type="cond" truecount="1" falsecount="1"/>
        <line num="334" count="8" type="stmt"/>
        <line num="336" count="0" type="stmt"/>
        <line num="339" count="8" type="stmt"/>
        <line num="341" count="8" type="cond" truecount="2" falsecount="2"/>
        <line num="342" count="0" type="cond" truecount="0" falsecount="2"/>
        <line num="343" count="0" type="stmt"/>
        <line num="344" count="0" type="stmt"/>
        <line num="346" count="0" type="stmt"/>
        <line num="347" count="0" type="stmt"/>
        <line num="348" count="0" type="stmt"/>
        <line num="349" count="0" type="stmt"/>
        <line num="350" count="0" type="stmt"/>
        <line num="354" count="0" type="stmt"/>
        <line num="367" count="1" type="stmt"/>
        <line num="369" count="2" type="cond" truecount="1" falsecount="1"/>
        <line num="370" count="2" type="stmt"/>
        <line num="372" count="0" type="stmt"/>
        <line num="375" count="2" type="stmt"/>
        <line num="376" count="2" type="cond" truecount="2" falsecount="2"/>
        <line num="377" count="0" type="cond" truecount="0" falsecount="2"/>
        <line num="378" count="0" type="stmt"/>
        <line num="380" count="0" type="stmt"/>
        <line num="381" count="0" type="stmt"/>
        <line num="382" count="0" type="stmt"/>
        <line num="383" count="0" type="stmt"/>
        <line num="386" count="2" type="stmt"/>
        <line num="396" count="12" type="stmt"/>
        <line num="397" count="12" type="stmt"/>
        <line num="398" count="144" type="cond" truecount="3" falsecount="0"/>
        <line num="410" count="3" type="stmt"/>
        <line num="411" count="3" type="stmt"/>
        <line num="412" count="17" type="stmt"/>
        <line num="413" count="17" type="cond" truecount="2" falsecount="0"/>
        <line num="414" count="10" type="stmt"/>
        <line num="416" count="17" type="cond" truecount="1" falsecount="1"/>
        <line num="417" count="0" type="stmt"/>
        <line num="419" count="17" type="stmt"/>
        <line num="422" count="3" type="stmt"/>
        <line num="438" count="38" type="stmt"/>
        <line num="439" count="38" type="stmt"/>
        <line num="440" count="38" type="stmt"/>
        <line num="441" count="46" type="stmt"/>
        <line num="442" count="46" type="stmt"/>
        <line num="446" count="16" type="stmt"/>
        <line num="448" count="46" type="stmt"/>
        <line num="449" count="46" type="cond" truecount="1" falsecount="1"/>
        <line num="450" count="0" type="stmt"/>
        <line num="453" count="38" type="stmt"/>
        <line num="454" count="38" type="stmt"/>
        <line num="456" count="41" type="stmt"/>
        <line num="457" count="41" type="cond" truecount="3" falsecount="1"/>
        <line num="458" count="41" type="stmt"/>
        <line num="461" count="41" type="cond" truecount="2" falsecount="0"/>
        <line num="462" count="10" type="stmt"/>
        <line num="465" count="41" type="cond" truecount="2" falsecount="0"/>
        <line num="466" count="32" type="stmt"/>
        <line num="468" count="41" type="cond" truecount="2" falsecount="0"/>
        <line num="469" count="32" type="stmt"/>
        <line num="476" count="38" type="cond" truecount="2" falsecount="0"/>
        <line num="477" count="6" type="stmt"/>
        <line num="478" count="6" type="stmt"/>
        <line num="479" count="6" type="stmt"/>
        <line num="484" count="6" type="cond" truecount="1" falsecount="1"/>
        <line num="485" count="6" type="stmt"/>
        <line num="488" count="6" type="cond" truecount="3" falsecount="1"/>
        <line num="489" count="6" type="stmt"/>
        <line num="490" count="6" type="stmt"/>
        <line num="496" count="20" type="stmt"/>
        <line num="497" count="20" type="stmt"/>
        <line num="498" count="20" type="stmt"/>
        <line num="503" count="20" type="cond" truecount="4" falsecount="0"/>
        <line num="504" count="3" type="stmt"/>
        <line num="505" count="3" type="cond" truecount="1" falsecount="1"/>
        <line num="506" count="3" type="stmt"/>
        <line num="510" count="6" type="cond" truecount="2" falsecount="0"/>
        <line num="511" count="3" type="stmt"/>
        <line num="516" count="38" type="stmt"/>
        <line num="532" count="35" type="cond" truecount="4" falsecount="0"/>
        <line num="533" count="3" type="stmt"/>
        <line num="535" count="32" type="stmt"/>
      </file>
    </package>
    <package name="src.adapters.logeion">
      <metrics statements="38" coveredstatements="34" conditionals="27" coveredconditionals="22" methods="7" coveredmethods="7"/>
      <file name="adapter.js" path="F:\_Alpheios\____service_workes\_workspaces-core\v1\packages\client-adapters\src\adapters\logeion\adapter.js">
        <metrics statements="38" coveredstatements="34" conditionals="27" coveredconditionals="22" methods="7" coveredmethods="7"/>
        <line num="12" count="7" type="stmt"/>
        <line num="13" count="7" type="stmt"/>
        <line num="14" count="7" type="stmt"/>
        <line num="15" count="7" type="stmt"/>
        <line num="16" count="7" type="stmt"/>
        <line num="17" count="7" type="stmt"/>
        <line num="26" count="3" type="stmt"/>
        <line num="27" count="3" type="stmt"/>
        <line num="28" count="3" type="cond" truecount="1" falsecount="1"/>
        <line num="29" count="0" type="stmt"/>
        <line num="30" count="0" type="stmt"/>
        <line num="33" count="3" type="cond" truecount="2" falsecount="0"/>
        <line num="34" count="2" type="stmt"/>
        <line num="36" count="1" type="stmt"/>
        <line num="38" count="1" type="cond" truecount="3" falsecount="1"/>
        <line num="39" count="1" type="stmt"/>
        <line num="41" count="0" type="stmt"/>
        <line num="45" count="0" type="stmt"/>
        <line num="55" count="4" type="cond" truecount="1" falsecount="1"/>
        <line num="56" count="4" type="stmt"/>
        <line num="61" count="4" type="cond" truecount="2" falsecount="0"/>
        <line num="62" count="1" type="stmt"/>
        <line num="63" count="3" type="cond" truecount="1" falsecount="1"/>
        <line num="64" count="3" type="stmt"/>
        <line num="74" count="3" type="stmt"/>
        <line num="75" count="3" type="stmt"/>
        <line num="76" count="3" type="stmt"/>
        <line num="77" count="3" type="stmt"/>
        <line num="78" count="6" type="stmt"/>
        <line num="79" count="6" type="cond" truecount="4" falsecount="0"/>
        <line num="80" count="2" type="stmt"/>
        <line num="84" count="3" type="stmt"/>
        <line num="85" count="9" type="cond" truecount="6" falsecount="0"/>
        <line num="86" count="4" type="stmt"/>
        <line num="87" count="6" type="stmt"/>
        <line num="90" count="9" type="cond" truecount="2" falsecount="0"/>
        <line num="91" count="3" type="stmt"/>
        <line num="94" count="3" type="stmt"/>
      </file>
    </package>
    <package name="src.adapters.tokenization">
      <metrics statements="55" coveredstatements="52" conditionals="27" coveredconditionals="24" methods="12" coveredmethods="12"/>
      <file name="adapter.js" path="F:\_Alpheios\____service_workes\_workspaces-core\v1\packages\client-adapters\src\adapters\tokenization\adapter.js">
        <metrics statements="55" coveredstatements="52" conditionals="27" coveredconditionals="24" methods="12" coveredmethods="12"/>
        <line num="12" count="16" type="stmt"/>
        <line num="13" count="16" type="stmt"/>
        <line num="14" count="16" type="stmt"/>
        <line num="15" count="16" type="stmt"/>
        <line num="16" count="16" type="stmt"/>
        <line num="17" count="16" type="stmt"/>
        <line num="26" count="7" type="stmt"/>
        <line num="27" count="7" type="stmt"/>
        <line num="33" count="7" type="stmt"/>
        <line num="34" count="7" type="cond" truecount="2" falsecount="0"/>
        <line num="35" count="1" type="stmt"/>
        <line num="36" count="1" type="stmt"/>
        <line num="39" count="6" type="cond" truecount="2" falsecount="0"/>
        <line num="40" count="3" type="stmt"/>
        <line num="42" count="3" type="stmt"/>
        <line num="43" count="3" type="stmt"/>
        <line num="46" count="0" type="stmt"/>
        <line num="55" count="3" type="stmt"/>
        <line num="56" count="3" type="stmt"/>
        <line num="57" count="3" type="cond" truecount="1" falsecount="1"/>
        <line num="58" count="0" type="stmt"/>
        <line num="59" count="0" type="stmt"/>
        <line num="63" count="3" type="cond" truecount="2" falsecount="0"/>
        <line num="64" count="1" type="stmt"/>
        <line num="66" count="2" type="stmt"/>
        <line num="68" count="3" type="stmt"/>
        <line num="70" count="1" type="stmt"/>
        <line num="79" count="3" type="stmt"/>
        <line num="91" count="5" type="stmt"/>
        <line num="93" count="5" type="stmt"/>
        <line num="94" count="5" type="stmt"/>
        <line num="100" count="28" type="cond" truecount="2" falsecount="0"/>
        <line num="101" count="18" type="stmt"/>
        <line num="107" count="18" type="cond" truecount="2" falsecount="0"/>
        <line num="108" count="5" type="stmt"/>
        <line num="111" count="18" type="stmt"/>
        <line num="113" count="5" type="stmt"/>
        <line num="121" count="15" type="cond" truecount="1" falsecount="1"/>
        <line num="122" count="15" type="cond" truecount="4" falsecount="0"/>
        <line num="123" count="3" type="stmt"/>
        <line num="125" count="12" type="stmt"/>
        <line num="127" count="12" type="stmt"/>
        <line num="128" count="12" type="stmt"/>
        <line num="130" count="12" type="stmt"/>
        <line num="131" count="50" type="cond" truecount="4" falsecount="0"/>
        <line num="132" count="25" type="stmt"/>
        <line num="133" count="25" type="cond" truecount="2" falsecount="0"/>
        <line num="134" count="12" type="stmt"/>
        <line num="135" count="12" type="stmt"/>
        <line num="137" count="25" type="stmt"/>
        <line num="141" count="12" type="stmt"/>
        <line num="150" count="3" type="stmt"/>
        <line num="158" count="9" type="cond" truecount="2" falsecount="0"/>
        <line num="159" count="4" type="stmt"/>
        <line num="161" count="5" type="stmt"/>
      </file>
    </package>
    <package name="src.adapters.translations">
      <metrics statements="48" coveredstatements="39" conditionals="41" coveredconditionals="29" methods="7" coveredmethods="7"/>
      <file name="adapter.js" path="F:\_Alpheios\____service_workes\_workspaces-core\v1\packages\client-adapters\src\adapters\translations\adapter.js">
        <metrics statements="48" coveredstatements="39" conditionals="41" coveredconditionals="29" methods="7" coveredmethods="7"/>
        <line num="12" count="7" type="stmt"/>
        <line num="13" count="7" type="stmt"/>
        <line num="14" count="7" type="stmt"/>
        <line num="15" count="7" type="stmt"/>
        <line num="16" count="7" type="stmt"/>
        <line num="25" count="3" type="stmt"/>
        <line num="26" count="3" type="cond" truecount="4" falsecount="0"/>
        <line num="27" count="1" type="stmt"/>
        <line num="28" count="1" type="stmt"/>
        <line num="31" count="2" type="stmt"/>
        <line num="32" count="5" type="stmt"/>
        <line num="35" count="2" type="stmt"/>
        <line num="36" count="2" type="cond" truecount="1" falsecount="1"/>
        <line num="38" count="2" type="stmt"/>
        <line num="40" count="2" type="cond" truecount="1" falsecount="1"/>
        <line num="41" count="0" type="stmt"/>
        <line num="42" count="0" type="stmt"/>
        <line num="45" count="2" type="stmt"/>
        <line num="46" count="2" type="stmt"/>
        <line num="47" count="2" type="cond" truecount="3" falsecount="1"/>
        <line num="48" count="0" type="stmt"/>
        <line num="51" count="2" type="cond" truecount="3" falsecount="1"/>
        <line num="52" count="2" type="stmt"/>
        <line num="53" count="2" type="stmt"/>
        <line num="55" count="2" type="cond" truecount="3" falsecount="1"/>
        <line num="56" count="2" type="stmt"/>
        <line num="58" count="0" type="stmt"/>
        <line num="60" count="2" type="cond" truecount="3" falsecount="1"/>
        <line num="61" count="0" type="stmt"/>
        <line num="64" count="2" type="stmt"/>
        <line num="65" count="5" type="stmt"/>
        <line num="68" count="0" type="stmt"/>
        <line num="72" count="0" type="stmt"/>
        <line num="81" count="10" type="stmt"/>
        <line num="82" count="4" type="cond" truecount="1" falsecount="1"/>
        <line num="91" count="4" type="cond" truecount="2" falsecount="0"/>
        <line num="92" count="3" type="stmt"/>
        <line num="96" count="3" type="cond" truecount="3" falsecount="1"/>
        <line num="97" count="0" type="stmt"/>
        <line num="99" count="3" type="stmt"/>
        <line num="102" count="3" type="cond" truecount="3" falsecount="1"/>
        <line num="103" count="0" type="stmt"/>
        <line num="106" count="3" type="stmt"/>
        <line num="107" count="3" type="stmt"/>
        <line num="108" count="24" type="stmt"/>
        <line num="111" count="3" type="cond" truecount="1" falsecount="1"/>
        <line num="112" count="3" type="stmt"/>
        <line num="116" count="4" type="cond" truecount="1" falsecount="1"/>
      </file>
    </package>
    <package name="src.adapters.tufts">
      <metrics statements="50" coveredstatements="44" conditionals="31" coveredconditionals="23" methods="9" coveredmethods="8"/>
      <file name="adapter.js" path="F:\_Alpheios\____service_workes\_workspaces-core\v1\packages\client-adapters\src\adapters\tufts\adapter.js">
        <metrics statements="42" coveredstatements="38" conditionals="25" coveredconditionals="18" methods="5" coveredmethods="5"/>
        <line num="15" count="81" type="stmt"/>
        <line num="16" count="81" type="stmt"/>
        <line num="17" count="81" type="stmt"/>
        <line num="18" count="81" type="stmt"/>
        <line num="19" count="81" type="stmt"/>
        <line num="28" count="81" type="cond" truecount="1" falsecount="1"/>
        <line num="29" count="81" type="stmt"/>
        <line num="31" count="81" type="stmt"/>
        <line num="32" count="486" type="stmt"/>
        <line num="34" count="486" type="cond" truecount="3" falsecount="1"/>
        <line num="35" count="486" type="stmt"/>
        <line num="37" count="486" type="stmt"/>
        <line num="51" count="65" type="stmt"/>
        <line num="52" count="65" type="cond" truecount="2" falsecount="0"/>
        <line num="53" count="63" type="stmt"/>
        <line num="55" count="2" type="stmt"/>
        <line num="56" count="2" type="cond" truecount="2" falsecount="0"/>
        <line num="57" count="1" type="stmt"/>
        <line num="58" count="1" type="stmt"/>
        <line num="60" count="1" type="stmt"/>
        <line num="61" count="1" type="cond" truecount="1" falsecount="1"/>
        <line num="62" count="0" type="stmt"/>
        <line num="66" count="64" type="cond" truecount="1" falsecount="1"/>
        <line num="67" count="64" type="stmt"/>
        <line num="68" count="64" type="cond" truecount="1" falsecount="1"/>
        <line num="69" count="0" type="stmt"/>
        <line num="70" count="0" type="stmt"/>
        <line num="72" count="64" type="stmt"/>
        <line num="73" count="64" type="stmt"/>
        <line num="75" count="64" type="cond" truecount="2" falsecount="0"/>
        <line num="76" count="4" type="stmt"/>
        <line num="77" count="4" type="stmt"/>
        <line num="80" count="60" type="cond" truecount="3" falsecount="1"/>
        <line num="81" count="60" type="stmt"/>
        <line num="83" count="60" type="stmt"/>
        <line num="86" count="0" type="stmt"/>
        <line num="99" count="6" type="stmt"/>
        <line num="100" count="6" type="stmt"/>
        <line num="102" count="6" type="cond" truecount="2" falsecount="0"/>
        <line num="103" count="5" type="stmt"/>
        <line num="104" count="5" type="stmt"/>
        <line num="106" count="1" type="stmt"/>
      </file>
      <file name="engines-set.js" path="F:\_Alpheios\____service_workes\_workspaces-core\v1\packages\client-adapters\src\adapters\tufts\engines-set.js">
        <metrics statements="8" coveredstatements="6" conditionals="6" coveredconditionals="5" methods="4" coveredmethods="3"/>
        <line num="15" count="81" type="stmt"/>
        <line num="24" count="79" type="stmt"/>
        <line num="25" count="79" type="cond" truecount="4" falsecount="0"/>
        <line num="26" count="78" type="cond" truecount="1" falsecount="1"/>
        <line num="27" count="468" type="stmt"/>
        <line num="28" count="78" type="stmt"/>
        <line num="38" count="0" type="stmt"/>
        <line num="39" count="0" type="stmt"/>
      </file>
    </package>
    <package name="src.adapters.tufts.engine">
      <metrics statements="91" coveredstatements="84" conditionals="66" coveredconditionals="56" methods="18" coveredmethods="15"/>
      <file name="aramorph.js" path="F:\_Alpheios\____service_workes\_workspaces-core\v1\packages\client-adapters\src\adapters\tufts\engine\aramorph.js">
        <metrics statements="1" coveredstatements="1" conditionals="0" coveredconditionals="0" methods="0" coveredmethods="0"/>
        <line num="4" count="8" type="stmt"/>
      </file>
      <file name="hazm.js" path="F:\_Alpheios\____service_workes\_workspaces-core\v1\packages\client-adapters\src\adapters\tufts\engine\hazm.js">
        <metrics statements="2" coveredstatements="2" conditionals="0" coveredconditionals="0" methods="1" coveredmethods="0"/>
        <line num="4" count="8" type="stmt"/>
        <line num="7" count="8" type="stmt"/>
      </file>
      <file name="morpheusgrc.js" path="F:\_Alpheios\____service_workes\_workspaces-core\v1\packages\client-adapters\src\adapters\tufts\engine\morpheusgrc.js">
        <metrics statements="24" coveredstatements="21" conditionals="22" coveredconditionals="18" methods="7" coveredmethods="6"/>
        <line num="4" count="9" type="stmt"/>
        <line num="6" count="9" type="stmt"/>
        <line num="10" count="184" type="stmt"/>
        <line num="11" count="3" type="cond" truecount="2" falsecount="0"/>
        <line num="17" count="184" type="stmt"/>
        <line num="21" count="184" type="cond" truecount="4" falsecount="0"/>
        <line num="22" count="4" type="stmt"/>
        <line num="23" count="4" type="stmt"/>
        <line num="24" count="54" type="cond" truecount="2" falsecount="2"/>
        <line num="25" count="0" type="stmt"/>
        <line num="26" count="0" type="stmt"/>
        <line num="28" count="58" type="stmt"/>
        <line num="39" count="9" type="stmt"/>
        <line num="42" count="9" type="stmt"/>
        <line num="45" count="9" type="stmt"/>
        <line num="46" count="1488" type="stmt"/>
        <line num="47" count="1488" type="cond" truecount="2" falsecount="0"/>
        <line num="48" count="158" type="stmt"/>
        <line num="49" count="1349" type="cond" truecount="2" falsecount="2"/>
        <line num="50" count="0" type="stmt"/>
        <line num="51" count="1349" type="cond" truecount="6" falsecount="0"/>
        <line num="53" count="3" type="stmt"/>
        <line num="55" count="1346" type="stmt"/>
        <line num="57" count="1488" type="stmt"/>
      </file>
      <file name="sedra.js" path="F:\_Alpheios\____service_workes\_workspaces-core\v1\packages\client-adapters\src\adapters\tufts\engine\sedra.js">
        <metrics statements="15" coveredstatements="15" conditionals="10" coveredconditionals="8" methods="3" coveredmethods="3"/>
        <line num="4" count="8" type="stmt"/>
        <line num="7" count="8" type="stmt"/>
        <line num="8" count="7" type="cond" truecount="2" falsecount="0"/>
        <line num="13" count="8" type="stmt"/>
        <line num="14" count="35" type="cond" truecount="1" falsecount="1"/>
        <line num="15" count="35" type="cond" truecount="1" falsecount="1"/>
        <line num="16" count="35" type="stmt"/>
        <line num="19" count="8" type="stmt"/>
        <line num="20" count="78" type="stmt"/>
        <line num="21" count="78" type="cond" truecount="2" falsecount="0"/>
        <line num="23" count="4" type="stmt"/>
        <line num="24" count="74" type="cond" truecount="2" falsecount="0"/>
        <line num="27" count="50" type="stmt"/>
        <line num="29" count="24" type="stmt"/>
        <line num="31" count="78" type="stmt"/>
      </file>
      <file name="traces.js" path="F:\_Alpheios\____service_workes\_workspaces-core\v1\packages\client-adapters\src\adapters\tufts\engine\traces.js">
        <metrics statements="1" coveredstatements="1" conditionals="0" coveredconditionals="0" methods="0" coveredmethods="0"/>
        <line num="4" count="8" type="stmt"/>
      </file>
      <file name="whitakers.js" path="F:\_Alpheios\____service_workes\_workspaces-core\v1\packages\client-adapters\src\adapters\tufts\engine\whitakers.js">
        <metrics statements="48" coveredstatements="44" conditionals="34" coveredconditionals="30" methods="7" coveredmethods="6"/>
        <line num="4" count="9" type="stmt"/>
        <line num="8" count="9" type="stmt"/>
        <line num="10" count="116" type="stmt"/>
        <line num="28" count="9" type="stmt"/>
        <line num="32" count="9" type="stmt"/>
        <line num="35" count="9" type="stmt"/>
        <line num="36" count="894" type="stmt"/>
        <line num="37" count="894" type="cond" truecount="2" falsecount="0"/>
        <line num="38" count="106" type="stmt"/>
        <line num="39" count="788" type="cond" truecount="4" falsecount="0"/>
        <line num="40" count="24" type="stmt"/>
        <line num="41" count="764" type="cond" truecount="4" falsecount="0"/>
        <line num="43" count="16" type="stmt"/>
        <line num="45" count="748" type="stmt"/>
        <line num="47" count="894" type="stmt"/>
        <line num="50" count="9" type="stmt"/>
        <line num="51" count="51" type="stmt"/>
        <line num="52" count="51" type="stmt"/>
        <line num="53" count="56" type="cond" truecount="1" falsecount="1"/>
        <line num="54" count="56" type="cond" truecount="4" falsecount="0"/>
        <line num="55" count="2" type="stmt"/>
        <line num="57" count="4" type="cond" truecount="4" falsecount="0"/>
        <line num="58" count="2" type="stmt"/>
        <line num="59" count="2" type="stmt"/>
        <line num="61" count="9" type="cond" truecount="5" falsecount="1"/>
        <line num="65" count="0" type="stmt"/>
        <line num="66" count="0" type="stmt"/>
        <line num="70" count="2" type="cond" truecount="1" falsecount="1"/>
        <line num="72" count="2" type="cond" truecount="2" falsecount="0"/>
        <line num="73" count="1" type="stmt"/>
        <line num="74" count="1" type="stmt"/>
        <line num="77" count="1" type="stmt"/>
        <line num="80" count="0" type="stmt"/>
        <line num="81" count="0" type="stmt"/>
        <line num="86" count="119" type="stmt"/>
        <line num="87" count="54" type="stmt"/>
        <line num="91" count="51" type="stmt"/>
        <line num="95" count="9" type="stmt"/>
        <line num="99" count="58" type="stmt"/>
        <line num="100" count="58" type="stmt"/>
        <line num="101" count="58" type="stmt"/>
        <line num="102" count="163" type="stmt"/>
        <line num="103" count="163" type="cond" truecount="2" falsecount="0"/>
        <line num="104" count="58" type="stmt"/>
        <line num="106" count="163" type="stmt"/>
        <line num="108" count="58" type="cond" truecount="1" falsecount="1"/>
        <line num="109" count="58" type="stmt"/>
        <line num="112" count="58" type="stmt"/>
      </file>
    </package>
    <package name="src.errors">
      <metrics statements="36" coveredstatements="19" conditionals="4" coveredconditionals="4" methods="7" coveredmethods="3"/>
      <file name="adapter-error.js" path="F:\_Alpheios\____service_workes\_workspaces-core\v1\packages\client-adapters\src\errors\adapter-error.js">
        <metrics statements="12" coveredstatements="8" conditionals="4" coveredconditionals="4" methods="2" coveredmethods="1"/>
        <line num="3" count="46" type="stmt"/>
        <line num="4" count="46" type="stmt"/>
        <line num="5" count="46" type="stmt"/>
        <line num="6" count="46" type="stmt"/>
        <line num="8" count="46" type="cond" truecount="4" falsecount="0"/>
        <line num="9" count="30" type="stmt"/>
        <line num="11" count="46" type="stmt"/>
        <line num="12" count="46" type="stmt"/>
        <line num="24" count="0" type="stmt"/>
        <line num="25" count="0" type="stmt"/>
        <line num="27" count="0" type="stmt"/>
        <line num="28" count="0" type="stmt"/>
      </file>
      <file name="adapter-warning.js" path="F:\_Alpheios\____service_workes\_workspaces-core\v1\packages\client-adapters\src\errors\adapter-warning.js">
        <metrics statements="4" coveredstatements="0" conditionals="0" coveredconditionals="0" methods="1" coveredmethods="0"/>
        <line num="17" count="0" type="stmt"/>
        <line num="18" count="0" type="stmt"/>
        <line num="19" count="0" type="stmt"/>
        <line num="20" count="0" type="stmt"/>
      </file>
      <file name="no-required-param-error.js" path="F:\_Alpheios\____service_workes\_workspaces-core\v1\packages\client-adapters\src\errors\no-required-param-error.js">
        <metrics statements="6" coveredstatements="6" conditionals="0" coveredconditionals="0" methods="1" coveredmethods="1"/>
        <line num="3" count="1" type="stmt"/>
        <line num="4" count="1" type="stmt"/>
        <line num="5" count="1" type="stmt"/>
        <line num="6" count="1" type="stmt"/>
        <line num="7" count="1" type="stmt"/>
        <line num="8" count="1" type="stmt"/>
      </file>
      <file name="remote-error.js" path="F:\_Alpheios\____service_workes\_workspaces-core\v1\packages\client-adapters\src\errors\remote-error.js">
        <metrics statements="8" coveredstatements="0" conditionals="0" coveredconditionals="0" methods="2" coveredmethods="0"/>
        <line num="3" count="0" type="stmt"/>
        <line num="4" count="0" type="stmt"/>
        <line num="5" count="0" type="stmt"/>
        <line num="6" count="0" type="stmt"/>
        <line num="10" count="0" type="stmt"/>
        <line num="11" count="0" type="stmt"/>
        <line num="13" count="0" type="stmt"/>
        <line num="14" count="0" type="stmt"/>
      </file>
      <file name="warning-codes.js" path="F:\_Alpheios\____service_workes\_workspaces-core\v1\packages\client-adapters\src\errors\warning-codes.js">
        <metrics statements="1" coveredstatements="0" conditionals="0" coveredconditionals="0" methods="0" coveredmethods="0"/>
        <line num="2" count="0" type="stmt"/>
      </file>
      <file name="wrong-method-error.js" path="F:\_Alpheios\____service_workes\_workspaces-core\v1\packages\client-adapters\src\errors\wrong-method-error.js">
        <metrics statements="5" coveredstatements="5" conditionals="0" coveredconditionals="0" methods="1" coveredmethods="1"/>
        <line num="3" count="1" type="stmt"/>
        <line num="4" count="1" type="stmt"/>
        <line num="5" count="1" type="stmt"/>
        <line num="6" count="1" type="stmt"/>
        <line num="7" count="1" type="stmt"/>
      </file>
    </package>
    <package name="src.locales">
      <metrics statements="0" coveredstatements="0" conditionals="0" coveredconditionals="0" methods="0" coveredmethods="0"/>
      <file name="locales.js" path="F:\_Alpheios\____service_workes\_workspaces-core\v1\packages\client-adapters\src\locales\locales.js">
        <metrics statements="0" coveredstatements="0" conditionals="0" coveredconditionals="0" methods="0" coveredmethods="0"/>
      </file>
    </package>
    <package name="src.transformers">
      <metrics statements="218" coveredstatements="203" conditionals="173" coveredconditionals="150" methods="32" coveredmethods="30"/>
      <file name="alpheios-lexicon-transformer.js" path="F:\_Alpheios\____service_workes\_workspaces-core\v1\packages\client-adapters\src\transformers\alpheios-lexicon-transformer.js">
        <metrics statements="118" coveredstatements="115" conditionals="108" coveredconditionals="99" methods="9" coveredmethods="9"/>
        <line num="8" count="9" type="stmt"/>
        <line num="24" count="9" type="stmt"/>
        <line num="42" count="9" type="stmt"/>
        <line num="48" count="70" type="stmt"/>
        <line num="49" count="70" type="stmt"/>
        <line num="50" count="70" type="stmt"/>
        <line num="60" count="440" type="stmt"/>
        <line num="68" count="440" type="cond" truecount="1" falsecount="1"/>
        <line num="69" count="440" type="stmt"/>
        <line num="70" count="440" type="stmt"/>
        <line num="71" count="1530" type="cond" truecount="2" falsecount="0"/>
        <line num="72" count="1522" type="stmt"/>
        <line num="74" count="8" type="stmt"/>
        <line num="75" count="8" type="stmt"/>
        <line num="79" count="440" type="stmt"/>
        <line num="89" count="370" type="stmt"/>
        <line num="90" count="370" type="cond" truecount="2" falsecount="0"/>
        <line num="91" count="215" type="cond" truecount="2" falsecount="0"/>
        <line num="92" count="208" type="stmt"/>
        <line num="94" count="7" type="stmt"/>
        <line num="97" count="370" type="stmt"/>
        <line num="108" count="150" type="stmt"/>
        <line num="110" count="150" type="cond" truecount="7" falsecount="0"/>
        <line num="111" count="4" type="cond" truecount="1" falsecount="1"/>
        <line num="112" count="4" type="cond" truecount="2" falsecount="0"/>
        <line num="113" count="4" type="cond" truecount="2" falsecount="0"/>
        <line num="115" count="4" type="cond" truecount="1" falsecount="1"/>
        <line num="116" count="0" type="stmt"/>
        <line num="120" count="150" type="stmt"/>
        <line num="130" count="150" type="cond" truecount="1" falsecount="1"/>
        <line num="131" count="150" type="cond" truecount="4" falsecount="0"/>
        <line num="132" count="6" type="stmt"/>
        <line num="133" count="6" type="stmt"/>
        <line num="135" count="150" type="cond" truecount="1" falsecount="1"/>
        <line num="147" count="70" type="stmt"/>
        <line num="148" count="70" type="stmt"/>
        <line num="150" count="70" type="stmt"/>
        <line num="151" count="70" type="stmt"/>
        <line num="153" count="70" type="stmt"/>
        <line num="155" count="70" type="stmt"/>
        <line num="156" count="150" type="stmt"/>
        <line num="157" count="150" type="cond" truecount="1" falsecount="1"/>
        <line num="159" count="150" type="stmt"/>
        <line num="161" count="150" type="cond" truecount="1" falsecount="1"/>
        <line num="162" count="150" type="stmt"/>
        <line num="163" count="150" type="cond" truecount="1" falsecount="1"/>
        <line num="164" count="0" type="stmt"/>
        <line num="165" count="0" type="stmt"/>
        <line num="168" count="150" type="stmt"/>
        <line num="169" count="150" type="cond" truecount="2" falsecount="0"/>
        <line num="170" count="4" type="stmt"/>
        <line num="173" count="150" type="stmt"/>
        <line num="174" count="150" type="stmt"/>
        <line num="176" count="150" type="stmt"/>
        <line num="177" count="155" type="stmt"/>
        <line num="178" count="155" type="stmt"/>
        <line num="182" count="155" type="cond" truecount="4" falsecount="0"/>
        <line num="183" count="155" type="cond" truecount="2" falsecount="0"/>
        <line num="184" count="6" type="stmt"/>
        <line num="185" count="6" type="stmt"/>
        <line num="187" count="149" type="stmt"/>
        <line num="188" count="149" type="stmt"/>
        <line num="190" count="149" type="stmt"/>
        <line num="191" count="149" type="stmt"/>
        <line num="192" count="1937" type="stmt"/>
        <line num="195" count="149" type="stmt"/>
        <line num="196" count="149" type="stmt"/>
        <line num="197" count="149" type="cond" truecount="2" falsecount="0"/>
        <line num="198" count="134" type="stmt"/>
        <line num="200" count="197" type="stmt"/>
        <line num="203" count="149" type="cond" truecount="2" falsecount="0"/>
        <line num="204" count="10" type="cond" truecount="5" falsecount="0"/>
        <line num="205" count="8" type="stmt"/>
        <line num="206" count="8" type="stmt"/>
        <line num="211" count="139" type="stmt"/>
        <line num="212" count="95" type="stmt"/>
        <line num="215" count="139" type="stmt"/>
        <line num="217" count="149" type="stmt"/>
        <line num="219" count="149" type="stmt"/>
        <line num="220" count="149" type="stmt"/>
        <line num="223" count="150" type="cond" truecount="2" falsecount="0"/>
        <line num="224" count="6" type="stmt"/>
        <line num="227" count="144" type="stmt"/>
        <line num="228" count="144" type="stmt"/>
        <line num="229" count="335" type="cond" truecount="4" falsecount="0"/>
        <line num="230" count="335" type="cond" truecount="4" falsecount="0"/>
        <line num="231" count="335" type="cond" truecount="4" falsecount="0"/>
        <line num="232" count="335" type="cond" truecount="4" falsecount="0"/>
        <line num="233" count="335" type="cond" truecount="2" falsecount="0"/>
        <line num="234" count="335" type="cond" truecount="2" falsecount="0"/>
        <line num="236" count="335" type="stmt"/>
        <line num="237" count="335" type="stmt"/>
        <line num="239" count="1" type="stmt"/>
        <line num="240" count="1" type="stmt"/>
        <line num="242" count="334" type="cond" truecount="1" falsecount="1"/>
        <line num="243" count="334" type="stmt"/>
        <line num="246" count="334" type="stmt"/>
        <line num="247" count="5010" type="stmt"/>
        <line num="248" count="5010" type="stmt"/>
        <line num="249" count="5006" type="stmt"/>
        <line num="256" count="334" type="stmt"/>
        <line num="257" count="334" type="stmt"/>
        <line num="258" count="334" type="stmt"/>
        <line num="259" count="334" type="stmt"/>
        <line num="266" count="334" type="cond" truecount="15" falsecount="0"/>
        <line num="279" count="326" type="stmt"/>
        <line num="282" count="334" type="stmt"/>
        <line num="283" count="345" type="cond" truecount="2" falsecount="0"/>
        <line num="284" count="20" type="stmt"/>
        <line num="287" count="345" type="cond" truecount="5" falsecount="0"/>
        <line num="289" count="148" type="stmt"/>
        <line num="292" count="345" type="cond" truecount="5" falsecount="0"/>
        <line num="294" count="306" type="stmt"/>
        <line num="298" count="144" type="stmt"/>
        <line num="299" count="144" type="stmt"/>
        <line num="301" count="70" type="cond" truecount="2" falsecount="0"/>
        <line num="302" count="66" type="stmt"/>
        <line num="304" count="4" type="stmt"/>
      </file>
      <file name="import-morph-data.js" path="F:\_Alpheios\____service_workes\_workspaces-core\v1\packages\client-adapters\src\transformers\import-morph-data.js">
        <metrics statements="100" coveredstatements="88" conditionals="65" coveredconditionals="51" methods="23" coveredmethods="21"/>
        <line num="18" count="53" type="stmt"/>
        <line num="19" count="53" type="stmt"/>
        <line num="22" count="53" type="stmt"/>
        <line num="23" count="1027" type="stmt"/>
        <line num="27" count="53" type="stmt"/>
        <line num="28" count="93" type="stmt"/>
        <line num="29" count="93" type="stmt"/>
        <line num="32" count="93" type="cond" truecount="2" falsecount="0"/>
        <line num="33" count="216" type="stmt"/>
        <line num="34" count="90" type="stmt"/>
        <line num="37" count="93" type="stmt"/>
        <line num="40" count="93" type="stmt"/>
        <line num="43" count="53" type="stmt"/>
        <line num="44" count="68" type="cond" truecount="2" falsecount="0"/>
        <line num="45" count="68" type="stmt"/>
        <line num="50" count="53" type="stmt"/>
        <line num="51" count="76" type="stmt"/>
        <line num="52" count="76" type="cond" truecount="1" falsecount="1"/>
        <line num="53" count="0" type="stmt"/>
        <line num="54" count="76" type="cond" truecount="2" falsecount="2"/>
        <line num="55" count="0" type="stmt"/>
        <line num="57" count="76" type="stmt"/>
        <line num="59" count="76" type="stmt"/>
        <line num="63" count="53" type="stmt"/>
        <line num="64" count="142" type="stmt"/>
        <line num="78" count="53" type="stmt"/>
        <line num="87" count="1063" type="stmt"/>
        <line num="88" count="1063" type="stmt"/>
        <line num="90" count="1063" type="stmt"/>
        <line num="91" count="0" type="stmt"/>
        <line num="92" count="0" type="stmt"/>
        <line num="95" count="1063" type="cond" truecount="2" falsecount="0"/>
        <line num="96" count="4" type="stmt"/>
        <line num="97" count="4" type="cond" truecount="2" falsecount="0"/>
        <line num="100" count="3" type="cond" truecount="4" falsecount="0"/>
        <line num="102" count="1" type="stmt"/>
        <line num="104" count="2" type="stmt"/>
        <line num="105" count="2" type="cond" truecount="2" falsecount="0"/>
        <line num="106" count="1" type="stmt"/>
        <line num="108" count="1" type="stmt"/>
        <line num="112" count="1" type="stmt"/>
        <line num="113" count="1" type="cond" truecount="1" falsecount="1"/>
        <line num="114" count="1" type="stmt"/>
        <line num="116" count="0" type="stmt"/>
        <line num="119" count="3" type="stmt"/>
        <line num="127" count="1063" type="cond" truecount="0" falsecount="1"/>
        <line num="128" count="2476" type="stmt"/>
        <line num="129" count="2476" type="stmt"/>
        <line num="130" count="2544" type="cond" truecount="2" falsecount="0"/>
        <line num="131" count="15" type="stmt"/>
        <line num="132" count="15" type="cond" truecount="1" falsecount="1"/>
        <line num="134" count="15" type="stmt"/>
        <line num="136" count="0" type="stmt"/>
        <line num="138" count="2529" type="cond" truecount="4" falsecount="0"/>
        <line num="140" count="2434" type="stmt"/>
        <line num="142" count="95" type="stmt"/>
        <line num="143" count="95" type="cond" truecount="1" falsecount="1"/>
        <line num="144" count="95" type="stmt"/>
        <line num="146" count="0" type="stmt"/>
        <line num="150" count="2476" type="stmt"/>
        <line num="153" count="1063" type="stmt"/>
        <line num="155" count="1063" type="stmt"/>
        <line num="162" count="9" type="stmt"/>
        <line num="170" count="9" type="stmt"/>
        <line num="174" count="8" type="stmt"/>
        <line num="181" count="29" type="stmt"/>
        <line num="188" count="16" type="stmt"/>
        <line num="201" count="7421" type="stmt"/>
        <line num="202" count="7421" type="cond" truecount="5" falsecount="0"/>
        <line num="203" count="2500" type="stmt"/>
        <line num="204" count="2500" type="cond" truecount="2" falsecount="0"/>
        <line num="206" count="12" type="stmt"/>
        <line num="207" count="61" type="stmt"/>
        <line num="210" count="2488" type="stmt"/>
        <line num="213" count="2500" type="cond" truecount="2" falsecount="0"/>
        <line num="215" count="2544" type="cond" truecount="2" falsecount="0"/>
        <line num="216" count="2476" type="stmt"/>
        <line num="217" count="2472" type="stmt"/>
        <line num="234" count="334" type="stmt"/>
        <line num="236" count="334" type="cond" truecount="5" falsecount="0"/>
        <line num="237" count="4" type="stmt"/>
        <line num="238" count="4" type="cond" truecount="1" falsecount="1"/>
        <line num="240" count="0" type="stmt"/>
        <line num="241" count="0" type="cond" truecount="0" falsecount="4"/>
        <line num="242" count="0" type="stmt"/>
        <line num="244" count="0" type="stmt"/>
        <line num="245" count="0" type="stmt"/>
        <line num="248" count="4" type="stmt"/>
        <line num="249" count="4" type="stmt"/>
        <line num="252" count="4" type="cond" truecount="1" falsecount="1"/>
        <line num="254" count="4" type="cond" truecount="1" falsecount="1"/>
        <line num="255" count="4" type="stmt"/>
        <line num="256" count="4" type="stmt"/>
        <line num="270" count="5343" type="cond" truecount="2" falsecount="0"/>
        <line num="271" count="484" type="stmt"/>
        <line num="272" count="358" type="cond" truecount="2" falsecount="0"/>
        <line num="273" count="130" type="stmt"/>
        <line num="274" count="38" type="stmt"/>
        <line num="276" count="239" type="cond" truecount="2" falsecount="0"/>
        <line num="277" count="4" type="stmt"/>
      </file>
    </package>
  </project>
</coverage>
