TN:
SF:src\client-adapters.js
FN:25,(anonymous_0)
FN:43,(anonymous_1)
FN:56,(anonymous_2)
FN:64,(anonymous_3)
FN:72,(anonymous_4)
FN:77,(anonymous_5)
FN:82,(anonymous_6)
FN:87,(anonymous_7)
FN:92,(anonymous_8)
FN:97,(anonymous_9)
FN:108,(anonymous_10)
FN:121,(anonymous_11)
FN:123,(anonymous_12)
FN:138,(anonymous_13)
FN:154,(anonymous_14)
FN:172,(anonymous_15)
FN:206,(anonymous_16)
FN:237,(anonymous_17)
FN:290,(anonymous_18)
FN:308,(anonymous_19)
FN:345,(anonymous_20)
FN:380,(anonymous_21)
FN:405,(anonymous_22)
FN:440,(anonymous_23)
FN:471,(anonymous_24)
FNF:25
FNH:23
FNDA:155,(anonymous_0)
FNDA:44,(anonymous_1)
FNDA:5,(anonymous_2)
FNDA:82,(anonymous_3)
FNDA:1,(anonymous_4)
FNDA:3,(anonymous_5)
FNDA:2,(anonymous_6)
FNDA:5,(anonymous_7)
FNDA:3,(anonymous_8)
FNDA:1,(anonymous_9)
FNDA:118,(anonymous_10)
FNDA:118,(anonymous_11)
FNDA:217,(anonymous_12)
FNDA:116,(anonymous_13)
FNDA:41,(anonymous_14)
FNDA:0,(anonymous_15)
FNDA:2,(anonymous_16)
FNDA:0,(anonymous_17)
FNDA:2,(anonymous_18)
FNDA:4,(anonymous_19)
FNDA:82,(anonymous_20)
FNDA:2,(anonymous_21)
FNDA:5,(anonymous_22)
FNDA:3,(anonymous_23)
FNDA:1,(anonymous_24)
DA:18,5
DA:19,5
DA:26,155
DA:27,4
DA:28,32
DA:29,32
DA:30,44
DA:32,44
DA:38,32
DA:41,4
DA:42,32
DA:43,32
DA:44,44
DA:47,32
DA:57,5
DA:58,5
DA:65,82
DA:66,82
DA:73,1
DA:74,1
DA:78,3
DA:79,3
DA:83,2
DA:84,2
DA:88,5
DA:89,5
DA:93,3
DA:94,3
DA:98,1
DA:99,1
DA:109,118
DA:110,1
DA:122,118
DA:123,118
DA:125,217
DA:126,1
DA:139,116
DA:140,116
DA:155,41
DA:157,41
DA:165,41
DA:166,40
DA:167,40
DA:169,1
DA:173,0
DA:175,0
DA:183,0
DA:184,0
DA:185,0
DA:187,0
DA:188,0
DA:189,0
DA:191,0
DA:207,2
DA:209,2
DA:215,2
DA:216,2
DA:217,2
DA:219,0
DA:238,0
DA:240,0
DA:246,0
DA:247,0
DA:252,0
DA:254,0
DA:255,0
DA:256,0
DA:258,0
DA:259,0
DA:264,0
DA:266,0
DA:267,0
DA:274,0
DA:276,0
DA:291,2
DA:293,2
DA:301,2
DA:302,2
DA:303,2
DA:305,0
DA:309,4
DA:311,4
DA:318,4
DA:319,2
DA:320,2
DA:323,2
DA:324,2
DA:325,2
DA:328,0
DA:346,82
DA:348,82
DA:358,82
DA:360,82
DA:361,1
DA:362,1
DA:364,81
DA:365,0
DA:366,0
DA:369,81
DA:370,72
DA:371,72
DA:374,9
DA:375,9
DA:377,0
DA:381,2
DA:383,2
DA:394,2
DA:395,2
DA:396,2
DA:398,0
DA:406,5
DA:408,5
DA:418,5
DA:419,0
DA:420,0
DA:425,5
DA:426,3
DA:427,3
DA:429,2
DA:430,2
DA:431,2
DA:433,0
DA:441,3
DA:443,3
DA:451,3
DA:452,3
DA:453,3
DA:456,0
DA:457,0
DA:458,0
DA:461,0
DA:462,0
DA:463,0
DA:472,1
DA:474,1
DA:483,1
DA:484,1
DA:485,1
LF:138
LH:98
BRDA:26,0,0,4
BRDA:26,0,1,151
BRDA:109,1,0,1
BRDA:109,1,1,117
BRDA:122,2,0,118
BRDA:122,2,1,0
BRDA:125,3,0,1
BRDA:125,3,1,216
BRDA:125,4,0,217
BRDA:125,4,1,217
BRDA:165,5,0,40
BRDA:165,5,1,1
BRDA:183,6,0,0
BRDA:183,6,1,0
BRDA:187,7,0,0
BRDA:187,7,1,0
BRDA:215,8,0,2
BRDA:215,8,1,0
BRDA:246,9,0,0
BRDA:246,9,1,0
BRDA:254,10,0,0
BRDA:254,10,1,0
BRDA:258,11,0,0
BRDA:258,11,1,0
BRDA:266,12,0,0
BRDA:266,12,1,0
BRDA:301,13,0,2
BRDA:301,13,1,0
BRDA:318,14,0,2
BRDA:318,14,1,2
BRDA:323,15,0,2
BRDA:323,15,1,0
BRDA:353,16,0,0
BRDA:353,16,1,82
BRDA:353,17,0,82
BRDA:353,17,1,73
BRDA:354,18,0,73
BRDA:354,18,1,9
BRDA:355,19,0,73
BRDA:355,19,1,9
BRDA:360,20,0,1
BRDA:360,20,1,81
BRDA:364,21,0,0
BRDA:364,21,1,81
BRDA:369,22,0,72
BRDA:369,22,1,9
BRDA:374,23,0,9
BRDA:374,23,1,0
BRDA:394,24,0,2
BRDA:394,24,1,0
BRDA:394,25,0,2
BRDA:394,25,1,2
BRDA:418,26,0,0
BRDA:418,26,1,5
BRDA:425,27,0,3
BRDA:425,27,1,2
BRDA:429,28,0,2
BRDA:429,28,1,0
BRDA:451,29,0,3
BRDA:451,29,1,0
BRDA:456,30,0,0
BRDA:456,30,1,0
BRDA:461,31,0,0
BRDA:461,31,1,0
BRDA:483,32,0,1
BRDA:483,32,1,0
BRF:66
BRH:38
end_of_record
TN:
SF:src\index.js
FNF:0
FNH:0
LF:0
LH:0
BRF:0
BRH:0
end_of_record
TN:
SF:src\adapters\base-adapter.js
FN:16,(anonymous_0)
FN:28,(anonymous_1)
FN:33,(anonymous_2)
FN:38,(anonymous_3)
FN:49,(anonymous_4)
FN:51,(anonymous_5)
FN:55,(anonymous_6)
FN:59,(anonymous_7)
FN:75,(anonymous_8)
FN:76,(anonymous_9)
FN:87,(anonymous_10)
FN:124,(anonymous_11)
FN:127,(anonymous_12)
FN:128,(anonymous_13)
FN:134,(anonymous_14)
FN:144,(anonymous_15)
FN:162,(anonymous_16)
FN:176,(anonymous_17)
FN:202,(anonymous_18)
FNF:19
FNH:12
FNDA:304,(anonymous_0)
FNDA:46,(anonymous_1)
FNDA:0,(anonymous_2)
FNDA:0,(anonymous_3)
FNDA:281,(anonymous_4)
FNDA:661,(anonymous_5)
FNDA:2031,(anonymous_6)
FNDA:2,(anonymous_7)
FNDA:0,(anonymous_8)
FNDA:0,(anonymous_9)
FNDA:31,(anonymous_10)
FNDA:3,(anonymous_11)
FNDA:2,(anonymous_12)
FNDA:0,(anonymous_13)
FNDA:2,(anonymous_14)
FNDA:0,(anonymous_15)
FNDA:4,(anonymous_16)
FNDA:0,(anonymous_17)
FNDA:30,(anonymous_18)
DA:17,304
DA:18,304
DA:29,46
DA:30,46
DA:34,0
DA:35,0
DA:39,0
DA:40,0
DA:50,281
DA:51,281
DA:52,661
DA:55,281
DA:56,2031
DA:57,2005
DA:58,26
DA:59,3
DA:60,2
DA:62,23
DA:63,15
DA:67,281
DA:76,0
DA:88,31
DA:89,30
DA:90,30
DA:91,19
DA:94,2
DA:95,2
DA:96,2
DA:99,2
DA:100,2
DA:102,17
DA:103,4
DA:105,13
DA:108,11
DA:111,1
DA:125,3
DA:126,2
DA:127,2
DA:128,2
DA:129,0
DA:130,0
DA:133,2
DA:135,2
DA:136,2
DA:137,2
DA:138,1
DA:140,1
DA:145,0
DA:146,0
DA:147,0
DA:151,1
DA:163,4
DA:164,3
DA:165,3
DA:166,3
DA:167,2
DA:169,1
DA:172,1
DA:177,0
DA:180,0
DA:181,0
DA:185,0
DA:188,0
DA:205,30
DA:206,29
DA:207,29
DA:208,29
DA:209,1
DA:211,28
DA:214,0
DA:217,29
DA:219,0
DA:222,1
LF:73
LH:56
BRDA:56,0,0,2005
BRDA:56,0,1,26
BRDA:58,1,0,3
BRDA:58,1,1,23
BRDA:62,2,0,15
BRDA:62,2,1,8
BRDA:87,3,0,3
BRDA:88,4,0,30
BRDA:88,4,1,1
BRDA:91,5,0,2
BRDA:91,5,1,17
BRDA:94,6,0,2
BRDA:94,6,1,0
BRDA:96,7,0,2
BRDA:96,7,1,0
BRDA:96,8,0,2
BRDA:96,8,1,2
BRDA:102,9,0,4
BRDA:102,9,1,13
BRDA:125,10,0,2
BRDA:125,10,1,1
BRDA:136,11,0,2
BRDA:136,11,1,0
BRDA:137,12,0,1
BRDA:137,12,1,1
BRDA:146,13,0,0
BRDA:146,13,1,0
BRDA:163,14,0,3
BRDA:163,14,1,1
BRDA:177,15,0,0
BRDA:177,15,1,0
BRDA:181,16,0,0
BRDA:181,16,1,0
BRDA:202,17,0,22
BRDA:205,18,0,29
BRDA:205,18,1,1
BRDA:207,19,0,29
BRDA:207,19,1,0
BRDA:207,20,0,29
BRDA:207,20,1,29
BRDA:208,21,0,1
BRDA:208,21,1,28
BRDA:208,22,0,29
BRDA:208,22,1,29
BRF:44
BRH:34
end_of_record
TN:
SF:src\adapters\alpheiostb\adapter.js
FN:12,(anonymous_0)
FN:26,(anonymous_1)
FN:60,(anonymous_2)
FN:83,(anonymous_3)
FNF:4
FNH:4
FNDA:11,(anonymous_0)
FNDA:6,(anonymous_1)
FNDA:11,(anonymous_2)
FNDA:3,(anonymous_3)
DA:13,11
DA:14,11
DA:15,11
DA:27,6
DA:28,6
DA:29,3
DA:30,3
DA:32,3
DA:33,3
DA:35,3
DA:36,0
DA:39,3
DA:40,3
DA:42,3
DA:43,3
DA:45,3
DA:46,3
DA:48,0
DA:51,0
DA:61,11
DA:62,11
DA:63,11
DA:64,8
DA:65,7
DA:66,6
DA:67,6
DA:68,6
DA:69,6
DA:73,11
DA:85,3
DA:86,3
DA:87,3
DA:89,3
DA:90,3
DA:93,3
DA:95,3
DA:96,3
DA:97,3
DA:98,3
DA:99,3
DA:100,3
DA:102,3
DA:103,3
DA:104,24
DA:105,24
DA:106,24
DA:107,24
DA:108,12
DA:109,12
DA:110,12
DA:111,3
DA:115,3
DA:116,3
LF:53
LH:50
BRDA:12,0,0,1
BRDA:28,1,0,3
BRDA:28,1,1,3
BRDA:35,2,0,0
BRDA:35,2,1,3
BRDA:39,3,0,3
BRDA:39,3,1,0
BRDA:63,4,0,8
BRDA:63,4,1,3
BRDA:63,5,0,11
BRDA:63,5,1,11
BRDA:65,6,0,6
BRDA:65,6,1,1
BRDA:65,7,0,7
BRDA:65,7,1,2
BRDA:107,8,0,12
BRDA:107,8,1,12
BRDA:110,9,0,3
BRDA:110,9,1,9
BRF:19
BRH:17
end_of_record
TN:
SF:src\adapters\arethusa\adapter.js
FN:16,(anonymous_0)
FN:22,(anonymous_1)
FN:29,(anonymous_2)
FN:47,(anonymous_3)
FN:58,(anonymous_4)
FN:89,(anonymous_5)
FN:103,(anonymous_6)
FN:130,(anonymous_7)
FN:152,(anonymous_8)
FNF:9
FNH:3
FNDA:5,(anonymous_0)
FNDA:0,(anonymous_1)
FNDA:0,(anonymous_2)
FNDA:0,(anonymous_3)
FNDA:0,(anonymous_4)
FNDA:3,(anonymous_5)
FNDA:22,(anonymous_6)
FNDA:0,(anonymous_7)
FNDA:0,(anonymous_8)
DA:17,5
DA:18,5
DA:19,5
DA:23,0
DA:24,0
DA:26,0
DA:30,0
DA:31,0
DA:32,0
DA:35,0
DA:36,0
DA:37,0
DA:43,0
DA:44,0
DA:48,0
DA:59,0
DA:60,0
DA:61,0
DA:63,0
DA:64,0
DA:66,0
DA:68,0
DA:71,0
DA:73,0
DA:75,0
DA:90,3
DA:91,3
DA:92,3
DA:93,3
DA:94,0
DA:95,0
DA:97,3
DA:98,3
DA:99,0
DA:100,0
DA:102,3
DA:103,3
DA:104,22
DA:105,1
DA:106,1
DA:107,1
DA:109,22
DA:111,3
DA:112,3
DA:115,3
DA:119,2
DA:121,3
DA:123,0
DA:126,0
DA:131,0
DA:132,0
DA:133,0
DA:136,0
DA:137,0
DA:138,0
DA:139,0
DA:140,0
DA:142,0
DA:144,0
DA:147,0
DA:153,0
DA:154,0
DA:155,0
DA:158,0
DA:159,0
DA:160,0
DA:162,0
DA:164,0
DA:167,0
LF:69
LH:21
BRDA:16,0,0,0
BRDA:23,1,0,0
BRDA:23,1,1,0
BRDA:66,2,0,0
BRDA:66,2,1,0
BRDA:91,3,0,3
BRDA:91,3,1,0
BRDA:91,4,0,3
BRDA:91,4,1,3
BRDA:93,5,0,0
BRDA:93,5,1,3
BRDA:93,6,0,3
BRDA:93,6,1,3
BRDA:98,7,0,0
BRDA:98,7,1,3
BRDA:104,8,0,1
BRDA:104,8,1,21
BRDA:115,9,0,2
BRDA:115,9,1,1
BRDA:115,10,0,3
BRDA:115,10,1,3
BRDA:115,10,2,3
BRDA:115,10,3,3
BRDA:115,10,4,3
BRDA:115,10,5,3
BRDA:142,11,0,0
BRDA:142,11,1,0
BRDA:152,12,0,0
BRDA:162,13,0,0
BRDA:162,13,1,0
BRF:30
BRH:17
end_of_record
TN:
SF:src\adapters\chineseloc\adapter.js
FN:16,(anonymous_0)
FN:41,(anonymous_1)
FN:54,(anonymous_2)
FN:64,(anonymous_3)
FN:94,(anonymous_4)
FN:110,(anonymous_5)
FN:117,(anonymous_6)
FN:124,(anonymous_7)
FN:135,(anonymous_8)
FN:157,(anonymous_9)
FN:158,(anonymous_10)
FN:161,(anonymous_11)
FNF:12
FNH:11
FNDA:11,(anonymous_0)
FNDA:54,(anonymous_1)
FNDA:10,(anonymous_2)
FNDA:10,(anonymous_3)
FNDA:0,(anonymous_4)
FNDA:8,(anonymous_5)
FNDA:12,(anonymous_6)
FNDA:36,(anonymous_7)
FNDA:35,(anonymous_8)
FNDA:8,(anonymous_9)
FNDA:21,(anonymous_10)
FNDA:39,(anonymous_11)
DA:8,6
DA:13,6
DA:17,11
DA:18,11
DA:19,11
DA:20,11
DA:21,0
DA:23,11
DA:30,11
DA:31,1
DA:38,11
DA:41,54
DA:55,10
DA:56,10
DA:57,4
DA:58,20
DA:61,10
DA:65,10
DA:66,10
DA:72,10
DA:73,10
DA:75,0
DA:76,0
DA:79,10
DA:80,2
DA:81,0
DA:83,8
DA:84,8
DA:85,0
DA:86,0
DA:88,8
DA:90,2
DA:95,0
DA:96,0
DA:100,0
DA:101,0
DA:103,0
DA:106,0
DA:112,8
DA:115,8
DA:116,8
DA:117,8
DA:118,12
DA:119,12
DA:120,12
DA:123,12
DA:124,12
DA:127,36
DA:129,12
DA:130,12
DA:131,12
DA:132,12
DA:134,12
DA:135,35
DA:136,12
DA:137,12
DA:139,8
DA:145,8
DA:146,8
DA:158,21
DA:162,39
LF:61
LH:49
BRDA:16,0,0,0
BRDA:20,1,0,0
BRDA:20,1,1,11
BRDA:30,2,0,1
BRDA:30,2,1,10
BRDA:56,3,0,4
BRDA:56,3,1,6
BRDA:79,4,0,2
BRDA:79,4,1,8
BRDA:84,5,0,0
BRDA:84,5,1,8
BRDA:112,6,0,2
BRDA:112,6,1,6
BRDA:123,7,0,12
BRDA:123,7,1,0
BRDA:127,8,0,23
BRDA:127,8,1,13
BRDA:131,9,0,8
BRDA:131,9,1,4
BRDA:131,10,0,12
BRDA:131,10,1,8
BRDA:132,11,0,7
BRDA:132,11,1,5
BRF:23
BRH:19
end_of_record
TN:
SF:src\adapters\concordance\adapter.js
FN:12,(anonymous_0)
FN:25,(anonymous_1)
FN:57,(anonymous_2)
FN:86,(anonymous_3)
FN:98,(anonymous_4)
FN:113,(anonymous_5)
FN:137,(anonymous_6)
FN:160,(anonymous_7)
FN:163,(anonymous_8)
FN:168,(anonymous_9)
FN:176,(anonymous_10)
FN:182,(anonymous_11)
FN:202,(anonymous_12)
FN:211,(anonymous_13)
FN:213,(anonymous_14)
FN:218,(anonymous_15)
FN:226,(anonymous_16)
FN:238,(anonymous_17)
FN:253,(anonymous_18)
FN:255,(anonymous_19)
FN:260,(anonymous_20)
FN:273,(anonymous_21)
FN:293,(anonymous_22)
FNF:23
FNH:23
FNDA:27,(anonymous_0)
FNDA:16,(anonymous_1)
FNDA:9,(anonymous_2)
FNDA:11,(anonymous_3)
FNDA:14,(anonymous_4)
FNDA:15,(anonymous_5)
FNDA:11,(anonymous_6)
FNDA:263,(anonymous_7)
FNDA:45339,(anonymous_8)
FNDA:262,(anonymous_9)
FNDA:1421,(anonymous_10)
FNDA:259,(anonymous_11)
FNDA:16780,(anonymous_12)
FNDA:5070,(anonymous_13)
FNDA:5070,(anonymous_14)
FNDA:5070,(anonymous_15)
FNDA:11706,(anonymous_16)
FNDA:5072,(anonymous_17)
FNDA:11707,(anonymous_18)
FNDA:11710,(anonymous_19)
FNDA:11707,(anonymous_20)
FNDA:11709,(anonymous_21)
FNDA:259,(anonymous_22)
DA:13,27
DA:14,27
DA:15,27
DA:16,27
DA:26,16
DA:27,16
DA:28,15
DA:30,15
DA:31,15
DA:32,5068
DA:33,5068
DA:36,15
DA:38,1
DA:58,9
DA:59,9
DA:60,8
DA:61,8
DA:62,8
DA:63,8
DA:70,0
DA:73,1
DA:87,11
DA:88,11
DA:89,11
DA:99,14
DA:100,9
DA:101,7
DA:103,2
DA:105,5
DA:121,15
DA:122,1
DA:123,14
DA:124,6
DA:126,8
DA:138,11
DA:141,11
DA:142,6
DA:145,11
DA:146,261
DA:147,261
DA:148,260
DA:149,260
DA:150,258
DA:152,258
DA:153,258
DA:157,11
DA:161,263
DA:162,263
DA:163,45339
DA:165,0
DA:169,262
DA:170,262
DA:174,262
DA:175,261
DA:176,1421
DA:179,1
DA:183,259
DA:184,259
DA:185,259
DA:189,259
DA:190,1
DA:191,258
DA:192,258
DA:195,259
DA:203,16780
DA:212,5070
DA:213,5070
DA:214,5070
DA:217,5070
DA:218,5070
DA:219,5070
DA:222,5070
DA:223,5070
DA:224,5070
DA:226,5070
DA:227,11706
DA:230,5070
DA:231,5070
DA:239,5072
DA:240,5072
DA:241,5071
DA:242,5071
DA:244,1
DA:254,11707
DA:255,11707
DA:256,11710
DA:259,11707
DA:260,11707
DA:261,11707
DA:264,11707
DA:265,11707
DA:266,11707
DA:274,11709
DA:276,11709
DA:277,11708
DA:279,11708
DA:281,1
DA:294,259
DA:295,259
DA:298,259
DA:299,259
DA:300,259
DA:301,259
DA:302,259
DA:304,259
LF:105
LH:103
BRDA:12,0,0,0
BRDA:25,1,0,15
BRDA:27,2,0,15
BRDA:27,2,1,1
BRDA:27,3,0,16
BRDA:27,3,1,15
BRDA:57,4,0,4
BRDA:57,5,0,6
BRDA:57,6,0,9
BRDA:61,7,0,8
BRDA:61,7,1,0
BRDA:99,8,0,9
BRDA:99,8,1,5
BRDA:99,9,0,14
BRDA:99,9,1,13
BRDA:100,10,0,7
BRDA:100,10,1,2
BRDA:121,11,0,1
BRDA:121,11,1,14
BRDA:121,12,0,15
BRDA:121,12,1,14
BRDA:121,12,2,8
BRDA:121,12,3,1
BRDA:123,13,0,6
BRDA:123,13,1,8
BRDA:123,14,0,14
BRDA:123,14,1,13
BRDA:123,14,2,7
BRDA:123,14,3,7
BRDA:141,15,0,6
BRDA:141,15,1,5
BRDA:147,16,0,260
BRDA:147,16,1,1
BRDA:149,17,0,258
BRDA:149,17,1,2
BRDA:161,18,0,263
BRDA:161,18,1,0
BRDA:161,19,0,263
BRDA:161,19,1,263
BRDA:169,20,0,262
BRDA:169,20,1,0
BRDA:169,21,0,262
BRDA:169,21,1,262
BRDA:169,21,2,262
BRDA:174,22,0,261
BRDA:174,22,1,1
BRDA:184,23,0,259
BRDA:184,23,1,0
BRDA:189,24,0,1
BRDA:189,24,1,258
BRDA:191,25,0,258
BRDA:191,25,1,0
BRDA:240,26,0,5071
BRDA:240,26,1,1
BRDA:240,27,0,5072
BRDA:240,27,1,5072
BRDA:241,28,0,5071
BRDA:241,28,1,0
BRDA:276,29,0,11708
BRDA:276,29,1,1
BRDA:276,30,0,11709
BRDA:276,30,1,11709
BRDA:277,31,0,0
BRDA:277,31,1,11708
BRF:64
BRH:56
end_of_record
TN:
SF:src\adapters\detectlang\adapter.js
FN:10,(anonymous_0)
FN:21,(anonymous_1)
FN:51,(anonymous_2)
FN:71,(anonymous_3)
FN:74,(anonymous_4)
FN:81,(anonymous_5)
FNF:6
FNH:5
FNDA:1,(anonymous_0)
FNDA:1,(anonymous_1)
FNDA:1,(anonymous_2)
FNDA:1,(anonymous_3)
FNDA:3,(anonymous_4)
FNDA:0,(anonymous_5)
DA:11,1
DA:12,1
DA:13,1
DA:22,1
DA:23,1
DA:28,1
DA:29,1
DA:30,0
DA:31,0
DA:35,1
DA:36,1
DA:38,0
DA:40,1
DA:42,0
DA:52,1
DA:53,1
DA:55,0
DA:72,1
DA:73,1
DA:74,3
DA:76,1
DA:77,0
DA:80,1
DA:81,1
DA:83,1
DA:86,0
LF:26
LH:19
BRDA:10,0,0,0
BRDA:29,1,0,0
BRDA:29,1,1,1
BRDA:35,2,0,1
BRDA:35,2,1,0
BRDA:52,3,0,1
BRDA:52,3,1,0
BRDA:72,4,0,1
BRDA:72,4,1,0
BRDA:72,5,0,1
BRDA:72,5,1,1
BRDA:72,5,2,1
BRDA:72,5,3,1
BRDA:76,6,0,0
BRDA:76,6,1,1
BRDA:80,7,0,1
BRDA:80,7,1,0
BRDA:80,8,0,1
BRDA:80,8,1,1
BRDA:83,9,0,1
BRDA:83,9,1,0
BRF:21
BRH:13
end_of_record
TN:
SF:src\adapters\dtsapi\adapter.js
FN:10,(anonymous_0)
FN:22,(anonymous_1)
FN:41,(anonymous_2)
FN:64,(anonymous_3)
FN:81,(anonymous_4)
FN:97,(anonymous_5)
FN:110,(anonymous_6)
FN:135,(anonymous_7)
FN:146,(anonymous_8)
FN:166,(anonymous_9)
FN:170,(anonymous_10)
FN:172,(anonymous_11)
FNF:12
FNH:3
FNDA:10,(anonymous_0)
FNDA:9,(anonymous_1)
FNDA:0,(anonymous_2)
FNDA:0,(anonymous_3)
FNDA:9,(anonymous_4)
FNDA:0,(anonymous_5)
FNDA:0,(anonymous_6)
FNDA:0,(anonymous_7)
FNDA:0,(anonymous_8)
FNDA:0,(anonymous_9)
FNDA:0,(anonymous_10)
FNDA:0,(anonymous_11)
DA:11,10
DA:12,10
DA:23,9
DA:24,9
DA:25,9
DA:26,9
DA:27,0
DA:29,9
DA:31,0
DA:42,0
DA:43,0
DA:44,0
DA:45,0
DA:46,0
DA:47,0
DA:49,0
DA:51,0
DA:65,0
DA:66,0
DA:67,0
DA:69,0
DA:70,0
DA:72,0
DA:82,9
DA:83,9
DA:84,7
DA:86,9
DA:87,0
DA:89,9
DA:98,0
DA:99,0
DA:100,0
DA:102,0
DA:111,0
DA:112,0
DA:113,0
DA:114,0
DA:115,0
DA:118,0
DA:120,0
DA:121,0
DA:122,0
DA:124,0
DA:125,0
DA:127,0
DA:136,0
DA:145,0
DA:146,0
DA:147,0
DA:158,0
DA:169,0
DA:170,0
DA:171,0
DA:172,0
DA:175,0
DA:176,0
DA:181,0
LF:57
LH:12
BRDA:10,0,0,0
BRDA:26,1,0,0
BRDA:26,1,1,9
BRDA:45,2,0,0
BRDA:45,2,1,0
BRDA:67,3,0,0
BRDA:67,3,1,0
BRDA:83,4,0,7
BRDA:83,4,1,2
BRDA:86,5,0,0
BRDA:86,5,1,9
BRDA:99,6,0,0
BRDA:99,6,1,0
BRDA:112,7,0,0
BRDA:112,7,1,0
BRDA:120,8,0,0
BRDA:120,8,1,0
BRDA:122,9,0,0
BRDA:122,9,1,0
BRDA:125,10,0,0
BRDA:125,10,1,0
BRDA:138,11,0,0
BRDA:138,11,1,0
BRDA:139,12,0,0
BRDA:139,12,1,0
BRDA:145,13,0,0
BRDA:145,13,1,0
BRDA:169,14,0,0
BRDA:169,14,1,0
BRDA:169,15,0,0
BRDA:169,15,1,0
BRDA:171,16,0,0
BRDA:171,16,1,0
BRDA:171,17,0,0
BRDA:171,17,1,0
BRDA:175,18,0,0
BRDA:175,18,1,0
BRDA:178,19,0,0
BRDA:178,19,1,0
BRF:39
BRH:4
end_of_record
TN:
SF:src\adapters\lexicons\adapter.js
FN:20,(anonymous_0)
FN:33,(anonymous_1)
FN:42,(anonymous_2)
FN:51,(anonymous_3)
FN:57,(anonymous_4)
FN:64,(anonymous_5)
FN:76,(anonymous_6)
FN:82,(anonymous_7)
FN:86,(anonymous_8)
FN:92,(anonymous_9)
FN:104,(anonymous_10)
FN:118,(anonymous_11)
FN:134,(anonymous_12)
FN:156,(anonymous_13)
FN:159,(anonymous_14)
FN:179,(anonymous_15)
FN:181,(anonymous_16)
FN:201,(anonymous_17)
FN:203,(anonymous_18)
FN:222,(anonymous_19)
FN:245,(anonymous_20)
FN:258,(anonymous_21)
FN:300,(anonymous_22)
FN:330,(anonymous_23)
FN:334,(anonymous_24)
FN:340,(anonymous_25)
FN:353,(anonymous_26)
FN:366,(anonymous_27)
FN:395,(anonymous_28)
FN:397,(anonymous_29)
FN:409,(anonymous_30)
FN:432,(anonymous_31)
FN:531,(anonymous_32)
FNF:33
FNH:28
FNDA:111,(anonymous_0)
FNDA:5,(anonymous_1)
FNDA:2,(anonymous_2)
FNDA:6,(anonymous_3)
FNDA:6,(anonymous_4)
FNDA:0,(anonymous_5)
FNDA:2,(anonymous_6)
FNDA:2,(anonymous_7)
FNDA:0,(anonymous_8)
FNDA:0,(anonymous_9)
FNDA:6,(anonymous_10)
FNDA:1,(anonymous_11)
FNDA:11,(anonymous_12)
FNDA:1,(anonymous_13)
FNDA:7,(anonymous_14)
FNDA:1,(anonymous_15)
FNDA:7,(anonymous_16)
FNDA:7,(anonymous_17)
FNDA:44,(anonymous_18)
FNDA:85,(anonymous_19)
FNDA:0,(anonymous_20)
FNDA:8,(anonymous_21)
FNDA:7,(anonymous_22)
FNDA:3,(anonymous_23)
FNDA:8,(anonymous_24)
FNDA:8,(anonymous_25)
FNDA:0,(anonymous_26)
FNDA:1,(anonymous_27)
FNDA:12,(anonymous_28)
FNDA:144,(anonymous_29)
FNDA:3,(anonymous_30)
FNDA:38,(anonymous_31)
FNDA:35,(anonymous_32)
DA:7,5
DA:8,5
DA:21,111
DA:22,111
DA:23,111
DA:24,111
DA:25,111
DA:34,5
DA:43,2
DA:52,6
DA:53,6
DA:55,6
DA:56,6
DA:58,6
DA:59,6
DA:60,6
DA:61,6
DA:65,0
DA:66,0
DA:77,2
DA:78,2
DA:80,2
DA:81,2
DA:83,2
DA:84,2
DA:85,2
DA:86,2
DA:87,0
DA:88,0
DA:93,0
DA:94,0
DA:105,6
DA:106,6
DA:119,1
DA:120,1
DA:135,11
DA:136,11
DA:137,2
DA:138,2
DA:141,9
DA:142,7
DA:144,2
DA:145,1
DA:146,1
DA:147,1
DA:157,1
DA:158,1
DA:159,7
DA:161,1
DA:162,1
DA:163,1
DA:165,1
DA:166,1
DA:167,1
DA:171,0
DA:180,1
DA:181,7
DA:183,1
DA:184,1
DA:185,1
DA:187,1
DA:188,1
DA:189,1
DA:202,7
DA:203,44
DA:205,7
DA:206,7
DA:207,5
DA:209,7
DA:210,2
DA:223,85
DA:224,0
DA:226,85
DA:227,10
DA:228,10
DA:230,10
DA:231,10
DA:232,1
DA:233,1
DA:234,0
DA:237,9
DA:238,9
DA:240,1
DA:241,1
DA:242,1
DA:244,75
DA:245,0
DA:246,0
DA:249,84
DA:259,8
DA:260,8
DA:262,8
DA:263,14
DA:264,14
DA:265,13
DA:266,13
DA:267,13
DA:268,13
DA:269,13
DA:270,13
DA:271,13
DA:272,13
DA:273,3
DA:274,3
DA:276,13
DA:277,13
DA:278,13
DA:279,13
DA:281,0
DA:282,0
DA:286,1
DA:287,1
DA:288,1
DA:301,7
DA:302,7
DA:303,7
DA:305,7
DA:306,1
DA:307,1
DA:310,6
DA:311,6
DA:312,13
DA:313,13
DA:314,12
DA:315,12
DA:317,1
DA:318,1
DA:321,6
DA:331,3
DA:333,8
DA:334,8
DA:336,0
DA:339,8
DA:341,8
DA:342,0
DA:343,0
DA:344,0
DA:346,0
DA:347,0
DA:348,0
DA:349,0
DA:350,0
DA:354,0
DA:367,1
DA:369,2
DA:370,2
DA:372,0
DA:375,2
DA:376,2
DA:377,0
DA:378,0
DA:380,0
DA:381,0
DA:382,0
DA:383,0
DA:386,2
DA:396,12
DA:397,12
DA:398,144
DA:410,3
DA:411,3
DA:412,17
DA:413,17
DA:414,10
DA:416,17
DA:417,0
DA:419,17
DA:422,3
DA:438,38
DA:439,38
DA:440,38
DA:441,46
DA:442,46
DA:446,16
DA:448,46
DA:449,46
DA:450,0
DA:453,38
DA:454,38
DA:456,41
DA:457,41
DA:458,41
DA:461,41
DA:462,10
DA:465,41
DA:466,32
DA:468,41
DA:469,32
DA:476,38
DA:477,6
DA:478,6
DA:479,6
DA:484,6
DA:485,6
DA:488,6
DA:489,6
DA:490,6
DA:496,20
DA:497,20
DA:498,20
DA:503,20
DA:504,3
DA:505,3
DA:506,3
DA:510,6
DA:511,3
DA:516,38
DA:532,35
DA:533,3
DA:535,32
LF:210
LH:178
BRDA:20,0,0,0
BRDA:20,1,0,101
BRDA:24,2,0,82
BRDA:24,2,1,29
BRDA:33,3,0,1
BRDA:42,4,0,1
BRDA:58,5,0,6
BRDA:58,5,1,0
BRDA:83,6,0,2
BRDA:83,6,1,0
BRDA:105,7,0,6
BRDA:105,7,1,0
BRDA:119,8,0,1
BRDA:119,8,1,0
BRDA:136,9,0,2
BRDA:136,9,1,9
BRDA:136,10,0,11
BRDA:136,10,1,9
BRDA:141,11,0,7
BRDA:141,11,1,2
BRDA:144,12,0,1
BRDA:144,12,1,1
BRDA:146,13,0,1
BRDA:146,13,1,0
BRDA:165,14,0,1
BRDA:165,14,1,0
BRDA:187,15,0,1
BRDA:187,15,1,0
BRDA:206,16,0,5
BRDA:206,16,1,2
BRDA:209,17,0,2
BRDA:209,17,1,5
BRDA:222,18,0,11
BRDA:222,19,0,45
BRDA:223,20,0,0
BRDA:223,20,1,85
BRDA:223,21,0,85
BRDA:223,21,1,11
BRDA:226,22,0,10
BRDA:226,22,1,75
BRDA:226,23,0,85
BRDA:226,23,1,10
BRDA:231,24,0,1
BRDA:231,24,1,9
BRDA:244,25,0,0
BRDA:244,25,1,75
BRDA:244,26,0,75
BRDA:244,26,1,75
BRDA:264,27,0,13
BRDA:264,27,1,1
BRDA:268,28,0,3
BRDA:268,28,1,10
BRDA:268,29,0,13
BRDA:268,29,1,3
BRDA:272,30,0,3
BRDA:272,30,1,10
BRDA:272,31,0,13
BRDA:272,31,1,3
BRDA:272,31,2,3
BRDA:305,32,0,1
BRDA:305,32,1,6
BRDA:313,33,0,12
BRDA:313,33,1,1
BRDA:313,34,0,13
BRDA:313,34,1,13
BRDA:317,35,0,1
BRDA:317,35,1,0
BRDA:333,36,0,8
BRDA:333,36,1,0
BRDA:341,37,0,0
BRDA:341,37,1,0
BRDA:341,38,0,8
BRDA:341,38,1,8
BRDA:342,39,0,0
BRDA:342,39,1,0
BRDA:369,40,0,2
BRDA:369,40,1,0
BRDA:376,41,0,0
BRDA:376,41,1,0
BRDA:376,42,0,2
BRDA:376,42,1,2
BRDA:377,43,0,0
BRDA:377,43,1,0
BRDA:398,44,0,144
BRDA:398,44,1,144
BRDA:398,44,2,144
BRDA:413,45,0,10
BRDA:413,45,1,7
BRDA:416,46,0,0
BRDA:416,46,1,17
BRDA:449,47,0,0
BRDA:449,47,1,46
BRDA:457,48,0,41
BRDA:457,48,1,0
BRDA:457,49,0,41
BRDA:457,49,1,41
BRDA:461,50,0,10
BRDA:461,50,1,31
BRDA:465,51,0,32
BRDA:465,51,1,9
BRDA:468,52,0,32
BRDA:468,52,1,9
BRDA:476,53,0,6
BRDA:476,53,1,32
BRDA:484,54,0,6
BRDA:484,54,1,0
BRDA:488,55,0,6
BRDA:488,55,1,0
BRDA:488,56,0,6
BRDA:488,56,1,6
BRDA:503,57,0,3
BRDA:503,57,1,17
BRDA:503,58,0,20
BRDA:503,58,1,20
BRDA:505,59,0,3
BRDA:505,59,1,0
BRDA:510,60,0,3
BRDA:510,60,1,3
BRDA:532,61,0,3
BRDA:532,61,1,32
BRDA:532,62,0,35
BRDA:532,62,1,35
BRF:122
BRH:95
end_of_record
TN:
SF:src\adapters\logeion\adapter.js
FN:11,(anonymous_0)
FN:25,(anonymous_1)
FN:54,(anonymous_2)
FN:60,(anonymous_3)
FN:73,(anonymous_4)
FN:77,(anonymous_5)
FN:86,(anonymous_6)
FNF:7
FNH:7
FNDA:7,(anonymous_0)
FNDA:3,(anonymous_1)
FNDA:4,(anonymous_2)
FNDA:4,(anonymous_3)
FNDA:3,(anonymous_4)
FNDA:6,(anonymous_5)
FNDA:4,(anonymous_6)
DA:12,7
DA:13,7
DA:14,7
DA:15,7
DA:16,7
DA:17,7
DA:26,3
DA:27,3
DA:28,3
DA:29,0
DA:30,0
DA:33,3
DA:34,2
DA:36,1
DA:38,1
DA:39,1
DA:41,0
DA:45,0
DA:55,4
DA:56,4
DA:61,4
DA:62,1
DA:63,3
DA:64,3
DA:74,3
DA:75,3
DA:76,3
DA:77,3
DA:78,6
DA:79,6
DA:80,2
DA:84,3
DA:85,9
DA:86,4
DA:87,6
DA:90,9
DA:91,3
DA:94,3
LF:38
LH:34
BRDA:11,0,0,0
BRDA:28,1,0,0
BRDA:28,1,1,3
BRDA:33,2,0,2
BRDA:33,2,1,1
BRDA:38,3,0,1
BRDA:38,3,1,0
BRDA:38,4,0,1
BRDA:38,4,1,1
BRDA:55,5,0,4
BRDA:55,5,1,0
BRDA:61,6,0,1
BRDA:61,6,1,3
BRDA:63,7,0,3
BRDA:63,7,1,0
BRDA:79,8,0,2
BRDA:79,8,1,4
BRDA:79,9,0,6
BRDA:79,9,1,3
BRDA:85,10,0,6
BRDA:85,10,1,3
BRDA:85,11,0,9
BRDA:85,11,1,5
BRDA:85,11,2,7
BRDA:85,11,3,4
BRDA:90,12,0,3
BRDA:90,12,1,6
BRF:27
BRH:22
end_of_record
TN:
SF:src\adapters\tokenization\adapter.js
FN:11,(anonymous_0)
FN:25,(anonymous_1)
FN:54,(anonymous_2)
FN:78,(anonymous_3)
FN:90,(anonymous_4)
FN:100,(anonymous_5)
FN:100,(anonymous_6)
FN:108,(anonymous_7)
FN:120,(anonymous_8)
FN:130,(anonymous_9)
FN:149,(anonymous_10)
FN:157,(anonymous_11)
FNF:12
FNH:12
FNDA:16,(anonymous_0)
FNDA:7,(anonymous_1)
FNDA:3,(anonymous_2)
FNDA:3,(anonymous_3)
FNDA:5,(anonymous_4)
FNDA:28,(anonymous_5)
FNDA:18,(anonymous_6)
FNDA:5,(anonymous_7)
FNDA:15,(anonymous_8)
FNDA:50,(anonymous_9)
FNDA:3,(anonymous_10)
FNDA:9,(anonymous_11)
DA:12,16
DA:13,16
DA:14,16
DA:15,16
DA:16,16
DA:17,16
DA:26,7
DA:27,7
DA:33,7
DA:34,7
DA:35,1
DA:36,1
DA:39,6
DA:40,3
DA:42,3
DA:43,3
DA:46,0
DA:55,3
DA:56,3
DA:57,3
DA:58,0
DA:59,0
DA:63,3
DA:64,1
DA:66,2
DA:68,3
DA:70,1
DA:79,3
DA:91,5
DA:93,5
DA:94,5
DA:100,28
DA:101,18
DA:107,18
DA:108,5
DA:111,18
DA:113,5
DA:121,15
DA:122,15
DA:123,3
DA:125,12
DA:127,12
DA:128,12
DA:130,12
DA:131,50
DA:132,25
DA:133,25
DA:134,12
DA:135,12
DA:137,25
DA:141,12
DA:150,3
DA:158,9
DA:159,4
DA:161,5
LF:55
LH:52
BRDA:11,0,0,0
BRDA:34,1,0,1
BRDA:34,1,1,6
BRDA:39,2,0,3
BRDA:39,2,1,3
BRDA:57,3,0,0
BRDA:57,3,1,3
BRDA:63,4,0,1
BRDA:63,4,1,2
BRDA:100,5,0,28
BRDA:100,5,1,28
BRDA:107,6,0,2
BRDA:107,6,1,16
BRDA:121,7,0,15
BRDA:121,7,1,0
BRDA:122,8,0,3
BRDA:122,8,1,12
BRDA:122,9,0,15
BRDA:122,9,1,13
BRDA:131,10,0,25
BRDA:131,10,1,25
BRDA:131,11,0,50
BRDA:131,11,1,25
BRDA:133,12,0,12
BRDA:133,12,1,13
BRDA:158,13,0,4
BRDA:158,13,1,5
BRF:27
BRH:24
end_of_record
TN:
SF:src\adapters\translations\adapter.js
FN:11,(anonymous_0)
FN:24,(anonymous_1)
FN:80,(anonymous_2)
FN:81,(anonymous_3)
FN:81,(anonymous_4)
FN:90,(anonymous_5)
FN:107,(anonymous_6)
FNF:7
FNH:7
FNDA:7,(anonymous_0)
FNDA:3,(anonymous_1)
FNDA:4,(anonymous_2)
FNDA:10,(anonymous_3)
FNDA:10,(anonymous_4)
FNDA:4,(anonymous_5)
FNDA:24,(anonymous_6)
DA:12,7
DA:13,7
DA:14,7
DA:15,7
DA:16,7
DA:25,3
DA:26,3
DA:27,1
DA:28,1
DA:31,2
DA:32,5
DA:35,2
DA:36,2
DA:38,2
DA:40,2
DA:41,0
DA:42,0
DA:45,2
DA:46,2
DA:47,2
DA:48,0
DA:51,2
DA:52,2
DA:53,2
DA:55,2
DA:56,2
DA:58,0
DA:60,2
DA:61,0
DA:64,2
DA:65,5
DA:68,0
DA:72,0
DA:81,10
DA:82,4
DA:91,4
DA:92,3
DA:96,3
DA:97,0
DA:99,3
DA:102,3
DA:103,0
DA:106,3
DA:107,3
DA:108,24
DA:111,3
DA:112,3
DA:116,4
LF:48
LH:39
BRDA:11,0,0,0
BRDA:26,1,0,1
BRDA:26,1,1,2
BRDA:26,2,0,3
BRDA:26,2,1,2
BRDA:36,3,0,2
BRDA:36,3,1,0
BRDA:40,4,0,0
BRDA:40,4,1,2
BRDA:47,5,0,0
BRDA:47,5,1,2
BRDA:47,6,0,2
BRDA:47,6,1,2
BRDA:51,7,0,2
BRDA:51,7,1,0
BRDA:51,8,0,2
BRDA:51,8,1,2
BRDA:55,9,0,2
BRDA:55,9,1,0
BRDA:55,10,0,2
BRDA:55,10,1,2
BRDA:60,11,0,0
BRDA:60,11,1,2
BRDA:60,12,0,2
BRDA:60,12,1,2
BRDA:82,13,0,4
BRDA:82,13,1,0
BRDA:91,14,0,3
BRDA:91,14,1,1
BRDA:96,15,0,0
BRDA:96,15,1,3
BRDA:96,16,0,3
BRDA:96,16,1,3
BRDA:102,17,0,0
BRDA:102,17,1,3
BRDA:102,18,0,3
BRDA:102,18,1,3
BRDA:111,19,0,3
BRDA:111,19,1,0
BRDA:116,20,0,4
BRDA:116,20,1,0
BRF:41
BRH:29
end_of_record
TN:
SF:src\adapters\tufts\adapter.js
FN:14,(anonymous_0)
FN:27,(anonymous_1)
FN:31,(anonymous_2)
FN:49,(anonymous_3)
FN:98,(anonymous_4)
FNF:5
FNH:5
FNDA:81,(anonymous_0)
FNDA:81,(anonymous_1)
FNDA:486,(anonymous_2)
FNDA:65,(anonymous_3)
FNDA:6,(anonymous_4)
DA:15,81
DA:16,81
DA:17,81
DA:18,81
DA:19,81
DA:28,81
DA:29,81
DA:31,81
DA:32,486
DA:34,486
DA:35,486
DA:37,486
DA:51,65
DA:52,65
DA:53,63
DA:55,2
DA:56,2
DA:57,1
DA:58,1
DA:60,1
DA:61,1
DA:62,0
DA:66,64
DA:67,64
DA:68,64
DA:69,0
DA:70,0
DA:72,64
DA:73,64
DA:75,64
DA:76,4
DA:77,4
DA:80,60
DA:81,60
DA:83,60
DA:86,0
DA:99,6
DA:100,6
DA:102,6
DA:103,5
DA:104,5
DA:106,1
LF:42
LH:38
BRDA:14,0,0,0
BRDA:28,1,0,81
BRDA:28,1,1,0
BRDA:34,2,0,486
BRDA:34,2,1,0
BRDA:34,3,0,486
BRDA:34,3,1,486
BRDA:52,4,0,63
BRDA:52,4,1,2
BRDA:56,5,0,1
BRDA:56,5,1,1
BRDA:61,6,0,0
BRDA:61,6,1,1
BRDA:66,7,0,64
BRDA:66,7,1,0
BRDA:68,8,0,0
BRDA:68,8,1,64
BRDA:75,9,0,4
BRDA:75,9,1,60
BRDA:80,10,0,60
BRDA:80,10,1,0
BRDA:80,11,0,60
BRDA:80,11,1,60
BRDA:102,12,0,5
BRDA:102,12,1,1
BRF:25
BRH:18
end_of_record
TN:
SF:src\adapters\tufts\engines-set.js
FN:14,(anonymous_0)
FN:23,(anonymous_1)
FN:27,(anonymous_2)
FN:37,(anonymous_3)
FNF:4
FNH:3
FNDA:81,(anonymous_0)
FNDA:79,(anonymous_1)
FNDA:468,(anonymous_2)
FNDA:0,(anonymous_3)
DA:15,81
DA:24,79
DA:25,79
DA:26,78
DA:27,468
DA:28,78
DA:38,0
DA:39,0
LF:8
LH:6
BRDA:25,0,0,78
BRDA:25,0,1,1
BRDA:25,1,0,79
BRDA:25,1,1,1
BRDA:26,2,0,78
BRDA:26,2,1,0
BRF:6
BRH:5
end_of_record
TN:
SF:src\adapters\tufts\engine\aramorph.js
FNF:0
FNH:0
DA:4,8
LF:1
LH:1
BRF:0
BRH:0
end_of_record
TN:
SF:src\adapters\tufts\engine\hazm.js
FN:7,(anonymous_0)
FNF:1
FNH:0
FNDA:0,(anonymous_0)
DA:4,8
DA:7,8
LF:2
LH:2
BRF:0
BRH:0
end_of_record
TN:
SF:src\adapters\tufts\engine\morpheusgrc.js
FN:9,(anonymous_0)
FN:11,(anonymous_1)
FN:16,(anonymous_2)
FN:22,(anonymous_3)
FN:25,(anonymous_4)
FN:45,(anonymous_5)
FN:48,(anonymous_6)
FNF:7
FNH:6
FNDA:184,(anonymous_0)
FNDA:3,(anonymous_1)
FNDA:184,(anonymous_2)
FNDA:4,(anonymous_3)
FNDA:0,(anonymous_4)
FNDA:1488,(anonymous_5)
FNDA:158,(anonymous_6)
DA:4,9
DA:6,9
DA:10,184
DA:11,3
DA:17,184
DA:21,184
DA:22,4
DA:23,4
DA:24,54
DA:25,0
DA:26,0
DA:28,58
DA:39,9
DA:42,9
DA:45,9
DA:46,1488
DA:47,1488
DA:48,158
DA:49,1349
DA:50,0
DA:51,1349
DA:53,3
DA:55,1346
DA:57,1488
LF:24
LH:21
BRDA:11,0,0,184
BRDA:11,0,1,3
BRDA:21,1,0,4
BRDA:21,1,1,54
BRDA:21,2,0,184
BRDA:21,2,1,4
BRDA:24,3,0,0
BRDA:24,3,1,54
BRDA:24,4,0,54
BRDA:24,4,1,0
BRDA:47,5,0,139
BRDA:47,5,1,1349
BRDA:49,6,0,0
BRDA:49,6,1,1349
BRDA:49,7,0,1349
BRDA:49,7,1,0
BRDA:51,8,0,3
BRDA:51,8,1,1346
BRDA:51,9,0,1349
BRDA:51,9,1,257
BRDA:51,9,2,6
BRDA:51,9,3,3
BRF:22
BRH:18
end_of_record
TN:
SF:src\adapters\tufts\engine\sedra.js
FN:7,(anonymous_0)
FN:13,(anonymous_1)
FN:19,(anonymous_2)
FNF:3
FNH:3
FNDA:7,(anonymous_0)
FNDA:35,(anonymous_1)
FNDA:78,(anonymous_2)
DA:4,8
DA:7,8
DA:8,7
DA:13,8
DA:14,35
DA:15,35
DA:16,35
DA:19,8
DA:20,78
DA:21,78
DA:23,4
DA:24,74
DA:27,50
DA:29,24
DA:31,78
LF:15
LH:15
BRDA:8,0,0,7
BRDA:8,0,1,1
BRDA:14,1,0,35
BRDA:14,1,1,0
BRDA:15,2,0,35
BRDA:15,2,1,0
BRDA:21,3,0,4
BRDA:21,3,1,74
BRDA:24,4,0,50
BRDA:24,4,1,24
BRF:10
BRH:8
end_of_record
TN:
SF:src\adapters\tufts\engine\traces.js
FNF:0
FNH:0
DA:4,8
LF:1
LH:1
BRF:0
BRH:0
end_of_record
TN:
SF:src\adapters\tufts\engine\whitakers.js
FN:9,(anonymous_0)
FN:35,(anonymous_1)
FN:38,(anonymous_2)
FN:50,(anonymous_3)
FN:80,(anonymous_4)
FN:86,(anonymous_5)
FN:95,(anonymous_6)
FNF:7
FNH:6
FNDA:116,(anonymous_0)
FNDA:894,(anonymous_1)
FNDA:106,(anonymous_2)
FNDA:51,(anonymous_3)
FNDA:0,(anonymous_4)
FNDA:119,(anonymous_5)
FNDA:58,(anonymous_6)
DA:4,9
DA:8,9
DA:10,116
DA:28,9
DA:32,9
DA:35,9
DA:36,894
DA:37,894
DA:38,106
DA:39,788
DA:40,24
DA:41,764
DA:43,16
DA:45,748
DA:47,894
DA:50,9
DA:51,51
DA:52,51
DA:53,56
DA:54,56
DA:55,2
DA:57,4
DA:58,2
DA:59,2
DA:61,9
DA:65,0
DA:66,0
DA:70,2
DA:72,2
DA:73,1
DA:74,1
DA:77,1
DA:80,0
DA:81,0
DA:86,119
DA:87,54
DA:91,51
DA:95,9
DA:99,58
DA:100,58
DA:101,58
DA:102,163
DA:103,163
DA:104,58
DA:106,163
DA:108,58
DA:109,58
DA:112,58
LF:48
LH:44
BRDA:37,0,0,106
BRDA:37,0,1,788
BRDA:39,1,0,24
BRDA:39,1,1,764
BRDA:39,2,0,788
BRDA:39,2,1,24
BRDA:41,3,0,16
BRDA:41,3,1,748
BRDA:41,4,0,764
BRDA:41,4,1,60
BRDA:53,5,0,56
BRDA:53,5,1,0
BRDA:54,6,0,2
BRDA:54,6,1,54
BRDA:54,7,0,56
BRDA:54,7,1,2
BRDA:57,8,0,2
BRDA:57,8,1,2
BRDA:57,9,0,4
BRDA:57,9,1,2
BRDA:61,10,0,0
BRDA:61,10,1,9
BRDA:61,11,0,9
BRDA:61,11,1,7
BRDA:61,11,2,5
BRDA:61,11,3,4
BRDA:70,12,0,2
BRDA:70,12,1,0
BRDA:72,13,0,1
BRDA:72,13,1,1
BRDA:103,14,0,58
BRDA:103,14,1,105
BRDA:108,15,0,58
BRDA:108,15,1,0
BRF:34
BRH:30
end_of_record
TN:
SF:src\errors\adapter-error.js
FN:2,(anonymous_0)
FN:23,(anonymous_1)
FNF:2
FNH:1
FNDA:46,(anonymous_0)
FNDA:0,(anonymous_1)
DA:3,46
DA:4,46
DA:5,46
DA:6,46
DA:8,46
DA:9,30
DA:11,46
DA:12,46
DA:24,0
DA:25,0
DA:27,0
DA:28,0
LF:12
LH:8
BRDA:8,0,0,30
BRDA:8,0,1,16
BRDA:8,1,0,46
BRDA:8,1,1,46
BRF:4
BRH:4
end_of_record
TN:
SF:src\errors\adapter-warning.js
FN:16,(anonymous_0)
FNF:1
FNH:0
FNDA:0,(anonymous_0)
DA:17,0
DA:18,0
DA:19,0
DA:20,0
LF:4
LH:0
BRF:0
BRH:0
end_of_record
TN:
SF:src\errors\no-required-param-error.js
FN:2,(anonymous_0)
FNF:1
FNH:1
FNDA:1,(anonymous_0)
DA:3,1
DA:4,1
DA:5,1
DA:6,1
DA:7,1
DA:8,1
LF:6
LH:6
BRF:0
BRH:0
end_of_record
TN:
SF:src\errors\remote-error.js
FN:2,(anonymous_0)
FN:9,(anonymous_1)
FNF:2
FNH:0
FNDA:0,(anonymous_0)
FNDA:0,(anonymous_1)
DA:3,0
DA:4,0
DA:5,0
DA:6,0
DA:10,0
DA:11,0
DA:13,0
DA:14,0
LF:8
LH:0
BRF:0
BRH:0
end_of_record
TN:
SF:src\errors\warning-codes.js
FNF:0
FNH:0
DA:2,0
LF:1
LH:0
BRF:0
BRH:0
end_of_record
TN:
SF:src\errors\wrong-method-error.js
FN:2,(anonymous_0)
FNF:1
FNH:1
FNDA:1,(anonymous_0)
DA:3,1
DA:4,1
DA:5,1
DA:6,1
DA:7,1
LF:5
LH:5
BRF:0
BRH:0
end_of_record
TN:
SF:src\locales\locales.js
FNF:0
FNH:0
LF:0
LH:0
BRF:0
BRH:0
end_of_record
TN:
SF:src\transformers\alpheios-lexicon-transformer.js
FN:47,(anonymous_0)
FN:59,(anonymous_1)
FN:88,(anonymous_2)
FN:107,(anonymous_3)
FN:129,(anonymous_4)
FN:146,(anonymous_5)
FN:200,(anonymous_6)
FN:211,(anonymous_7)
FN:211,(anonymous_8)
FNF:9
FNH:9
FNDA:70,(anonymous_0)
FNDA:440,(anonymous_1)
FNDA:370,(anonymous_2)
FNDA:150,(anonymous_3)
FNDA:150,(anonymous_4)
FNDA:70,(anonymous_5)
FNDA:197,(anonymous_6)
FNDA:104,(anonymous_7)
FNDA:95,(anonymous_8)
DA:8,9
DA:24,9
DA:42,9
DA:48,70
DA:49,70
DA:50,70
DA:60,440
DA:68,440
DA:69,440
DA:70,440
DA:71,1530
DA:72,1522
DA:74,8
DA:75,8
DA:79,440
DA:89,370
DA:90,370
DA:91,215
DA:92,208
DA:94,7
DA:97,370
DA:108,150
DA:110,150
DA:111,4
DA:112,4
DA:113,4
DA:115,4
DA:116,0
DA:120,150
DA:130,150
DA:131,150
DA:132,6
DA:133,6
DA:135,150
DA:147,70
DA:148,70
DA:150,70
DA:151,70
DA:153,70
DA:155,70
DA:156,150
DA:157,150
DA:159,150
DA:161,150
DA:162,150
DA:163,150
DA:164,0
DA:165,0
DA:168,150
DA:169,150
DA:170,4
DA:173,150
DA:174,150
DA:176,150
DA:177,155
DA:178,155
DA:182,155
DA:183,155
DA:184,6
DA:185,6
DA:187,149
DA:188,149
DA:190,149
DA:191,149
DA:192,1937
DA:195,149
DA:196,149
DA:197,149
DA:198,134
DA:200,197
DA:203,149
DA:204,10
DA:205,8
DA:206,8
DA:211,139
DA:212,95
DA:215,139
DA:217,149
DA:219,149
DA:220,149
DA:223,150
DA:224,6
DA:227,144
DA:228,144
DA:229,335
DA:230,335
DA:231,335
DA:232,335
DA:233,335
DA:234,335
DA:236,335
DA:237,335
DA:239,1
DA:240,1
DA:242,334
DA:243,334
DA:246,334
DA:247,5010
DA:248,5010
DA:249,5006
DA:256,334
DA:257,334
DA:258,334
DA:259,334
DA:266,334
DA:279,326
DA:282,334
DA:283,345
DA:284,20
DA:287,345
DA:289,148
DA:292,345
DA:294,306
DA:298,144
DA:299,144
DA:301,70
DA:302,66
DA:304,4
LF:118
LH:115
BRDA:68,0,0,440
BRDA:68,0,1,0
BRDA:71,1,0,1522
BRDA:71,1,1,8
BRDA:88,2,0,220
BRDA:90,3,0,215
BRDA:90,3,1,155
BRDA:91,4,0,208
BRDA:91,4,1,7
BRDA:110,5,0,4
BRDA:110,5,1,146
BRDA:110,6,0,150
BRDA:110,6,1,146
BRDA:110,6,2,141
BRDA:110,6,3,141
BRDA:110,6,4,4
BRDA:111,7,0,0
BRDA:111,7,1,4
BRDA:112,8,0,2
BRDA:112,8,1,2
BRDA:113,9,0,1
BRDA:113,9,1,3
BRDA:115,10,0,0
BRDA:115,10,1,4
BRDA:130,11,0,150
BRDA:130,11,1,0
BRDA:131,12,0,6
BRDA:131,12,1,144
BRDA:131,13,0,150
BRDA:131,13,1,6
BRDA:135,14,0,150
BRDA:135,14,1,0
BRDA:157,15,0,150
BRDA:157,15,1,0
BRDA:161,16,0,150
BRDA:161,16,1,0
BRDA:163,17,0,0
BRDA:163,17,1,150
BRDA:169,18,0,4
BRDA:169,18,1,146
BRDA:182,19,0,149
BRDA:182,19,1,6
BRDA:182,20,0,155
BRDA:182,20,1,155
BRDA:183,21,0,6
BRDA:183,21,1,149
BRDA:197,22,0,134
BRDA:197,22,1,15
BRDA:203,23,0,10
BRDA:203,23,1,139
BRDA:204,24,0,8
BRDA:204,24,1,2
BRDA:204,25,0,10
BRDA:204,25,1,10
BRDA:204,25,2,8
BRDA:223,26,0,6
BRDA:223,26,1,144
BRDA:229,27,0,331
BRDA:229,27,1,4
BRDA:229,28,0,335
BRDA:229,28,1,335
BRDA:230,29,0,3
BRDA:230,29,1,332
BRDA:230,30,0,335
BRDA:230,30,1,335
BRDA:231,31,0,290
BRDA:231,31,1,45
BRDA:231,32,0,335
BRDA:231,32,1,335
BRDA:232,33,0,6
BRDA:232,33,1,329
BRDA:232,34,0,335
BRDA:232,34,1,335
BRDA:233,35,0,21
BRDA:233,35,1,314
BRDA:234,36,0,335
BRDA:234,36,1,5
BRDA:242,37,0,334
BRDA:242,37,1,0
BRDA:266,38,0,326
BRDA:266,38,1,8
BRDA:266,39,0,334
BRDA:266,39,1,116
BRDA:266,39,2,36
BRDA:266,39,3,36
BRDA:266,39,4,36
BRDA:266,39,5,30
BRDA:266,39,6,30
BRDA:266,39,7,29
BRDA:266,39,8,29
BRDA:266,39,9,29
BRDA:266,39,10,8
BRDA:266,39,11,8
BRDA:266,39,12,8
BRDA:283,40,0,20
BRDA:283,40,1,325
BRDA:287,41,0,148
BRDA:287,41,1,197
BRDA:287,42,0,345
BRDA:287,42,1,178
BRDA:287,42,2,174
BRDA:292,43,0,306
BRDA:292,43,1,39
BRDA:292,44,0,345
BRDA:292,44,1,311
BRDA:292,44,2,307
BRDA:301,45,0,66
BRDA:301,45,1,4
BRF:108
BRH:99
end_of_record
TN:
SF:src\transformers\import-morph-data.js
FN:16,(anonymous_0)
FN:27,(anonymous_1)
FN:33,(anonymous_2)
FN:40,(anonymous_3)
FN:43,(anonymous_4)
FN:50,(anonymous_5)
FN:53,(anonymous_6)
FN:63,(anonymous_7)
FN:86,(anonymous_8)
FN:90,add
FN:95,get
FN:127,get
FN:161,(anonymous_12)
FN:169,(anonymous_13)
FN:173,(anonymous_14)
FN:180,(anonymous_15)
FN:187,(anonymous_16)
FN:200,(anonymous_17)
FN:215,(anonymous_18)
FN:233,(anonymous_19)
FN:254,(anonymous_20)
FN:269,(anonymous_21)
FN:273,(anonymous_22)
FNF:23
FNH:21
FNDA:53,(anonymous_0)
FNDA:93,(anonymous_1)
FNDA:216,(anonymous_2)
FNDA:93,(anonymous_3)
FNDA:68,(anonymous_4)
FNDA:76,(anonymous_5)
FNDA:0,(anonymous_6)
FNDA:142,(anonymous_7)
FNDA:1063,(anonymous_8)
FNDA:0,add
FNDA:4,get
FNDA:2476,get
FNDA:9,(anonymous_12)
FNDA:9,(anonymous_13)
FNDA:8,(anonymous_14)
FNDA:29,(anonymous_15)
FNDA:16,(anonymous_16)
FNDA:7421,(anonymous_17)
FNDA:2544,(anonymous_18)
FNDA:334,(anonymous_19)
FNDA:4,(anonymous_20)
FNDA:5343,(anonymous_21)
FNDA:130,(anonymous_22)
DA:18,53
DA:19,53
DA:22,53
DA:23,1027
DA:27,53
DA:28,93
DA:29,93
DA:32,93
DA:33,216
DA:34,90
DA:37,93
DA:40,93
DA:43,53
DA:44,68
DA:45,68
DA:50,53
DA:51,76
DA:52,76
DA:53,0
DA:54,76
DA:55,0
DA:57,76
DA:59,76
DA:63,53
DA:64,142
DA:78,53
DA:87,1063
DA:88,1063
DA:90,1063
DA:91,0
DA:92,0
DA:95,1063
DA:96,4
DA:97,4
DA:100,3
DA:102,1
DA:104,2
DA:105,2
DA:106,1
DA:108,1
DA:112,1
DA:113,1
DA:114,1
DA:116,0
DA:119,3
DA:127,1063
DA:128,2476
DA:129,2476
DA:130,2544
DA:131,15
DA:132,15
DA:134,15
DA:136,0
DA:138,2529
DA:140,2434
DA:142,95
DA:143,95
DA:144,95
DA:146,0
DA:150,2476
DA:153,1063
DA:155,1063
DA:162,9
DA:170,9
DA:174,8
DA:181,29
DA:188,16
DA:201,7421
DA:202,7421
DA:203,2500
DA:204,2500
DA:206,12
DA:207,61
DA:210,2488
DA:213,2500
DA:215,2544
DA:216,2476
DA:217,2472
DA:234,334
DA:236,334
DA:237,4
DA:238,4
DA:240,0
DA:241,0
DA:242,0
DA:244,0
DA:245,0
DA:248,4
DA:249,4
DA:252,4
DA:254,4
DA:255,4
DA:256,4
DA:270,5343
DA:271,484
DA:272,358
DA:273,130
DA:274,38
DA:276,239
DA:277,4
LF:100
LH:88
BRDA:32,0,0,90
BRDA:32,0,1,3
BRDA:44,1,0,4
BRDA:44,1,1,64
BRDA:52,2,0,0
BRDA:52,2,1,76
BRDA:54,3,0,0
BRDA:54,3,1,76
BRDA:54,4,0,76
BRDA:54,4,1,0
BRDA:95,5,0,3
BRDA:95,6,0,3
BRDA:97,7,0,3
BRDA:97,7,1,1
BRDA:100,8,0,1
BRDA:100,8,1,2
BRDA:100,9,0,3
BRDA:100,9,1,2
BRDA:105,10,0,1
BRDA:105,10,1,1
BRDA:113,11,0,1
BRDA:113,11,1,0
BRDA:127,12,0,0
BRDA:130,13,0,15
BRDA:130,13,1,2529
BRDA:132,14,0,15
BRDA:132,14,1,0
BRDA:138,15,0,2434
BRDA:138,15,1,95
BRDA:138,16,0,2529
BRDA:138,16,1,608
BRDA:143,17,0,95
BRDA:143,17,1,0
BRDA:202,18,0,2500
BRDA:202,18,1,4921
BRDA:202,19,0,7421
BRDA:202,19,1,2506
BRDA:202,19,2,2494
BRDA:204,20,0,12
BRDA:204,20,1,2488
BRDA:213,21,0,2476
BRDA:213,21,1,24
BRDA:215,22,0,691
BRDA:215,22,1,1853
BRDA:236,23,0,4
BRDA:236,23,1,330
BRDA:236,24,0,334
BRDA:236,24,1,4
BRDA:236,24,2,4
BRDA:238,25,0,0
BRDA:238,25,1,4
BRDA:241,26,0,0
BRDA:241,26,1,0
BRDA:241,27,0,0
BRDA:241,27,1,0
BRDA:252,28,0,4
BRDA:252,28,1,0
BRDA:254,29,0,0
BRDA:254,29,1,4
BRDA:270,30,0,484
BRDA:270,30,1,4859
BRDA:272,31,0,119
BRDA:272,31,1,239
BRDA:276,32,0,4
BRDA:276,32,1,235
BRF:65
BRH:51
end_of_record
