<?xml version="1.0" encoding="UTF-8"?>
<coverage generated="1755676590612" clover="3.2.0">
  <project timestamp="1755676590613" name="All files">
    <metrics statements="9" coveredstatements="8" conditionals="2" coveredconditionals="2" methods="3" coveredmethods="2" elements="14" coveredelements="12" complexity="0" loc="9" ncloc="9" packages="1" files="2" classes="2"/>
    <file name="index.js" path="F:\_Alpheios\____service_workes\_workspaces-core\v1\packages\language-detect\src\index.js">
      <metrics statements="0" coveredstatements="0" conditionals="0" coveredconditionals="0" methods="0" coveredmethods="0"/>
    </file>
    <file name="language-detect.js" path="F:\_Alpheios\____service_workes\_workspaces-core\v1\packages\language-detect\src\language-detect.js">
      <metrics statements="9" coveredstatements="8" conditionals="2" coveredconditionals="2" methods="3" coveredmethods="2"/>
      <line num="4" count="74" type="stmt"/>
      <line num="44" count="0" type="stmt"/>
      <line num="50" count="8" type="stmt"/>
      <line num="51" count="36" type="stmt"/>
      <line num="52" count="36" type="stmt"/>
      <line num="54" count="36" type="cond" truecount="2" falsecount="0"/>
      <line num="55" count="6" type="stmt"/>
      <line num="56" count="6" type="stmt"/>
      <line num="59" count="8" type="stmt"/>
    </file>
  </project>
</coverage>
