{"F:\\_Alpheios\\____service_workes\\_workspaces-core\\v1\\packages\\language-detect\\src\\index.js": {"path":"F:\\_Alpheios\\____service_workes\\_workspaces-core\\v1\\packages\\language-detect\\src\\index.js","statementMap":{},"fnMap":{},"branchMap":{},"s":{},"f":{},"b":{}}
,"F:\\_Alpheios\\____service_workes\\_workspaces-core\\v1\\packages\\language-detect\\src\\language-detect.js": {"path":"F:\\_Alpheios\\____service_workes\\_workspaces-core\\v1\\packages\\language-detect\\src\\language-detect.js","statementMap":{"0":{"start":{"line":4,"column":4},"end":{"line":40,"column":5}},"1":{"start":{"line":44,"column":4},"end":{"line":44,"column":16}},"2":{"start":{"line":50,"column":4},"end":{"line":58,"column":5}},"3":{"start":{"line":50,"column":17},"end":{"line":50,"column":18}},"4":{"start":{"line":51,"column":23},"end":{"line":51,"column":36}},"5":{"start":{"line":52,"column":24},"end":{"line":52,"column":62}},"6":{"start":{"line":54,"column":6},"end":{"line":57,"column":7}},"7":{"start":{"line":55,"column":8},"end":{"line":55,"column":35}},"8":{"start":{"line":56,"column":8},"end":{"line":56,"column":13}},"9":{"start":{"line":59,"column":4},"end":{"line":59,"column":18}}},"fnMap":{"0":{"name":"(anonymous_0)","decl":{"start":{"line":3,"column":2},"end":{"line":3,"column":3}},"loc":{"start":{"line":3,"column":22},"end":{"line":41,"column":3}},"line":3},"1":{"name":"(anonymous_1)","decl":{"start":{"line":43,"column":2},"end":{"line":43,"column":3}},"loc":{"start":{"line":43,"column":32},"end":{"line":45,"column":3}},"line":43},"2":{"name":"(anonymous_2)","decl":{"start":{"line":47,"column":2},"end":{"line":47,"column":3}},"loc":{"start":{"line":47,"column":23},"end":{"line":60,"column":3}},"line":47}},"branchMap":{"0":{"loc":{"start":{"line":54,"column":6},"end":{"line":57,"column":7}},"type":"if","locations":[{"start":{"line":54,"column":6},"end":{"line":57,"column":7}},{"start":{},"end":{}}],"line":54}},"s":{"0":74,"1":0,"2":8,"3":8,"4":36,"5":36,"6":36,"7":6,"8":6,"9":8},"f":{"0":74,"1":0,"2":8},"b":{"0":[6,30]},"_coverageSchema":"1a1c01bbd47fc00a2c39e90264f33305004495a9","hash":"e3800db092698f936127e382049b10d6a8976113"}
}
