<?xml version="1.0" encoding="UTF-8"?>
<coverage generated="1755676572826" clover="3.2.0">
  <project timestamp="1755676572826" name="All files">
    <metrics statements="2689" coveredstatements="2283" conditionals="1252" coveredconditionals="941" methods="697" coveredmethods="558" elements="4638" coveredelements="3782" complexity="0" loc="2689" ncloc="2689" packages="42" files="122" classes="122"/>
    <package name="src">
      <metrics statements="0" coveredstatements="0" conditionals="0" coveredconditionals="0" methods="0" coveredmethods="0"/>
      <file name="index.js" path="F:\_Alpheios\____service_workes\_workspaces-core\v1\packages\inflection-tables\src\index.js">
        <metrics statements="0" coveredstatements="0" conditionals="0" coveredconditionals="0" methods="0" coveredmethods="0"/>
      </file>
    </package>
    <package name="src.lib">
      <metrics statements="453" coveredstatements="376" conditionals="262" coveredconditionals="210" methods="95" coveredmethods="79"/>
      <file name="comparison-feature.js" path="F:\_Alpheios\____service_workes\_workspaces-core\v1\packages\inflection-tables\src\lib\comparison-feature.js">
        <metrics statements="2" coveredstatements="0" conditionals="1" coveredconditionals="0" methods="1" coveredmethods="0"/>
        <line num="5" count="0" type="stmt"/>
        <line num="6" count="0" type="stmt"/>
      </file>
      <file name="extended-greek-data.js" path="F:\_Alpheios\____service_workes\_workspaces-core\v1\packages\inflection-tables\src\lib\extended-greek-data.js">
        <metrics statements="11" coveredstatements="11" conditionals="2" coveredconditionals="1" methods="3" coveredmethods="3"/>
        <line num="6" count="32939" type="stmt"/>
        <line num="7" count="32939" type="stmt"/>
        <line num="8" count="32939" type="stmt"/>
        <line num="12" count="2" type="stmt"/>
        <line num="13" count="2" type="stmt"/>
        <line num="14" count="2" type="stmt"/>
        <line num="18" count="2" type="cond" truecount="1" falsecount="1"/>
        <line num="19" count="2" type="stmt"/>
        <line num="21" count="2" type="stmt"/>
        <line num="22" count="2" type="stmt"/>
        <line num="23" count="2" type="stmt"/>
      </file>
      <file name="extended-language-data.js" path="F:\_Alpheios\____service_workes\_workspaces-core\v1\packages\inflection-tables\src\lib\extended-language-data.js">
        <metrics statements="2" coveredstatements="2" conditionals="0" coveredconditionals="0" methods="2" coveredmethods="2"/>
        <line num="3" count="32939" type="stmt"/>
        <line num="7" count="32939" type="stmt"/>
      </file>
      <file name="footnote.js" path="F:\_Alpheios\____service_workes\_workspaces-core\v1\packages\inflection-tables\src\lib\footnote.js">
        <metrics statements="7" coveredstatements="7" conditionals="0" coveredconditionals="0" methods="2" coveredmethods="2"/>
        <line num="5" count="1973" type="stmt"/>
        <line num="6" count="1973" type="stmt"/>
        <line num="7" count="1973" type="stmt"/>
        <line num="11" count="1" type="stmt"/>
        <line num="12" count="1" type="stmt"/>
        <line num="13" count="1" type="stmt"/>
        <line num="14" count="1" type="stmt"/>
      </file>
      <file name="form.js" path="F:\_Alpheios\____service_workes\_workspaces-core\v1\packages\inflection-tables\src\lib\form.js">
        <metrics statements="0" coveredstatements="0" conditionals="0" coveredconditionals="0" methods="0" coveredmethods="0"/>
      </file>
      <file name="inflection-data.js" path="F:\_Alpheios\____service_workes\_workspaces-core\v1\packages\inflection-tables\src\lib\inflection-data.js">
        <metrics statements="19" coveredstatements="18" conditionals="14" coveredconditionals="11" methods="8" coveredmethods="8"/>
        <line num="13" count="14" type="stmt"/>
        <line num="14" count="14" type="stmt"/>
        <line num="18" count="13" type="stmt"/>
        <line num="22" count="2" type="cond" truecount="3" falsecount="1"/>
        <line num="23" count="2" type="stmt"/>
        <line num="28" count="1" type="cond" truecount="1" falsecount="1"/>
        <line num="29" count="1" type="stmt"/>
        <line num="34" count="2" type="stmt"/>
        <line num="42" count="1" type="stmt"/>
        <line num="52" count="2" type="cond" truecount="2" falsecount="0"/>
        <line num="53" count="1" type="stmt"/>
        <line num="54" count="1" type="cond" truecount="1" falsecount="1"/>
        <line num="55" count="0" type="stmt"/>
        <line num="58" count="2" type="stmt"/>
        <line num="68" count="3" type="cond" truecount="2" falsecount="0"/>
        <line num="69" count="2" type="stmt"/>
        <line num="70" count="2" type="cond" truecount="2" falsecount="0"/>
        <line num="71" count="1" type="stmt"/>
        <line num="74" count="2" type="stmt"/>
      </file>
      <file name="inflection-list.js" path="F:\_Alpheios\____service_workes\_workspaces-core\v1\packages\inflection-tables\src\lib\inflection-list.js">
        <metrics statements="28" coveredstatements="27" conditionals="12" coveredconditionals="11" methods="11" coveredmethods="9"/>
        <line num="5" count="1871" type="stmt"/>
        <line num="6" count="1871" type="stmt"/>
        <line num="7" count="1871" type="stmt"/>
        <line num="8" count="1871" type="stmt"/>
        <line num="16" count="2" type="cond" truecount="2" falsecount="0"/>
        <line num="17" count="1" type="stmt"/>
        <line num="19" count="1" type="stmt"/>
        <line num="20" count="1" type="stmt"/>
        <line num="28" count="47756" type="cond" truecount="2" falsecount="0"/>
        <line num="29" count="1" type="stmt"/>
        <line num="31" count="47755" type="cond" truecount="2" falsecount="0"/>
        <line num="32" count="1" type="stmt"/>
        <line num="34" count="47754" type="cond" truecount="2" falsecount="0"/>
        <line num="35" count="1" type="stmt"/>
        <line num="38" count="47753" type="stmt"/>
        <line num="39" count="664010" type="cond" truecount="1" falsecount="1"/>
        <line num="40" count="664010" type="stmt"/>
        <line num="41" count="664010" type="stmt"/>
        <line num="52" count="18902" type="stmt"/>
        <line num="62" count="664010" type="stmt"/>
        <line num="72" count="0" type="stmt"/>
        <line num="83" count="2" type="stmt"/>
        <line num="91" count="1650" type="stmt"/>
        <line num="93" count="1650" type="stmt"/>
        <line num="94" count="616358" type="cond" truecount="2" falsecount="0"/>
        <line num="96" count="129576" type="stmt"/>
        <line num="97" count="160732" type="stmt"/>
        <line num="101" count="62953" type="stmt"/>
      </file>
      <file name="inflection-set.js" path="F:\_Alpheios\____service_workes\_workspaces-core\v1\packages\inflection-tables\src\lib\inflection-set.js">
        <metrics statements="22" coveredstatements="17" conditionals="12" coveredconditionals="7" methods="9" coveredmethods="8"/>
        <line num="10" count="4054" type="stmt"/>
        <line num="11" count="4054" type="stmt"/>
        <line num="14" count="4054" type="stmt"/>
        <line num="15" count="4054" type="stmt"/>
        <line num="18" count="4054" type="stmt"/>
        <line num="26" count="1321" type="stmt"/>
        <line num="34" count="1280" type="stmt"/>
        <line num="44" count="950" type="cond" truecount="2" falsecount="0"/>
        <line num="55" count="429" type="cond" truecount="1" falsecount="1"/>
        <line num="63" count="46033" type="stmt"/>
        <line num="72" count="47750" type="stmt"/>
        <line num="74" count="47750" type="cond" truecount="2" falsecount="0"/>
        <line num="75" count="1750" type="stmt"/>
        <line num="78" count="47750" type="stmt"/>
        <line num="88" count="0" type="cond" truecount="0" falsecount="4"/>
        <line num="89" count="0" type="stmt"/>
        <line num="90" count="0" type="stmt"/>
        <line num="91" count="0" type="stmt"/>
        <line num="94" count="0" type="stmt"/>
        <line num="106" count="18901" type="cond" truecount="2" falsecount="0"/>
        <line num="107" count="111" type="stmt"/>
        <line num="109" count="18901" type="stmt"/>
      </file>
      <file name="language-dataset-factory.js" path="F:\_Alpheios\____service_workes\_workspaces-core\v1\packages\inflection-tables\src\lib\language-dataset-factory.js">
        <metrics statements="22" coveredstatements="22" conditionals="13" coveredconditionals="13" methods="6" coveredmethods="6"/>
        <line num="18" count="19" type="stmt"/>
        <line num="19" count="19" type="stmt"/>
        <line num="20" count="57" type="cond" truecount="2" falsecount="0"/>
        <line num="21" count="38" type="stmt"/>
        <line num="23" count="57" type="stmt"/>
        <line num="32" count="15966" type="cond" truecount="2" falsecount="0"/>
        <line num="33" count="18" type="stmt"/>
        <line num="35" count="15966" type="stmt"/>
        <line num="44" count="15964" type="stmt"/>
        <line num="45" count="15964" type="stmt"/>
        <line num="47" count="15964" type="cond" truecount="2" falsecount="0"/>
        <line num="48" count="15946" type="stmt"/>
        <line num="49" count="15946" type="stmt"/>
        <line num="50" count="27384" type="cond" truecount="2" falsecount="0"/>
        <line num="51" count="37" type="stmt"/>
        <line num="54" count="15946" type="stmt"/>
        <line num="59" count="15039" type="stmt"/>
        <line num="60" count="15039" type="cond" truecount="2" falsecount="0"/>
        <line num="61" count="18" type="stmt"/>
        <line num="63" count="15021" type="cond" truecount="2" falsecount="0"/>
        <line num="64" count="10083" type="stmt"/>
        <line num="66" count="9219" type="stmt"/>
      </file>
      <file name="language-dataset.js" path="F:\_Alpheios\____service_workes\_workspaces-core\v1\packages\inflection-tables\src\lib\language-dataset.js">
        <metrics statements="189" coveredstatements="175" conditionals="135" coveredconditionals="124" methods="29" coveredmethods="27"/>
        <line num="20" count="97" type="cond" truecount="2" falsecount="0"/>
        <line num="22" count="1" type="stmt"/>
        <line num="25" count="96" type="stmt"/>
        <line num="26" count="96" type="stmt"/>
        <line num="27" count="96" type="stmt"/>
        <line num="28" count="96" type="stmt"/>
        <line num="29" count="96" type="stmt"/>
        <line num="30" count="96" type="stmt"/>
        <line num="39" count="1659" type="stmt"/>
        <line num="55" count="46030" type="stmt"/>
        <line num="56" count="46030" type="stmt"/>
        <line num="59" count="46030" type="stmt"/>
        <line num="64" count="306970" type="cond" truecount="2" falsecount="0"/>
        <line num="65" count="11482" type="cond" truecount="2" falsecount="0"/>
        <line num="66" count="11482" type="stmt"/>
        <line num="67" count="11482" type="stmt"/>
        <line num="69" count="295488" type="stmt"/>
        <line num="73" count="46030" type="cond" truecount="2" falsecount="0"/>
        <line num="74" count="30" type="stmt"/>
        <line num="77" count="46030" type="stmt"/>
        <line num="89" count="1975" type="cond" truecount="2" falsecount="0"/>
        <line num="90" count="3" type="stmt"/>
        <line num="93" count="1972" type="cond" truecount="2" falsecount="0"/>
        <line num="94" count="1" type="stmt"/>
        <line num="97" count="1971" type="stmt"/>
        <line num="101" count="1971" type="cond" truecount="2" falsecount="0"/>
        <line num="102" count="98" type="stmt"/>
        <line num="104" count="1971" type="stmt"/>
        <line num="105" count="1971" type="stmt"/>
        <line num="118" count="2013970" type="stmt"/>
        <line num="131" count="1236178" type="stmt"/>
        <line num="135" count="1167329" type="stmt"/>
        <line num="152" count="4417479" type="stmt"/>
        <line num="153" count="4417479" type="stmt"/>
        <line num="154" count="15691053" type="cond" truecount="5" falsecount="0"/>
        <line num="155" count="5772908" type="stmt"/>
        <line num="156" count="9918145" type="cond" truecount="4" falsecount="0"/>
        <line num="161" count="2292036" type="cond" truecount="4" falsecount="0"/>
        <line num="162" count="2290308" type="stmt"/>
        <line num="165" count="15691053" type="stmt"/>
        <line num="171" count="4417479" type="cond" truecount="2" falsecount="0"/>
        <line num="172" count="4417479" type="stmt"/>
        <line num="176" count="953" type="stmt"/>
        <line num="177" count="953" type="cond" truecount="4" falsecount="0"/>
        <line num="178" count="521" type="cond" truecount="1" falsecount="1"/>
        <line num="179" count="0" type="stmt"/>
        <line num="183" count="953" type="stmt"/>
        <line num="184" count="953" type="cond" truecount="2" falsecount="0"/>
        <line num="185" count="939" type="stmt"/>
        <line num="186" count="939" type="stmt"/>
        <line num="187" count="939" type="stmt"/>
        <line num="192" count="953" type="cond" truecount="2" falsecount="0"/>
        <line num="201" count="25" type="stmt"/>
        <line num="203" count="25" type="cond" truecount="2" falsecount="0"/>
        <line num="204" count="4" type="stmt"/>
        <line num="208" count="21" type="stmt"/>
        <line num="215" count="953" type="stmt"/>
        <line num="216" count="953" type="cond" truecount="2" falsecount="0"/>
        <line num="218" count="221" type="stmt"/>
        <line num="239" count="1272" type="stmt"/>
        <line num="240" count="1272" type="cond" truecount="2" falsecount="0"/>
        <line num="241" count="1" type="stmt"/>
        <line num="244" count="1271" type="cond" truecount="2" falsecount="0"/>
        <line num="245" count="1" type="stmt"/>
        <line num="247" count="1270" type="stmt"/>
        <line num="249" count="1270" type="cond" truecount="2" falsecount="0"/>
        <line num="251" count="317" type="stmt"/>
        <line num="252" count="317" type="stmt"/>
        <line num="255" count="953" type="stmt"/>
        <line num="256" count="953" type="stmt"/>
        <line num="259" count="953" type="stmt"/>
        <line num="260" count="953" type="stmt"/>
        <line num="261" count="953" type="stmt"/>
        <line num="263" count="953" type="cond" truecount="4" falsecount="0"/>
        <line num="271" count="418" type="cond" truecount="4" falsecount="0"/>
        <line num="279" count="275" type="stmt"/>
        <line num="281" count="275" type="stmt"/>
        <line num="282" count="275" type="cond" truecount="2" falsecount="0"/>
        <line num="286" count="5" type="stmt"/>
        <line num="294" count="418" type="cond" truecount="4" falsecount="0"/>
        <line num="296" count="148" type="stmt"/>
        <line num="299" count="953" type="stmt"/>
        <line num="313" count="6" type="stmt"/>
        <line num="314" count="6" type="stmt"/>
        <line num="315" count="6" type="stmt"/>
        <line num="316" count="28" type="stmt"/>
        <line num="317" count="28" type="stmt"/>
        <line num="318" count="28" type="cond" truecount="2" falsecount="0"/>
        <line num="319" count="28" type="stmt"/>
        <line num="322" count="6" type="stmt"/>
        <line num="335" count="0" type="stmt"/>
        <line num="336" count="0" type="stmt"/>
        <line num="337" count="0" type="stmt"/>
        <line num="338" count="0" type="stmt"/>
        <line num="339" count="0" type="cond" truecount="0" falsecount="2"/>
        <line num="340" count="0" type="stmt"/>
        <line num="344" count="0" type="cond" truecount="0" falsecount="2"/>
        <line num="345" count="0" type="stmt"/>
        <line num="347" count="0" type="stmt"/>
        <line num="350" count="0" type="stmt"/>
        <line num="361" count="2326" type="stmt"/>
        <line num="363" count="2326" type="stmt"/>
        <line num="364" count="2326" type="stmt"/>
        <line num="366" count="2326" type="cond" truecount="2" falsecount="0"/>
        <line num="367" count="854" type="stmt"/>
        <line num="368" count="854" type="cond" truecount="1" falsecount="1"/>
        <line num="370" count="0" type="stmt"/>
        <line num="371" count="0" type="stmt"/>
        <line num="381" count="944" type="stmt"/>
        <line num="382" count="1744" type="stmt"/>
        <line num="385" count="854" type="cond" truecount="2" falsecount="0"/>
        <line num="386" count="799" type="cond" truecount="2" falsecount="0"/>
        <line num="387" count="794" type="stmt"/>
        <line num="388" count="794" type="cond" truecount="1" falsecount="1"/>
        <line num="389" count="794" type="stmt"/>
        <line num="395" count="854" type="cond" truecount="2" falsecount="0"/>
        <line num="397" count="663" type="stmt"/>
        <line num="398" count="426" type="stmt"/>
        <line num="399" count="426" type="cond" truecount="1" falsecount="1"/>
        <line num="400" count="426" type="stmt"/>
        <line num="404" count="854" type="stmt"/>
        <line num="406" count="2326" type="stmt"/>
        <line num="411" count="1319" type="cond" truecount="2" falsecount="0"/>
        <line num="412" count="1278" type="stmt"/>
        <line num="413" count="1278" type="stmt"/>
        <line num="414" count="1649" type="stmt"/>
        <line num="415" count="1649" type="stmt"/>
        <line num="416" count="1649" type="stmt"/>
        <line num="417" count="24121" type="cond" truecount="2" falsecount="0"/>
        <line num="418" count="16928" type="stmt"/>
        <line num="432" count="6" type="stmt"/>
        <line num="433" count="6" type="stmt"/>
        <line num="436" count="6" type="stmt"/>
        <line num="437" count="7" type="stmt"/>
        <line num="438" count="7" type="stmt"/>
        <line num="440" count="6" type="stmt"/>
        <line num="444" count="276" type="cond" truecount="1" falsecount="1"/>
        <line num="445" count="276" type="stmt"/>
        <line num="447" count="276" type="cond" truecount="2" falsecount="0"/>
        <line num="448" count="79237" type="stmt"/>
        <line num="451" count="1" type="stmt"/>
        <line num="455" count="1220" type="stmt"/>
        <line num="457" count="1102464" type="stmt"/>
        <line num="458" count="1102464" type="cond" truecount="2" falsecount="0"/>
        <line num="459" count="615900" type="stmt"/>
        <line num="461" count="1102464" type="stmt"/>
        <line num="463" count="1220" type="stmt"/>
        <line num="477" count="1181704" type="cond" truecount="2" falsecount="0"/>
        <line num="478" count="916729" type="stmt"/>
        <line num="480" count="1181704" type="cond" truecount="2" falsecount="0"/>
        <line num="482" count="995852" type="stmt"/>
        <line num="485" count="1181704" type="stmt"/>
        <line num="493" count="1181704" type="stmt"/>
        <line num="495" count="2013969" type="stmt"/>
        <line num="496" count="2013969" type="cond" truecount="2" falsecount="0"/>
        <line num="497" count="1934732" type="stmt"/>
        <line num="500" count="2013969" type="stmt"/>
        <line num="501" count="2013969" type="cond" truecount="2" falsecount="0"/>
        <line num="502" count="1236177" type="stmt"/>
        <line num="506" count="777792" type="stmt"/>
        <line num="513" count="1236177" type="stmt"/>
        <line num="514" count="1236177" type="stmt"/>
        <line num="516" count="1236177" type="cond" truecount="2" falsecount="0"/>
        <line num="517" count="1167329" type="stmt"/>
        <line num="518" count="1167329" type="stmt"/>
        <line num="520" count="68848" type="stmt"/>
        <line num="523" count="1236177" type="cond" truecount="5" falsecount="0"/>
        <line num="525" count="2529" type="stmt"/>
        <line num="528" count="2529" type="cond" truecount="1" falsecount="1"/>
        <line num="529" count="2529" type="stmt"/>
        <line num="531" count="2529" type="stmt"/>
        <line num="533" count="1233648" type="stmt"/>
        <line num="536" count="1179175" type="cond" truecount="2" falsecount="0"/>
        <line num="538" count="613643" type="cond" truecount="2" falsecount="0"/>
        <line num="539" count="613373" type="stmt"/>
        <line num="541" count="613643" type="stmt"/>
        <line num="543" count="565532" type="stmt"/>
        <line num="554" count="1233654" type="cond" truecount="4" falsecount="0"/>
        <line num="555" count="614847" type="stmt"/>
        <line num="558" count="618807" type="cond" truecount="4" falsecount="0"/>
        <line num="559" count="1" type="stmt"/>
        <line num="563" count="618806" type="cond" truecount="2" falsecount="0"/>
        <line num="564" count="2334" type="cond" truecount="2" falsecount="0"/>
        <line num="565" count="2286" type="stmt"/>
        <line num="567" count="48" type="stmt"/>
        <line num="572" count="616472" type="cond" truecount="2" falsecount="0"/>
        <line num="574" count="515290" type="stmt"/>
        <line num="576" count="101182" type="stmt"/>
        <line num="586" count="0" type="stmt"/>
      </file>
      <file name="load-data.js" path="F:\_Alpheios\____service_workes\_workspaces-core\v1\packages\inflection-tables\src\lib\load-data.js">
        <metrics statements="7" coveredstatements="0" conditionals="0" coveredconditionals="0" methods="4" coveredmethods="0"/>
        <line num="8" count="0" type="stmt"/>
        <line num="9" count="0" type="stmt"/>
        <line num="10" count="0" type="stmt"/>
        <line num="11" count="0" type="stmt"/>
        <line num="12" count="0" type="stmt"/>
        <line num="13" count="0" type="stmt"/>
        <line num="14" count="0" type="stmt"/>
      </file>
      <file name="match-data.js" path="F:\_Alpheios\____service_workes\_workspaces-core\v1\packages\inflection-tables\src\lib\match-data.js">
        <metrics statements="12" coveredstatements="10" conditionals="0" coveredconditionals="0" methods="3" coveredmethods="2"/>
        <line num="6" count="2013970" type="stmt"/>
        <line num="7" count="2013970" type="stmt"/>
        <line num="8" count="2013970" type="stmt"/>
        <line num="9" count="2013970" type="stmt"/>
        <line num="10" count="2013970" type="stmt"/>
        <line num="14" count="1" type="stmt"/>
        <line num="15" count="1" type="stmt"/>
        <line num="16" count="1" type="stmt"/>
        <line num="17" count="1" type="stmt"/>
        <line num="18" count="0" type="stmt"/>
        <line num="20" count="1" type="stmt"/>
        <line num="24" count="0" type="stmt"/>
      </file>
      <file name="morpheme.js" path="F:\_Alpheios\____service_workes\_workspaces-core\v1\packages\inflection-tables\src\lib\morpheme.js">
        <metrics statements="132" coveredstatements="87" conditionals="73" coveredconditionals="43" methods="17" coveredmethods="12"/>
        <line num="19" count="46056" type="cond" truecount="2" falsecount="0"/>
        <line num="20" count="1" type="stmt"/>
        <line num="22" count="46055" type="stmt"/>
        <line num="23" count="46055" type="stmt"/>
        <line num="24" count="46055" type="stmt"/>
        <line num="25" count="46055" type="stmt"/>
        <line num="33" count="46055" type="stmt"/>
        <line num="34" count="46055" type="stmt"/>
        <line num="39" count="46055" type="stmt"/>
        <line num="47" count="1253" type="stmt"/>
        <line num="51" count="44689142" type="stmt"/>
        <line num="69" count="0" type="stmt"/>
        <line num="73" count="8" type="stmt"/>
        <line num="75" count="8" type="cond" truecount="1" falsecount="1"/>
        <line num="76" count="8" type="stmt"/>
        <line num="77" count="13" type="cond" truecount="1" falsecount="1"/>
        <line num="78" count="13" type="stmt"/>
        <line num="83" count="8" type="cond" truecount="1" falsecount="1"/>
        <line num="84" count="8" type="stmt"/>
        <line num="85" count="9" type="cond" truecount="1" falsecount="1"/>
        <line num="86" count="9" type="stmt"/>
        <line num="87" count="9" type="stmt"/>
        <line num="88" count="44" type="stmt"/>
        <line num="94" count="8" type="cond" truecount="2" falsecount="0"/>
        <line num="95" count="4" type="stmt"/>
        <line num="96" count="4" type="stmt"/>
        <line num="97" count="4" type="stmt"/>
        <line num="101" count="8" type="cond" truecount="2" falsecount="0"/>
        <line num="102" count="1" type="stmt"/>
        <line num="105" count="8" type="stmt"/>
        <line num="106" count="0" type="cond" truecount="0" falsecount="2"/>
        <line num="107" count="0" type="stmt"/>
        <line num="110" count="8" type="stmt"/>
        <line num="119" count="1" type="stmt"/>
        <line num="120" count="1" type="stmt"/>
        <line num="121" count="1" type="cond" truecount="1" falsecount="1"/>
        <line num="122" count="1" type="stmt"/>
        <line num="125" count="1" type="stmt"/>
        <line num="126" count="1" type="cond" truecount="1" falsecount="1"/>
        <line num="127" count="1" type="stmt"/>
        <line num="131" count="1" type="cond" truecount="1" falsecount="1"/>
        <line num="132" count="1" type="stmt"/>
        <line num="135" count="1" type="cond" truecount="1" falsecount="1"/>
        <line num="136" count="0" type="stmt"/>
        <line num="139" count="1" type="stmt"/>
        <line num="141" count="1" type="stmt"/>
        <line num="142" count="0" type="cond" truecount="0" falsecount="2"/>
        <line num="143" count="0" type="stmt"/>
        <line num="146" count="1" type="stmt"/>
        <line num="156" count="13464126" type="stmt"/>
        <line num="157" count="13464126" type="stmt"/>
        <line num="172" count="13464129" type="stmt"/>
        <line num="174" count="13464129" type="cond" truecount="4" falsecount="0"/>
        <line num="175" count="13464044" type="stmt"/>
        <line num="177" count="13464044" type="cond" truecount="2" falsecount="0"/>
        <line num="179" count="65036" type="cond" truecount="2" falsecount="0"/>
        <line num="180" count="18246" type="stmt"/>
        <line num="182" count="13399008" type="cond" truecount="1" falsecount="1"/>
        <line num="184" count="0" type="stmt"/>
        <line num="185" count="0" type="stmt"/>
        <line num="186" count="0" type="cond" truecount="0" falsecount="2"/>
        <line num="188" count="0" type="cond" truecount="0" falsecount="2"/>
        <line num="189" count="0" type="stmt"/>
        <line num="191" count="13399008" type="cond" truecount="1" falsecount="1"/>
        <line num="193" count="13399008" type="stmt"/>
        <line num="194" count="13955526" type="cond" truecount="2" falsecount="0"/>
        <line num="195" count="5773001" type="stmt"/>
        <line num="199" count="0" type="stmt"/>
        <line num="203" count="13464129" type="stmt"/>
        <line num="211" count="506" type="stmt"/>
        <line num="213" count="506" type="stmt"/>
        <line num="214" count="5" type="stmt"/>
        <line num="215" count="5" type="stmt"/>
        <line num="216" count="5" type="cond" truecount="2" falsecount="0"/>
        <line num="218" count="5" type="stmt"/>
        <line num="220" count="506" type="stmt"/>
        <line num="237" count="505" type="stmt"/>
        <line num="238" count="505" type="cond" truecount="2" falsecount="0"/>
        <line num="240" count="503" type="stmt"/>
        <line num="243" count="2" type="stmt"/>
        <line num="244" count="2" type="stmt"/>
        <line num="246" count="2" type="stmt"/>
        <line num="247" count="2" type="cond" truecount="2" falsecount="0"/>
        <line num="249" count="2" type="cond" truecount="2" falsecount="0"/>
        <line num="250" count="1" type="stmt"/>
        <line num="254" count="1" type="stmt"/>
        <line num="255" count="1" type="cond" truecount="1" falsecount="1"/>
        <line num="256" count="0" type="stmt"/>
        <line num="258" count="0" type="stmt"/>
        <line num="261" count="1" type="cond" truecount="2" falsecount="0"/>
        <line num="263" count="1" type="cond" truecount="1" falsecount="1"/>
        <line num="264" count="1" type="stmt"/>
        <line num="268" count="0" type="stmt"/>
        <line num="269" count="0" type="cond" truecount="0" falsecount="2"/>
        <line num="272" count="0" type="stmt"/>
        <line num="285" count="0" type="stmt"/>
        <line num="286" count="0" type="stmt"/>
        <line num="287" count="0" type="stmt"/>
        <line num="288" count="0" type="cond" truecount="0" falsecount="2"/>
        <line num="289" count="0" type="stmt"/>
        <line num="290" count="0" type="stmt"/>
        <line num="291" count="0" type="stmt"/>
        <line num="292" count="0" type="stmt"/>
        <line num="293" count="0" type="stmt"/>
        <line num="297" count="0" type="stmt"/>
        <line num="298" count="0" type="stmt"/>
        <line num="299" count="0" type="stmt"/>
        <line num="300" count="0" type="stmt"/>
        <line num="303" count="0" type="stmt"/>
        <line num="316" count="3407" type="stmt"/>
        <line num="319" count="3407" type="stmt"/>
        <line num="320" count="3407" type="stmt"/>
        <line num="328" count="3407" type="stmt"/>
        <line num="329" count="3444" type="cond" truecount="1" falsecount="1"/>
        <line num="330" count="0" type="stmt"/>
        <line num="332" count="3444" type="stmt"/>
        <line num="333" count="502" type="cond" truecount="1" falsecount="1"/>
        <line num="334" count="0" type="stmt"/>
        <line num="335" count="0" type="stmt"/>
        <line num="336" count="0" type="stmt"/>
        <line num="341" count="3407" type="cond" truecount="1" falsecount="1"/>
        <line num="342" count="0" type="stmt"/>
        <line num="346" count="3407" type="stmt"/>
        <line num="356" count="0" type="stmt"/>
        <line num="357" count="0" type="stmt"/>
        <line num="359" count="0" type="stmt"/>
        <line num="361" count="0" type="stmt"/>
        <line num="365" count="0" type="stmt"/>
        <line num="366" count="0" type="stmt"/>
        <line num="367" count="0" type="stmt"/>
        <line num="369" count="0" type="cond" truecount="0" falsecount="2"/>
        <line num="370" count="0" type="stmt"/>
      </file>
      <file name="suffix.js" path="F:\_Alpheios\____service_workes\_workspaces-core\v1\packages\inflection-tables\src\lib\suffix.js">
        <metrics statements="0" coveredstatements="0" conditionals="0" coveredconditionals="0" methods="0" coveredmethods="0"/>
      </file>
    </package>
    <package name="src.lib.lang.greek">
      <metrics statements="155" coveredstatements="154" conditionals="59" coveredconditionals="48" methods="26" coveredmethods="26"/>
      <file name="greek-language-dataset.js" path="F:\_Alpheios\____service_workes\_workspaces-core\v1\packages\inflection-tables\src\lib\lang\greek\greek-language-dataset.js">
        <metrics statements="155" coveredstatements="154" conditionals="59" coveredconditionals="48" methods="26" coveredmethods="26"/>
        <line num="44" count="36" type="stmt"/>
        <line num="46" count="36" type="stmt"/>
        <line num="47" count="36" type="stmt"/>
        <line num="48" count="36" type="stmt"/>
        <line num="49" count="36" type="stmt"/>
        <line num="50" count="36" type="stmt"/>
        <line num="53" count="36" type="stmt"/>
        <line num="54" count="936" type="stmt"/>
        <line num="58" count="36" type="stmt"/>
        <line num="61" count="36" type="stmt"/>
        <line num="66" count="235" type="stmt"/>
        <line num="70" count="38" type="stmt"/>
        <line num="75" count="2377" type="stmt"/>
        <line num="84" count="40" type="stmt"/>
        <line num="95" count="40" type="stmt"/>
        <line num="96" count="40" type="stmt"/>
        <line num="99" count="40" type="stmt"/>
        <line num="100" count="22300" type="stmt"/>
        <line num="101" count="22300" type="stmt"/>
        <line num="103" count="22300" type="cond" truecount="2" falsecount="0"/>
        <line num="104" count="120" type="stmt"/>
        <line num="107" count="22300" type="stmt"/>
        <line num="108" count="22300" type="stmt"/>
        <line num="114" count="22300" type="cond" truecount="2" falsecount="0"/>
        <line num="115" count="4100" type="stmt"/>
        <line num="117" count="22300" type="cond" truecount="2" falsecount="0"/>
        <line num="119" count="10700" type="stmt"/>
        <line num="120" count="10700" type="stmt"/>
        <line num="121" count="427614" type="stmt"/>
        <line num="124" count="22300" type="stmt"/>
        <line num="125" count="22300" type="stmt"/>
        <line num="126" count="22300" type="stmt"/>
        <line num="130" count="22300" type="stmt"/>
        <line num="136" count="20" type="stmt"/>
        <line num="146" count="20" type="stmt"/>
        <line num="147" count="800" type="stmt"/>
        <line num="148" count="800" type="stmt"/>
        <line num="150" count="800" type="stmt"/>
        <line num="151" count="800" type="stmt"/>
        <line num="156" count="800" type="cond" truecount="1" falsecount="1"/>
        <line num="157" count="800" type="stmt"/>
        <line num="160" count="800" type="stmt"/>
        <line num="161" count="800" type="stmt"/>
        <line num="162" count="800" type="stmt"/>
        <line num="166" count="800" type="stmt"/>
        <line num="174" count="21" type="stmt"/>
        <line num="176" count="21" type="stmt"/>
        <line num="186" count="21" type="stmt"/>
        <line num="189" count="21" type="stmt"/>
        <line num="190" count="756" type="stmt"/>
        <line num="191" count="756" type="stmt"/>
        <line num="193" count="756" type="stmt"/>
        <line num="198" count="756" type="cond" truecount="1" falsecount="1"/>
        <line num="199" count="756" type="stmt"/>
        <line num="201" count="756" type="cond" truecount="2" falsecount="0"/>
        <line num="204" count="756" type="cond" truecount="1" falsecount="1"/>
        <line num="205" count="756" type="cond" truecount="1" falsecount="1"/>
        <line num="206" count="756" type="cond" truecount="1" falsecount="1"/>
        <line num="207" count="756" type="cond" truecount="1" falsecount="1"/>
        <line num="209" count="756" type="stmt"/>
        <line num="211" count="756" type="cond" truecount="2" falsecount="0"/>
        <line num="213" count="63" type="stmt"/>
        <line num="214" count="63" type="stmt"/>
        <line num="215" count="171" type="stmt"/>
        <line num="218" count="756" type="stmt"/>
        <line num="219" count="756" type="stmt"/>
        <line num="220" count="756" type="stmt"/>
        <line num="224" count="756" type="stmt"/>
        <line num="225" count="1344" type="stmt"/>
        <line num="226" count="1344" type="stmt"/>
        <line num="227" count="1344" type="stmt"/>
        <line num="230" count="756" type="stmt"/>
        <line num="236" count="21" type="stmt"/>
        <line num="241" count="21" type="stmt"/>
        <line num="254" count="21" type="stmt"/>
        <line num="257" count="21" type="stmt"/>
        <line num="258" count="9072" type="stmt"/>
        <line num="259" count="9072" type="stmt"/>
        <line num="261" count="9072" type="stmt"/>
        <line num="266" count="9072" type="cond" truecount="2" falsecount="0"/>
        <line num="267" count="4011" type="stmt"/>
        <line num="269" count="9072" type="cond" truecount="1" falsecount="1"/>
        <line num="270" count="9072" type="cond" truecount="2" falsecount="0"/>
        <line num="271" count="9072" type="cond" truecount="1" falsecount="1"/>
        <line num="272" count="9072" type="cond" truecount="1" falsecount="1"/>
        <line num="273" count="9072" type="cond" truecount="2" falsecount="0"/>
        <line num="274" count="9072" type="cond" truecount="1" falsecount="1"/>
        <line num="276" count="9072" type="stmt"/>
        <line num="279" count="9072" type="stmt"/>
        <line num="280" count="9072" type="cond" truecount="5" falsecount="0"/>
        <line num="281" count="441" type="stmt"/>
        <line num="285" count="9072" type="cond" truecount="2" falsecount="0"/>
        <line num="287" count="252" type="stmt"/>
        <line num="288" count="252" type="stmt"/>
        <line num="289" count="1140" type="stmt"/>
        <line num="292" count="9072" type="stmt"/>
        <line num="293" count="9072" type="stmt"/>
        <line num="294" count="9072" type="stmt"/>
        <line num="297" count="9072" type="stmt"/>
        <line num="302" count="81" type="stmt"/>
        <line num="304" count="81" type="stmt"/>
        <line num="305" count="1623" type="stmt"/>
        <line num="306" count="1623" type="stmt"/>
        <line num="308" count="81" type="stmt"/>
        <line num="319" count="19" type="stmt"/>
        <line num="320" count="19" type="stmt"/>
        <line num="321" count="19" type="stmt"/>
        <line num="322" count="19" type="stmt"/>
        <line num="323" count="19" type="stmt"/>
        <line num="326" count="19" type="stmt"/>
        <line num="327" count="19" type="stmt"/>
        <line num="328" count="19" type="stmt"/>
        <line num="329" count="19" type="stmt"/>
        <line num="330" count="19" type="stmt"/>
        <line num="333" count="19" type="stmt"/>
        <line num="334" count="19" type="stmt"/>
        <line num="335" count="19" type="stmt"/>
        <line num="338" count="19" type="stmt"/>
        <line num="339" count="19" type="stmt"/>
        <line num="340" count="19" type="stmt"/>
        <line num="341" count="19" type="stmt"/>
        <line num="342" count="19" type="stmt"/>
        <line num="345" count="19" type="stmt"/>
        <line num="346" count="19" type="stmt"/>
        <line num="347" count="19" type="stmt"/>
        <line num="348" count="19" type="stmt"/>
        <line num="349" count="19" type="stmt"/>
        <line num="351" count="19" type="stmt"/>
        <line num="352" count="19" type="stmt"/>
        <line num="357" count="709" type="stmt"/>
        <line num="367" count="3" type="cond" truecount="2" falsecount="0"/>
        <line num="371" count="3" type="stmt"/>
        <line num="375" count="14" type="stmt"/>
        <line num="379" count="52" type="stmt"/>
        <line num="383" count="718" type="cond" truecount="2" falsecount="0"/>
        <line num="385" count="27" type="stmt"/>
        <line num="386" count="691" type="cond" truecount="2" falsecount="0"/>
        <line num="388" count="49" type="stmt"/>
        <line num="389" count="642" type="cond" truecount="1" falsecount="1"/>
        <line num="391" count="0" type="stmt"/>
        <line num="394" count="642" type="stmt"/>
        <line num="399" count="717" type="stmt"/>
        <line num="401" count="717" type="cond" truecount="2" falsecount="0"/>
        <line num="402" count="76" type="stmt"/>
        <line num="407" count="641" type="cond" truecount="2" falsecount="0"/>
        <line num="408" count="395" type="stmt"/>
        <line num="415" count="246" type="stmt"/>
        <line num="427" count="3776" type="stmt"/>
        <line num="436" count="709" type="stmt"/>
        <line num="438" count="709" type="cond" truecount="2" falsecount="0"/>
        <line num="439" count="71" type="stmt"/>
        <line num="446" count="638" type="cond" truecount="2" falsecount="0"/>
        <line num="447" count="394" type="stmt"/>
        <line num="454" count="244" type="stmt"/>
        <line num="466" count="3812" type="stmt"/>
      </file>
    </package>
    <package name="src.lib.lang.greek.data.adjective">
      <metrics statements="2" coveredstatements="2" conditionals="0" coveredconditionals="0" methods="0" coveredmethods="0"/>
      <file name="footnotes.csv" path="F:\_Alpheios\____service_workes\_workspaces-core\v1\packages\inflection-tables\src\lib\lang\greek\data\adjective\footnotes.csv">
        <metrics statements="1" coveredstatements="1" conditionals="0" coveredconditionals="0" methods="0" coveredmethods="0"/>
        <line num="1" count="21" type="stmt"/>
      </file>
      <file name="suffixes.csv" path="F:\_Alpheios\____service_workes\_workspaces-core\v1\packages\inflection-tables\src\lib\lang\greek\data\adjective\suffixes.csv">
        <metrics statements="1" coveredstatements="1" conditionals="0" coveredconditionals="0" methods="0" coveredmethods="0"/>
        <line num="1" count="21" type="stmt"/>
      </file>
    </package>
    <package name="src.lib.lang.greek.data.article">
      <metrics statements="1" coveredstatements="1" conditionals="0" coveredconditionals="0" methods="0" coveredmethods="0"/>
      <file name="forms.csv" path="F:\_Alpheios\____service_workes\_workspaces-core\v1\packages\inflection-tables\src\lib\lang\greek\data\article\forms.csv">
        <metrics statements="1" coveredstatements="1" conditionals="0" coveredconditionals="0" methods="0" coveredmethods="0"/>
        <line num="1" count="21" type="stmt"/>
      </file>
    </package>
    <package name="src.lib.lang.greek.data.noun">
      <metrics statements="2" coveredstatements="2" conditionals="0" coveredconditionals="0" methods="0" coveredmethods="0"/>
      <file name="footnotes.csv" path="F:\_Alpheios\____service_workes\_workspaces-core\v1\packages\inflection-tables\src\lib\lang\greek\data\noun\footnotes.csv">
        <metrics statements="1" coveredstatements="1" conditionals="0" coveredconditionals="0" methods="0" coveredmethods="0"/>
        <line num="1" count="21" type="stmt"/>
      </file>
      <file name="suffixes.csv" path="F:\_Alpheios\____service_workes\_workspaces-core\v1\packages\inflection-tables\src\lib\lang\greek\data\noun\suffixes.csv">
        <metrics statements="1" coveredstatements="1" conditionals="0" coveredconditionals="0" methods="0" coveredmethods="0"/>
        <line num="1" count="21" type="stmt"/>
      </file>
    </package>
    <package name="src.lib.lang.greek.data.numeral">
      <metrics statements="2" coveredstatements="2" conditionals="0" coveredconditionals="0" methods="0" coveredmethods="0"/>
      <file name="footnotes.csv" path="F:\_Alpheios\____service_workes\_workspaces-core\v1\packages\inflection-tables\src\lib\lang\greek\data\numeral\footnotes.csv">
        <metrics statements="1" coveredstatements="1" conditionals="0" coveredconditionals="0" methods="0" coveredmethods="0"/>
        <line num="1" count="21" type="stmt"/>
      </file>
      <file name="forms.csv" path="F:\_Alpheios\____service_workes\_workspaces-core\v1\packages\inflection-tables\src\lib\lang\greek\data\numeral\forms.csv">
        <metrics statements="1" coveredstatements="1" conditionals="0" coveredconditionals="0" methods="0" coveredmethods="0"/>
        <line num="1" count="21" type="stmt"/>
      </file>
    </package>
    <package name="src.lib.lang.greek.data.pronoun">
      <metrics statements="2" coveredstatements="2" conditionals="0" coveredconditionals="0" methods="0" coveredmethods="0"/>
      <file name="footnotes.csv" path="F:\_Alpheios\____service_workes\_workspaces-core\v1\packages\inflection-tables\src\lib\lang\greek\data\pronoun\footnotes.csv">
        <metrics statements="1" coveredstatements="1" conditionals="0" coveredconditionals="0" methods="0" coveredmethods="0"/>
        <line num="1" count="21" type="stmt"/>
      </file>
      <file name="forms.csv" path="F:\_Alpheios\____service_workes\_workspaces-core\v1\packages\inflection-tables\src\lib\lang\greek\data\pronoun\forms.csv">
        <metrics statements="1" coveredstatements="1" conditionals="0" coveredconditionals="0" methods="0" coveredmethods="0"/>
        <line num="1" count="21" type="stmt"/>
      </file>
    </package>
    <package name="src.lib.lang.latin">
      <metrics statements="257" coveredstatements="254" conditionals="105" coveredconditionals="93" methods="36" coveredmethods="36"/>
      <file name="latin-language-dataset.js" path="F:\_Alpheios\____service_workes\_workspaces-core\v1\packages\inflection-tables\src\lib\lang\latin\latin-language-dataset.js">
        <metrics statements="257" coveredstatements="254" conditionals="105" coveredconditionals="93" methods="36" coveredmethods="36"/>
        <line num="39" count="34" type="stmt"/>
        <line num="41" count="34" type="stmt"/>
        <line num="42" count="34" type="stmt"/>
        <line num="43" count="34" type="stmt"/>
        <line num="44" count="34" type="stmt"/>
        <line num="47" count="34" type="stmt"/>
        <line num="48" count="884" type="stmt"/>
        <line num="52" count="34" type="stmt"/>
        <line num="54" count="34" type="stmt"/>
        <line num="56" count="34" type="stmt"/>
        <line num="59" count="34" type="stmt"/>
        <line num="68" count="34" type="stmt"/>
        <line num="69" count="34" type="stmt"/>
        <line num="70" count="136" type="stmt"/>
        <line num="75" count="12270" type="stmt"/>
        <line num="79" count="57" type="stmt"/>
        <line num="83" count="147" type="stmt"/>
        <line num="95" count="10" type="stmt"/>
        <line num="105" count="10" type="stmt"/>
        <line num="106" count="10" type="stmt"/>
        <line num="109" count="10" type="stmt"/>
        <line num="110" count="1460" type="stmt"/>
        <line num="111" count="1460" type="stmt"/>
        <line num="113" count="1460" type="cond" truecount="4" falsecount="0"/>
        <line num="114" count="75" type="stmt"/>
        <line num="117" count="1460" type="stmt"/>
        <line num="123" count="1460" type="cond" truecount="2" falsecount="0"/>
        <line num="125" count="380" type="stmt"/>
        <line num="126" count="380" type="stmt"/>
        <line num="127" count="4856" type="stmt"/>
        <line num="129" count="1460" type="stmt"/>
        <line num="138" count="8" type="stmt"/>
        <line num="147" count="8" type="stmt"/>
        <line num="148" count="8" type="stmt"/>
        <line num="151" count="8" type="stmt"/>
        <line num="152" count="296" type="stmt"/>
        <line num="153" count="296" type="stmt"/>
        <line num="155" count="296" type="cond" truecount="4" falsecount="0"/>
        <line num="156" count="12" type="stmt"/>
        <line num="159" count="296" type="stmt"/>
        <line num="165" count="296" type="cond" truecount="2" falsecount="0"/>
        <line num="167" count="56" type="stmt"/>
        <line num="168" count="56" type="stmt"/>
        <line num="169" count="216" type="stmt"/>
        <line num="171" count="296" type="stmt"/>
        <line num="177" count="5" type="stmt"/>
        <line num="188" count="5" type="stmt"/>
        <line num="191" count="5" type="stmt"/>
        <line num="192" count="2545" type="stmt"/>
        <line num="193" count="2545" type="stmt"/>
        <line num="199" count="2545" type="cond" truecount="1" falsecount="1"/>
        <line num="200" count="2545" type="stmt"/>
        <line num="202" count="2545" type="cond" truecount="2" falsecount="0"/>
        <line num="203" count="1155" type="stmt"/>
        <line num="205" count="2545" type="cond" truecount="2" falsecount="0"/>
        <line num="206" count="2535" type="stmt"/>
        <line num="208" count="2545" type="cond" truecount="1" falsecount="1"/>
        <line num="209" count="2545" type="stmt"/>
        <line num="211" count="2545" type="cond" truecount="2" falsecount="0"/>
        <line num="212" count="1880" type="stmt"/>
        <line num="214" count="2545" type="cond" truecount="2" falsecount="0"/>
        <line num="217" count="2545" type="cond" truecount="2" falsecount="0"/>
        <line num="219" count="30" type="stmt"/>
        <line num="220" count="30" type="stmt"/>
        <line num="221" count="96" type="stmt"/>
        <line num="223" count="2545" type="stmt"/>
        <line num="230" count="6" type="stmt"/>
        <line num="231" count="6" type="stmt"/>
        <line num="234" count="6" type="stmt"/>
        <line num="235" count="3590" type="stmt"/>
        <line num="236" count="3590" type="stmt"/>
        <line num="238" count="3590" type="cond" truecount="4" falsecount="0"/>
        <line num="239" count="508" type="stmt"/>
        <line num="242" count="3590" type="stmt"/>
        <line num="243" count="3590" type="stmt"/>
        <line num="253" count="3590" type="stmt"/>
        <line num="254" count="28720" type="stmt"/>
        <line num="255" count="28720" type="cond" truecount="2" falsecount="0"/>
        <line num="256" count="24237" type="stmt"/>
        <line num="263" count="3590" type="stmt"/>
        <line num="265" count="3590" type="cond" truecount="1" falsecount="1"/>
        <line num="266" count="0" type="stmt"/>
        <line num="269" count="3590" type="cond" truecount="2" falsecount="0"/>
        <line num="271" count="55" type="stmt"/>
        <line num="272" count="55" type="stmt"/>
        <line num="273" count="264" type="stmt"/>
        <line num="275" count="3590" type="stmt"/>
        <line num="281" count="4" type="stmt"/>
        <line num="284" count="4" type="stmt"/>
        <line num="285" count="200" type="stmt"/>
        <line num="286" count="200" type="stmt"/>
        <line num="288" count="200" type="cond" truecount="4" falsecount="0"/>
        <line num="289" count="32" type="stmt"/>
        <line num="292" count="200" type="stmt"/>
        <line num="293" count="200" type="stmt"/>
        <line num="303" count="200" type="stmt"/>
        <line num="304" count="1600" type="stmt"/>
        <line num="305" count="1600" type="cond" truecount="2" falsecount="0"/>
        <line num="306" count="768" type="stmt"/>
        <line num="313" count="200" type="stmt"/>
        <line num="315" count="200" type="cond" truecount="1" falsecount="1"/>
        <line num="316" count="0" type="stmt"/>
        <line num="318" count="200" type="stmt"/>
        <line num="324" count="5" type="stmt"/>
        <line num="327" count="5" type="stmt"/>
        <line num="328" count="10" type="stmt"/>
        <line num="329" count="10" type="stmt"/>
        <line num="331" count="10" type="cond" truecount="3" falsecount="1"/>
        <line num="332" count="0" type="stmt"/>
        <line num="335" count="10" type="stmt"/>
        <line num="337" count="10" type="stmt"/>
        <line num="340" count="10" type="stmt"/>
        <line num="341" count="10" type="stmt"/>
        <line num="342" count="10" type="cond" truecount="1" falsecount="1"/>
        <line num="343" count="10" type="stmt"/>
        <line num="350" count="10" type="stmt"/>
        <line num="356" count="10" type="stmt"/>
        <line num="358" count="10" type="stmt"/>
        <line num="359" count="12046" type="stmt"/>
        <line num="360" count="12046" type="stmt"/>
        <line num="361" count="12046" type="stmt"/>
        <line num="362" count="12046" type="stmt"/>
        <line num="364" count="12046" type="stmt"/>
        <line num="367" count="12046" type="stmt"/>
        <line num="371" count="12046" type="cond" truecount="3" falsecount="1"/>
        <line num="372" count="12046" type="stmt"/>
        <line num="373" count="147442" type="cond" truecount="2" falsecount="0"/>
        <line num="374" count="228" type="stmt"/>
        <line num="378" count="12046" type="cond" truecount="2" falsecount="0"/>
        <line num="379" count="4672" type="stmt"/>
        <line num="381" count="12046" type="cond" truecount="2" falsecount="0"/>
        <line num="382" count="11850" type="stmt"/>
        <line num="384" count="12046" type="cond" truecount="1" falsecount="1"/>
        <line num="385" count="12046" type="stmt"/>
        <line num="387" count="12046" type="cond" truecount="2" falsecount="0"/>
        <line num="388" count="11280" type="stmt"/>
        <line num="390" count="12046" type="cond" truecount="2" falsecount="0"/>
        <line num="391" count="11280" type="stmt"/>
        <line num="395" count="12046" type="cond" truecount="2" falsecount="0"/>
        <line num="397" count="854" type="stmt"/>
        <line num="398" count="854" type="stmt"/>
        <line num="400" count="8668" type="stmt"/>
        <line num="402" count="12046" type="stmt"/>
        <line num="408" count="8" type="stmt"/>
        <line num="410" count="8" type="stmt"/>
        <line num="411" count="88" type="stmt"/>
        <line num="412" count="88" type="stmt"/>
        <line num="413" count="88" type="stmt"/>
        <line num="414" count="88" type="stmt"/>
        <line num="417" count="88" type="stmt"/>
        <line num="422" count="88" type="cond" truecount="1" falsecount="1"/>
        <line num="423" count="88" type="stmt"/>
        <line num="424" count="88" type="stmt"/>
        <line num="425" count="236" type="cond" truecount="2" falsecount="0"/>
        <line num="426" count="36" type="stmt"/>
        <line num="430" count="88" type="cond" truecount="1" falsecount="1"/>
        <line num="431" count="88" type="stmt"/>
        <line num="435" count="88" type="cond" truecount="2" falsecount="0"/>
        <line num="437" count="8" type="stmt"/>
        <line num="438" count="8" type="stmt"/>
        <line num="440" count="96" type="stmt"/>
        <line num="442" count="88" type="stmt"/>
        <line num="447" count="45" type="stmt"/>
        <line num="449" count="45" type="stmt"/>
        <line num="450" count="450" type="stmt"/>
        <line num="451" count="450" type="stmt"/>
        <line num="453" count="45" type="stmt"/>
        <line num="465" count="4" type="stmt"/>
        <line num="466" count="4" type="stmt"/>
        <line num="467" count="4" type="stmt"/>
        <line num="468" count="4" type="stmt"/>
        <line num="469" count="4" type="stmt"/>
        <line num="472" count="4" type="stmt"/>
        <line num="473" count="4" type="stmt"/>
        <line num="474" count="4" type="stmt"/>
        <line num="475" count="4" type="stmt"/>
        <line num="476" count="4" type="stmt"/>
        <line num="479" count="4" type="stmt"/>
        <line num="480" count="4" type="stmt"/>
        <line num="481" count="4" type="stmt"/>
        <line num="482" count="4" type="stmt"/>
        <line num="483" count="4" type="stmt"/>
        <line num="486" count="4" type="stmt"/>
        <line num="487" count="4" type="stmt"/>
        <line num="488" count="4" type="stmt"/>
        <line num="489" count="4" type="stmt"/>
        <line num="490" count="4" type="stmt"/>
        <line num="491" count="4" type="stmt"/>
        <line num="494" count="4" type="stmt"/>
        <line num="495" count="4" type="stmt"/>
        <line num="496" count="4" type="stmt"/>
        <line num="497" count="4" type="stmt"/>
        <line num="498" count="4" type="stmt"/>
        <line num="499" count="4" type="stmt"/>
        <line num="502" count="4" type="stmt"/>
        <line num="503" count="4" type="stmt"/>
        <line num="504" count="4" type="stmt"/>
        <line num="506" count="4" type="stmt"/>
        <line num="507" count="4" type="stmt"/>
        <line num="509" count="4" type="stmt"/>
        <line num="510" count="4" type="stmt"/>
        <line num="512" count="4" type="stmt"/>
        <line num="513" count="4" type="stmt"/>
        <line num="516" count="4" type="stmt"/>
        <line num="517" count="4" type="stmt"/>
        <line num="518" count="4" type="stmt"/>
        <line num="520" count="4" type="stmt"/>
        <line num="521" count="4" type="stmt"/>
        <line num="522" count="4" type="stmt"/>
        <line num="523" count="4" type="stmt"/>
        <line num="526" count="4" type="stmt"/>
        <line num="527" count="4" type="stmt"/>
        <line num="528" count="4" type="stmt"/>
        <line num="530" count="4" type="stmt"/>
        <line num="531" count="4" type="stmt"/>
        <line num="532" count="4" type="stmt"/>
        <line num="533" count="4" type="stmt"/>
        <line num="536" count="4" type="stmt"/>
        <line num="537" count="4" type="stmt"/>
        <line num="538" count="4" type="stmt"/>
        <line num="539" count="4" type="stmt"/>
        <line num="540" count="4" type="stmt"/>
        <line num="542" count="4" type="stmt"/>
        <line num="543" count="4" type="stmt"/>
        <line num="547" count="491" type="stmt"/>
        <line num="548" count="491" type="cond" truecount="2" falsecount="0"/>
        <line num="549" count="438" type="cond" truecount="4" falsecount="0"/>
        <line num="551" count="344" type="stmt"/>
        <line num="552" count="94" type="cond" truecount="1" falsecount="1"/>
        <line num="553" count="1102" type="stmt"/>
        <line num="556" count="53" type="stmt"/>
        <line num="569" count="244" type="stmt"/>
        <line num="570" count="244" type="stmt"/>
        <line num="572" count="1630" type="stmt"/>
        <line num="582" count="31" type="stmt"/>
        <line num="583" count="31" type="stmt"/>
        <line num="584" count="50" type="stmt"/>
        <line num="585" count="50" type="cond" truecount="2" falsecount="0"/>
        <line num="586" count="589" type="stmt"/>
        <line num="587" count="48" type="cond" truecount="2" falsecount="0"/>
        <line num="588" count="36" type="stmt"/>
        <line num="592" count="31" type="stmt"/>
        <line num="596" count="234" type="cond" truecount="5" falsecount="0"/>
        <line num="600" count="183" type="stmt"/>
        <line num="601" count="51" type="cond" truecount="2" falsecount="0"/>
        <line num="602" count="15" type="stmt"/>
        <line num="603" count="36" type="cond" truecount="2" falsecount="0"/>
        <line num="604" count="8" type="stmt"/>
        <line num="607" count="28" type="stmt"/>
        <line num="612" count="232" type="stmt"/>
        <line num="624" count="232" type="cond" truecount="2" falsecount="0"/>
        <line num="625" count="183" type="stmt"/>
        <line num="634" count="441" type="stmt"/>
        <line num="644" count="230" type="stmt"/>
        <line num="656" count="230" type="cond" truecount="2" falsecount="0"/>
        <line num="657" count="182" type="stmt"/>
        <line num="667" count="432" type="stmt"/>
      </file>
    </package>
    <package name="src.lib.lang.latin.data.adjective">
      <metrics statements="2" coveredstatements="2" conditionals="0" coveredconditionals="0" methods="0" coveredmethods="0"/>
      <file name="footnotes.csv" path="F:\_Alpheios\____service_workes\_workspaces-core\v1\packages\inflection-tables\src\lib\lang\latin\data\adjective\footnotes.csv">
        <metrics statements="1" coveredstatements="1" conditionals="0" coveredconditionals="0" methods="0" coveredmethods="0"/>
        <line num="1" count="21" type="stmt"/>
      </file>
      <file name="suffixes.csv" path="F:\_Alpheios\____service_workes\_workspaces-core\v1\packages\inflection-tables\src\lib\lang\latin\data\adjective\suffixes.csv">
        <metrics statements="1" coveredstatements="1" conditionals="0" coveredconditionals="0" methods="0" coveredmethods="0"/>
        <line num="1" count="21" type="stmt"/>
      </file>
    </package>
    <package name="src.lib.lang.latin.data.comparative">
      <metrics statements="2" coveredstatements="2" conditionals="0" coveredconditionals="0" methods="0" coveredmethods="0"/>
      <file name="footnotes.csv" path="F:\_Alpheios\____service_workes\_workspaces-core\v1\packages\inflection-tables\src\lib\lang\latin\data\comparative\footnotes.csv">
        <metrics statements="1" coveredstatements="1" conditionals="0" coveredconditionals="0" methods="0" coveredmethods="0"/>
        <line num="1" count="21" type="stmt"/>
      </file>
      <file name="suffixes.csv" path="F:\_Alpheios\____service_workes\_workspaces-core\v1\packages\inflection-tables\src\lib\lang\latin\data\comparative\suffixes.csv">
        <metrics statements="1" coveredstatements="1" conditionals="0" coveredconditionals="0" methods="0" coveredmethods="0"/>
        <line num="1" count="21" type="stmt"/>
      </file>
    </package>
    <package name="src.lib.lang.latin.data.gerundive">
      <metrics statements="2" coveredstatements="2" conditionals="0" coveredconditionals="0" methods="0" coveredmethods="0"/>
      <file name="form_footnotes.csv" path="F:\_Alpheios\____service_workes\_workspaces-core\v1\packages\inflection-tables\src\lib\lang\latin\data\gerundive\form_footnotes.csv">
        <metrics statements="1" coveredstatements="1" conditionals="0" coveredconditionals="0" methods="0" coveredmethods="0"/>
        <line num="1" count="21" type="stmt"/>
      </file>
      <file name="forms.csv" path="F:\_Alpheios\____service_workes\_workspaces-core\v1\packages\inflection-tables\src\lib\lang\latin\data\gerundive\forms.csv">
        <metrics statements="1" coveredstatements="1" conditionals="0" coveredconditionals="0" methods="0" coveredmethods="0"/>
        <line num="1" count="21" type="stmt"/>
      </file>
    </package>
    <package name="src.lib.lang.latin.data.noun">
      <metrics statements="2" coveredstatements="2" conditionals="0" coveredconditionals="0" methods="0" coveredmethods="0"/>
      <file name="footnotes.csv" path="F:\_Alpheios\____service_workes\_workspaces-core\v1\packages\inflection-tables\src\lib\lang\latin\data\noun\footnotes.csv">
        <metrics statements="1" coveredstatements="1" conditionals="0" coveredconditionals="0" methods="0" coveredmethods="0"/>
        <line num="1" count="21" type="stmt"/>
      </file>
      <file name="suffixes.csv" path="F:\_Alpheios\____service_workes\_workspaces-core\v1\packages\inflection-tables\src\lib\lang\latin\data\noun\suffixes.csv">
        <metrics statements="1" coveredstatements="1" conditionals="0" coveredconditionals="0" methods="0" coveredmethods="0"/>
        <line num="1" count="21" type="stmt"/>
      </file>
    </package>
    <package name="src.lib.lang.latin.data.participle">
      <metrics statements="3" coveredstatements="3" conditionals="0" coveredconditionals="0" methods="0" coveredmethods="0"/>
      <file name="form_footnotes.csv" path="F:\_Alpheios\____service_workes\_workspaces-core\v1\packages\inflection-tables\src\lib\lang\latin\data\participle\form_footnotes.csv">
        <metrics statements="1" coveredstatements="1" conditionals="0" coveredconditionals="0" methods="0" coveredmethods="0"/>
        <line num="1" count="21" type="stmt"/>
      </file>
      <file name="forms.csv" path="F:\_Alpheios\____service_workes\_workspaces-core\v1\packages\inflection-tables\src\lib\lang\latin\data\participle\forms.csv">
        <metrics statements="1" coveredstatements="1" conditionals="0" coveredconditionals="0" methods="0" coveredmethods="0"/>
        <line num="1" count="21" type="stmt"/>
      </file>
      <file name="suffixes.csv" path="F:\_Alpheios\____service_workes\_workspaces-core\v1\packages\inflection-tables\src\lib\lang\latin\data\participle\suffixes.csv">
        <metrics statements="1" coveredstatements="1" conditionals="0" coveredconditionals="0" methods="0" coveredmethods="0"/>
        <line num="1" count="21" type="stmt"/>
      </file>
    </package>
    <package name="src.lib.lang.latin.data.pronoun">
      <metrics statements="2" coveredstatements="2" conditionals="0" coveredconditionals="0" methods="0" coveredmethods="0"/>
      <file name="footnotes.csv" path="F:\_Alpheios\____service_workes\_workspaces-core\v1\packages\inflection-tables\src\lib\lang\latin\data\pronoun\footnotes.csv">
        <metrics statements="1" coveredstatements="1" conditionals="0" coveredconditionals="0" methods="0" coveredmethods="0"/>
        <line num="1" count="21" type="stmt"/>
      </file>
      <file name="forms.csv" path="F:\_Alpheios\____service_workes\_workspaces-core\v1\packages\inflection-tables\src\lib\lang\latin\data\pronoun\forms.csv">
        <metrics statements="1" coveredstatements="1" conditionals="0" coveredconditionals="0" methods="0" coveredmethods="0"/>
        <line num="1" count="21" type="stmt"/>
      </file>
    </package>
    <package name="src.lib.lang.latin.data.superlative">
      <metrics statements="2" coveredstatements="2" conditionals="0" coveredconditionals="0" methods="0" coveredmethods="0"/>
      <file name="footnotes.csv" path="F:\_Alpheios\____service_workes\_workspaces-core\v1\packages\inflection-tables\src\lib\lang\latin\data\superlative\footnotes.csv">
        <metrics statements="1" coveredstatements="1" conditionals="0" coveredconditionals="0" methods="0" coveredmethods="0"/>
        <line num="1" count="21" type="stmt"/>
      </file>
      <file name="suffixes.csv" path="F:\_Alpheios\____service_workes\_workspaces-core\v1\packages\inflection-tables\src\lib\lang\latin\data\superlative\suffixes.csv">
        <metrics statements="1" coveredstatements="1" conditionals="0" coveredconditionals="0" methods="0" coveredmethods="0"/>
        <line num="1" count="21" type="stmt"/>
      </file>
    </package>
    <package name="src.lib.lang.latin.data.supine">
      <metrics statements="3" coveredstatements="3" conditionals="0" coveredconditionals="0" methods="0" coveredmethods="0"/>
      <file name="form_footnotes.csv" path="F:\_Alpheios\____service_workes\_workspaces-core\v1\packages\inflection-tables\src\lib\lang\latin\data\supine\form_footnotes.csv">
        <metrics statements="1" coveredstatements="1" conditionals="0" coveredconditionals="0" methods="0" coveredmethods="0"/>
        <line num="1" count="21" type="stmt"/>
      </file>
      <file name="forms.csv" path="F:\_Alpheios\____service_workes\_workspaces-core\v1\packages\inflection-tables\src\lib\lang\latin\data\supine\forms.csv">
        <metrics statements="1" coveredstatements="1" conditionals="0" coveredconditionals="0" methods="0" coveredmethods="0"/>
        <line num="1" count="21" type="stmt"/>
      </file>
      <file name="suffixes.csv" path="F:\_Alpheios\____service_workes\_workspaces-core\v1\packages\inflection-tables\src\lib\lang\latin\data\supine\suffixes.csv">
        <metrics statements="1" coveredstatements="1" conditionals="0" coveredconditionals="0" methods="0" coveredmethods="0"/>
        <line num="1" count="21" type="stmt"/>
      </file>
    </package>
    <package name="src.lib.lang.latin.data.verb">
      <metrics statements="4" coveredstatements="4" conditionals="0" coveredconditionals="0" methods="0" coveredmethods="0"/>
      <file name="footnotes.csv" path="F:\_Alpheios\____service_workes\_workspaces-core\v1\packages\inflection-tables\src\lib\lang\latin\data\verb\footnotes.csv">
        <metrics statements="1" coveredstatements="1" conditionals="0" coveredconditionals="0" methods="0" coveredmethods="0"/>
        <line num="1" count="21" type="stmt"/>
      </file>
      <file name="form_footnotes.csv" path="F:\_Alpheios\____service_workes\_workspaces-core\v1\packages\inflection-tables\src\lib\lang\latin\data\verb\form_footnotes.csv">
        <metrics statements="1" coveredstatements="1" conditionals="0" coveredconditionals="0" methods="0" coveredmethods="0"/>
        <line num="1" count="21" type="stmt"/>
      </file>
      <file name="forms.csv" path="F:\_Alpheios\____service_workes\_workspaces-core\v1\packages\inflection-tables\src\lib\lang\latin\data\verb\forms.csv">
        <metrics statements="1" coveredstatements="1" conditionals="0" coveredconditionals="0" methods="0" coveredmethods="0"/>
        <line num="1" count="21" type="stmt"/>
      </file>
      <file name="suffixes.csv" path="F:\_Alpheios\____service_workes\_workspaces-core\v1\packages\inflection-tables\src\lib\lang\latin\data\verb\suffixes.csv">
        <metrics statements="1" coveredstatements="1" conditionals="0" coveredconditionals="0" methods="0" coveredmethods="0"/>
        <line num="1" count="21" type="stmt"/>
      </file>
    </package>
    <package name="src.paradigm.data.greek">
      <metrics statements="123" coveredstatements="117" conditionals="40" coveredconditionals="30" methods="28" coveredmethods="27"/>
      <file name="greek-paradigm-data.js" path="F:\_Alpheios\____service_workes\_workspaces-core\v1\packages\inflection-tables\src\paradigm\data\greek\greek-paradigm-data.js">
        <metrics statements="14" coveredstatements="14" conditionals="0" coveredconditionals="0" methods="10" coveredmethods="10"/>
        <line num="120" count="2788" type="stmt"/>
        <line num="124" count="34" type="stmt"/>
        <line num="125" count="34" type="stmt"/>
        <line num="186" count="17" type="stmt"/>
        <line num="190" count="17" type="stmt"/>
        <line num="194" count="34" type="stmt"/>
        <line num="195" count="34" type="stmt"/>
        <line num="213" count="17" type="stmt"/>
        <line num="217" count="17" type="stmt"/>
        <line num="218" count="17" type="stmt"/>
        <line num="241" count="17" type="stmt"/>
        <line num="245" count="17" type="stmt"/>
        <line num="246" count="17" type="stmt"/>
        <line num="259" count="17" type="stmt"/>
      </file>
      <file name="greek-paradigm-dataset.js" path="F:\_Alpheios\____service_workes\_workspaces-core\v1\packages\inflection-tables\src\paradigm\data\greek\greek-paradigm-dataset.js">
        <metrics statements="109" coveredstatements="103" conditionals="40" coveredconditionals="30" methods="18" coveredmethods="17"/>
        <line num="12" count="19" type="stmt"/>
        <line num="14" count="19" type="stmt"/>
        <line num="15" count="19" type="stmt"/>
        <line num="16" count="19" type="stmt"/>
        <line num="19" count="19" type="stmt"/>
        <line num="20" count="460" type="stmt"/>
        <line num="23" count="19" type="stmt"/>
        <line num="28" count="57" type="stmt"/>
        <line num="32" count="57" type="stmt"/>
        <line num="37" count="34" type="stmt"/>
        <line num="51" count="34" type="stmt"/>
        <line num="52" count="3179" type="stmt"/>
        <line num="53" count="3179" type="stmt"/>
        <line num="54" count="3179" type="stmt"/>
        <line num="56" count="3179" type="stmt"/>
        <line num="58" count="3179" type="cond" truecount="2" falsecount="0"/>
        <line num="59" count="3179" type="cond" truecount="2" falsecount="0"/>
        <line num="60" count="3179" type="cond" truecount="2" falsecount="0"/>
        <line num="61" count="3179" type="cond" truecount="2" falsecount="0"/>
        <line num="62" count="3179" type="cond" truecount="1" falsecount="1"/>
        <line num="65" count="3179" type="cond" truecount="2" falsecount="0"/>
        <line num="66" count="629" type="stmt"/>
        <line num="69" count="3179" type="stmt"/>
        <line num="70" count="3179" type="cond" truecount="1" falsecount="1"/>
        <line num="71" count="0" type="stmt"/>
        <line num="74" count="3179" type="cond" truecount="1" falsecount="1"/>
        <line num="75" count="3179" type="stmt"/>
        <line num="77" count="0" type="stmt"/>
        <line num="80" count="34" type="stmt"/>
        <line num="81" count="1173" type="stmt"/>
        <line num="82" count="1173" type="stmt"/>
        <line num="85" count="34" type="stmt"/>
        <line num="90" count="34" type="stmt"/>
        <line num="103" count="34" type="stmt"/>
        <line num="104" count="1241" type="stmt"/>
        <line num="105" count="1241" type="stmt"/>
        <line num="106" count="1241" type="stmt"/>
        <line num="108" count="1241" type="stmt"/>
        <line num="110" count="1241" type="cond" truecount="2" falsecount="0"/>
        <line num="111" count="1241" type="cond" truecount="1" falsecount="1"/>
        <line num="112" count="1241" type="cond" truecount="2" falsecount="0"/>
        <line num="113" count="1241" type="cond" truecount="1" falsecount="1"/>
        <line num="116" count="1241" type="cond" truecount="1" falsecount="1"/>
        <line num="117" count="1241" type="stmt"/>
        <line num="120" count="1241" type="stmt"/>
        <line num="121" count="1241" type="cond" truecount="1" falsecount="1"/>
        <line num="122" count="0" type="stmt"/>
        <line num="125" count="1241" type="cond" truecount="1" falsecount="1"/>
        <line num="126" count="1241" type="stmt"/>
        <line num="128" count="0" type="stmt"/>
        <line num="131" count="34" type="stmt"/>
        <line num="132" count="442" type="stmt"/>
        <line num="135" count="34" type="stmt"/>
        <line num="139" count="17" type="stmt"/>
        <line num="140" count="17" type="stmt"/>
        <line num="141" count="17" type="stmt"/>
        <line num="142" count="17" type="stmt"/>
        <line num="144" count="17" type="stmt"/>
        <line num="148" count="17" type="stmt"/>
        <line num="149" count="17" type="stmt"/>
        <line num="150" count="17" type="stmt"/>
        <line num="152" count="17" type="stmt"/>
        <line num="153" count="17" type="stmt"/>
        <line num="157" count="17" type="stmt"/>
        <line num="158" count="17" type="stmt"/>
        <line num="162" count="17" type="stmt"/>
        <line num="163" count="17" type="stmt"/>
        <line num="164" count="17" type="stmt"/>
        <line num="166" count="17" type="stmt"/>
        <line num="167" count="17" type="stmt"/>
        <line num="171" count="17" type="stmt"/>
        <line num="175" count="17" type="stmt"/>
        <line num="177" count="17" type="stmt"/>
        <line num="178" count="17" type="stmt"/>
        <line num="182" count="17" type="stmt"/>
        <line num="186" count="17" type="stmt"/>
        <line num="188" count="17" type="stmt"/>
        <line num="189" count="17" type="stmt"/>
        <line num="193" count="17" type="stmt"/>
        <line num="197" count="68" type="cond" truecount="1" falsecount="1"/>
        <line num="198" count="68" type="stmt"/>
        <line num="200" count="68" type="stmt"/>
        <line num="204" count="17" type="stmt"/>
        <line num="206" count="17" type="stmt"/>
        <line num="208" count="34" type="stmt"/>
        <line num="209" count="34" type="stmt"/>
        <line num="211" count="17" type="stmt"/>
        <line num="215" count="950" type="stmt"/>
        <line num="216" count="950" type="stmt"/>
        <line num="217" count="950" type="stmt"/>
        <line num="221" count="995" type="stmt"/>
        <line num="222" count="995" type="cond" truecount="2" falsecount="0"/>
        <line num="223" count="950" type="stmt"/>
        <line num="224" count="950" type="stmt"/>
        <line num="226" count="995" type="stmt"/>
        <line num="231" count="1520" type="stmt"/>
        <line num="232" count="1520" type="stmt"/>
        <line num="233" count="1520" type="stmt"/>
        <line num="235" count="1520" type="stmt"/>
        <line num="236" count="1520" type="cond" truecount="1" falsecount="1"/>
        <line num="237" count="0" type="stmt"/>
        <line num="240" count="1520" type="cond" truecount="2" falsecount="0"/>
        <line num="241" count="543" type="stmt"/>
        <line num="242" count="465" type="cond" truecount="2" falsecount="0"/>
        <line num="243" count="429" type="stmt"/>
        <line num="244" count="429" type="stmt"/>
        <line num="247" count="465" type="stmt"/>
        <line num="249" count="1520" type="stmt"/>
        <line num="254" count="0" type="stmt"/>
      </file>
    </package>
    <package name="src.paradigm.data.greek.adjective">
      <metrics statements="1" coveredstatements="1" conditionals="0" coveredconditionals="0" methods="0" coveredmethods="0"/>
      <file name="rules.csv" path="F:\_Alpheios\____service_workes\_workspaces-core\v1\packages\inflection-tables\src\paradigm\data\greek\adjective\rules.csv">
        <metrics statements="1" coveredstatements="1" conditionals="0" coveredconditionals="0" methods="0" coveredmethods="0"/>
        <line num="1" count="20" type="stmt"/>
      </file>
    </package>
    <package name="src.paradigm.data.greek.noun">
      <metrics statements="1" coveredstatements="1" conditionals="0" coveredconditionals="0" methods="0" coveredmethods="0"/>
      <file name="rules.csv" path="F:\_Alpheios\____service_workes\_workspaces-core\v1\packages\inflection-tables\src\paradigm\data\greek\noun\rules.csv">
        <metrics statements="1" coveredstatements="1" conditionals="0" coveredconditionals="0" methods="0" coveredmethods="0"/>
        <line num="1" count="20" type="stmt"/>
      </file>
    </package>
    <package name="src.paradigm.data.greek.verb">
      <metrics statements="2" coveredstatements="2" conditionals="0" coveredconditionals="0" methods="0" coveredmethods="0"/>
      <file name="footnotes.csv" path="F:\_Alpheios\____service_workes\_workspaces-core\v1\packages\inflection-tables\src\paradigm\data\greek\verb\footnotes.csv">
        <metrics statements="1" coveredstatements="1" conditionals="0" coveredconditionals="0" methods="0" coveredmethods="0"/>
        <line num="1" count="21" type="stmt"/>
      </file>
      <file name="rules.csv" path="F:\_Alpheios\____service_workes\_workspaces-core\v1\packages\inflection-tables\src\paradigm\data\greek\verb\rules.csv">
        <metrics statements="1" coveredstatements="1" conditionals="0" coveredconditionals="0" methods="0" coveredmethods="0"/>
        <line num="1" count="21" type="stmt"/>
      </file>
    </package>
    <package name="src.paradigm.data.greek.verb-participle">
      <metrics statements="1" coveredstatements="1" conditionals="0" coveredconditionals="0" methods="0" coveredmethods="0"/>
      <file name="rules.csv" path="F:\_Alpheios\____service_workes\_workspaces-core\v1\packages\inflection-tables\src\paradigm\data\greek\verb-participle\rules.csv">
        <metrics statements="1" coveredstatements="1" conditionals="0" coveredconditionals="0" methods="0" coveredmethods="0"/>
        <line num="1" count="21" type="stmt"/>
      </file>
    </package>
    <package name="src.paradigm.lib">
      <metrics statements="86" coveredstatements="84" conditionals="49" coveredconditionals="45" methods="27" coveredmethods="25"/>
      <file name="paradigm-inflection-list.js" path="F:\_Alpheios\____service_workes\_workspaces-core\v1\packages\inflection-tables\src\paradigm\lib\paradigm-inflection-list.js">
        <metrics statements="26" coveredstatements="25" conditionals="18" coveredconditionals="16" methods="9" coveredmethods="7"/>
        <line num="11" count="950" type="cond" truecount="1" falsecount="1"/>
        <line num="12" count="950" type="stmt"/>
        <line num="14" count="950" type="stmt"/>
        <line num="15" count="10923" type="cond" truecount="2" falsecount="0"/>
        <line num="17" count="832" type="stmt"/>
        <line num="20" count="118" type="stmt"/>
        <line num="29" count="0" type="stmt"/>
        <line num="42" count="1125" type="cond" truecount="2" falsecount="0"/>
        <line num="43" count="429" type="stmt"/>
        <line num="45" count="429" type="stmt"/>
        <line num="46" count="1026" type="stmt"/>
        <line num="47" count="1026" type="stmt"/>
        <line num="48" count="1026" type="stmt"/>
        <line num="49" count="22559" type="stmt"/>
        <line num="50" count="22559" type="cond" truecount="2" falsecount="0"/>
        <line num="52" count="1158" type="cond" truecount="2" falsecount="0"/>
        <line num="53" count="1079" type="cond" truecount="2" falsecount="0"/>
        <line num="55" count="1065" type="stmt"/>
        <line num="56" count="1065" type="stmt"/>
        <line num="57" count="14" type="cond" truecount="2" falsecount="0"/>
        <line num="61" count="4" type="cond" truecount="1" falsecount="1"/>
        <line num="62" count="4" type="stmt"/>
        <line num="67" count="1026" type="stmt"/>
        <line num="69" count="1027" type="cond" truecount="2" falsecount="0"/>
[...]
      </file>
      <file name="table.js" path="F:\_Alpheios\____service_workes\_workspaces-core\v1\packages\inflection-tables\src\views\lib\table.js">
        <metrics statements="150" coveredstatements="142" conditionals="84" coveredconditionals="76" methods="18" coveredmethods="17"/>
        <line num="17" count="1009" type="stmt"/>
        <line num="18" count="1009" type="stmt"/>
        <line num="23" count="1009" type="stmt"/>
        <line num="37" count="158" type="stmt"/>
        <line num="39" count="158" type="stmt"/>
        <line num="40" count="158" type="stmt"/>
        <line num="41" count="158" type="cond" truecount="2" falsecount="0"/>
        <line num="42" count="158" type="stmt"/>
        <line num="43" count="158" type="stmt"/>
        <line num="44" count="158" type="stmt"/>
        <line num="46" count="158" type="stmt"/>
        <line num="47" count="158" type="cond" truecount="2" falsecount="0"/>
        <line num="49" count="124" type="stmt"/>
        <line num="52" count="158" type="cond" truecount="1" falsecount="1"/>
        <line num="53" count="158" type="stmt"/>
        <line num="55" count="0" type="stmt"/>
        <line num="57" count="158" type="cond" truecount="2" falsecount="0"/>
        <line num="58" count="34" type="stmt"/>
        <line num="60" count="124" type="stmt"/>
        <line num="62" count="158" type="stmt"/>
        <line num="70" count="8578" type="cond" truecount="1" falsecount="1"/>
        <line num="71" count="0" type="stmt"/>
        <line num="73" count="8578" type="stmt"/>
        <line num="81" count="2420" type="cond" truecount="1" falsecount="1"/>
        <line num="82" count="0" type="stmt"/>
        <line num="84" count="2420" type="stmt"/>
        <line num="92" count="3052" type="cond" truecount="1" falsecount="1"/>
        <line num="93" count="0" type="stmt"/>
        <line num="95" count="3052" type="stmt"/>
        <line num="111" count="2742" type="stmt"/>
        <line num="112" count="2742" type="cond" truecount="4" falsecount="0"/>
        <line num="118" count="17" type="stmt"/>
        <line num="119" count="17" type="stmt"/>
        <line num="120" count="17" type="stmt"/>
        <line num="121" count="17" type="stmt"/>
        <line num="123" count="2725" type="stmt"/>
        <line num="124" count="2725" type="stmt"/>
        <line num="127" count="2725" type="stmt"/>
        <line num="128" count="8251" type="cond" truecount="4" falsecount="0"/>
        <line num="130" count="5526" type="stmt"/>
        <line num="132" count="8251" type="stmt"/>
        <line num="135" count="65107" type="stmt"/>
        <line num="137" count="8251" type="cond" truecount="2" falsecount="0"/>
        <line num="139" count="2567" type="stmt"/>
        <line num="140" count="2567" type="stmt"/>
        <line num="141" count="2567" type="stmt"/>
        <line num="145" count="5684" type="cond" truecount="2" falsecount="0"/>
        <line num="146" count="3407" type="cond" truecount="2" falsecount="0"/>
        <line num="147" count="721" type="stmt"/>
        <line num="150" count="3407" type="stmt"/>
        <line num="153" count="5684" type="stmt"/>
        <line num="154" count="5684" type="stmt"/>
        <line num="155" count="5684" type="stmt"/>
        <line num="156" count="5684" type="stmt"/>
        <line num="157" count="5684" type="stmt"/>
        <line num="160" count="2725" type="stmt"/>
        <line num="161" count="2725" type="stmt"/>
        <line num="163" count="17" type="stmt"/>
        <line num="175" count="2742" type="stmt"/>
        <line num="176" count="2742" type="stmt"/>
        <line num="177" count="2742" type="stmt"/>
        <line num="178" count="8268" type="stmt"/>
        <line num="181" count="8268" type="cond" truecount="2" falsecount="0"/>
        <line num="182" count="2584" type="stmt"/>
        <line num="183" count="2584" type="cond" truecount="2" falsecount="0"/>
        <line num="192" count="2259" type="stmt"/>
        <line num="196" count="2259" type="stmt"/>
        <line num="197" count="2259" type="stmt"/>
        <line num="198" count="325" type="cond" truecount="4" falsecount="0"/>
        <line num="199" count="304" type="stmt"/>
        <line num="200" count="304" type="stmt"/>
        <line num="201" count="304" type="stmt"/>
        <line num="202" count="304" type="stmt"/>
        <line num="203" count="304" type="stmt"/>
        <line num="204" count="304" type="cond" truecount="2" falsecount="0"/>
        <line num="206" count="287" type="stmt"/>
        <line num="211" count="5684" type="stmt"/>
        <line num="215" count="5684" type="stmt"/>
        <line num="219" count="5684" type="stmt"/>
        <line num="222" count="2742" type="cond" truecount="2" falsecount="0"/>
        <line num="223" count="2563" type="stmt"/>
        <line num="225" count="179" type="stmt"/>
        <line num="237" count="162" type="stmt"/>
        <line num="239" count="162" type="stmt"/>
        <line num="240" count="162" type="stmt"/>
        <line num="241" count="308" type="stmt"/>
        <line num="244" count="308" type="cond" truecount="2" falsecount="0"/>
        <line num="245" count="21" type="stmt"/>
        <line num="247" count="21" type="stmt"/>
        <line num="248" count="21" type="stmt"/>
        <line num="249" count="54" type="stmt"/>
        <line num="252" count="21" type="stmt"/>
        <line num="253" count="21" type="stmt"/>
        <line num="254" count="21" type="stmt"/>
        <line num="255" count="54" type="stmt"/>
        <line num="258" count="21" type="cond" truecount="2" falsecount="0"/>
        <line num="259" count="9" type="stmt"/>
        <line num="261" count="21" type="stmt"/>
        <line num="264" count="21" type="stmt"/>
        <line num="265" count="21" type="stmt"/>
        <line num="268" count="287" type="stmt"/>
        <line num="270" count="287" type="cond" truecount="2" falsecount="0"/>
        <line num="271" count="141" type="stmt"/>
        <line num="274" count="287" type="stmt"/>
        <line num="275" count="287" type="stmt"/>
        <line num="277" count="287" type="stmt"/>
        <line num="280" count="162" type="cond" truecount="2" falsecount="0"/>
        <line num="281" count="141" type="stmt"/>
        <line num="283" count="21" type="stmt"/>
        <line num="292" count="158" type="stmt"/>
        <line num="293" count="158" type="stmt"/>
        <line num="294" count="2894" type="stmt"/>
        <line num="295" count="2894" type="stmt"/>
        <line num="296" count="2894" type="stmt"/>
        <line num="297" count="5684" type="stmt"/>
        <line num="300" count="158" type="stmt"/>
        <line num="301" count="158" type="stmt"/>
        <line num="302" count="2894" type="cond" truecount="2" falsecount="0"/>
        <line num="303" count="1618" type="stmt"/>
        <line num="309" count="1276" type="cond" truecount="5" falsecount="0"/>
        <line num="310" count="688" type="stmt"/>
        <line num="314" count="158" type="stmt"/>
        <line num="321" count="282" type="stmt"/>
        <line num="322" count="512" type="cond" truecount="2" falsecount="0"/>
        <line num="323" count="71" type="stmt"/>
        <line num="326" count="282" type="stmt"/>
        <line num="333" count="0" type="stmt"/>
        <line num="334" count="0" type="cond" truecount="0" falsecount="2"/>
        <line num="335" count="0" type="stmt"/>
        <line num="338" count="0" type="stmt"/>
        <line num="347" count="158" type="stmt"/>
        <line num="348" count="158" type="stmt"/>
        <line num="349" count="158" type="cond" truecount="2" falsecount="0"/>
        <line num="350" count="141" type="stmt"/>
        <line num="351" count="267" type="cond" truecount="2" falsecount="0"/>
        <line num="352" count="61" type="stmt"/>
        <line num="354" count="254" type="cond" truecount="2" falsecount="0"/>
        <line num="355" count="215" type="stmt"/>
        <line num="360" count="158" type="cond" truecount="2" falsecount="0"/>
        <line num="367" count="34" type="stmt"/>
        <line num="368" count="91" type="stmt"/>
        <line num="369" count="86" type="cond" truecount="2" falsecount="0"/>
        <line num="370" count="51" type="stmt"/>
        <line num="371" count="56" type="stmt"/>
        <line num="375" count="34" type="stmt"/>
        <line num="382" count="124" type="stmt"/>
        <line num="383" count="208" type="stmt"/>
        <line num="385" count="124" type="cond" truecount="1" falsecount="1"/>
        <line num="386" count="124" type="stmt"/>
        <line num="388" count="124" type="stmt"/>
      </file>
      <file name="view-set-factory.js" path="F:\_Alpheios\____service_workes\_workspaces-core\v1\packages\inflection-tables\src\views\lib\view-set-factory.js">
        <metrics statements="14" coveredstatements="11" conditionals="8" coveredconditionals="7" methods="4" coveredmethods="2"/>
        <line num="10" count="348" type="stmt"/>
        <line num="11" count="348" type="stmt"/>
        <line num="12" count="347" type="stmt"/>
        <line num="14" count="1" type="stmt"/>
        <line num="16" count="1" type="stmt"/>
        <line num="19" count="348" type="stmt"/>
        <line num="23" count="0" type="stmt"/>
        <line num="27" count="347" type="stmt"/>
        <line num="28" count="347" type="cond" truecount="4" falsecount="0"/>
        <line num="29" count="43" type="stmt"/>
        <line num="30" count="304" type="cond" truecount="3" falsecount="1"/>
        <line num="31" count="304" type="stmt"/>
        <line num="33" count="0" type="stmt"/>
        <line num="49" count="0" type="stmt"/>
      </file>
      <file name="view-set.js" path="F:\_Alpheios\____service_workes\_workspaces-core\v1\packages\inflection-tables\src\views\lib\view-set.js">
        <metrics statements="40" coveredstatements="32" conditionals="20" coveredconditionals="12" methods="14" coveredmethods="9"/>
        <line num="13" count="348" type="stmt"/>
        <line num="14" count="348" type="stmt"/>
        <line num="15" count="348" type="stmt"/>
        <line num="16" count="348" type="stmt"/>
        <line num="17" count="348" type="stmt"/>
        <line num="19" count="348" type="cond" truecount="2" falsecount="0"/>
        <line num="20" count="347" type="stmt"/>
        <line num="21" count="347" type="stmt"/>
        <line num="25" count="347" type="stmt"/>
        <line num="27" count="347" type="cond" truecount="1" falsecount="1"/>
        <line num="28" count="347" type="stmt"/>
        <line num="29" count="489" type="stmt"/>
        <line num="31" count="1087" type="stmt"/>
        <line num="32" count="1087" type="stmt"/>
        <line num="33" count="2081" type="stmt"/>
        <line num="36" count="0" type="stmt"/>
        <line num="41" count="347" type="stmt"/>
        <line num="42" count="5810" type="stmt"/>
        <line num="44" count="347" type="stmt"/>
        <line num="55" count="0" type="stmt"/>
        <line num="59" count="0" type="stmt"/>
        <line num="63" count="347" type="stmt"/>
        <line num="67" count="347" type="stmt"/>
        <line num="68" count="1150" type="cond" truecount="2" falsecount="0"/>
        <line num="69" count="413" type="stmt"/>
        <line num="71" count="1150" type="stmt"/>
        <line num="73" count="1703" type="stmt"/>
        <line num="74" count="1150" type="cond" truecount="2" falsecount="0"/>
        <line num="75" count="1046" type="stmt"/>
        <line num="91" count="2" type="cond" truecount="2" falsecount="0"/>
        <line num="93" count="1" type="cond" truecount="1" falsecount="1"/>
        <line num="96" count="1" type="stmt"/>
        <line num="98" count="2" type="stmt"/>
        <line num="99" count="2" type="stmt"/>
        <line num="100" count="9" type="stmt"/>
        <line num="105" count="0" type="stmt"/>
        <line num="109" count="0" type="cond" truecount="0" falsecount="4"/>
        <line num="110" count="0" type="stmt"/>
        <line num="112" count="0" type="stmt"/>
        <line num="113" count="0" type="cond" truecount="0" falsecount="2"/>
      </file>
      <file name="view.js" path="F:\_Alpheios\____service_workes\_workspaces-core\v1\packages\inflection-tables\src\views\lib\view.js">
        <metrics statements="93" coveredstatements="57" conditionals="61" coveredconditionals="25" methods="36" coveredmethods="22"/>
        <line num="18" count="1261" type="stmt"/>
        <line num="19" count="1261" type="stmt"/>
        <line num="20" count="1261" type="stmt"/>
        <line num="22" count="1261" type="stmt"/>
        <line num="25" count="1261" type="stmt"/>
        <line num="31" count="1261" type="stmt"/>
        <line num="39" count="1261" type="stmt"/>
        <line num="40" count="1261" type="stmt"/>
        <line num="41" count="1261" type="stmt"/>
        <line num="44" count="1261" type="stmt"/>
        <line num="46" count="1261" type="cond" truecount="2" falsecount="0"/>
        <line num="47" count="806" type="stmt"/>
        <line num="49" count="455" type="stmt"/>
        <line num="52" count="1261" type="stmt"/>
        <line num="53" count="1261" type="stmt"/>
        <line num="56" count="1261" type="stmt"/>
        <line num="62" count="1261" type="stmt"/>
        <line num="67" count="1261" type="stmt"/>
        <line num="74" count="1261" type="stmt"/>
        <line num="76" count="1261" type="stmt"/>
        <line num="80" count="0" type="stmt"/>
        <line num="88" count="0" type="stmt"/>
        <line num="92" count="0" type="stmt"/>
        <line num="103" count="1" type="stmt"/>
        <line num="113" count="33215" type="cond" truecount="2" falsecount="0"/>
        <line num="124" count="578" type="stmt"/>
        <line num="128" count="9990" type="stmt"/>
        <line num="132" count="2316" type="stmt"/>
        <line num="144" count="1612" type="stmt"/>
        <line num="153" count="0" type="cond" truecount="0" falsecount="4"/>
        <line num="163" count="0" type="stmt"/>
        <line num="164" count="0" type="stmt"/>
        <line num="168" count="1703" type="stmt"/>
        <line num="182" count="2211" type="stmt"/>
        <line num="183" count="2211" type="cond" truecount="2" falsecount="0"/>
        <line num="184" count="5393" type="cond" truecount="4" falsecount="0"/>
        <line num="185" count="2211" type="stmt"/>
        <line num="195" count="1" type="stmt"/>
        <line num="205" count="159" type="cond" truecount="2" falsecount="0"/>
        <line num="215" count="0" type="cond" truecount="0" falsecount="2"/>
        <line num="226" count="160" type="cond" truecount="4" falsecount="0"/>
        <line num="227" count="158" type="stmt"/>
        <line num="228" count="158" type="stmt"/>
        <line num="229" count="158" type="stmt"/>
        <line num="231" count="158" type="stmt"/>
        <line num="232" count="158" type="stmt"/>
        <line num="235" count="158" type="stmt"/>
        <line num="236" count="110" type="stmt"/>
        <line num="238" count="158" type="stmt"/>
        <line num="240" count="160" type="stmt"/>
        <line num="248" count="146" type="cond" truecount="1" falsecount="1"/>
        <line num="257" count="158" type="cond" truecount="1" falsecount="1"/>
        <line num="263" count="0" type="stmt"/>
        <line num="274" count="0" type="cond" truecount="0" falsecount="4"/>
        <line num="276" count="0" type="cond" truecount="0" falsecount="2"/>
        <line num="277" count="0" type="stmt"/>
        <line num="279" count="0" type="stmt"/>
        <line num="282" count="0" type="stmt"/>
        <line num="286" count="0" type="cond" truecount="0" falsecount="2"/>
        <line num="297" count="0" type="cond" truecount="0" falsecount="4"/>
        <line num="299" count="0" type="cond" truecount="0" falsecount="2"/>
        <line num="300" count="0" type="cond" truecount="0" falsecount="2"/>
        <line num="301" count="0" type="stmt"/>
        <line num="304" count="0" type="stmt"/>
        <line num="307" count="0" type="stmt"/>
        <line num="311" count="0" type="stmt"/>
        <line num="320" count="1" type="stmt"/>
        <line num="321" count="1" type="stmt"/>
        <line num="330" count="25" type="stmt"/>
        <line num="333" count="51" type="cond" truecount="1" falsecount="1"/>
        <line num="343" count="12154" type="cond" truecount="2" falsecount="0"/>
        <line num="348" count="3686" type="stmt"/>
        <line num="360" count="2426" type="cond" truecount="2" falsecount="0"/>
        <line num="361" count="646" type="stmt"/>
        <line num="363" count="646" type="cond" truecount="1" falsecount="1"/>
        <line num="365" count="646" type="stmt"/>
        <line num="367" count="646" type="stmt"/>
        <line num="370" count="1780" type="stmt"/>
        <line num="374" count="0" type="cond" truecount="0" falsecount="4"/>
        <line num="375" count="0" type="stmt"/>
        <line num="377" count="0" type="cond" truecount="0" falsecount="2"/>
        <line num="378" count="0" type="cond" truecount="0" falsecount="2"/>
        <line num="379" count="0" type="stmt"/>
        <line num="380" count="0" type="stmt"/>
        <line num="381" count="0" type="stmt"/>
        <line num="382" count="0" type="stmt"/>
        <line num="383" count="0" type="stmt"/>
        <line num="387" count="0" type="stmt"/>
        <line num="388" count="0" type="stmt"/>
        <line num="390" count="0" type="stmt"/>
        <line num="391" count="0" type="cond" truecount="0" falsecount="2"/>
        <line num="392" count="0" type="stmt"/>
        <line num="394" count="0" type="stmt"/>
      </file>
      <file name="wide-view.js" path="F:\_Alpheios\____service_workes\_workspaces-core\v1\packages\inflection-tables\src\views\lib\wide-view.js">
        <metrics statements="26" coveredstatements="21" conditionals="4" coveredconditionals="2" methods="4" coveredmethods="3"/>
        <line num="11" count="1261" type="stmt"/>
        <line num="14" count="1261" type="stmt"/>
        <line num="22" count="0" type="stmt"/>
        <line num="23" count="0" type="stmt"/>
        <line num="24" count="0" type="cond" truecount="0" falsecount="2"/>
        <line num="25" count="0" type="stmt"/>
        <line num="28" count="0" type="stmt"/>
        <line num="32" count="802" type="stmt"/>
        <line num="41" count="158" type="stmt"/>
        <line num="42" count="158" type="stmt"/>
        <line num="43" count="158" type="stmt"/>
        <line num="44" count="150" type="stmt"/>
        <line num="45" count="150" type="stmt"/>
        <line num="46" count="150" type="stmt"/>
        <line num="47" count="308" type="stmt"/>
        <line num="49" count="150" type="stmt"/>
        <line num="52" count="158" type="stmt"/>
        <line num="53" count="1618" type="stmt"/>
        <line num="54" count="1618" type="stmt"/>
        <line num="55" count="1618" type="cond" truecount="2" falsecount="0"/>
        <line num="56" count="802" type="stmt"/>
        <line num="58" count="1618" type="stmt"/>
        <line num="59" count="2384" type="stmt"/>
        <line num="62" count="1618" type="stmt"/>
        <line num="63" count="3894" type="stmt"/>
        <line num="65" count="1618" type="stmt"/>
      </file>
    </package>
    <package name="src.views.styles">
      <metrics statements="2" coveredstatements="2" conditionals="0" coveredconditionals="0" methods="0" coveredmethods="0"/>
      <file name="styles.js" path="F:\_Alpheios\____service_workes\_workspaces-core\v1\packages\inflection-tables\src\views\styles\styles.js">
        <metrics statements="2" coveredstatements="2" conditionals="0" coveredconditionals="0" methods="0" coveredmethods="0"/>
        <line num="1" count="2" type="stmt"/>
        <line num="10" count="2" type="stmt"/>
      </file>
    </package>
  </project>
</coverage>
