{"F:\\_Alpheios\\____service_workes\\_workspaces-core\\v1\\packages\\inflection-tables\\src\\index.js": {"path":"F:\\_Alpheios\\____service_workes\\_workspaces-core\\v1\\packages\\inflection-tables\\src\\index.js","statementMap":{},"fnMap":{},"branchMap":{},"s":{},"f":{},"b":{}}
,"F:\\_Alpheios\\____service_workes\\_workspaces-core\\v1\\packages\\inflection-tables\\src\\lib\\comparison-feature.js": {"path":"F:\\_Alpheios\\____service_workes\\_workspaces-core\\v1\\packages\\inflection-tables\\src\\lib\\comparison-feature.js","statementMap":{"0":{"start":{"line":5,"column":4},"end":{"line":5,"column":34}},"1":{"start":{"line":6,"column":4},"end":{"line":6,"column":40}}},"fnMap":{"0":{"name":"(anonymous_0)","decl":{"start":{"line":4,"column":2},"end":{"line":4,"column":3}},"loc":{"start":{"line":4,"column":77},"end":{"line":7,"column":3}},"line":4}},"branchMap":{"0":{"loc":{"start":{"line":4,"column":28},"end":{"line":4,"column":75}},"type":"default-arg","locations":[{"start":{"line":4,"column":45},"end":{"line":4,"column":75}}],"line":4}},"s":{"0":0,"1":0},"f":{"0":0},"b":{"0":[0]}}
,"F:\\_Alpheios\\____service_workes\\_workspaces-core\\v1\\packages\\inflection-tables\\src\\lib\\extended-greek-data.js": {"path":"F:\\_Alpheios\\____service_workes\\_workspaces-core\\v1\\packages\\inflection-tables\\src\\lib\\extended-greek-data.js","statementMap":{"0":{"start":{"line":6,"column":4},"end":{"line":6,"column":11}},"1":{"start":{"line":7,"column":4},"end":{"line":7,"column":65}},"2":{"start":{"line":8,"column":4},"end":{"line":8,"column":24}},"3":{"start":{"line":12,"column":15},"end":{"line":12,"column":38}},"4":{"start":{"line":13,"column":4},"end":{"line":13,"column":37}},"5":{"start":{"line":14,"column":4},"end":{"line":14,"column":15}},"6":{"start":{"line":18,"column":4},"end":{"line":20,"column":5}},"7":{"start":{"line":19,"column":6},"end":{"line":19,"column":83}},"8":{"start":{"line":21,"column":17},"end":{"line":21,"column":40}},"9":{"start":{"line":22,"column":4},"end":{"line":22,"column":33}},"10":{"start":{"line":23,"column":4},"end":{"line":23,"column":17}}},"fnMap":{"0":{"name":"(anonymous_0)","decl":{"start":{"line":5,"column":2},"end":{"line":5,"column":3}},"loc":{"start":{"line":5,"column":17},"end":{"line":9,"column":3}},"line":5},"1":{"name":"(anonymous_1)","decl":{"start":{"line":11,"column":2},"end":{"line":11,"column":3}},"loc":{"start":{"line":11,"column":33},"end":{"line":15,"column":3}},"line":11},"2":{"name":"(anonymous_2)","decl":{"start":{"line":17,"column":2},"end":{"line":17,"column":3}},"loc":{"start":{"line":17,"column":28},"end":{"line":24,"column":3}},"line":17}},"branchMap":{"0":{"loc":{"start":{"line":18,"column":4},"end":{"line":20,"column":5}},"type":"if","locations":[{"start":{"line":18,"column":4},"end":{"line":20,"column":5}},{"start":{},"end":{}}],"line":18}},"s":{"0":32939,"1":32939,"2":32939,"3":2,"4":2,"5":2,"6":2,"7":2,"8":2,"9":2,"10":2},"f":{"0":32939,"1":2,"2":2},"b":{"0":[2,0]},"_coverageSchema":"1a1c01bbd47fc00a2c39e90264f33305004495a9","hash":"d2cc4afcb7b11aa40775c909789bd1afea7d52ab"}
,"F:\\_Alpheios\\____service_workes\\_workspaces-core\\v1\\packages\\inflection-tables\\src\\lib\\extended-language-data.js": {"path":"F:\\_Alpheios\\____service_workes\\_workspaces-core\\v1\\packages\\inflection-tables\\src\\lib\\extended-language-data.js","statementMap":{"0":{"start":{"line":3,"column":4},"end":{"line":3,"column":26}},"1":{"start":{"line":7,"column":4},"end":{"line":9,"column":5}}},"fnMap":{"0":{"name":"(anonymous_0)","decl":{"start":{"line":2,"column":2},"end":{"line":2,"column":3}},"loc":{"start":{"line":2,"column":17},"end":{"line":4,"column":3}},"line":2},"1":{"name":"(anonymous_1)","decl":{"start":{"line":6,"column":2},"end":{"line":6,"column":3}},"loc":{"start":{"line":6,"column":18},"end":{"line":10,"column":3}},"line":6}},"branchMap":{},"s":{"0":32939,"1":32939},"f":{"0":32939,"1":32939},"b":{},"_coverageSchema":"1a1c01bbd47fc00a2c39e90264f33305004495a9","hash":"0cd47eebd231f8b64ca853ea2500d1b4803e379a"}
,"F:\\_Alpheios\\____service_workes\\_workspaces-core\\v1\\packages\\inflection-tables\\src\\lib\\footnote.js": {"path":"F:\\_Alpheios\\____service_workes\\_workspaces-core\\v1\\packages\\inflection-tables\\src\\lib\\footnote.js","statementMap":{"0":{"start":{"line":5,"column":4},"end":{"line":5,"column":22}},"1":{"start":{"line":6,"column":4},"end":{"line":6,"column":20}},"2":{"start":{"line":7,"column":4},"end":{"line":7,"column":43}},"3":{"start":{"line":11,"column":4},"end":{"line":11,"column":33}},"4":{"start":{"line":12,"column":4},"end":{"line":12,"column":31}},"5":{"start":{"line":13,"column":4},"end":{"line":13,"column":61}},"6":{"start":{"line":14,"column":4},"end":{"line":14,"column":90}}},"fnMap":{"0":{"name":"(anonymous_0)","decl":{"start":{"line":4,"column":2},"end":{"line":4,"column":3}},"loc":{"start":{"line":4,"column":42},"end":{"line":8,"column":3}},"line":4},"1":{"name":"(anonymous_1)","decl":{"start":{"line":10,"column":2},"end":{"line":10,"column":3}},"loc":{"start":{"line":10,"column":33},"end":{"line":15,"column":3}},"line":10}},"branchMap":{},"s":{"0":1973,"1":1973,"2":1973,"3":1,"4":1,"5":1,"6":1},"f":{"0":1973,"1":1},"b":{},"_coverageSchema":"1a1c01bbd47fc00a2c39e90264f33305004495a9","hash":"88df69194df885686989024c7c3250facbc9a3f5"}
,"F:\\_Alpheios\\____service_workes\\_workspaces-core\\v1\\packages\\inflection-tables\\src\\lib\\form.js": {"path":"F:\\_Alpheios\\____service_workes\\_workspaces-core\\v1\\packages\\inflection-tables\\src\\lib\\form.js","statementMap":{},"fnMap":{},"branchMap":{},"s":{},"f":{},"b":{},"_coverageSchema":"1a1c01bbd47fc00a2c39e90264f33305004495a9","hash":"7f0198d32b977588bd6d575be0ce166fc71d1d36"}
,"F:\\_Alpheios\\____service_workes\\_workspaces-core\\v1\\packages\\inflection-tables\\src\\lib\\inflection-data.js": {"path":"F:\\_Alpheios\\____service_workes\\_workspaces-core\\v1\\packages\\inflection-tables\\src\\lib\\inflection-data.js","statementMap":{"0":{"start":{"line":13,"column":4},"end":{"line":13,"column":26}},"1":{"start":{"line":14,"column":4},"end":{"line":14,"column":24}},"2":{"start":{"line":18,"column":4},"end":{"line":18,"column":57}},"3":{"start":{"line":22,"column":4},"end":{"line":24,"column":5}},"4":{"start":{"line":23,"column":6},"end":{"line":23,"column":36}},"5":{"start":{"line":28,"column":4},"end":{"line":30,"column":5}},"6":{"start":{"line":29,"column":6},"end":{"line":29,"column":36}},"7":{"start":{"line":34,"column":4},"end":{"line":34,"column":28}},"8":{"start":{"line":42,"column":4},"end":{"line":42,"column":38}},"9":{"start":{"line":52,"column":4},"end":{"line":57,"column":5}},"10":{"start":{"line":53,"column":28},"end":{"line":53,"column":54}},"11":{"start":{"line":54,"column":6},"end":{"line":56,"column":7}},"12":{"start":{"line":55,"column":8},"end":{"line":55,"column":60}},"13":{"start":{"line":58,"column":4},"end":{"line":58,"column":13}},"14":{"start":{"line":68,"column":4},"end":{"line":73,"column":5}},"15":{"start":{"line":69,"column":28},"end":{"line":69,"column":54}},"16":{"start":{"line":70,"column":6},"end":{"line":72,"column":7}},"17":{"start":{"line":71,"column":8},"end":{"line":71,"column":67}},"18":{"start":{"line":74,"column":4},"end":{"line":74,"column":20}}},"fnMap":{"0":{"name":"(anonymous_0)","decl":{"start":{"line":12,"column":2},"end":{"line":12,"column":3}},"loc":{"start":{"line":12,"column":24},"end":{"line":15,"column":3}},"line":12},"1":{"name":"(anonymous_1)","decl":{"start":{"line":17,"column":2},"end":{"line":17,"column":3}},"loc":{"start":{"line":17,"column":34},"end":{"line":19,"column":3}},"line":17},"2":{"name":"(anonymous_2)","decl":{"start":{"line":21,"column":2},"end":{"line":21,"column":3}},"loc":{"start":{"line":21,"column":20},"end":{"line":25,"column":3}},"line":21},"3":{"name":"(anonymous_3)","decl":{"start":{"line":27,"column":2},"end":{"line":27,"column":3}},"loc":{"start":{"line":27,"column":20},"end":{"line":31,"column":3}},"line":27},"4":{"name":"(anonymous_4)","decl":{"start":{"line":33,"column":2},"end":{"line":33,"column":3}},"loc":{"start":{"line":33,"column":27},"end":{"line":35,"column":3}},"line":33},"5":{"name":"(anonymous_5)","decl":{"start":{"line":41,"column":2},"end":{"line":41,"column":3}},"loc":{"start":{"line":41,"column":23},"end":{"line":43,"column":3}},"line":41},"6":{"name":"(anonymous_6)","decl":{"start":{"line":51,"column":2},"end":{"line":51,"column":3}},"loc":{"start":{"line":51,"column":46},"end":{"line":59,"column":3}},"line":51},"7":{"name":"(anonymous_7)","decl":{"start":{"line":67,"column":2},"end":{"line":67,"column":3}},"loc":{"start":{"line":67,"column":49},"end":{"line":75,"column":3}},"line":67}},"branchMap":{"0":{"loc":{"start":{"line":22,"column":4},"end":{"line":24,"column":5}},"type":"if","locations":[{"start":{"line":22,"column":4},"end":{"line":24,"column":5}},{"start":{},"end":{}}],"line":22},"1":{"loc":{"start":{"line":22,"column":8},"end":{"line":22,"column":47}},"type":"binary-expr","locations":[{"start":{"line":22,"column":8},"end":{"line":22,"column":20}},{"start":{"line":22,"column":24},"end":{"line":22,"column":47}}],"line":22},"2":{"loc":{"start":{"line":28,"column":4},"end":{"line":30,"column":5}},"type":"if","locations":[{"start":{"line":28,"column":4},"end":{"line":30,"column":5}},{"start":{},"end":{}}],"line":28},"3":{"loc":{"start":{"line":52,"column":4},"end":{"line":57,"column":5}},"type":"if","locations":[{"start":{"line":52,"column":4},"end":{"line":57,"column":5}},{"start":{},"end":{}}],"line":52},"4":{"loc":{"start":{"line":54,"column":6},"end":{"line":56,"column":7}},"type":"if","locations":[{"start":{"line":54,"column":6},"end":{"line":56,"column":7}},{"start":{},"end":{}}],"line":54},"5":{"loc":{"start":{"line":68,"column":4},"end":{"line":73,"column":5}},"type":"if","locations":[{"start":{"line":68,"column":4},"end":{"line":73,"column":5}},{"start":{},"end":{}}],"line":68},"6":{"loc":{"start":{"line":70,"column":6},"end":{"line":72,"column":7}},"type":"if","locations":[{"start":{"line":70,"column":6},"end":{"line":72,"column":7}},{"start":{},"end":{}}],"line":70}},"s":{"0":14,"1":14,"2":13,"3":2,"4":2,"5":1,"6":1,"7":2,"8":1,"9":2,"10":1,"11":1,"12":0,"13":2,"14":3,"15":2,"16":2,"17":1,"18":2},"f":{"0":14,"1":13,"2":2,"3":1,"4":2,"5":1,"6":2,"7":3},"b":{"0":[2,0],"1":[2,2],"2":[1,0],"3":[1,1],"4":[0,1],"5":[2,1],"6":[1,1]},"_coverageSchema":"1a1c01bbd47fc00a2c39e90264f33305004495a9","hash":"a58e6d084a09bd06ecd286666135cc06eaef53f1"}
,"F:\\_Alpheios\\____service_workes\\_workspaces-core\\v1\\packages\\inflection-tables\\src\\lib\\inflection-list.js": {"path":"F:\\_Alpheios\\____service_workes\\_workspaces-core\\v1\\packages\\inflection-tables\\src\\lib\\inflection-list.js","statementMap":{"0":{"start":{"line":5,"column":4},"end":{"line":5,"column":20}},"1":{"start":{"line":6,"column":4},"end":{"line":6,"column":19}},"2":{"start":{"line":7,"column":4},"end":{"line":7,"column":33}},"3":{"start":{"line":8,"column":4},"end":{"line":8,"column":22}},"4":{"start":{"line":16,"column":4},"end":{"line":18,"column":5}},"5":{"start":{"line":17,"column":6},"end":{"line":17,"column":56}},"6":{"start":{"line":19,"column":4},"end":{"line":19,"column":25}},"7":{"start":{"line":20,"column":4},"end":{"line":20,"column":31}},"8":{"start":{"line":28,"column":4},"end":{"line":30,"column":5}},"9":{"start":{"line":29,"column":6},"end":{"line":29,"column":57}},"10":{"start":{"line":31,"column":4},"end":{"line":33,"column":5}},"11":{"start":{"line":32,"column":6},"end":{"line":32,"column":61}},"12":{"start":{"line":34,"column":4},"end":{"line":36,"column":5}},"13":{"start":{"line":35,"column":6},"end":{"line":35,"column":65}},"14":{"start":{"line":38,"column":4},"end":{"line":43,"column":5}},"15":{"start":{"line":39,"column":6},"end":{"line":42,"column":7}},"16":{"start":{"line":40,"column":8},"end":{"line":40,"column":29}},"17":{"start":{"line":41,"column":8},"end":{"line":41,"column":35}},"18":{"start":{"line":52,"column":4},"end":{"line":52,"column":42}},"19":{"start":{"line":62,"column":4},"end":{"line":62,"column":46}},"20":{"start":{"line":72,"column":4},"end":{"line":72,"column":55}},"21":{"start":{"line":72,"column":32},"end":{"line":72,"column":54}},"22":{"start":{"line":83,"column":4},"end":{"line":83,"column":57}},"23":{"start":{"line":83,"column":34},"end":{"line":83,"column":56}},"24":{"start":{"line":91,"column":14},"end":{"line":91,"column":23}},"25":{"start":{"line":93,"column":4},"end":{"line":100,"column":5}},"26":{"start":{"line":94,"column":6},"end":{"line":99,"column":7}},"27":{"start":{"line":96,"column":8},"end":{"line":98,"column":9}},"28":{"start":{"line":97,"column":10},"end":{"line":97,"column":24}},"29":{"start":{"line":101,"column":4},"end":{"line":101,"column":68}},"30":{"start":{"line":101,"column":42},"end":{"line":101,"column":67}}},"fnMap":{"0":{"name":"(anonymous_0)","decl":{"start":{"line":4,"column":2},"end":{"line":4,"column":3}},"loc":{"start":{"line":4,"column":21},"end":{"line":9,"column":3}},"line":4},"1":{"name":"(anonymous_1)","decl":{"start":{"line":15,"column":2},"end":{"line":15,"column":3}},"loc":{"start":{"line":15,"column":17},"end":{"line":21,"column":3}},"line":15},"2":{"name":"(anonymous_2)","decl":{"start":{"line":27,"column":2},"end":{"line":27,"column":3}},"loc":{"start":{"line":27,"column":19},"end":{"line":44,"column":3}},"line":27},"3":{"name":"(anonymous_3)","decl":{"start":{"line":51,"column":2},"end":{"line":51,"column":3}},"loc":{"start":{"line":51,"column":32},"end":{"line":53,"column":3}},"line":51},"4":{"name":"(anonymous_4)","decl":{"start":{"line":60,"column":2},"end":{"line":60,"column":3}},"loc":{"start":{"line":60,"column":21},"end":{"line":63,"column":3}},"line":60},"5":{"name":"(anonymous_5)","decl":{"start":{"line":71,"column":2},"end":{"line":71,"column":3}},"loc":{"start":{"line":71,"column":27},"end":{"line":73,"column":3}},"line":71},"6":{"name":"(anonymous_6)","decl":{"start":{"line":72,"column":27},"end":{"line":72,"column":28}},"loc":{"start":{"line":72,"column":32},"end":{"line":72,"column":54}},"line":72},"7":{"name":"(anonymous_7)","decl":{"start":{"line":82,"column":2},"end":{"line":82,"column":3}},"loc":{"start":{"line":82,"column":27},"end":{"line":84,"column":3}},"line":82},"8":{"name":"(anonymous_8)","decl":{"start":{"line":83,"column":29},"end":{"line":83,"column":30}},"loc":{"start":{"line":83,"column":34},"end":{"line":83,"column":56}},"line":83},"9":{"name":"(anonymous_9)","decl":{"start":{"line":90,"column":2},"end":{"line":90,"column":3}},"loc":{"start":{"line":90,"column":24},"end":{"line":102,"column":3}},"line":90},"10":{"name":"(anonymous_10)","decl":{"start":{"line":101,"column":32},"end":{"line":101,"column":33}},"loc":{"start":{"line":101,"column":42},"end":{"line":101,"column":67}},"line":101}},"branchMap":{"0":{"loc":{"start":{"line":16,"column":4},"end":{"line":18,"column":5}},"type":"if","locations":[{"start":{"line":16,"column":4},"end":{"line":18,"column":5}},{"start":{},"end":{}}],"line":16},"1":{"loc":{"start":{"line":28,"column":4},"end":{"line":30,"column":5}},"type":"if","locations":[{"start":{"line":28,"column":4},"end":{"line":30,"column":5}},{"start":{},"end":{}}],"line":28},"2":{"loc":{"start":{"line":31,"column":4},"end":{"line":33,"column":5}},"type":"if","locations":[{"start":{"line":31,"column":4},"end":{"line":33,"column":5}},{"start":{},"end":{}}],"line":31},"3":{"loc":{"start":{"line":34,"column":4},"end":{"line":36,"column":5}},"type":"if","locations":[{"start":{"line":34,"column":4},"end":{"line":36,"column":5}},{"start":{},"end":{}}],"line":34},"4":{"loc":{"start":{"line":39,"column":6},"end":{"line":42,"column":7}},"type":"if","locations":[{"start":{"line":39,"column":6},"end":{"line":42,"column":7}},{"start":{},"end":{}}],"line":39},"5":{"loc":{"start":{"line":94,"column":6},"end":{"line":99,"column":7}},"type":"if","locations":[{"start":{"line":94,"column":6},"end":{"line":99,"column":7}},{"start":{},"end":{}}],"line":94}},"s":{"0":1871,"1":1871,"2":1871,"3":1871,"4":2,"5":1,"6":1,"7":1,"8":47756,"9":1,"10":47755,"11":1,"12":47754,"13":1,"14":47753,"15":664010,"16":664010,"17":664010,"18":18902,"19":664010,"20":0,"21":0,"22":1,"23":2,"24":1650,"25":1650,"26":616358,"27":129576,"28":160732,"29":1650,"30":62953},"f":{"0":1871,"1":2,"2":47756,"3":18902,"4":664010,"5":0,"6":0,"7":1,"8":2,"9":1650,"10":62953},"b":{"0":[1,1],"1":[1,47755],"2":[1,47754],"3":[1,47753],"4":[664010,0],"5":[129576,486782]},"_coverageSchema":"1a1c01bbd47fc00a2c39e90264f33305004495a9","hash":"8faa5a1b5dc9c985a30d4669dc7bbdb20b81cbdf"}
,"F:\\_Alpheios\\____service_workes\\_workspaces-core\\v1\\packages\\inflection-tables\\src\\lib\\inflection-set.js": {"path":"F:\\_Alpheios\\____service_workes\\_workspaces-core\\v1\\packages\\inflection-tables\\src\\lib\\inflection-set.js","statementMap":{"0":{"start":{"line":10,"column":4},"end":{"line":10,"column":32}},"1":{"start":{"line":11,"column":4},"end":{"line":11,"column":36}},"2":{"start":{"line":14,"column":4},"end":{"line":14,"column":25}},"3":{"start":{"line":15,"column":4},"end":{"line":15,"column":30}},"4":{"start":{"line":18,"column":4},"end":{"line":18,"column":26}},"5":{"start":{"line":26,"column":4},"end":{"line":26,"column":32}},"6":{"start":{"line":34,"column":4},"end":{"line":34,"column":40}},"7":{"start":{"line":44,"column":4},"end":{"line":44,"column":89}},"8":{"start":{"line":55,"column":4},"end":{"line":55,"column":91}},"9":{"start":{"line":63,"column":4},"end":{"line":63,"column":41}},"10":{"start":{"line":72,"column":22},"end":{"line":72,"column":42}},"11":{"start":{"line":74,"column":4},"end":{"line":76,"column":5}},"12":{"start":{"line":75,"column":6},"end":{"line":75,"column":55}},"13":{"start":{"line":78,"column":4},"end":{"line":78,"column":45}},"14":{"start":{"line":88,"column":4},"end":{"line":96,"column":5}},"15":{"start":{"line":89,"column":6},"end":{"line":89,"column":57}},"16":{"start":{"line":90,"column":6},"end":{"line":92,"column":7}},"17":{"start":{"line":91,"column":8},"end":{"line":91,"column":38}},"18":{"start":{"line":94,"column":6},"end":{"line":95,"column":84}},"19":{"start":{"line":106,"column":4},"end":{"line":108,"column":5}},"20":{"start":{"line":107,"column":6},"end":{"line":107,"column":62}},"21":{"start":{"line":109,"column":4},"end":{"line":109,"column":58}}},"fnMap":{"0":{"name":"(anonymous_0)","decl":{"start":{"line":9,"column":2},"end":{"line":9,"column":3}},"loc":{"start":{"line":9,"column":41},"end":{"line":19,"column":3}},"line":9},"1":{"name":"(anonymous_1)","decl":{"start":{"line":25,"column":2},"end":{"line":25,"column":3}},"loc":{"start":{"line":25,"column":18},"end":{"line":27,"column":3}},"line":25},"2":{"name":"(anonymous_2)","decl":{"start":{"line":33,"column":2},"end":{"line":33,"column":3}},"loc":{"start":{"line":33,"column":25},"end":{"line":35,"column":3}},"line":33},"3":{"name":"(anonymous_3)","decl":{"start":{"line":43,"column":2},"end":{"line":43,"column":3}},"loc":{"start":{"line":43,"column":43},"end":{"line":45,"column":3}},"line":43},"4":{"name":"(anonymous_4)","decl":{"start":{"line":54,"column":2},"end":{"line":54,"column":3}},"loc":{"start":{"line":54,"column":43},"end":{"line":56,"column":3}},"line":54},"5":{"name":"(anonymous_5)","decl":{"start":{"line":62,"column":2},"end":{"line":62,"column":3}},"loc":{"start":{"line":62,"column":33},"end":{"line":64,"column":3}},"line":62},"6":{"name":"(anonymous_6)","decl":{"start":{"line":70,"column":2},"end":{"line":70,"column":3}},"loc":{"start":{"line":70,"column":29},"end":{"line":79,"column":3}},"line":70},"7":{"name":"(anonymous_7)","decl":{"start":{"line":87,"column":2},"end":{"line":87,"column":3}},"loc":{"start":{"line":87,"column":35},"end":{"line":97,"column":3}},"line":87},"8":{"name":"(anonymous_8)","decl":{"start":{"line":105,"column":2},"end":{"line":105,"column":3}},"loc":{"start":{"line":105,"column":43},"end":{"line":110,"column":3}},"line":105}},"branchMap":{"0":{"loc":{"start":{"line":44,"column":12},"end":{"line":44,"column":88}},"type":"binary-expr","locations":[{"start":{"line":44,"column":12},"end":{"line":44,"column":36}},{"start":{"line":44,"column":40},"end":{"line":44,"column":88}}],"line":44},"1":{"loc":{"start":{"line":55,"column":11},"end":{"line":55,"column":91}},"type":"cond-expr","locations":[{"start":{"line":55,"column":38},"end":{"line":55,"column":86}},{"start":{"line":55,"column":89},"end":{"line":55,"column":91}}],"line":55},"2":{"loc":{"start":{"line":74,"column":4},"end":{"line":76,"column":5}},"type":"if","locations":[{"start":{"line":74,"column":4},"end":{"line":76,"column":5}},{"start":{},"end":{}}],"line":74},"3":{"loc":{"start":{"line":88,"column":4},"end":{"line":96,"column":5}},"type":"if","locations":[{"start":{"line":88,"column":4},"end":{"line":96,"column":5}},{"start":{"line":93,"column":11},"end":{"line":96,"column":5}}],"line":88},"4":{"loc":{"start":{"line":88,"column":8},"end":{"line":88,"column":104}},"type":"binary-expr","locations":[{"start":{"line":88,"column":8},"end":{"line":88,"column":52}},{"start":{"line":88,"column":56},"end":{"line":88,"column":104}}],"line":88},"5":{"loc":{"start":{"line":106,"column":4},"end":{"line":108,"column":5}},"type":"if","locations":[{"start":{"line":106,"column":4},"end":{"line":108,"column":5}},{"start":{},"end":{}}],"line":106}},"s":{"0":4054,"1":4054,"2":4054,"3":4054,"4":4054,"5":1321,"6":1280,"7":950,"8":429,"9":46033,"10":47750,"11":47750,"12":1750,"13":47750,"14":0,"15":0,"16":0,"17":0,"18":0,"19":18901,"20":111,"21":18901},"f":{"0":4054,"1":1321,"2":1280,"3":950,"4":429,"5":46033,"6":47750,"7":0,"8":18901},"b":{"0":[950,950],"1":[429,0],"2":[1750,46000],"3":[0,0],"4":[0,0],"5":[111,18790]},"_coverageSchema":"1a1c01bbd47fc00a2c39e90264f33305004495a9","hash":"e8055966aec95642d3b8af0280a4b990821f1f36"}
,"F:\\_Alpheios\\____service_workes\\_workspaces-core\\v1\\packages\\inflection-tables\\src\\lib\\language-dataset-factory.js": {"path":"F:\\_Alpheios\\____service_workes\\_workspaces-core\\v1\\packages\\inflection-tables\\src\\lib\\language-dataset-factory.js","statementMap":{"0":{"start":{"line":18,"column":4},"end":{"line":18,"column":25}},"1":{"start":{"line":19,"column":4},"end":{"line":24,"column":5}},"2":{"start":{"line":20,"column":6},"end":{"line":22,"column":7}},"3":{"start":{"line":21,"column":8},"end":{"line":21,"column":46}},"4":{"start":{"line":23,"column":6},"end":{"line":23,"column":63}},"5":{"start":{"line":32,"column":4},"end":{"line":34,"column":5}},"6":{"start":{"line":33,"column":6},"end":{"line":33,"column":51}},"7":{"start":{"line":35,"column":4},"end":{"line":35,"column":25}},"8":{"start":{"line":44,"column":21},"end":{"line":44,"column":34}},"9":{"start":{"line":45,"column":21},"end":{"line":45,"column":58}},"10":{"start":{"line":47,"column":4},"end":{"line":55,"column":5}},"11":{"start":{"line":48,"column":21},"end":{"line":48,"column":48}},"12":{"start":{"line":49,"column":6},"end":{"line":53,"column":8}},"13":{"start":{"line":50,"column":8},"end":{"line":52,"column":9}},"14":{"start":{"line":51,"column":10},"end":{"line":51,"column":28}},"15":{"start":{"line":54,"column":6},"end":{"line":54,"column":21}},"16":{"start":{"line":59,"column":21},"end":{"line":59,"column":49}},"17":{"start":{"line":60,"column":4},"end":{"line":62,"column":5}},"18":{"start":{"line":61,"column":6},"end":{"line":61,"column":12}},"19":{"start":{"line":63,"column":4},"end":{"line":65,"column":5}},"20":{"start":{"line":64,"column":6},"end":{"line":64,"column":89}},"21":{"start":{"line":64,"column":38},"end":{"line":64,"column":88}},"22":{"start":{"line":66,"column":4},"end":{"line":66,"column":22}}},"fnMap":{"0":{"name":"(anonymous_0)","decl":{"start":{"line":17,"column":2},"end":{"line":17,"column":3}},"loc":{"start":{"line":17,"column":82},"end":{"line":25,"column":3}},"line":17},"1":{"name":"(anonymous_1)","decl":{"start":{"line":31,"column":2},"end":{"line":31,"column":3}},"loc":{"start":{"line":31,"column":25},"end":{"line":36,"column":3}},"line":31},"2":{"name":"(anonymous_2)","decl":{"start":{"line":43,"column":2},"end":{"line":43,"column":3}},"loc":{"start":{"line":43,"column":34},"end":{"line":56,"column":3}},"line":43},"3":{"name":"(anonymous_3)","decl":{"start":{"line":49,"column":23},"end":{"line":49,"column":24}},"loc":{"start":{"line":49,"column":34},"end":{"line":53,"column":7}},"line":49},"4":{"name":"(anonymous_4)","decl":{"start":{"line":58,"column":2},"end":{"line":58,"column":3}},"loc":{"start":{"line":58,"column":50},"end":{"line":67,"column":3}},"line":58},"5":{"name":"(anonymous_5)","decl":{"start":{"line":64,"column":27},"end":{"line":64,"column":28}},"loc":{"start":{"line":64,"column":38},"end":{"line":64,"column":88}},"line":64}},"branchMap":{"0":{"loc":{"start":{"line":17,"column":15},"end":{"line":17,"column":80}},"type":"default-arg","locations":[{"start":{"line":17,"column":30},"end":{"line":17,"column":80}}],"line":17},"1":{"loc":{"start":{"line":20,"column":6},"end":{"line":22,"column":7}},"type":"if","locations":[{"start":{"line":20,"column":6},"end":{"line":22,"column":7}},{"start":{},"end":{}}],"line":20},"2":{"loc":{"start":{"line":32,"column":4},"end":{"line":34,"column":5}},"type":"if","locations":[{"start":{"line":32,"column":4},"end":{"line":34,"column":5}},{"start":{},"end":{}}],"line":32},"3":{"loc":{"start":{"line":47,"column":4},"end":{"line":55,"column":5}},"type":"if","locations":[{"start":{"line":47,"column":4},"end":{"line":55,"column":5}},{"start":{},"end":{}}],"line":47},"4":{"loc":{"start":{"line":50,"column":8},"end":{"line":52,"column":9}},"type":"if","locations":[{"start":{"line":50,"column":8},"end":{"line":52,"column":9}},{"start":{},"end":{}}],"line":50},"5":{"loc":{"start":{"line":60,"column":4},"end":{"line":62,"column":5}},"type":"if","locations":[{"start":{"line":60,"column":4},"end":{"line":62,"column":5}},{"start":{},"end":{}}],"line":60},"6":{"loc":{"start":{"line":63,"column":4},"end":{"line":65,"column":5}},"type":"if","locations":[{"start":{"line":63,"column":4},"end":{"line":65,"column":5}},{"start":{},"end":{}}],"line":63}},"s":{"0":19,"1":19,"2":57,"3":38,"4":57,"5":15966,"6":18,"7":15966,"8":15964,"9":15964,"10":15964,"11":15946,"12":15946,"13":27384,"14":37,"15":15946,"16":15039,"17":15039,"18":18,"19":15021,"20":5802,"21":10083,"22":9219},"f":{"0":19,"1":15966,"2":15964,"3":27384,"4":15039,"5":10083},"b":{"0":[19],"1":[38,19],"2":[18,15948],"3":[15946,18],"4":[37,27347],"5":[18,15021],"6":[5802,9219]},"_coverageSchema":"1a1c01bbd47fc00a2c39e90264f33305004495a9","hash":"63ec530bc03c469f3000d80fbe06cc43c12f91d8"}
,"F:\\_Alpheios\\____service_workes\\_workspaces-core\\v1\\packages\\inflection-tables\\src\\lib\\language-dataset.js": {"path":"F:\\_Alpheios\\____service_workes\\_workspaces-core\\v1\\packages\\inflection-tables\\src\\lib\\language-dataset.js","statementMap":{"0":{"start":{"line":20,"column":4},"end":{"line":23,"column":5}},"1":{"start":{"line":22,"column":6},"end":{"line":22,"column":53}},"2":{"start":{"line":25,"column":4},"end":{"line":25,"column":32}},"3":{"start":{"line":26,"column":4},"end":{"line":26,"column":57}},"4":{"start":{"line":27,"column":4},"end":{"line":27,"column":27}},"5":{"start":{"line":28,"column":4},"end":{"line":28,"column":49}},"6":{"start":{"line":29,"column":4},"end":{"line":29,"column":24}},"7":{"start":{"line":30,"column":4},"end":{"line":30,"column":23}},"8":{"start":{"line":39,"column":4},"end":{"line":39,"column":15}},"9":{"start":{"line":55,"column":15},"end":{"line":55,"column":39}},"10":{"start":{"line":56,"column":4},"end":{"line":56,"column":44}},"11":{"start":{"line":59,"column":4},"end":{"line":71,"column":5}},"12":{"start":{"line":64,"column":6},"end":{"line":70,"column":7}},"13":{"start":{"line":65,"column":8},"end":{"line":65,"column":73}},"14":{"start":{"line":66,"column":8},"end":{"line":66,"column":60}},"15":{"start":{"line":67,"column":8},"end":{"line":67,"column":34}},"16":{"start":{"line":69,"column":8},"end":{"line":69,"column":45}},"17":{"start":{"line":73,"column":4},"end":{"line":75,"column":5}},"18":{"start":{"line":74,"column":6},"end":{"line":74,"column":82}},"19":{"start":{"line":77,"column":4},"end":{"line":77,"column":54}},"20":{"start":{"line":89,"column":4},"end":{"line":91,"column":5}},"21":{"start":{"line":90,"column":6},"end":{"line":90,"column":65}},"22":{"start":{"line":93,"column":4},"end":{"line":95,"column":5}},"23":{"start":{"line":94,"column":6},"end":{"line":94,"column":64}},"24":{"start":{"line":97,"column":21},"end":{"line":97,"column":60}},"25":{"start":{"line":101,"column":4},"end":{"line":103,"column":5}},"26":{"start":{"line":102,"column":6},"end":{"line":102,"column":82}},"27":{"start":{"line":104,"column":4},"end":{"line":104,"column":70}},"28":{"start":{"line":105,"column":4},"end":{"line":105,"column":19}},"29":{"start":{"line":118,"column":4},"end":{"line":118,"column":104}},"30":{"start":{"line":131,"column":4},"end":{"line":131,"column":102}},"31":{"start":{"line":135,"column":4},"end":{"line":135,"column":104}},"32":{"start":{"line":152,"column":23},"end":{"line":152,"column":41}},"33":{"start":{"line":153,"column":20},"end":{"line":166,"column":10}},"34":{"start":{"line":154,"column":6},"end":{"line":164,"column":7}},"35":{"start":{"line":155,"column":8},"end":{"line":155,"column":19}},"36":{"start":{"line":156,"column":13},"end":{"line":164,"column":7}},"37":{"start":{"line":161,"column":8},"end":{"line":163,"column":9}},"38":{"start":{"line":162,"column":10},"end":{"line":162,"column":24}},"39":{"start":{"line":165,"column":6},"end":{"line":165,"column":16}},"40":{"start":{"line":171,"column":20},"end":{"line":171,"column":73}},"41":{"start":{"line":172,"column":4},"end":{"line":172,"column":55}},"42":{"start":{"line":176,"column":4},"end":{"line":176,"column":115}},"43":{"start":{"line":177,"column":4},"end":{"line":181,"column":5}},"44":{"start":{"line":178,"column":6},"end":{"line":180,"column":7}},"45":{"start":{"line":179,"column":8},"end":{"line":179,"column":50}},"46":{"start":{"line":183,"column":4},"end":{"line":183,"column":71}},"47":{"start":{"line":184,"column":4},"end":{"line":188,"column":5}},"48":{"start":{"line":185,"column":6},"end":{"line":185,"column":100}},"49":{"start":{"line":186,"column":6},"end":{"line":186,"column":96}},"50":{"start":{"line":187,"column":6},"end":{"line":187,"column":100}},"51":{"start":{"line":192,"column":4},"end":{"line":210,"column":5}},"52":{"start":{"line":201,"column":25},"end":{"line":201,"column":154}},"53":{"start":{"line":203,"column":6},"end":{"line":209,"column":7}},"54":{"start":{"line":204,"column":8},"end":{"line":205,"column":53}},"55":{"start":{"line":208,"column":8},"end":{"line":208,"column":41}},"56":{"start":{"line":215,"column":4},"end":{"line":215,"column":67}},"57":{"start":{"line":216,"column":4},"end":{"line":220,"column":5}},"58":{"start":{"line":218,"column":6},"end":{"line":218,"column":49}},"59":{"start":{"line":239,"column":23},"end":{"line":239,"column":53}},"60":{"start":{"line":240,"column":4},"end":{"line":242,"column":5}},"61":{"start":{"line":241,"column":6},"end":{"line":241,"column":72}},"62":{"start":{"line":244,"column":4},"end":{"line":246,"column":5}},"63":{"start":{"line":245,"column":6},"end":{"line":245,"column":71}},"64":{"start":{"line":247,"column":4},"end":{"line":247,"column":55}},"65":{"start":{"line":249,"column":4},"end":{"line":253,"column":5}},"66":{"start":{"line":251,"column":6},"end":{"line":251,"column":108}},"67":{"start":{"line":252,"column":6},"end":{"line":252,"column":23}},"68":{"start":{"line":255,"column":4},"end":{"line":255,"column":28}},"69":{"start":{"line":256,"column":4},"end":{"line":256,"column":88}},"70":{"start":{"line":259,"column":4},"end":{"line":259,"column":47}},"71":{"start":{"line":260,"column":4},"end":{"line":260,"column":42}},"72":{"start":{"line":261,"column":4},"end":{"line":261,"column":59}},"73":{"start":{"line":263,"column":4},"end":{"line":298,"column":5}},"74":{"start":{"line":271,"column":6},"end":{"line":288,"column":7}},"75":{"start":{"line":279,"column":8},"end":{"line":279,"column":51}},"76":{"start":{"line":281,"column":33},"end":{"line":281,"column":80}},"77":{"start":{"line":282,"column":8},"end":{"line":287,"column":9}},"78":{"start":{"line":286,"column":10},"end":{"line":286,"column":54}},"79":{"start":{"line":294,"column":6},"end":{"line":297,"column":7}},"80":{"start":{"line":296,"column":8},"end":{"line":296,"column":49}},"81":{"start":{"line":299,"column":4},"end":{"line":299,"column":21}},"82":{"start":{"line":313,"column":22},"end":{"line":313,"column":31}},"83":{"start":{"line":314,"column":4},"end":{"line":321,"column":5}},"84":{"start":{"line":315,"column":6},"end":{"line":320,"column":7}},"85":{"start":{"line":316,"column":8},"end":{"line":316,"column":69}},"86":{"start":{"line":317,"column":26},"end":{"line":317,"column":62}},"87":{"start":{"line":318,"column":8},"end":{"line":318,"column":75}},"88":{"start":{"line":318,"column":43},"end":{"line":318,"column":73}},"89":{"start":{"line":319,"column":8},"end":{"line":319,"column":51}},"90":{"start":{"line":322,"column":4},"end":{"line":322,"column":22}},"91":{"start":{"line":335,"column":17},"end":{"line":335,"column":19}},"92":{"start":{"line":336,"column":4},"end":{"line":349,"column":5}},"93":{"start":{"line":337,"column":29},"end":{"line":337,"column":31}},"94":{"start":{"line":338,"column":6},"end":{"line":342,"column":7}},"95":{"start":{"line":339,"column":8},"end":{"line":341,"column":9}},"96":{"start":{"line":340,"column":10},"end":{"line":340,"column":63}},"97":{"start":{"line":344,"column":6},"end":{"line":348,"column":7}},"98":{"start":{"line":345,"column":8},"end":{"line":345,"column":56}},"99":{"start":{"line":347,"column":8},"end":{"line":347,"column":29}},"100":{"start":{"line":350,"column":4},"end":{"line":350,"column":17}},"101":{"start":{"line":361,"column":24},"end":{"line":361,"column":69}},"102":{"start":{"line":363,"column":4},"end":{"line":363,"column":91}},"103":{"start":{"line":363,"column":56},"end":{"line":363,"column":90}},"104":{"start":{"line":364,"column":4},"end":{"line":364,"column":70}},"105":{"start":{"line":366,"column":4},"end":{"line":405,"column":5}},"106":{"start":{"line":367,"column":24},"end":{"line":367,"column":47}},"107":{"start":{"line":368,"column":6},"end":{"line":372,"column":7}},"108":{"start":{"line":370,"column":8},"end":{"line":370,"column":107}},"109":{"start":{"line":371,"column":8},"end":{"line":371,"column":28}},"110":{"start":{"line":381,"column":26},"end":{"line":381,"column":74}},"111":{"start":{"line":381,"column":48},"end":{"line":381,"column":73}},"112":{"start":{"line":382,"column":24},"end":{"line":382,"column":74}},"113":{"start":{"line":382,"column":46},"end":{"line":382,"column":73}},"114":{"start":{"line":385,"column":6},"end":{"line":392,"column":7}},"115":{"start":{"line":386,"column":8},"end":{"line":391,"column":9}},"116":{"start":{"line":387,"column":24},"end":{"line":387,"column":121}},"117":{"start":{"line":388,"column":10},"end":{"line":390,"column":11}},"118":{"start":{"line":389,"column":12},"end":{"line":389,"column":51}},"119":{"start":{"line":395,"column":6},"end":{"line":402,"column":7}},"120":{"start":{"line":397,"column":32},"end":{"line":397,"column":98}},"121":{"start":{"line":397,"column":70},"end":{"line":397,"column":97}},"122":{"start":{"line":398,"column":22},"end":{"line":398,"column":107}},"123":{"start":{"line":399,"column":8},"end":{"line":401,"column":9}},"124":{"start":{"line":400,"column":10},"end":{"line":400,"column":49}},"125":{"start":{"line":404,"column":6},"end":{"line":404,"column":64}},"126":{"start":{"line":406,"column":4},"end":{"line":406,"column":24}},"127":{"start":{"line":411,"column":4},"end":{"line":422,"column":5}},"128":{"start":{"line":412,"column":29},"end":{"line":412,"column":38}},"129":{"start":{"line":413,"column":6},"end":{"line":421,"column":7}},"130":{"start":{"line":414,"column":32},"end":{"line":414,"column":85}},"131":{"start":{"line":415,"column":31},"end":{"line":415,"column":85}},"132":{"start":{"line":416,"column":8},"end":{"line":420,"column":9}},"133":{"start":{"line":417,"column":10},"end":{"line":419,"column":11}},"134":{"start":{"line":418,"column":12},"end":{"line":418,"column":79}},"135":{"start":{"line":432,"column":17},"end":{"line":432,"column":44}},"136":{"start":{"line":433,"column":24},"end":{"line":433,"column":54}},"137":{"start":{"line":436,"column":4},"end":{"line":439,"column":5}},"138":{"start":{"line":437,"column":28},"end":{"line":437,"column":81}},"139":{"start":{"line":438,"column":6},"end":{"line":438,"column":44}},"140":{"start":{"line":440,"column":4},"end":{"line":440,"column":17}},"141":{"start":{"line":444,"column":4},"end":{"line":450,"column":5}},"142":{"start":{"line":445,"column":28},"end":{"line":445,"column":54}},"143":{"start":{"line":447,"column":6},"end":{"line":449,"column":7}},"144":{"start":{"line":448,"column":8},"end":{"line":448,"column":135}},"145":{"start":{"line":448,"column":64},"end":{"line":448,"column":120}},"146":{"start":{"line":451,"column":4},"end":{"line":451,"column":16}},"147":{"start":{"line":455,"column":21},"end":{"line":455,"column":25}},"148":{"start":{"line":457,"column":21},"end":{"line":457,"column":65}},"149":{"start":{"line":458,"column":6},"end":{"line":460,"column":7}},"150":{"start":{"line":459,"column":8},"end":{"line":459,"column":32}},"151":{"start":{"line":461,"column":6},"end":{"line":461,"column":24}},"152":{"start":{"line":463,"column":4},"end":{"line":463,"column":31}},"153":{"start":{"line":477,"column":4},"end":{"line":479,"column":5}},"154":{"start":{"line":478,"column":6},"end":{"line":478,"column":32}},"155":{"start":{"line":480,"column":4},"end":{"line":483,"column":5}},"156":{"start":{"line":482,"column":6},"end":{"line":482,"column":57}},"157":{"start":{"line":485,"column":24},"end":{"line":485,"column":28}},"158":{"start":{"line":493,"column":4},"end":{"line":534,"column":5}},"159":{"start":{"line":495,"column":22},"end":{"line":495,"column":37}},"160":{"start":{"line":496,"column":6},"end":{"line":498,"column":7}},"161":{"start":{"line":497,"column":8},"end":{"line":497,"column":117}},"162":{"start":{"line":500,"column":32},"end":{"line":500,"column":121}},"163":{"start":{"line":501,"column":6},"end":{"line":507,"column":7}},"164":{"start":{"line":502,"column":8},"end":{"line":502,"column":73}},"165":{"start":{"line":506,"column":8},"end":{"line":506,"column":16}},"166":{"start":{"line":513,"column":30},"end":{"line":513,"column":117}},"167":{"start":{"line":514,"column":6},"end":{"line":514,"column":69}},"168":{"start":{"line":516,"column":6},"end":{"line":521,"column":7}},"169":{"start":{"line":517,"column":34},"end":{"line":517,"column":123}},"170":{"start":{"line":518,"column":8},"end":{"line":518,"column":63}},"171":{"start":{"line":520,"column":8},"end":{"line":520,"column":41}},"172":{"start":{"line":523,"column":6},"end":{"line":532,"column":7}},"173":{"start":{"line":525,"column":8},"end":{"line":525,"column":34}},"174":{"start":{"line":528,"column":8},"end":{"line":530,"column":9}},"175":{"start":{"line":529,"column":10},"end":{"line":529,"column":32}},"176":{"start":{"line":531,"column":8},"end":{"line":531,"column":19}},"177":{"start":{"line":533,"column":6},"end":{"line":533,"column":62}},"178":{"start":{"line":536,"column":4},"end":{"line":542,"column":5}},"179":{"start":{"line":538,"column":6},"end":{"line":540,"column":7}},"180":{"start":{"line":539,"column":8},"end":{"line":539,"column":34}},"181":{"start":{"line":541,"column":6},"end":{"line":541,"column":17}},"182":{"start":{"line":543,"column":4},"end":{"line":543,"column":15}},"183":{"start":{"line":554,"column":4},"end":{"line":556,"column":5}},"184":{"start":{"line":555,"column":6},"end":{"line":555,"column":19}},"185":{"start":{"line":558,"column":4},"end":{"line":560,"column":5}},"186":{"start":{"line":559,"column":6},"end":{"line":559,"column":19}},"187":{"start":{"line":563,"column":4},"end":{"line":569,"column":5}},"188":{"start":{"line":564,"column":6},"end":{"line":568,"column":7}},"189":{"start":{"line":565,"column":8},"end":{"line":565,"column":21}},"190":{"start":{"line":567,"column":8},"end":{"line":567,"column":21}},"191":{"start":{"line":572,"column":4},"end":{"line":577,"column":5}},"192":{"start":{"line":574,"column":6},"end":{"line":574,"column":19}},"193":{"start":{"line":576,"column":6},"end":{"line":576,"column":19}},"194":{"start":{"line":586,"column":4},"end":{"line":586,"column":16}}},"fnMap":{"0":{"name":"(anonymous_0)","decl":{"start":{"line":19,"column":2},"end":{"line":19,"column":3}},"loc":{"start":{"line":19,"column":27},"end":{"line":31,"column":3}},"line":19},"1":{"name":"(anonymous_1)","decl":{"start":{"line":38,"column":2},"end":{"line":38,"column":3}},"loc":{"start":{"line":38,"column":29},"end":{"line":40,"column":3}},"line":38},"2":{"name":"(anonymous_2)","decl":{"start":{"line":54,"column":2},"end":{"line":54,"column":3}},"loc":{"start":{"line":54,"column":113},"end":{"line":78,"column":3}},"line":54},"3":{"name":"(anonymous_3)","decl":{"start":{"line":88,"column":2},"end":{"line":88,"column":3}},"loc":{"start":{"line":88,"column":53},"end":{"line":106,"column":3}},"line":88},"4":{"name":"(anonymous_4)","decl":{"start":{"line":117,"column":2},"end":{"line":117,"column":3}},"loc":{"start":{"line":117,"column":98},"end":{"line":119,"column":3}},"line":117},"5":{"name":"(anonymous_5)","decl":{"start":{"line":130,"column":2},"end":{"line":130,"column":3}},"loc":{"start":{"line":130,"column":96},"end":{"line":132,"column":3}},"line":130},"6":{"name":"(anonymous_6)","decl":{"start":{"line":134,"column":2},"end":{"line":134,"column":3}},"loc":{"start":{"line":134,"column":98},"end":{"line":136,"column":3}},"line":134},"7":{"name":"(anonymous_7)","decl":{"start":{"line":151,"column":2},"end":{"line":151,"column":3}},"loc":{"start":{"line":151,"column":103},"end":{"line":173,"column":3}},"line":151},"8":{"name":"(anonymous_8)","decl":{"start":{"line":153,"column":39},"end":{"line":153,"column":40}},"loc":{"start":{"line":153,"column":51},"end":{"line":166,"column":5}},"line":153},"9":{"name":"(anonymous_9)","decl":{"start":{"line":175,"column":2},"end":{"line":175,"column":3}},"loc":{"start":{"line":175,"column":37},"end":{"line":189,"column":3}},"line":175},"10":{"name":"(anonymous_10)","decl":{"start":{"line":191,"column":2},"end":{"line":191,"column":3}},"loc":{"start":{"line":191,"column":54},"end":{"line":211,"column":3}},"line":191},"11":{"name":"(anonymous_11)","decl":{"start":{"line":213,"column":2},"end":{"line":213,"column":3}},"loc":{"start":{"line":213,"column":42},"end":{"line":221,"column":3}},"line":213},"12":{"name":"(anonymous_12)","decl":{"start":{"line":229,"column":2},"end":{"line":229,"column":3}},"loc":{"start":{"line":229,"column":40},"end":{"line":300,"column":3}},"line":229},"13":{"name":"(anonymous_13)","decl":{"start":{"line":312,"column":2},"end":{"line":312,"column":3}},"loc":{"start":{"line":312,"column":29},"end":{"line":323,"column":3}},"line":312},"14":{"name":"(anonymous_14)","decl":{"start":{"line":334,"column":2},"end":{"line":334,"column":3}},"loc":{"start":{"line":334,"column":43},"end":{"line":351,"column":3}},"line":334},"15":{"name":"(anonymous_15)","decl":{"start":{"line":360,"column":2},"end":{"line":360,"column":3}},"loc":{"start":{"line":360,"column":56},"end":{"line":407,"column":3}},"line":360},"16":{"name":"(anonymous_16)","decl":{"start":{"line":363,"column":51},"end":{"line":363,"column":52}},"loc":{"start":{"line":363,"column":56},"end":{"line":363,"column":90}},"line":363},"17":{"name":"(anonymous_17)","decl":{"start":{"line":381,"column":43},"end":{"line":381,"column":44}},"loc":{"start":{"line":381,"column":48},"end":{"line":381,"column":73}},"line":381},"18":{"name":"(anonymous_18)","decl":{"start":{"line":382,"column":41},"end":{"line":382,"column":42}},"loc":{"start":{"line":382,"column":46},"end":{"line":382,"column":73}},"line":382},"19":{"name":"(anonymous_19)","decl":{"start":{"line":397,"column":65},"end":{"line":397,"column":66}},"loc":{"start":{"line":397,"column":70},"end":{"line":397,"column":97}},"line":397},"20":{"name":"(anonymous_20)","decl":{"start":{"line":409,"column":2},"end":{"line":409,"column":3}},"loc":{"start":{"line":409,"column":57},"end":{"line":423,"column":3}},"line":409},"21":{"name":"(anonymous_21)","decl":{"start":{"line":430,"column":2},"end":{"line":430,"column":3}},"loc":{"start":{"line":430,"column":30},"end":{"line":441,"column":3}},"line":430},"22":{"name":"(anonymous_22)","decl":{"start":{"line":443,"column":2},"end":{"line":443,"column":3}},"loc":{"start":{"line":443,"column":46},"end":{"line":452,"column":3}},"line":443},"23":{"name":"(anonymous_23)","decl":{"start":{"line":448,"column":56},"end":{"line":448,"column":57}},"loc":{"start":{"line":448,"column":64},"end":{"line":448,"column":120}},"line":448},"24":{"name":"(anonymous_24)","decl":{"start":{"line":454,"column":2},"end":{"line":454,"column":3}},"loc":{"start":{"line":454,"column":36},"end":{"line":464,"column":3}},"line":454},"25":{"name":"reducerFn","decl":{"start":{"line":456,"column":13},"end":{"line":456,"column":22}},"loc":{"start":{"line":456,"column":43},"end":{"line":462,"column":5}},"line":456},"26":{"name":"(anonymous_26)","decl":{"start":{"line":476,"column":2},"end":{"line":476,"column":3}},"loc":{"start":{"line":476,"column":44},"end":{"line":544,"column":3}},"line":476},"27":{"name":"(anonymous_27)","decl":{"start":{"line":552,"column":2},"end":{"line":552,"column":3}},"loc":{"start":{"line":552,"column":29},"end":{"line":578,"column":3}},"line":552},"28":{"name":"(anonymous_28)","decl":{"start":{"line":585,"column":2},"end":{"line":585,"column":3}},"loc":{"start":{"line":585,"column":27},"end":{"line":587,"column":3}},"line":585}},"branchMap":{"0":{"loc":{"start":{"line":20,"column":4},"end":{"line":23,"column":5}},"type":"if","locations":[{"start":{"line":20,"column":4},"end":{"line":23,"column":5}},{"start":{},"end":{}}],"line":20},"1":{"loc":{"start":{"line":54,"column":67},"end":{"line":54,"column":81}},"type":"default-arg","locations":[{"start":{"line":54,"column":79},"end":{"line":54,"column":81}}],"line":54},"2":{"loc":{"start":{"line":54,"column":83},"end":{"line":54,"column":111}},"type":"default-arg","locations":[{"start":{"line":54,"column":102},"end":{"line":54,"column":111}}],"line":54},"3":{"loc":{"start":{"line":64,"column":6},"end":{"line":70,"column":7}},"type":"if","locations":[{"start":{"line":64,"column":6},"end":{"line":70,"column":7}},{"start":{"line":68,"column":13},"end":{"line":70,"column":7}}],"line":64},"4":{"loc":{"start":{"line":65,"column":39},"end":{"line":65,"column":73}},"type":"binary-expr","locations":[{"start":{"line":65,"column":39},"end":{"line":65,"column":67}},{"start":{"line":65,"column":71},"end":{"line":65,"column":73}}],"line":65},"5":{"loc":{"start":{"line":73,"column":4},"end":{"line":75,"column":5}},"type":"if","locations":[{"start":{"line":73,"column":4},"end":{"line":75,"column":5}},{"start":{},"end":{}}],"line":73},"6":{"loc":{"start":{"line":89,"column":4},"end":{"line":91,"column":5}},"type":"if","locations":[{"start":{"line":89,"column":4},"end":{"line":91,"column":5}},{"start":{},"end":{}}],"line":89},"7":{"loc":{"start":{"line":93,"column":4},"end":{"line":95,"column":5}},"type":"if","locations":[{"start":{"line":93,"column":4},"end":{"line":95,"column":5}},{"start":{},"end":{}}],"line":93},"8":{"loc":{"start":{"line":101,"column":4},"end":{"line":103,"column":5}},"type":"if","locations":[{"start":{"line":101,"column":4},"end":{"line":103,"column":5}},{"start":{},"end":{}}],"line":101},"9":{"loc":{"start":{"line":117,"column":49},"end":{"line":117,"column":96}},"type":"default-arg","locations":[{"start":{"line":117,"column":66},"end":{"line":117,"column":96}}],"line":117},"10":{"loc":{"start":{"line":130,"column":47},"end":{"line":130,"column":94}},"type":"default-arg","locations":[{"start":{"line":130,"column":64},"end":{"line":130,"column":94}}],"line":130},"11":{"loc":{"start":{"line":134,"column":49},"end":{"line":134,"column":96}},"type":"default-arg","locations":[{"start":{"line":134,"column":66},"end":{"line":134,"column":96}}],"line":134},"12":{"loc":{"start":{"line":151,"column":54},"end":{"line":151,"column":101}},"type":"default-arg","locations":[{"start":{"line":151,"column":71},"end":{"line":151,"column":101}}],"line":151},"13":{"loc":{"start":{"line":154,"column":6},"end":{"line":164,"column":7}},"type":"if","locations":[{"start":{"line":154,"column":6},"end":{"line":164,"column":7}},{"start":{"line":156,"column":13},"end":{"line":164,"column":7}}],"line":154},"14":{"loc":{"start":{"line":154,"column":10},"end":{"line":154,"column":125}},"type":"binary-expr","locations":[{"start":{"line":154,"column":10},"end":{"line":154,"column":38}},{"start":{"line":154,"column":42},"end":{"line":154,"column":73}},{"start":{"line":154,"column":77},"end":{"line":154,"column":125}}],"line":154},"15":{"loc":{"start":{"line":156,"column":13},"end":{"line":164,"column":7}},"type":"if","locations":[{"start":{"line":156,"column":13},"end":{"line":164,"column":7}},{"start":{},"end":{}}],"line":156},"16":{"loc":{"start":{"line":156,"column":17},"end":{"line":156,"column":82}},"type":"binary-expr","locations":[{"start":{"line":156,"column":17},"end":{"line":156,"column":46}},{"start":{"line":156,"column":50},"end":{"line":156,"column":82}}],"line":156},"17":{"loc":{"start":{"line":161,"column":8},"end":{"line":163,"column":9}},"type":"if","locations":[{"start":{"line":161,"column":8},"end":{"line":163,"column":9}},{"start":{},"end":{}}],"line":161},"18":{"loc":{"start":{"line":161,"column":12},"end":{"line":161,"column":88}},"type":"binary-expr","locations":[{"start":{"line":161,"column":12},"end":{"line":161,"column":56}},{"start":{"line":161,"column":60},"end":{"line":161,"column":88}}],"line":161},"19":{"loc":{"start":{"line":171,"column":20},"end":{"line":171,"column":73}},"type":"binary-expr","locations":[{"start":{"line":171,"column":20},"end":{"line":171,"column":38}},{"start":{"line":171,"column":42},"end":{"line":171,"column":73}}],"line":171},"20":{"loc":{"start":{"line":177,"column":4},"end":{"line":181,"column":5}},"type":"if","locations":[{"start":{"line":177,"column":4},"end":{"line":181,"column":5}},{"start":{},"end":{}}],"line":177},"21":{"loc":{"start":{"line":177,"column":8},"end":{"line":177,"column":82}},"type":"binary-expr","locations":[{"start":{"line":177,"column":8},"end":{"line":177,"column":44}},{"start":{"line":177,"column":48},"end":{"line":177,"column":82}}],"line":177},"22":{"loc":{"start":{"line":178,"column":6},"end":{"line":180,"column":7}},"type":"if","locations":[{"start":{"line":178,"column":6},"end":{"line":180,"column":7}},{"start":{},"end":{}}],"line":178},"23":{"loc":{"start":{"line":184,"column":4},"end":{"line":188,"column":5}},"type":"if","locations":[{"start":{"line":184,"column":4},"end":{"line":188,"column":5}},{"start":{},"end":{}}],"line":184},"24":{"loc":{"start":{"line":192,"column":4},"end":{"line":210,"column":5}},"type":"if","locations":[{"start":{"line":192,"column":4},"end":{"line":210,"column":5}},{"start":{},"end":{}}],"line":192},"25":{"loc":{"start":{"line":203,"column":6},"end":{"line":209,"column":7}},"type":"if","locations":[{"start":{"line":203,"column":6},"end":{"line":209,"column":7}},{"start":{"line":206,"column":13},"end":{"line":209,"column":7}}],"line":203},"26":{"loc":{"start":{"line":216,"column":4},"end":{"line":220,"column":5}},"type":"if","locations":[{"start":{"line":216,"column":4},"end":{"line":220,"column":5}},{"start":{},"end":{}}],"line":216},"27":{"loc":{"start":{"line":240,"column":4},"end":{"line":242,"column":5}},"type":"if","locations":[{"start":{"line":240,"column":4},"end":{"line":242,"column":5}},{"start":{},"end":{}}],"line":240},"28":{"loc":{"start":{"line":244,"column":4},"end":{"line":246,"column":5}},"type":"if","locations":[{"start":{"line":244,"column":4},"end":{"line":246,"column":5}},{"start":{},"end":{}}],"line":244},"29":{"loc":{"start":{"line":249,"column":4},"end":{"line":253,"column":5}},"type":"if","locations":[{"start":{"line":249,"column":4},"end":{"line":253,"column":5}},{"start":{},"end":{}}],"line":249},"30":{"loc":{"start":{"line":263,"column":4},"end":{"line":298,"column":5}},"type":"if","locations":[{"start":{"line":263,"column":4},"end":{"line":298,"column":5}},{"start":{},"end":{}}],"line":263},"31":{"loc":{"start":{"line":263,"column":8},"end":{"line":263,"column":83}},"type":"binary-expr","locations":[{"start":{"line":263,"column":8},"end":{"line":263,"column":42}},{"start":{"line":263,"column":46},"end":{"line":263,"column":83}}],"line":263},"32":{"loc":{"start":{"line":271,"column":6},"end":{"line":288,"column":7}},"type":"if","locations":[{"start":{"line":271,"column":6},"end":{"line":288,"column":7}},{"start":{},"end":{}}],"line":271},"33":{"loc":{"start":{"line":271,"column":10},"end":{"line":271,"column":85}},"type":"binary-expr","locations":[{"start":{"line":271,"column":10},"end":{"line":271,"column":46}},{"start":{"line":271,"column":50},"end":{"line":271,"column":85}}],"line":271},"34":{"loc":{"start":{"line":282,"column":8},"end":{"line":287,"column":9}},"type":"if","locations":[{"start":{"line":282,"column":8},"end":{"line":287,"column":9}},{"start":{"line":284,"column":15},"end":{"line":287,"column":9}}],"line":282},"35":{"loc":{"start":{"line":294,"column":6},"end":{"line":297,"column":7}},"type":"if","locations":[{"start":{"line":294,"column":6},"end":{"line":297,"column":7}},{"start":{},"end":{}}],"line":294},"36":{"loc":{"start":{"line":294,"column":10},"end":{"line":294,"column":88}},"type":"binary-expr","locations":[{"start":{"line":294,"column":10},"end":{"line":294,"column":47}},{"start":{"line":294,"column":51},"end":{"line":294,"column":88}}],"line":294},"37":{"loc":{"start":{"line":318,"column":8},"end":{"line":318,"column":75}},"type":"if","locations":[{"start":{"line":318,"column":8},"end":{"line":318,"column":75}},{"start":{},"end":{}}],"line":318},"38":{"loc":{"start":{"line":339,"column":8},"end":{"line":341,"column":9}},"type":"if","locations":[{"start":{"line":339,"column":8},"end":{"line":341,"column":9}},{"start":{},"end":{}}],"line":339},"39":{"loc":{"start":{"line":344,"column":6},"end":{"line":348,"column":7}},"type":"if","locations":[{"start":{"line":344,"column":6},"end":{"line":348,"column":7}},{"start":{"line":346,"column":13},"end":{"line":348,"column":7}}],"line":344},"40":{"loc":{"start":{"line":366,"column":4},"end":{"line":405,"column":5}},"type":"if","locations":[{"start":{"line":366,"column":4},"end":{"line":405,"column":5}},{"start":{},"end":{}}],"line":366},"41":{"loc":{"start":{"line":368,"column":6},"end":{"line":372,"column":7}},"type":"if","locations":[{"start":{"line":368,"column":6},"end":{"line":372,"column":7}},{"start":{},"end":{}}],"line":368},"42":{"loc":{"start":{"line":385,"column":6},"end":{"line":392,"column":7}},"type":"if","locations":[{"start":{"line":385,"column":6},"end":{"line":392,"column":7}},{"start":{},"end":{}}],"line":385},"43":{"loc":{"start":{"line":386,"column":8},"end":{"line":391,"column":9}},"type":"if","locations":[{"start":{"line":386,"column":8},"end":{"line":391,"column":9}},{"start":{},"end":{}}],"line":386},"44":{"loc":{"start":{"line":388,"column":10},"end":{"line":390,"column":11}},"type":"if","locations":[{"start":{"line":388,"column":10},"end":{"line":390,"column":11}},{"start":{},"end":{}}],"line":388},"45":{"loc":{"start":{"line":395,"column":6},"end":{"line":402,"column":7}},"type":"if","locations":[{"start":{"line":395,"column":6},"end":{"line":402,"column":7}},{"start":{},"end":{}}],"line":395},"46":{"loc":{"start":{"line":399,"column":8},"end":{"line":401,"column":9}},"type":"if","locations":[{"start":{"line":399,"column":8},"end":{"line":401,"column":9}},{"start":{},"end":{}}],"line":399},"47":{"loc":{"start":{"line":411,"column":4},"end":{"line":422,"column":5}},"type":"if","locations":[{"start":{"line":411,"column":4},"end":{"line":422,"column":5}},{"start":{},"end":{}}],"line":411},"48":{"loc":{"start":{"line":417,"column":10},"end":{"line":419,"column":11}},"type":"if","locations":[{"start":{"line":417,"column":10},"end":{"line":419,"column":11}},{"start":{},"end":{}}],"line":417},"49":{"loc":{"start":{"line":444,"column":4},"end":{"line":450,"column":5}},"type":"if","locations":[{"start":{"line":444,"column":4},"end":{"line":450,"column":5}},{"start":{},"end":{}}],"line":444},"50":{"loc":{"start":{"line":447,"column":6},"end":{"line":449,"column":7}},"type":"if","locations":[{"start":{"line":447,"column":6},"end":{"line":449,"column":7}},{"start":{},"end":{}}],"line":447},"51":{"loc":{"start":{"line":458,"column":6},"end":{"line":460,"column":7}},"type":"if","locations":[{"start":{"line":458,"column":6},"end":{"line":460,"column":7}},{"start":{},"end":{}}],"line":458},"52":{"loc":{"start":{"line":476,"column":30},"end":{"line":476,"column":42}},"type":"default-arg","locations":[{"start":{"line":476,"column":40},"end":{"line":476,"column":42}}],"line":476},"53":{"loc":{"start":{"line":477,"column":4},"end":{"line":479,"column":5}},"type":"if","locations":[{"start":{"line":477,"column":4},"end":{"line":479,"column":5}},{"start":{},"end":{}}],"line":477},"54":{"loc":{"start":{"line":480,"column":4},"end":{"line":483,"column":5}},"type":"if","locations":[{"start":{"line":480,"column":4},"end":{"line":483,"column":5}},{"start":{},"end":{}}],"line":480},"55":{"loc":{"start":{"line":496,"column":6},"end":{"line":498,"column":7}},"type":"if","locations":[{"start":{"line":496,"column":6},"end":{"line":498,"column":7}},{"start":{},"end":{}}],"line":496},"56":{"loc":{"start":{"line":501,"column":6},"end":{"line":507,"column":7}},"type":"if","locations":[{"start":{"line":501,"column":6},"end":{"line":507,"column":7}},{"start":{"line":503,"column":13},"end":{"line":507,"column":7}}],"line":501},"57":{"loc":{"start":{"line":516,"column":6},"end":{"line":521,"column":7}},"type":"if","locations":[{"start":{"line":516,"column":6},"end":{"line":521,"column":7}},{"start":{"line":519,"column":13},"end":{"line":521,"column":7}}],"line":516},"58":{"loc":{"start":{"line":523,"column":6},"end":{"line":532,"column":7}},"type":"if","locations":[{"start":{"line":523,"column":6},"end":{"line":532,"column":7}},{"start":{},"end":{}}],"line":523},"59":{"loc":{"start":{"line":523,"column":10},"end":{"line":523,"column":91}},"type":"binary-expr","locations":[{"start":{"line":523,"column":10},"end":{"line":523,"column":31}},{"start":{"line":523,"column":35},"end":{"line":523,"column":62}},{"start":{"line":523,"column":66},"end":{"line":523,"column":91}}],"line":523},"60":{"loc":{"start":{"line":528,"column":8},"end":{"line":530,"column":9}},"type":"if","locations":[{"start":{"line":528,"column":8},"end":{"line":530,"column":9}},{"start":{},"end":{}}],"line":528},"61":{"loc":{"start":{"line":536,"column":4},"end":{"line":542,"column":5}},"type":"if","locations":[{"start":{"line":536,"column":4},"end":{"line":542,"column":5}},{"start":{},"end":{}}],"line":536},"62":{"loc":{"start":{"line":538,"column":6},"end":{"line":540,"column":7}},"type":"if","locations":[{"start":{"line":538,"column":6},"end":{"line":540,"column":7}},{"start":{},"end":{}}],"line":538},"63":{"loc":{"start":{"line":554,"column":4},"end":{"line":556,"column":5}},"type":"if","locations":[{"start":{"line":554,"column":4},"end":{"line":556,"column":5}},{"start":{},"end":{}}],"line":554},"64":{"loc":{"start":{"line":554,"column":8},"end":{"line":554,"column":25}},"type":"binary-expr","locations":[{"start":{"line":554,"column":8},"end":{"line":554,"column":15}},{"start":{"line":554,"column":19},"end":{"line":554,"column":25}}],"line":554},"65":{"loc":{"start":{"line":558,"column":4},"end":{"line":560,"column":5}},"type":"if","locations":[{"start":{"line":558,"column":4},"end":{"line":560,"column":5}},{"start":{},"end":{}}],"line":558},"66":{"loc":{"start":{"line":558,"column":8},"end":{"line":558,"column":25}},"type":"binary-expr","locations":[{"start":{"line":558,"column":8},"end":{"line":558,"column":15}},{"start":{"line":558,"column":19},"end":{"line":558,"column":25}}],"line":558},"67":{"loc":{"start":{"line":563,"column":4},"end":{"line":569,"column":5}},"type":"if","locations":[{"start":{"line":563,"column":4},"end":{"line":569,"column":5}},{"start":{},"end":{}}],"line":563},"68":{"loc":{"start":{"line":564,"column":6},"end":{"line":568,"column":7}},"type":"if","locations":[{"start":{"line":564,"column":6},"end":{"line":568,"column":7}},{"start":{"line":566,"column":13},"end":{"line":568,"column":7}}],"line":564},"69":{"loc":{"start":{"line":572,"column":4},"end":{"line":577,"column":5}},"type":"if","locations":[{"start":{"line":572,"column":4},"end":{"line":577,"column":5}},{"start":{"line":575,"column":11},"end":{"line":577,"column":5}}],"line":572}},"s":{"0":97,"1":1,"2":96,"3":96,"4":96,"5":96,"6":96,"7":96,"8":1659,"9":46030,"10":46030,"11":46030,"12":306970,"13":11482,"14":11482,"15":11482,"16":295488,"17":46030,"18":30,"19":46030,"20":1975,"21":3,"22":1972,"23":1,"24":1971,"25":1971,"26":98,"27":1971,"28":1971,"29":2013970,"30":1236178,"31":1167329,"32":4417479,"33":4417479,"34":15691053,"35":5772908,"36":9918145,"37":2292036,"38":2290308,"39":15691053,"40":4417479,"41":4417479,"42":953,"43":953,"44":521,"45":0,"46":953,"47":953,"48":939,"49":939,"50":939,"51":953,"52":25,"53":25,"54":4,"55":21,"56":953,"57":953,"58":221,"59":1272,"60":1272,"61":1,"62":1271,"63":1,"64":1270,"65":1270,"66":317,"67":317,"68":953,"69":953,"70":953,"71":953,"72":953,"73":953,"74":418,"75":275,"76":275,"77":275,"78":5,"79":418,"80":148,"81":953,"82":6,"83":6,"84":6,"85":28,"86":28,"87":28,"88":7,"89":28,"90":6,"91":0,"92":0,"93":0,"94":0,"95":0,"96":0,"97":0,"98":0,"99":0,"100":0,"101":2326,"102":2326,"103":2020,"104":2326,"105":2326,"106":854,"107":854,"108":0,"109":0,"110":854,"111":944,"112":854,"113":1744,"114":854,"115":799,"116":794,"117":794,"118":794,"119":854,"120":426,"121":663,"122":426,"123":426,"124":426,"125":854,"126":2326,"127":1319,"128":1278,"129":1278,"130":1649,"131":1649,"132":1649,"133":24121,"134":16928,"135":6,"136":6,"137":6,"138":7,"139":7,"140":6,"141":276,"142":276,"143":276,"144":275,"145":79237,"146":1,"147":1220,"148":1102464,"149":1102464,"150":615900,"151":1102464,"152":1220,"153":1181704,"154":916729,"155":1181704,"156":995852,"157":1181704,"158":1181704,"159":2013969,"160":2013969,"161":1934732,"162":2013969,"163":2013969,"164":1236177,"165":777792,"166":1236177,"167":1236177,"168":1236177,"169":1167329,"170":1167329,"171":68848,"172":1236177,"173":2529,"174":2529,"175":2529,"176":2529,"177":1233648,"178":1179175,"179":613643,"180":613373,"181":613643,"182":565532,"183":1233654,"184":614847,"185":618807,"186":1,"187":618806,"188":2334,"189":2286,"190":48,"191":616472,"192":515290,"193":101182,"194":0},"f":{"0":97,"1":1659,"2":46030,"3":1975,"4":2013970,"5":1236178,"6":1167329,"7":4417479,"8":15691053,"9":953,"10":953,"11":953,"12":1272,"13":6,"14":0,"15":2326,"16":2020,"17":944,"18":1744,"19":663,"20":1319,"21":6,"22":276,"23":79237,"24":1220,"25":1102464,"26":1181704,"27":1233654,"28":0},"b":{"0":[1,96],"1":[209],"2":[14725],"3":[11482,295488],"4":[11482,11482],"5":[30,46000],"6":[3,1972],"7":[1,1971],"8":[98,1873],"9":[1],"10":[1],"11":[0],"12":[4],"13":[5772908,9918145],"14":[15691053,15426520,13399017],"15":[2292036,7626109],"16":[9918145,9653612],"17":[2290308,1728],"18":[2292036,4596],"19":[4417479,4050400],"20":[521,432],"21":[953,521],"22":[0,521],"23":[939,14],"24":[25,928],"25":[4,21],"26":[221,732],"27":[1,1271],"28":[1,1270],"29":[317,953],"30":[418,535],"31":[953,939],"32":[275,143],"33":[418,143],"34":[270,5],"35":[148,270],"36":[418,148],"37":[7,21],"38":[0,0],"39":[0,0],"40":[854,1472],"41":[0,854],"42":[799,55],"43":[794,5],"44":[794,0],"45":[426,428],"46":[426,0],"47":[1278,41],"48":[16928,7193],"49":[276,0],"50":[275,1],"51":[615900,486564],"52":[916614],"53":[916729,264975],"54":[995852,185852],"55":[1934732,79237],"56":[1236177,777792],"57":[1167329,68848],"58":[2529,1233648],"59":[1236177,26777,26777],"60":[2529,0],"61":[613643,565532],"62":[613373,270],"63":[614847,618807],"64":[1233654,614847],"65":[1,618806],"66":[618807,1],"67":[2334,616472],"68":[2286,48],"69":[515290,101182]},"_coverageSchema":"1a1c01bbd47fc00a2c39e90264f33305004495a9","hash":"e28c8be002d911c615ea9161e52c6c2bedfdbd26"}
,"F:\\_Alpheios\\____service_workes\\_workspaces-core\\v1\\packages\\inflection-tables\\src\\lib\\load-data.js": {"path":"F:\\_Alpheios\\____service_workes\\_workspaces-core\\v1\\packages\\inflection-tables\\src\\lib\\load-data.js","statementMap":{"0":{"start":{"line":8,"column":17},"end":{"line":16,"column":1}},"1":{"start":{"line":9,"column":2},"end":{"line":15,"column":4}},"2":{"start":{"line":10,"column":16},"end":{"line":10,"column":43}},"3":{"start":{"line":11,"column":4},"end":{"line":11,"column":29}},"4":{"start":{"line":12,"column":4},"end":{"line":12,"column":48}},"5":{"start":{"line":12,"column":23},"end":{"line":12,"column":48}},"6":{"start":{"line":13,"column":4},"end":{"line":13,"column":46}},"7":{"start":{"line":13,"column":24},"end":{"line":13,"column":46}},"8":{"start":{"line":14,"column":4},"end":{"line":14,"column":14}}},"fnMap":{"0":{"name":"loadData","decl":{"start":{"line":8,"column":26},"end":{"line":8,"column":34}},"loc":{"start":{"line":8,"column":46},"end":{"line":16,"column":1}},"line":8},"1":{"name":"(anonymous_1)","decl":{"start":{"line":9,"column":21},"end":{"line":9,"column":22}},"loc":{"start":{"line":9,"column":42},"end":{"line":15,"column":3}},"line":9},"2":{"name":"(anonymous_2)","decl":{"start":{"line":12,"column":17},"end":{"line":12,"column":18}},"loc":{"start":{"line":12,"column":23},"end":{"line":12,"column":48}},"line":12},"3":{"name":"(anonymous_3)","decl":{"start":{"line":13,"column":18},"end":{"line":13,"column":19}},"loc":{"start":{"line":13,"column":24},"end":{"line":13,"column":46}},"line":13}},"branchMap":{},"s":{"0":0,"1":0,"2":0,"3":0,"4":0,"5":0,"6":0,"7":0,"8":0},"f":{"0":0,"1":0,"2":0,"3":0},"b":{}}
,"F:\\_Alpheios\\____service_workes\\_workspaces-core\\v1\\packages\\inflection-tables\\src\\lib\\match-data.js": {"path":"F:\\_Alpheios\\____service_workes\\_workspaces-core\\v1\\packages\\inflection-tables\\src\\lib\\match-data.js","statementMap":{"0":{"start":{"line":6,"column":4},"end":{"line":6,"column":28}},"1":{"start":{"line":7,"column":4},"end":{"line":7,"column":26}},"2":{"start":{"line":8,"column":4},"end":{"line":8,"column":26}},"3":{"start":{"line":9,"column":4},"end":{"line":9,"column":32}},"4":{"start":{"line":10,"column":4},"end":{"line":10,"column":29}},"5":{"start":{"line":14,"column":20},"end":{"line":14,"column":35}},"6":{"start":{"line":15,"column":4},"end":{"line":15,"column":50}},"7":{"start":{"line":16,"column":4},"end":{"line":16,"column":46}},"8":{"start":{"line":17,"column":4},"end":{"line":19,"column":5}},"9":{"start":{"line":18,"column":6},"end":{"line":18,"column":45}},"10":{"start":{"line":20,"column":4},"end":{"line":20,"column":20}},"11":{"start":{"line":24,"column":4},"end":{"line":25,"column":51}}},"fnMap":{"0":{"name":"(anonymous_0)","decl":{"start":{"line":5,"column":2},"end":{"line":5,"column":3}},"loc":{"start":{"line":5,"column":17},"end":{"line":11,"column":3}},"line":5},"1":{"name":"(anonymous_1)","decl":{"start":{"line":13,"column":2},"end":{"line":13,"column":3}},"loc":{"start":{"line":13,"column":33},"end":{"line":21,"column":3}},"line":13},"2":{"name":"(anonymous_2)","decl":{"start":{"line":23,"column":2},"end":{"line":23,"column":3}},"loc":{"start":{"line":23,"column":14},"end":{"line":26,"column":3}},"line":23}},"branchMap":{},"s":{"0":2013970,"1":2013970,"2":2013970,"3":2013970,"4":2013970,"5":1,"6":1,"7":1,"8":1,"9":0,"10":1,"11":0},"f":{"0":2013970,"1":1,"2":0},"b":{},"_coverageSchema":"1a1c01bbd47fc00a2c39e90264f33305004495a9","hash":"ad52af1c25a20b12021613d9a04a2f4b53eb6f33"}
,"F:\\_Alpheios\\____service_workes\\_workspaces-core\\v1\\packages\\inflection-tables\\src\\lib\\morpheme.js": {"path":"F:\\_Alpheios\\____service_workes\\_workspaces-core\\v1\\packages\\inflection-tables\\src\\lib\\morpheme.js","statementMap":{"0":{"start":{"line":19,"column":4},"end":{"line":21,"column":5}},"1":{"start":{"line":20,"column":6},"end":{"line":20,"column":60}},"2":{"start":{"line":22,"column":4},"end":{"line":22,"column":22}},"3":{"start":{"line":23,"column":4},"end":{"line":23,"column":30}},"4":{"start":{"line":24,"column":4},"end":{"line":24,"column":22}},"5":{"start":{"line":25,"column":4},"end":{"line":25,"column":27}},"6":{"start":{"line":33,"column":4},"end":{"line":33,"column":30}},"7":{"start":{"line":34,"column":4},"end":{"line":34,"column":26}},"8":{"start":{"line":39,"column":4},"end":{"line":39,"column":23}},"9":{"start":{"line":47,"column":4},"end":{"line":47,"column":35}},"10":{"start":{"line":51,"column":4},"end":{"line":65,"column":5}},"11":{"start":{"line":69,"column":4},"end":{"line":69,"column":41}},"12":{"start":{"line":73,"column":17},"end":{"line":73,"column":43}},"13":{"start":{"line":75,"column":4},"end":{"line":81,"column":5}},"14":{"start":{"line":76,"column":6},"end":{"line":80,"column":7}},"15":{"start":{"line":77,"column":8},"end":{"line":79,"column":9}},"16":{"start":{"line":78,"column":10},"end":{"line":78,"column":57}},"17":{"start":{"line":83,"column":4},"end":{"line":92,"column":5}},"18":{"start":{"line":84,"column":6},"end":{"line":91,"column":7}},"19":{"start":{"line":85,"column":8},"end":{"line":90,"column":9}},"20":{"start":{"line":86,"column":10},"end":{"line":86,"column":40}},"21":{"start":{"line":87,"column":10},"end":{"line":89,"column":11}},"22":{"start":{"line":88,"column":12},"end":{"line":88,"column":49}},"23":{"start":{"line":94,"column":4},"end":{"line":99,"column":5}},"24":{"start":{"line":95,"column":6},"end":{"line":95,"column":41}},"25":{"start":{"line":96,"column":6},"end":{"line":98,"column":7}},"26":{"start":{"line":97,"column":8},"end":{"line":97,"column":53}},"27":{"start":{"line":101,"column":4},"end":{"line":103,"column":5}},"28":{"start":{"line":102,"column":6},"end":{"line":102,"column":59}},"29":{"start":{"line":105,"column":4},"end":{"line":109,"column":5}},"30":{"start":{"line":106,"column":6},"end":{"line":108,"column":7}},"31":{"start":{"line":107,"column":8},"end":{"line":107,"column":106}},"32":{"start":{"line":110,"column":4},"end":{"line":110,"column":17}},"33":{"start":{"line":119,"column":16},"end":{"line":119,"column":48}},"34":{"start":{"line":120,"column":4},"end":{"line":124,"column":5}},"35":{"start":{"line":121,"column":6},"end":{"line":123,"column":7}},"36":{"start":{"line":122,"column":8},"end":{"line":122,"column":48}},"37":{"start":{"line":125,"column":4},"end":{"line":129,"column":5}},"38":{"start":{"line":126,"column":6},"end":{"line":128,"column":7}},"39":{"start":{"line":127,"column":8},"end":{"line":127,"column":58}},"40":{"start":{"line":131,"column":4},"end":{"line":133,"column":5}},"41":{"start":{"line":132,"column":6},"end":{"line":132,"column":66}},"42":{"start":{"line":135,"column":4},"end":{"line":137,"column":5}},"43":{"start":{"line":136,"column":6},"end":{"line":136,"column":30}},"44":{"start":{"line":139,"column":4},"end":{"line":139,"column":43}},"45":{"start":{"line":141,"column":4},"end":{"line":145,"column":5}},"46":{"start":{"line":142,"column":6},"end":{"line":144,"column":7}},"47":{"start":{"line":143,"column":8},"end":{"line":143,"column":66}},"48":{"start":{"line":146,"column":4},"end":{"line":146,"column":16}},"49":{"start":{"line":156,"column":27},"end":{"line":156,"column":71}},"50":{"start":{"line":157,"column":4},"end":{"line":157,"column":36}},"51":{"start":{"line":172,"column":18},"end":{"line":172,"column":20}},"52":{"start":{"line":174,"column":4},"end":{"line":201,"column":5}},"53":{"start":{"line":175,"column":28},"end":{"line":175,"column":65}},"54":{"start":{"line":177,"column":6},"end":{"line":200,"column":7}},"55":{"start":{"line":179,"column":8},"end":{"line":181,"column":9}},"56":{"start":{"line":180,"column":10},"end":{"line":180,"column":47}},"57":{"start":{"line":182,"column":13},"end":{"line":200,"column":7}},"58":{"start":{"line":184,"column":20},"end":{"line":184,"column":24}},"59":{"start":{"line":185,"column":8},"end":{"line":187,"column":9}},"60":{"start":{"line":186,"column":10},"end":{"line":186,"column":67}},"61":{"start":{"line":188,"column":8},"end":{"line":190,"column":9}},"62":{"start":{"line":189,"column":10},"end":{"line":189,"column":47}},"63":{"start":{"line":191,"column":13},"end":{"line":200,"column":7}},"64":{"start":{"line":193,"column":8},"end":{"line":197,"column":9}},"65":{"start":{"line":194,"column":10},"end":{"line":196,"column":11}},"66":{"start":{"line":195,"column":12},"end":{"line":195,"column":33}},"67":{"start":{"line":199,"column":8},"end":{"line":199,"column":89}},"68":{"start":{"line":203,"column":4},"end":{"line":203,"column":18}},"69":{"start":{"line":211,"column":21},"end":{"line":211,"column":59}},"70":{"start":{"line":213,"column":25},"end":{"line":219,"column":6}},"71":{"start":{"line":214,"column":19},"end":{"line":214,"column":23}},"72":{"start":{"line":215,"column":6},"end":{"line":217,"column":7}},"73":{"start":{"line":215,"column":19},"end":{"line":215,"column":20}},"74":{"start":{"line":216,"column":8},"end":{"line":216,"column":71}},"75":{"start":{"line":218,"column":6},"end":{"line":218,"column":19}},"76":{"start":{"line":220,"column":4},"end":{"line":220,"column":23}},"77":{"start":{"line":237,"column":25},"end":{"line":237,"column":65}},"78":{"start":{"line":238,"column":4},"end":{"line":241,"column":5}},"79":{"start":{"line":240,"column":6},"end":{"line":240,"column":18}},"80":{"start":{"line":243,"column":23},"end":{"line":243,"column":25}},"81":{"start":{"line":244,"column":4},"end":{"line":244,"column":100}},"82":{"start":{"line":244,"column":40},"end":{"line":244,"column":97}},"83":{"start":{"line":246,"column":17},"end":{"line":246,"column":21}},"84":{"start":{"line":247,"column":4},"end":{"line":247,"column":50}},"85":{"start":{"line":249,"column":4},"end":{"line":251,"column":5}},"86":{"start":{"line":250,"column":6},"end":{"line":250,"column":18}},"87":{"start":{"line":254,"column":4},"end":{"line":266,"column":5}},"88":{"start":{"line":255,"column":6},"end":{"line":259,"column":7}},"89":{"start":{"line":256,"column":8},"end":{"line":256,"column":59}},"90":{"start":{"line":258,"column":8},"end":{"line":258,"column":16}},"91":{"start":{"line":261,"column":6},"end":{"line":261,"column":76}},"92":{"start":{"line":263,"column":6},"end":{"line":265,"column":7}},"93":{"start":{"line":264,"column":8},"end":{"line":264,"column":20}},"94":{"start":{"line":268,"column":4},"end":{"line":270,"column":6}},"95":{"start":{"line":269,"column":6},"end":{"line":269,"column":57}},"96":{"start":{"line":272,"column":4},"end":{"line":272,"column":17}},"97":{"start":{"line":285,"column":20},"end":{"line":285,"column":22}},"98":{"start":{"line":286,"column":27},"end":{"line":286,"column":42}},"99":{"start":{"line":287,"column":4},"end":{"line":302,"column":5}},"100":{"start":{"line":288,"column":6},"end":{"line":301,"column":7}},"101":{"start":{"line":289,"column":25},"end":{"line":289,"column":65}},"102":{"start":{"line":290,"column":8},"end":{"line":294,"column":9}},"103":{"start":{"line":291,"column":10},"end":{"line":291,"column":86}},"104":{"start":{"line":292,"column":10},"end":{"line":292,"column":77}},"105":{"start":{"line":293,"column":10},"end":{"line":293,"column":34}},"106":{"start":{"line":297,"column":19},"end":{"line":297,"column":31}},"107":{"start":{"line":298,"column":8},"end":{"line":298,"column":80}},"108":{"start":{"line":299,"column":8},"end":{"line":299,"column":71}},"109":{"start":{"line":300,"column":8},"end":{"line":300,"column":28}},"110":{"start":{"line":303,"column":4},"end":{"line":303,"column":20}},"111":{"start":{"line":316,"column":21},"end":{"line":316,"column":26}},"112":{"start":{"line":319,"column":4},"end":{"line":345,"column":22}},"113":{"start":{"line":320,"column":6},"end":{"line":320,"column":24}},"114":{"start":{"line":328,"column":6},"end":{"line":339,"column":7}},"115":{"start":{"line":328,"column":19},"end":{"line":328,"column":20}},"116":{"start":{"line":329,"column":8},"end":{"line":331,"column":9}},"117":{"start":{"line":330,"column":10},"end":{"line":330,"column":18}},"118":{"start":{"line":332,"column":8},"end":{"line":338,"column":9}},"119":{"start":{"line":332,"column":21},"end":{"line":332,"column":26}},"120":{"start":{"line":333,"column":10},"end":{"line":337,"column":11}},"121":{"start":{"line":334,"column":12},"end":{"line":334,"column":24}},"122":{"start":{"line":335,"column":12},"end":{"line":335,"column":29}},"123":{"start":{"line":336,"column":12},"end":{"line":336,"column":51}},"124":{"start":{"line":341,"column":6},"end":{"line":343,"column":7}},"125":{"start":{"line":342,"column":8},"end":{"line":342,"column":36}},"126":{"start":{"line":346,"column":4},"end":{"line":346,"column":19}},"127":{"start":{"line":356,"column":25},"end":{"line":356,"column":69}},"128":{"start":{"line":357,"column":4},"end":{"line":360,"column":5}},"129":{"start":{"line":359,"column":6},"end":{"line":359,"column":85}},"130":{"start":{"line":361,"column":4},"end":{"line":361,"column":18}},"131":{"start":{"line":365,"column":17},"end":{"line":365,"column":95}},"132":{"start":{"line":366,"column":4},"end":{"line":368,"column":5}},"133":{"start":{"line":367,"column":6},"end":{"line":367,"column":46}},"134":{"start":{"line":369,"column":4},"end":{"line":369,"column":53}},"135":{"start":{"line":369,"column":22},"end":{"line":369,"column":51}},"136":{"start":{"line":370,"column":4},"end":{"line":370,"column":17}}},"fnMap":{"0":{"name":"(anonymous_0)","decl":{"start":{"line":18,"column":2},"end":{"line":18,"column":3}},"loc":{"start":{"line":18,"column":30},"end":{"line":40,"column":3}},"line":18},"1":{"name":"(anonymous_1)","decl":{"start":{"line":46,"column":2},"end":{"line":46,"column":3}},"loc":{"start":{"line":46,"column":23},"end":{"line":48,"column":3}},"line":46},"2":{"name":"(anonymous_2)","decl":{"start":{"line":50,"column":2},"end":{"line":50,"column":3}},"loc":{"start":{"line":50,"column":32},"end":{"line":66,"column":3}},"line":50},"3":{"name":"(anonymous_3)","decl":{"start":{"line":68,"column":2},"end":{"line":68,"column":3}},"loc":{"start":{"line":68,"column":22},"end":{"line":70,"column":3}},"line":68},"4":{"name":"(anonymous_4)","decl":{"start":{"line":72,"column":2},"end":{"line":72,"column":3}},"loc":{"start":{"line":72,"column":33},"end":{"line":111,"column":3}},"line":72},"5":{"name":"(anonymous_5)","decl":{"start":{"line":117,"column":2},"end":{"line":117,"column":3}},"loc":{"start":{"line":117,"column":11},"end":{"line":147,"column":3}},"line":117},"6":{"name":"(anonymous_6)","decl":{"start":{"line":155,"column":2},"end":{"line":155,"column":3}},"loc":{"start":{"line":155,"column":41},"end":{"line":158,"column":3}},"line":155},"7":{"name":"(anonymous_7)","decl":{"start":{"line":171,"column":2},"end":{"line":171,"column":3}},"loc":{"start":{"line":171,"column":86},"end":{"line":204,"column":3}},"line":171},"8":{"name":"(anonymous_8)","decl":{"start":{"line":210,"column":2},"end":{"line":210,"column":3}},"loc":{"start":{"line":210,"column":36},"end":{"line":221,"column":3}},"line":210},"9":{"name":"(anonymous_9)","decl":{"start":{"line":213,"column":41},"end":{"line":213,"column":42}},"loc":{"start":{"line":213,"column":52},"end":{"line":219,"column":5}},"line":213},"10":{"name":"(anonymous_10)","decl":{"start":{"line":236,"column":2},"end":{"line":236,"column":3}},"loc":{"start":{"line":236,"column":29},"end":{"line":273,"column":3}},"line":236},"11":{"name":"(anonymous_11)","decl":{"start":{"line":244,"column":25},"end":{"line":244,"column":26}},"loc":{"start":{"line":244,"column":38},"end":{"l
[...]
18}},"89":{"start":{"line":387,"column":20},"end":{"line":387,"column":59}},"90":{"start":{"line":388,"column":27},"end":{"line":388,"column":83}},"91":{"start":{"line":390,"column":15},"end":{"line":390,"column":48}},"92":{"start":{"line":391,"column":4},"end":{"line":393,"column":5}},"93":{"start":{"line":392,"column":6},"end":{"line":392,"column":34}},"94":{"start":{"line":394,"column":4},"end":{"line":394,"column":15}}},"fnMap":{"0":{"name":"(anonymous_0)","decl":{"start":{"line":17,"column":2},"end":{"line":17,"column":3}},"loc":{"start":{"line":17,"column":39},"end":{"line":77,"column":3}},"line":17},"1":{"name":"(anonymous_1)","decl":{"start":{"line":79,"column":2},"end":{"line":79,"column":3}},"loc":{"start":{"line":79,"column":23},"end":{"line":81,"column":3}},"line":79},"2":{"name":"(anonymous_2)","decl":{"start":{"line":87,"column":2},"end":{"line":87,"column":3}},"loc":{"start":{"line":87,"column":27},"end":{"line":89,"column":3}},"line":87},"3":{"name":"(anonymous_3)","decl":{"start":{"line":91,"column":2},"end":{"line":91,"column":3}},"loc":{"start":{"line":91,"column":25},"end":{"line":93,"column":3}},"line":91},"4":{"name":"(anonymous_4)","decl":{"start":{"line":102,"column":2},"end":{"line":102,"column":3}},"loc":{"start":{"line":102,"column":30},"end":{"line":104,"column":3}},"line":102},"5":{"name":"(anonymous_5)","decl":{"start":{"line":112,"column":2},"end":{"line":112,"column":3}},"loc":{"start":{"line":112,"column":33},"end":{"line":114,"column":3}},"line":112},"6":{"name":"(anonymous_6)","decl":{"start":{"line":120,"column":2},"end":{"line":120,"column":3}},"loc":{"start":{"line":120,"column":24},"end":{"line":125,"column":3}},"line":120},"7":{"name":"(anonymous_7)","decl":{"start":{"line":127,"column":2},"end":{"line":127,"column":3}},"loc":{"start":{"line":127,"column":22},"end":{"line":129,"column":3}},"line":127},"8":{"name":"(anonymous_8)","decl":{"start":{"line":131,"column":2},"end":{"line":131,"column":3}},"loc":{"start":{"line":131,"column":30},"end":{"line":133,"column":3}},"line":131},"9":{"name":"(anonymous_9)","decl":{"start":{"line":139,"column":2},"end":{"line":139,"column":3}},"loc":{"start":{"line":139,"column":31},"end":{"line":140,"column":3}},"line":139},"10":{"name":"(anonymous_10)","decl":{"start":{"line":142,"column":2},"end":{"line":142,"column":3}},"loc":{"start":{"line":142,"column":37},"end":{"line":145,"column":3}},"line":142},"11":{"name":"(anonymous_11)","decl":{"start":{"line":152,"column":2},"end":{"line":152,"column":3}},"loc":{"start":{"line":152,"column":17},"end":{"line":154,"column":3}},"line":152},"12":{"name":"(anonymous_12)","decl":{"start":{"line":162,"column":2},"end":{"line":162,"column":3}},"loc":{"start":{"line":162,"column":19},"end":{"line":165,"column":3}},"line":162},"13":{"name":"(anonymous_13)","decl":{"start":{"line":167,"column":2},"end":{"line":167,"column":3}},"loc":{"start":{"line":167,"column":16},"end":{"line":169,"column":3}},"line":167},"14":{"name":"(anonymous_14)","decl":{"start":{"line":180,"column":2},"end":{"line":180,"column":3}},"loc":{"start":{"line":180,"column":47},"end":{"line":186,"column":3}},"line":180},"15":{"name":"(anonymous_15)","decl":{"start":{"line":184,"column":47},"end":{"line":184,"column":48}},"loc":{"start":{"line":184,"column":52},"end":{"line":184,"column":130}},"line":184},"16":{"name":"(anonymous_16)","decl":{"start":{"line":193,"column":2},"end":{"line":193,"column":3}},"loc":{"start":{"line":193,"column":43},"end":{"line":196,"column":3}},"line":193},"17":{"name":"(anonymous_17)","decl":{"start":{"line":204,"column":2},"end":{"line":204,"column":3}},"loc":{"start":{"line":204,"column":22},"end":{"line":206,"column":3}},"line":204},"18":{"name":"(anonymous_18)","decl":{"start":{"line":214,"column":2},"end":{"line":214,"column":3}},"loc":{"start":{"line":214,"column":21},"end":{"line":216,"column":3}},"line":214},"19":{"name":"(anonymous_19)","decl":{"start":{"line":222,"column":2},"end":{"line":222,"column":3}},"loc":{"start":{"line":225,"column":5},"end":{"line":241,"column":3}},"line":225},"20":{"name":"(anonymous_20)","decl":{"start":{"line":247,"column":2},"end":{"line":247,"column":3}},"loc":{"start":{"line":247,"column":18},"end":{"line":251,"column":3}},"line":247},"21":{"name":"(anonymous_21)","decl":{"start":{"line":256,"column":2},"end":{"line":256,"column":3}},"loc":{"start":{"line":256,"column":18},"end":{"line":260,"column":3}},"line":256},"22":{"name":"(anonymous_22)","decl":{"start":{"line":262,"column":2},"end":{"line":262,"column":3}},"loc":{"start":{"line":262,"column":30},"end":{"line":264,"column":3}},"line":262},"23":{"name":"(anonymous_23)","decl":{"start":{"line":272,"column":2},"end":{"line":272,"column":3}},"loc":{"start":{"line":272,"column":29},"end":{"line":283,"column":3}},"line":272},"24":{"name":"(anonymous_24)","decl":{"start":{"line":285,"column":2},"end":{"line":285,"column":3}},"loc":{"start":{"line":285,"column":39},"end":{"line":287,"column":3}},"line":285},"25":{"name":"(anonymous_25)","decl":{"start":{"line":295,"column":2},"end":{"line":295,"column":3}},"loc":{"start":{"line":295,"column":38},"end":{"line":308,"column":3}},"line":295},"26":{"name":"(anonymous_26)","decl":{"start":{"line":310,"column":2},"end":{"line":310,"column":3}},"loc":{"start":{"line":310,"column":31},"end":{"line":312,"column":3}},"line":310},"27":{"name":"(anonymous_27)","decl":{"start":{"line":319,"column":2},"end":{"line":319,"column":3}},"loc":{"start":{"line":319,"column":33},"end":{"line":322,"column":3}},"line":319},"28":{"name":"(anonymous_28)","decl":{"start":{"line":329,"column":2},"end":{"line":329,"column":3}},"loc":{"start":{"line":329,"column":30},"end":{"line":335,"column":3}},"line":329},"29":{"name":"(anonymous_29)","decl":{"start":{"line":333,"column":11},"end":{"line":333,"column":12}},"loc":{"start":{"line":333,"column":19},"end":{"line":333,"column":86}},"line":333},"30":{"name":"(anonymous_30)","decl":{"start":{"line":342,"column":2},"end":{"line":342,"column":3}},"loc":{"start":{"line":342,"column":45},"end":{"line":344,"column":3}},"line":342},"31":{"name":"(anonymous_31)","decl":{"start":{"line":343,"column":30},"end":{"line":343,"column":31}},"loc":{"start":{"line":343,"column":35},"end":{"line":343,"column":113}},"line":343},"32":{"name":"(anonymous_32)","decl":{"start":{"line":346,"column":2},"end":{"line":346,"column":3}},"loc":{"start":{"line":346,"column":47},"end":{"line":349,"column":3}},"line":346},"33":{"name":"(anonymous_33)","decl":{"start":{"line":359,"column":2},"end":{"line":359,"column":3}},"loc":{"start":{"line":359,"column":40},"end":{"line":371,"column":3}},"line":359},"34":{"name":"(anonymous_34)","decl":{"start":{"line":373,"column":2},"end":{"line":373,"column":3}},"loc":{"start":{"line":373,"column":45},"end":{"line":384,"column":3}},"line":373},"35":{"name":"(anonymous_35)","decl":{"start":{"line":386,"column":2},"end":{"line":386,"column":3}},"loc":{"start":{"line":386,"column":43},"end":{"line":395,"column":3}},"line":386}},"branchMap":{"0":{"loc":{"start":{"line":46,"column":4},"end":{"line":50,"column":5}},"type":"if","locations":[{"start":{"line":46,"column":4},"end":{"line":50,"column":5}},{"start":{"line":48,"column":11},"end":{"line":50,"column":5}}],"line":46},"1":{"loc":{"start":{"line":113,"column":11},"end":{"line":113,"column":69}},"type":"cond-expr","locations":[{"start":{"line":113,"column":43},"end":{"line":113,"column":64}},{"start":{"line":113,"column":67},"end":{"line":113,"column":69}}],"line":113},"2":{"loc":{"start":{"line":153,"column":11},"end":{"line":153,"column":106}},"type":"binary-expr","locations":[{"start":{"line":153,"column":11},"end":{"line":153,"column":37}},{"start":{"line":153,"column":42},"end":{"line":153,"column":53}},{"start":{"line":153,"column":57},"end":{"line":153,"column":73}},{"start":{"line":153,"column":77},"end":{"line":153,"column":105}}],"line":153},"3":{"loc":{"start":{"line":183,"column":22},"end":{"line":183,"column":86}},"type":"binary-expr","locations":[{"start":{"line":183,"column":23},"end":{"line":183,"column":53}},{"start":{"line":183,"column":59},"end":{"line":183,"column":85}}],"line":183},"4":{"loc":{"start":{"line":184,"column":17},"end":{"line":184,"column":131}},"type":"binary-expr","locations":[{"start":{"line":184,"column":17},"end":{"line":184,"column":26}},{"start":{"line":184,"column":30},"end":{"line":184,"column":131}}],"line":184},"5":{"loc":{"start":{"line":184,"column":52},"end":{"line":184,"column":130}},"type":"binary-expr","locations":[{"start":{"line":184,"column":52},"end":{"line":184,"column":73}},{"start":{"line":184,"column":77},"end":{"line":184,"column":130}}],"line":184},"6":{"loc":{"start":{"line":205,"column":11},"end":{"line":205,"column":59}},"type":"binary-expr","locations":[{"start":{"line":205,"column":11},"end":{"line":205,"column":29}},{"start":{"line":205,"column":33},"end":{"line":205,"column":59}}],"line":205},"7":{"loc":{"start":{"line":215,"column":11},"end":{"line":215,"column":63}},"type":"binary-expr","locations":[{"start":{"line":215,"column":11},"end":{"line":215,"column":37}},{"start":{"line":215,"column":41},"end":{"line":215,"column":63}}],"line":215},"8":{"loc":{"start":{"line":222,"column":10},"end":{"line":225,"column":3}},"type":"default-arg","locations":[{"start":{"line":222,"column":20},"end":{"line":225,"column":3}}],"line":222},"9":{"loc":{"start":{"line":226,"column":4},"end":{"line":239,"column":5}},"type":"if","locations":[{"start":{"line":226,"column":4},"end":{"line":239,"column":5}},{"start":{},"end":{}}],"line":226},"10":{"loc":{"start":{"line":226,"column":8},"end":{"line":226,"column":45}},"type":"binary-expr","locations":[{"start":{"line":226,"column":8},"end":{"line":226,"column":24}},{"start":{"line":226,"column":28},"end":{"line":226,"column":45}}],"line":226},"11":{"loc":{"start":{"line":248,"column":11},"end":{"line":250,"column":10}},"type":"cond-expr","locations":[{"start":{"line":249,"column":8},"end":{"line":249,"column":76}},{"start":{"line":250,"column":8},"end":{"line":250,"column":10}}],"line":248},"12":{"loc":{"start":{"line":257,"column":11},"end":{"line":259,"column":17}},"type":"cond-expr","locations":[{"start":{"line":258,"column":8},"end":{"line":258,"column":83}},{"start":{"line":259,"column":8},"end":{"line":259,"column":17}}],"line":257},"13":{"loc":{"start":{"line":274,"column":4},"end":{"line":281,"column":5}},"type":"if","locations":[{"start":{"line":274,"column":4},"end":{"line":281,"column":5}},{"start":{},"end":{}}],"line":274},"14":{"loc":{"start":{"line":274,"column":8},"end":{"line":274,"column":85}},"type":"binary-expr","locations":[{"start":{"line":274,"column":8},"end":{"line":274,"column":34}},{"start":{"line":274,"column":38},"end":{"line":274,"column":85}}],"line":274},"15":{"loc":{"start":{"line":276,"column":6},"end":{"line":280,"column":7}},"type":"if","locations":[{"start":{"line":276,"column":6},"end":{"line":280,"column":7}},{"start":{"line":278,"column":13},"end":{"line":280,"column":7}}],"line":276},"16":{"loc":{"start":{"line":286,"column":11},"end":{"line":286,"column":79}},"type":"cond-expr","locations":[{"start":{"line":286,"column":32},"end":{"line":286,"column":72}},{"start":{"line":286,"column":75},"end":{"line":286,"column":79}}],"line":286},"17":{"loc":{"start":{"line":297,"column":4},"end":{"line":306,"column":5}},"type":"if","locations":[{"start":{"line":297,"column":4},"end":{"line":306,"column":5}},{"start":{},"end":{}}],"line":297},"18":{"loc":{"start":{"line":297,"column":8},"end":{"line":297,"column":88}},"type":"binary-expr","locations":[{"start":{"line":297,"column":8},"end":{"line":297,"column":34}},{"start":{"line":297,"column":38},"end":{"line":297,"column":88}}],"line":297},"19":{"loc":{"start":{"line":299,"column":6},"end":{"line":305,"column":7}},"type":"if","locations":[{"start":{"line":299,"column":6},"end":{"line":305,"column":7}},{"start":{"line":303,"column":13},"end":{"line":305,"column":7}}],"line":299},"20":{"loc":{"start":{"line":300,"column":8},"end":{"line":302,"column":9}},"type":"if","locations":[{"start":{"line":300,"column":8},"end":{"line":302,"column":9}},{"start":{},"end":{}}],"line":300},"21":{"loc":{"start":{"line":333,"column":19},"end":{"line":333,"column":86}},"type":"cond-expr","locations":[{"start":{"line":333,"column":38},"end":{"line":333,"column":81}},{"start":{"line":333,"column":84},"end":{"line":333,"column":86}}],"line":333},"22":{"loc":{"start":{"line":343,"column":35},"end":{"line":343,"column":113}},"type":"binary-expr","locations":[{"start":{"line":343,"column":35},"end":{"line":343,"column":56}},{"start":{"line":343,"column":60},"end":{"line":343,"column":113}}],"line":343},"23":{"loc":{"start":{"line":360,"column":4},"end":{"line":369,"column":5}},"type":"if","locations":[{"start":{"line":360,"column":4},"end":{"line":369,"column":5}},{"start":{},"end":{}}],"line":360},"24":{"loc":{"start":{"line":363,"column":6},"end":{"line":368,"column":7}},"type":"if","locations":[{"start":{"line":363,"column":6},"end":{"line":368,"column":7}},{"start":{},"end":{}}],"line":363},"25":{"loc":{"start":{"line":374,"column":4},"end":{"line":376,"column":5}},"type":"if","locations":[{"start":{"line":374,"column":4},"end":{"line":376,"column":5}},{"start":{},"end":{}}],"line":374},"26":{"loc":{"start":{"line":374,"column":8},"end":{"line":374,"column":53}},"type":"binary-expr","locations":[{"start":{"line":374,"column":8},"end":{"line":374,"column":36}},{"start":{"line":374,"column":40},"end":{"line":374,"column":53}}],"line":374},"27":{"loc":{"start":{"line":377,"column":17},"end":{"line":377,"column":53}},"type":"cond-expr","locations":[{"start":{"line":377,"column":32},"end":{"line":377,"column":44}},{"start":{"line":377,"column":47},"end":{"line":377,"column":53}}],"line":377},"28":{"loc":{"start":{"line":378,"column":19},"end":{"line":378,"column":61}},"type":"cond-expr","locations":[{"start":{"line":378,"column":36},"end":{"line":378,"column":50}},{"start":{"line":378,"column":53},"end":{"line":378,"column":61}}],"line":378},"29":{"loc":{"start":{"line":391,"column":4},"end":{"line":393,"column":5}},"type":"if","locations":[{"start":{"line":391,"column":4},"end":{"line":393,"column":5}},{"start":{},"end":{}}],"line":391}},"s":{"0":1261,"1":1261,"2":1261,"3":1261,"4":1261,"5":1261,"6":1261,"7":1261,"8":1261,"9":1261,"10":1261,"11":806,"12":455,"13":1261,"14":1261,"15":1261,"16":1261,"17":1261,"18":1261,"19":1261,"20":0,"21":0,"22":0,"23":1,"24":33215,"25":578,"26":9990,"27":2316,"28":1612,"29":0,"30":0,"31":0,"32":1703,"33":2211,"34":2211,"35":2211,"36":5393,"37":2211,"38":1,"39":159,"40":0,"41":160,"42":158,"43":158,"44":158,"45":158,"46":158,"47":158,"48":110,"49":158,"50":160,"51":146,"52":158,"53":0,"54":0,"55":0,"56":0,"57":0,"58":0,"59":0,"60":0,"61":0,"62":0,"63":0,"64":0,"65":0,"66":0,"67":1,"68":1,"69":25,"70":51,"71":3686,"72":12154,"73":3686,"74":2426,"75":646,"76":646,"77":646,"78":646,"79":1780,"80":0,"81":0,"82":0,"83":0,"84":0,"85":0,"86":0,"87":0,"88":0,"89":0,"90":0,"91":0,"92":0,"93":0,"94":0},"f":{"0":1261,"1":0,"2":0,"3":0,"4":1,"5":33215,"6":578,"7":9990,"8":2316,"9":0,"10":1612,"11":0,"12":0,"13":1703,"14":2211,"15":5393,"16":1,"17":159,"18":0,"19":160,"20":146,"21":158,"22":0,"23":0,"24":0,"25":0,"26":0,"27":1,"28":25,"29":51,"30":3686,"31":12154,"32":3686,"33":2426,"34":0,"35":0},"b":{"0":[806,455],"1":[33214,1],"2":[0,0,0,0],"3":[2211,2211],"4":[2211,2211],"5":[5393,5393],"6":[159,158],"7":[0,0],"8":[160],"9":[158,2],"10":[160,159],"11":[146,0],"12":[158,0],"13":[0,0],"14":[0,0],"15":[0,0],"16":[0,0],"17":[0,0],"18":[0,0],"19":[0,0],"20":[0,0],"21":[51,0],"22":[12154,12154],"23":[646,1780],"24":[646,0],"25":[0,0],"26":[0,0],"27":[0,0],"28":[0,0],"29":[0,0]},"_coverageSchema":"1a1c01bbd47fc00a2c39e90264f33305004495a9","hash":"8bd1fdfdd46553196116e2def5d62a41ef0b05d6"}
,"F:\\_Alpheios\\____service_workes\\_workspaces-core\\v1\\packages\\inflection-tables\\src\\views\\lib\\wide-view.js": {"path":"F:\\_Alpheios\\____service_workes\\_workspaces-core\\v1\\packages\\inflection-tables\\src\\views\\lib\\wide-view.js","statementMap":{"0":{"start":{"line":11,"column":4},"end":{"line":11,"column":18}},"1":{"start":{"line":14,"column":4},"end":{"line":14,"column":26}},"2":{"start":{"line":22,"column":14},"end":{"line":22,"column":15}},"3":{"start":{"line":23,"column":4},"end":{"line":27,"column":5}},"4":{"start":{"line":24,"column":6},"end":{"line":26,"column":7}},"5":{"start":{"line":25,"column":8},"end":{"line":25,"column":13}},"6":{"start":{"line":28,"column":4},"end":{"line":28,"column":14}},"7":{"start":{"line":32,"column":4},"end":{"line":32,"column":36}},"8":{"start":{"line":41,"column":4},"end":{"line":41,"column":18}},"9":{"start":{"line":42,"column":4},"end":{"line":42,"column":22}},"10":{"start":{"line":43,"column":4},"end":{"line":50,"column":5}},"11":{"start":{"line":44,"column":18},"end":{"line":44,"column":20}},"12":{"start":{"line":45,"column":6},"end":{"line":45,"column":31}},"13":{"start":{"line":46,"column":6},"end":{"line":48,"column":7}},"14":{"start":{"line":47,"column":8},"end":{"line":47,"column":24}},"15":{"start":{"line":49,"column":6},"end":{"line":49,"column":38}},"16":{"start":{"line":52,"column":4},"end":{"line":66,"column":5}},"17":{"start":{"line":53,"column":18},"end":{"line":53,"column":20}},"18":{"start":{"line":54,"column":25},"end":{"line":54,"column":52}},"19":{"start":{"line":55,"column":6},"end":{"line":57,"column":7}},"20":{"start":{"line":56,"column":8},"end":{"line":56,"column":85}},"21":{"start":{"line":58,"column":6},"end":{"line":60,"column":7}},"22":{"start":{"line":59,"column":8},"end":{"line":59,"column":29}},"23":{"start":{"line":62,"column":6},"end":{"line":64,"column":7}},"24":{"start":{"line":63,"column":8},"end":{"line":63,"column":24}},"25":{"start":{"line":65,"column":6},"end":{"line":65,"column":38}}},"fnMap":{"0":{"name":"(anonymous_0)","decl":{"start":{"line":10,"column":2},"end":{"line":10,"column":3}},"loc":{"start":{"line":10,"column":17},"end":{"line":15,"column":3}},"line":10},"1":{"name":"(anonymous_1)","decl":{"start":{"line":21,"column":2},"end":{"line":21,"column":3}},"loc":{"start":{"line":21,"column":26},"end":{"line":29,"column":3}},"line":21},"2":{"name":"(anonymous_2)","decl":{"start":{"line":31,"column":2},"end":{"line":31,"column":3}},"loc":{"start":{"line":31,"column":24},"end":{"line":33,"column":3}},"line":31},"3":{"name":"(anonymous_3)","decl":{"start":{"line":40,"column":2},"end":{"line":40,"column":3}},"loc":{"start":{"line":40,"column":17},"end":{"line":67,"column":3}},"line":40}},"branchMap":{"0":{"loc":{"start":{"line":24,"column":6},"end":{"line":26,"column":7}},"type":"if","locations":[{"start":{"line":24,"column":6},"end":{"line":26,"column":7}},{"start":{},"end":{}}],"line":24},"1":{"loc":{"start":{"line":55,"column":6},"end":{"line":57,"column":7}},"type":"if","locations":[{"start":{"line":55,"column":6},"end":{"line":57,"column":7}},{"start":{},"end":{}}],"line":55}},"s":{"0":1261,"1":1261,"2":0,"3":0,"4":0,"5":0,"6":0,"7":802,"8":158,"9":158,"10":158,"11":150,"12":150,"13":150,"14":308,"15":150,"16":158,"17":1618,"18":1618,"19":1618,"20":802,"21":1618,"22":2384,"23":1618,"24":3894,"25":1618},"f":{"0":1261,"1":0,"2":802,"3":158},"b":{"0":[0,0],"1":[802,816]},"_coverageSchema":"1a1c01bbd47fc00a2c39e90264f33305004495a9","hash":"39f0119b793f75f10e3cf6a74fbb9f849b39f5fe"}
,"F:\\_Alpheios\\____service_workes\\_workspaces-core\\v1\\packages\\inflection-tables\\src\\views\\styles\\styles.js": {"path":"F:\\_Alpheios\\____service_workes\\_workspaces-core\\v1\\packages\\inflection-tables\\src\\views\\styles\\styles.js","statementMap":{"0":{"start":{"line":1,"column":19},"end":{"line":8,"column":1}},"1":{"start":{"line":10,"column":18},"end":{"line":12,"column":1}}},"fnMap":{},"branchMap":{},"s":{"0":2,"1":2},"f":{},"b":{},"_coverageSchema":"1a1c01bbd47fc00a2c39e90264f33305004495a9","hash":"4abec0a6170b616e70c2b113197bf287c145735f"}
}
