TN:
SF:src\index.js
FNF:0
FNH:0
LF:0
LH:0
BRF:0
BRH:0
end_of_record
TN:
SF:src\lib\comparison-feature.js
FN:4,(anonymous_0)
FNF:1
FNH:0
FNDA:0,(anonymous_0)
DA:5,0
DA:6,0
LF:2
LH:0
BRDA:4,0,0,0
BRF:1
BRH:0
end_of_record
TN:
SF:src\lib\extended-greek-data.js
FN:5,(anonymous_0)
FN:11,(anonymous_1)
FN:17,(anonymous_2)
FNF:3
FNH:3
FNDA:32939,(anonymous_0)
FNDA:2,(anonymous_1)
FNDA:2,(anonymous_2)
DA:6,32939
DA:7,32939
DA:8,32939
DA:12,2
DA:13,2
DA:14,2
DA:18,2
DA:19,2
DA:21,2
DA:22,2
DA:23,2
LF:11
LH:11
BRDA:18,0,0,2
BRDA:18,0,1,0
BRF:2
BRH:1
end_of_record
TN:
SF:src\lib\extended-language-data.js
FN:2,(anonymous_0)
FN:6,(anonymous_1)
FNF:2
FNH:2
FNDA:32939,(anonymous_0)
FNDA:32939,(anonymous_1)
DA:3,32939
DA:7,32939
LF:2
LH:2
BRF:0
BRH:0
end_of_record
TN:
SF:src\lib\footnote.js
FN:4,(anonymous_0)
FN:10,(anonymous_1)
FNF:2
FNH:2
FNDA:1973,(anonymous_0)
FNDA:1,(anonymous_1)
DA:5,1973
DA:6,1973
DA:7,1973
DA:11,1
DA:12,1
DA:13,1
DA:14,1
LF:7
LH:7
BRF:0
BRH:0
end_of_record
TN:
SF:src\lib\form.js
FNF:0
FNH:0
LF:0
LH:0
BRF:0
BRH:0
end_of_record
TN:
SF:src\lib\inflection-data.js
FN:12,(anonymous_0)
FN:17,(anonymous_1)
FN:21,(anonymous_2)
FN:27,(anonymous_3)
FN:33,(anonymous_4)
FN:41,(anonymous_5)
FN:51,(anonymous_6)
FN:67,(anonymous_7)
FNF:8
FNH:8
FNDA:14,(anonymous_0)
FNDA:13,(anonymous_1)
FNDA:2,(anonymous_2)
FNDA:1,(anonymous_3)
FNDA:2,(anonymous_4)
FNDA:1,(anonymous_5)
FNDA:2,(anonymous_6)
FNDA:3,(anonymous_7)
DA:13,14
DA:14,14
DA:18,13
DA:22,2
DA:23,2
DA:28,1
DA:29,1
DA:34,2
DA:42,1
DA:52,2
DA:53,1
DA:54,1
DA:55,0
DA:58,2
DA:68,3
DA:69,2
DA:70,2
DA:71,1
DA:74,2
LF:19
LH:18
BRDA:22,0,0,2
BRDA:22,0,1,0
BRDA:22,1,0,2
BRDA:22,1,1,2
BRDA:28,2,0,1
BRDA:28,2,1,0
BRDA:52,3,0,1
BRDA:52,3,1,1
BRDA:54,4,0,0
BRDA:54,4,1,1
BRDA:68,5,0,2
BRDA:68,5,1,1
BRDA:70,6,0,1
BRDA:70,6,1,1
BRF:14
BRH:11
end_of_record
TN:
SF:src\lib\inflection-list.js
FN:4,(anonymous_0)
FN:15,(anonymous_1)
FN:27,(anonymous_2)
FN:51,(anonymous_3)
FN:60,(anonymous_4)
FN:71,(anonymous_5)
FN:72,(anonymous_6)
FN:82,(anonymous_7)
FN:83,(anonymous_8)
FN:90,(anonymous_9)
FN:101,(anonymous_10)
FNF:11
FNH:9
FNDA:1871,(anonymous_0)
FNDA:2,(anonymous_1)
FNDA:47756,(anonymous_2)
FNDA:18902,(anonymous_3)
FNDA:664010,(anonymous_4)
FNDA:0,(anonymous_5)
FNDA:0,(anonymous_6)
FNDA:1,(anonymous_7)
FNDA:2,(anonymous_8)
FNDA:1650,(anonymous_9)
FNDA:62953,(anonymous_10)
DA:5,1871
DA:6,1871
DA:7,1871
DA:8,1871
DA:16,2
DA:17,1
DA:19,1
DA:20,1
DA:28,47756
DA:29,1
DA:31,47755
DA:32,1
DA:34,47754
DA:35,1
DA:38,47753
DA:39,664010
DA:40,664010
DA:41,664010
DA:52,18902
DA:62,664010
DA:72,0
DA:83,2
DA:91,1650
DA:93,1650
DA:94,616358
DA:96,129576
DA:97,160732
DA:101,62953
LF:28
LH:27
BRDA:16,0,0,1
BRDA:16,0,1,1
BRDA:28,1,0,1
BRDA:28,1,1,47755
BRDA:31,2,0,1
BRDA:31,2,1,47754
BRDA:34,3,0,1
BRDA:34,3,1,47753
BRDA:39,4,0,664010
BRDA:39,4,1,0
BRDA:94,5,0,129576
BRDA:94,5,1,486782
BRF:12
BRH:11
end_of_record
TN:
SF:src\lib\inflection-set.js
FN:9,(anonymous_0)
FN:25,(anonymous_1)
FN:33,(anonymous_2)
FN:43,(anonymous_3)
FN:54,(anonymous_4)
FN:62,(anonymous_5)
FN:70,(anonymous_6)
FN:87,(anonymous_7)
FN:105,(anonymous_8)
FNF:9
FNH:8
FNDA:4054,(anonymous_0)
FNDA:1321,(anonymous_1)
FNDA:1280,(anonymous_2)
FNDA:950,(anonymous_3)
FNDA:429,(anonymous_4)
FNDA:46033,(anonymous_5)
FNDA:47750,(anonymous_6)
FNDA:0,(anonymous_7)
FNDA:18901,(anonymous_8)
DA:10,4054
DA:11,4054
DA:14,4054
DA:15,4054
DA:18,4054
DA:26,1321
DA:34,1280
DA:44,950
DA:55,429
DA:63,46033
DA:72,47750
DA:74,47750
DA:75,1750
DA:78,47750
DA:88,0
DA:89,0
DA:90,0
DA:91,0
DA:94,0
DA:106,18901
DA:107,111
DA:109,18901
LF:22
LH:17
BRDA:44,0,0,950
BRDA:44,0,1,950
BRDA:55,1,0,429
BRDA:55,1,1,0
BRDA:74,2,0,1750
BRDA:74,2,1,46000
BRDA:88,3,0,0
BRDA:88,3,1,0
BRDA:88,4,0,0
BRDA:88,4,1,0
BRDA:106,5,0,111
BRDA:106,5,1,18790
BRF:12
BRH:7
end_of_record
TN:
SF:src\lib\language-dataset-factory.js
FN:17,(anonymous_0)
FN:31,(anonymous_1)
FN:43,(anonymous_2)
FN:49,(anonymous_3)
FN:58,(anonymous_4)
FN:64,(anonymous_5)
FNF:6
FNH:6
FNDA:19,(anonymous_0)
FNDA:15966,(anonymous_1)
FNDA:15964,(anonymous_2)
FNDA:27384,(anonymous_3)
FNDA:15039,(anonymous_4)
FNDA:10083,(anonymous_5)
DA:18,19
DA:19,19
DA:20,57
DA:21,38
DA:23,57
DA:32,15966
DA:33,18
DA:35,15966
DA:44,15964
DA:45,15964
DA:47,15964
DA:48,15946
DA:49,15946
DA:50,27384
DA:51,37
DA:54,15946
DA:59,15039
DA:60,15039
DA:61,18
DA:63,15021
DA:64,10083
DA:66,9219
LF:22
LH:22
BRDA:17,0,0,19
BRDA:20,1,0,38
BRDA:20,1,1,19
BRDA:32,2,0,18
BRDA:32,2,1,15948
BRDA:47,3,0,15946
BRDA:47,3,1,18
BRDA:50,4,0,37
BRDA:50,4,1,27347
BRDA:60,5,0,18
BRDA:60,5,1,15021
BRDA:63,6,0,5802
BRDA:63,6,1,9219
BRF:13
BRH:13
end_of_record
TN:
SF:src\lib\language-dataset.js
FN:19,(anonymous_0)
FN:38,(anonymous_1)
FN:54,(anonymous_2)
FN:88,(anonymous_3)
FN:117,(anonymous_4)
FN:130,(anonymous_5)
FN:134,(anonymous_6)
FN:151,(anonymous_7)
FN:153,(anonymous_8)
FN:175,(anonymous_9)
FN:191,(anonymous_10)
FN:213,(anonymous_11)
FN:229,(anonymous_12)
FN:312,(anonymous_13)
FN:334,(anonymous_14)
FN:360,(anonymous_15)
FN:363,(anonymous_16)
FN:381,(anonymous_17)
FN:382,(anonymous_18)
FN:397,(anonymous_19)
FN:409,(anonymous_20)
FN:430,(anonymous_21)
FN:443,(anonymous_22)
FN:448,(anonymous_23)
FN:454,(anonymous_24)
FN:456,reducerFn
FN:476,(anonymous_26)
FN:552,(anonymous_27)
FN:585,(anonymous_28)
FNF:29
FNH:27
FNDA:97,(anonymous_0)
FNDA:1659,(anonymous_1)
FNDA:46030,(anonymous_2)
FNDA:1975,(anonymous_3)
FNDA:2013970,(anonymous_4)
FNDA:1236178,(anonymous_5)
FNDA:1167329,(anonymous_6)
FNDA:4417479,(anonymous_7)
FNDA:15691053,(anonymous_8)
FNDA:953,(anonymous_9)
FNDA:953,(anonymous_10)
FNDA:953,(anonymous_11)
FNDA:1272,(anonymous_12)
FNDA:6,(anonymous_13)
FNDA:0,(anonymous_14)
FNDA:2326,(anonymous_15)
FNDA:2020,(anonymous_16)
FNDA:944,(anonymous_17)
FNDA:1744,(anonymous_18)
FNDA:663,(anonymous_19)
FNDA:1319,(anonymous_20)
FNDA:6,(anonymous_21)
FNDA:276,(anonymous_22)
FNDA:79237,(anonymous_23)
FNDA:1220,(anonymous_24)
FNDA:1102464,reducerFn
FNDA:1181704,(anonymous_26)
FNDA:1233654,(anonymous_27)
FNDA:0,(anonymous_28)
DA:20,97
DA:22,1
DA:25,96
DA:26,96
DA:27,96
DA:28,96
DA:29,96
DA:30,96
DA:39,1659
DA:55,46030
DA:56,46030
DA:59,46030
DA:64,306970
DA:65,11482
DA:66,11482
DA:67,11482
DA:69,295488
DA:73,46030
DA:74,30
DA:77,46030
DA:89,1975
DA:90,3
DA:93,1972
DA:94,1
DA:97,1971
DA:101,1971
DA:102,98
DA:104,1971
DA:105,1971
DA:118,2013970
DA:131,1236178
DA:135,1167329
DA:152,4417479
DA:153,4417479
DA:154,15691053
DA:155,5772908
DA:156,9918145
DA:161,2292036
DA:162,2290308
DA:165,15691053
DA:171,4417479
DA:172,4417479
DA:176,953
DA:177,953
DA:178,521
DA:179,0
DA:183,953
DA:184,953
DA:185,939
DA:186,939
DA:187,939
DA:192,953
DA:201,25
DA:203,25
DA:204,4
DA:208,21
DA:215,953
DA:216,953
DA:218,221
DA:239,1272
DA:240,1272
DA:241,1
DA:244,1271
DA:245,1
DA:247,1270
DA:249,1270
DA:251,317
DA:252,317
DA:255,953
DA:256,953
DA:259,953
DA:260,953
DA:261,953
DA:263,953
DA:271,418
DA:279,275
DA:281,275
DA:282,275
DA:286,5
DA:294,418
DA:296,148
DA:299,953
DA:313,6
DA:314,6
DA:315,6
DA:316,28
DA:317,28
DA:318,28
DA:319,28
DA:322,6
DA:335,0
DA:336,0
DA:337,0
DA:338,0
DA:339,0
DA:340,0
DA:344,0
DA:345,0
DA:347,0
DA:350,0
DA:361,2326
DA:363,2326
DA:364,2326
DA:366,2326
DA:367,854
DA:368,854
DA:370,0
DA:371,0
DA:381,944
DA:382,1744
DA:385,854
DA:386,799
DA:387,794
DA:388,794
DA:389,794
DA:395,854
DA:397,663
DA:398,426
DA:399,426
DA:400,426
DA:404,854
DA:406,2326
DA:411,1319
DA:412,1278
DA:413,1278
DA:414,1649
DA:415,1649
DA:416,1649
DA:417,24121
DA:418,16928
DA:432,6
DA:433,6
DA:436,6
DA:437,7
DA:438,7
DA:440,6
DA:444,276
DA:445,276
DA:447,276
DA:448,79237
DA:451,1
DA:455,1220
DA:457,1102464
DA:458,1102464
DA:459,615900
DA:461,1102464
DA:463,1220
DA:477,1181704
DA:478,916729
DA:480,1181704
DA:482,995852
DA:485,1181704
DA:493,1181704
DA:495,2013969
DA:496,2013969
DA:497,1934732
DA:500,2013969
DA:501,2013969
DA:502,1236177
DA:506,777792
DA:513,1236177
DA:514,1236177
DA:516,1236177
DA:517,1167329
DA:518,1167329
DA:520,68848
DA:523,1236177
DA:525,2529
DA:528,2529
DA:529,2529
DA:531,2529
DA:533,1233648
DA:536,1179175
DA:538,613643
DA:539,613373
DA:541,613643
DA:543,565532
DA:554,1233654
DA:555,614847
DA:558,618807
DA:559,1
DA:563,618806
DA:564,2334
DA:565,2286
DA:567,48
DA:572,616472
DA:574,515290
DA:576,101182
DA:586,0
LF:189
LH:175
BRDA:20,0,0,1
BRDA:20,0,1,96
BRDA:54,1,0,209
BRDA:54,2,0,14725
BRDA:64,3,0,11482
BRDA:64,3,1,295488
BRDA:65,4,0,11482
BRDA:65,4,1,11482
BRDA:73,5,0,30
BRDA:73,5,1,46000
BRDA:89,6,0,3
BRDA:89,6,1,1972
BRDA:93,7,0,1
BRDA:93,7,1,1971
BRDA:101,8,0,98
BRDA:101,8,1,1873
BRDA:117,9,0,1
BRDA:130,10,0,1
BRDA:134,11,0,0
BRDA:151,12,0,4
BRDA:154,13,0,5772908
BRDA:154,13,1,9918145
BRDA:154,14,0,15691053
BRDA:154,14,1,15426520
BRDA:154,14,2,13399017
BRDA:156,15,0,2292036
BRDA:156,15,1,7626109
BRDA:156,16,0,9918145
BRDA:156,16,1,9653612
BRDA:161,17,0,2290308
BRDA:161,17,1,1728
BRDA:161,18,0,2292036
BRDA:161,18,1,4596
BRDA:171,19,0,4417479
BRDA:171,19,1,4050400
BRDA:177,20,0,521
BRDA:177,20,1,432
BRDA:177,21,0,953
BRDA:177,21,1,521
BRDA:178,22,0,0
BRDA:178,22,1,521
BRDA:184,23,0,939
BRDA:184,23,1,14
BRDA:192,24,0,25
BRDA:192,24,1,928
BRDA:203,25,0,4
BRDA:203,25,1,21
BRDA:216,26,0,221
BRDA:216,26,1,732
BRDA:240,27,0,1
BRDA:240,27,1,1271
BRDA:244,28,0,1
BRDA:244,28,1,1270
BRDA:249,29,0,317
BRDA:249,29,1,953
BRDA:263,30,0,418
BRDA:263,30,1,535
BRDA:263,31,0,953
BRDA:263,31,1,939
BRDA:271,32,0,275
BRDA:271,32,1,143
BRDA:271,33,0,418
BRDA:271,33,1,143
BRDA:282,34,0,270
BRDA:282,34,1,5
BRDA:294,35,0,148
BRDA:294,35,1,270
BRDA:294,36,0,418
BRDA:294,36,1,148
BRDA:318,37,0,7
BRDA:318,37,1,21
BRDA:339,38,0,0
BRDA:339,38,1,0
BRDA:344,39,0,0
BRDA:344,39,1,0
BRDA:366,40,0,854
BRDA:366,40,1,1472
BRDA:368,41,0,0
BRDA:368,41,1,854
BRDA:385,42,0,799
BRDA:385,42,1,55
BRDA:386,43,0,794
BRDA:386,43,1,5
BRDA:388,44,0,794
BRDA:388,44,1,0
BRDA:395,45,0,426
BRDA:395,45,1,428
BRDA:399,46,0,426
BRDA:399,46,1,0
BRDA:411,47,0,1278
BRDA:411,47,1,41
BRDA:417,48,0,16928
BRDA:417,48,1,7193
BRDA:444,49,0,276
BRDA:444,49,1,0
BRDA:447,50,0,275
BRDA:447,50,1,1
BRDA:458,51,0,615900
BRDA:458,51,1,486564
BRDA:476,52,0,916614
BRDA:477,53,0,916729
BRDA:477,53,1,264975
BRDA:480,54,0,995852
BRDA:480,54,1,185852
BRDA:496,55,0,1934732
BRDA:496,55,1,79237
BRDA:501,56,0,1236177
BRDA:501,56,1,777792
BRDA:516,57,0,1167329
BRDA:516,57,1,68848
BRDA:523,58,0,2529
BRDA:523,58,1,1233648
BRDA:523,59,0,1236177
BRDA:523,59,1,26777
BRDA:523,59,2,26777
BRDA:528,60,0,2529
BRDA:528,60,1,0
BRDA:536,61,0,613643
BRDA:536,61,1,565532
BRDA:538,62,0,613373
BRDA:538,62,1,270
BRDA:554,63,0,614847
BRDA:554,63,1,618807
BRDA:554,64,0,1233654
BRDA:554,64,1,614847
BRDA:558,65,0,1
BRDA:558,65,1,618806
BRDA:558,66,0,618807
BRDA:558,66,1,1
BRDA:563,67,0,2334
BRDA:563,67,1,616472
BRDA:564,68,0,2286
BRDA:564,68,1,48
BRDA:572,69,0,515290
BRDA:572,69,1,101182
BRF:135
BRH:124
end_of_record
TN:
SF:src\lib\load-data.js
FN:8,loadData
FN:9,(anonymous_1)
FN:12,(anonymous_2)
FN:13,(anonymous_3)
FNF:4
FNH:0
FNDA:0,loadData
FNDA:0,(anonymous_1)
FNDA:0,(anonymous_2)
FNDA:0,(anonymous_3)
DA:8,0
DA:9,0
DA:10,0
DA:11,0
DA:12,0
DA:13,0
DA:14,0
LF:7
LH:0
BRF:0
BRH:0
end_of_record
TN:
SF:src\lib\match-data.js
FN:5,(anonymous_0)
FN:13,(anonymous_1)
FN:23,(anonymous_2)
FNF:3
FNH:2
FNDA:2013970,(anonymous_0)
FNDA:1,(anonymous_1)
FNDA:0,(anonymous_2)
DA:6,2013970
DA:7,2013970
DA:8,2013970
DA:9,2013970
DA:10,2013970
DA:14,1
DA:15,1
DA:16,1
DA:17,1
DA:18,0
DA:20,1
DA:24,0
LF:12
LH:10
BRF:0
BRH:0
end_of_record
TN:
SF:src\lib\morpheme.js
FN:18,(anonymous_0)
FN:46,(anonymous_1)
FN:50,(anonymous_2)
FN:68,(anonymous_3)
FN:72,(anonymous_4)
FN:117,(anonymous_5)
FN:155,(anonymous_6)
FN:171,(anonymous_7)
FN:210,(anonymous_8)
FN:213,(anonymous_9)
FN:236,(anonymous_10)
FN:244,(anonymous_11)
FN:268,(anonymous_12)
FN:283,(anonymous_13)
FN:315,(anonymous_14)
FN:355,(anonymous_15)
FN:364,(anonymous_16)
FNF:17
FNH:12
FNDA:46056,(anonymous_0)
FNDA:1253,(anonymous_1)
FNDA:44689142,(anonymous_2)
FNDA:0,(anonymous_3)
FNDA:8,(anonymous_4)
FNDA:1,(anonymous_5)
FNDA:13464126,(anonymous_6)
FNDA:13464129,(anonymous_7)
FNDA:506,(anonymous_8)
FNDA:5,(anonymous_9)
FNDA:505,(anonymous_10)
FNDA:2,(anonymous_11)
FNDA:0,(anonymous_12)
FNDA:0,(anonymous_13)
FNDA:3407,(anonymous_14)
FNDA:0,(anonymous_15)
FNDA:0,(anonymous_16)
DA:19,46056
DA:20,1
DA:22,46055
DA:23,46055
DA:24,46055
DA:25,46055
DA:33,46055
DA:34,46055
DA:39,46055
DA:47,1253
DA:51,44689142
DA:69,0
DA:73,8
DA:75,8
DA:76,8
DA:77,13
DA:78,13
DA:83,8
DA:84,8
DA:85,9
DA:86,9
DA:87,9
DA:88,44
DA:94,8
DA:95,4
DA:96,4
DA:97,4
DA:101,8
DA:102,1
DA:105,8
DA:106,0
DA:107,0
DA:110,8
DA:119,1
DA:120,1
DA:121,1
DA:122,1
DA:125,1
DA:126,1
DA:127,1
DA:131,1
DA:132,1
DA:135,1
DA:136,0
DA:139,1
DA:141,1
DA:142,0
DA:143,0
DA:146,1
DA:156,13464126
DA:157,13464126
DA:172,13464129
DA:174,13464129
DA:175,13464044
DA:177,13464044
DA:179,65036
DA:180,18246
DA:182,13399008
DA:184,0
DA:185,0
DA:186,0
DA:188,0
DA:189,0
DA:191,13399008
DA:193,13399008
DA:194,13955526
DA:195,5773001
DA:199,0
DA:203,13464129
DA:211,506
DA:213,506
DA:214,5
DA:215,5
DA:216,5
DA:218,5
DA:220,506
DA:237,505
DA:238,505
DA:240,503
DA:243,2
DA:244,2
DA:246,2
DA:247,2
DA:249,2
DA:250,1
DA:254,1
DA:255,1
DA:256,0
DA:258,0
DA:261,1
DA:263,1
DA:264,1
DA:268,0
DA:269,0
DA:272,0
DA:285,0
DA:286,0
DA:287,0
DA:288,0
DA:289,0
DA:290,0
DA:291,0
DA:292,0
DA:293,0
DA:297,0
DA:298,0
DA:299,0
DA:300,0
DA:303,0
DA:316,3407
DA:319,3407
DA:320,3407
DA:328,3407
DA:329,3444
DA:330,0
DA:332,3444
DA:333,502
DA:334,0
DA:335,0
DA:336,0
DA:341,3407
DA:342,0
DA:346,3407
DA:356,0
DA:357,0
DA:359,0
DA:361,0
DA:365,0
DA:366,0
DA:367,0
DA:369,0
DA:370,0
LF:132
LH:87
BRDA:19,0,0,1
BRDA:19,0,1,46055
BRDA:75,1,0,8
BRDA:75,1,1,0
BRDA:77,2,0,13
BRDA:77,2,1,0
BRDA:83,3,0,8
BRDA:83,3,1,0
BRDA:85,4,0,9
BRDA:85,4,1,0
BRDA:94,5,0,4
BRDA:94,5,1,4
BRDA:101,6,0,1
BRDA:101,6,1,7
BRDA:106,7,0,0
BRDA:106,7,1,0
BRDA:121,8,0,1
BRDA:121,8,1,0
BRDA:126,9,0,1
BRDA:126,9,1,0
BRDA:131,10,0,1
BRDA:131,10,1,0
BRDA:135,11,0,0
BRDA:135,11,1,1
BRDA:142,12,0,0
BRDA:142,12,1,0
BRDA:171,13,0,4
BRDA:174,14,0,13464044
BRDA:174,14,1,85
BRDA:174,15,0,13464129
BRDA:174,15,1,13464129
BRDA:177,16,0,65036
BRDA:177,16,1,13399008
BRDA:179,17,0,18246
BRDA:179,17,1,46790
BRDA:182,18,0,0
BRDA:182,18,1,13399008
BRDA:186,19,0,0
BRDA:186,19,1,0
BRDA:188,20,0,0
BRDA:188,20,1,0
BRDA:191,21,0,13399008
BRDA:191,21,1,0
BRDA:194,22,0,5773001
BRDA:194,22,1,8182525
BRDA:216,23,0,5
BRDA:216,23,1,5
BRDA:238,24,0,503
BRDA:238,24,1,2
BRDA:247,25,0,2
BRDA:247,25,1,2
BRDA:249,26,0,1
BRDA:249,26,1,1
BRDA:255,27,0,0
BRDA:255,27,1,1
BRDA:261,28,0,1
BRDA:261,28,1,1
BRDA:263,29,0,1
BRDA:263,29,1,0
BRDA:269,30,0,0
BRDA:269,30,1,0
BRDA:283,31,0,0
BRDA:288,32,0,0
BRDA:288,32,1,0
BRDA:315,33,0,3407
BRDA:329,34,0,0
BRDA:329,34,1,3444
BRDA:333,35,0,0
BRDA:333,35,1,502
BRDA:341,36,0,0
BRDA:341,36,1,3407
BRDA:369,37,0,0
BRDA:369,37,1,0
BRF:73
BRH:43
end_of_record
TN:
SF:src\lib\suffix.js
FNF:0
FNH:0
LF:0
LH:0
BRF:0
BRH:0
end_of_record
TN:
SF:src\lib\lang\greek\greek-language-dataset.js
FN:43,(anonymous_0)
FN:65,(anonymous_1)
FN:69,(anonymous_2)
FN:73,(anonymous_3)
FN:82,(anonymous_4)
FN:121,(anonymous_5)
FN:134,(anonymous_6)
FN:171,(anonymous_7)
FN:215,(anonymous_8)
FN:224,(anonymous_9)
FN:235,(anonymous_10)
FN:289,(anonymous_11)
FN:301,(anonymous_12)
FN:311,(anonymous_13)
FN:355,(anonymous_14)
FN:366,(anonymous_15)
FN:370,(anonymous_16)
FN:371,(anonymous_17)
FN:374,(anonymous_18)
FN:378,(anonymous_19)
FN:379,(anonymous_20)
FN:382,(anonymous_21)
FN:398,(anonymous_22)
FN:427,(anonymous_23)
FN:435,(anonymous_24)
FN:466,(anonymous_25)
FNF:26
FNH:26
FNDA:36,(anonymous_0)
FNDA:235,(anonymous_1)
FNDA:38,(anonymous_2)
FNDA:2377,(anonymous_3)
FNDA:40,(anonymous_4)
FNDA:427614,(anonymous_5)
FNDA:20,(anonymous_6)
FNDA:21,(anonymous_7)
FNDA:171,(anonymous_8)
FNDA:1344,(anonymous_9)
FNDA:21,(anonymous_10)
FNDA:1140,(anonymous_11)
FNDA:81,(anonymous_12)
FNDA:19,(anonymous_13)
FNDA:709,(anonymous_14)
FNDA:3,(anonymous_15)
FNDA:1,(anonymous_16)
FNDA:3,(anonymous_17)
FNDA:14,(anonymous_18)
FNDA:13,(anonymous_19)
FNDA:52,(anonymous_20)
FNDA:718,(anonymous_21)
FNDA:717,(anonymous_22)
FNDA:3776,(anonymous_23)
FNDA:709,(anonymous_24)
FNDA:3812,(anonymous_25)
DA:44,36
DA:46,36
DA:47,36
DA:48,36
DA:49,36
DA:50,36
DA:53,36
DA:54,936
DA:58,36
DA:61,36
DA:66,235
DA:70,38
DA:75,2377
DA:84,40
DA:95,40
DA:96,40
DA:99,40
DA:100,22300
DA:101,22300
DA:103,22300
DA:104,120
DA:107,22300
DA:108,22300
DA:114,22300
DA:115,4100
DA:117,22300
DA:119,10700
DA:120,10700
DA:121,427614
DA:124,22300
DA:125,22300
DA:126,22300
DA:130,22300
DA:136,20
DA:146,20
DA:147,800
DA:148,800
DA:150,800
DA:151,800
DA:156,800
DA:157,800
DA:160,800
DA:161,800
DA:162,800
DA:166,800
DA:174,21
DA:176,21
DA:186,21
DA:189,21
DA:190,756
DA:191,756
DA:193,756
DA:198,756
DA:199,756
DA:201,756
DA:204,756
DA:205,756
DA:206,756
DA:207,756
DA:209,756
DA:211,756
DA:213,63
DA:214,63
DA:215,171
DA:218,756
DA:219,756
DA:220,756
DA:224,756
DA:225,1344
DA:226,1344
DA:227,1344
DA:230,756
DA:236,21
DA:241,21
DA:254,21
DA:257,21
DA:258,9072
DA:259,9072
DA:261,9072
DA:266,9072
DA:267,4011
DA:269,9072
DA:270,9072
DA:271,9072
DA:272,9072
DA:273,9072
DA:274,9072
DA:276,9072
DA:279,9072
DA:280,9072
DA:281,441
DA:285,9072
DA:287,252
DA:288,252
DA:289,1140
DA:292,9072
DA:293,9072
DA:294,9072
DA:297,9072
DA:302,81
DA:304,81
DA:305,1623
DA:306,1623
DA:308,81
DA:319,19
DA:320,19
DA:321,19
DA:322,19
DA:323,19
DA:326,19
DA:327,19
DA:328,19
DA:329,19
DA:330,19
DA:333,19
DA:334,19
DA:335,19
DA:338,19
DA:339,19
DA:340,19
DA:341,19
DA:342,19
DA:345,19
DA:346,19
DA:347,19
DA:348,19
DA:349,19
DA:351,19
DA:352,19
DA:357,709
DA:367,3
DA:371,3
DA:375,14
DA:379,52
DA:383,718
DA:385,27
DA:386,691
DA:388,49
DA:389,642
DA:391,0
DA:394,642
DA:399,717
DA:401,717
DA:402,76
DA:407,641
DA:408,395
DA:415,246
DA:427,3776
DA:436,709
DA:438,709
DA:439,71
DA:446,638
DA:447,394
DA:454,244
DA:466,3812
LF:155
LH:154
BRDA:103,0,0,120
BRDA:103,0,1,22180
BRDA:114,1,0,4100
BRDA:114,1,1,18200
BRDA:117,2,0,10700
BRDA:117,2,1,11600
BRDA:156,3,0,800
BRDA:156,3,1,0
BRDA:198,4,0,756
BRDA:198,4,1,0
BRDA:201,5,0,84
BRDA:201,5,1,672
BRDA:204,6,0,756
BRDA:204,6,1,0
BRDA:205,7,0,756
BRDA:205,7,1,0
BRDA:206,8,0,756
BRDA:206,8,1,0
BRDA:207,9,0,756
BRDA:207,9,1,0
BRDA:211,10,0,63
BRDA:211,10,1,693
BRDA:266,11,0,4011
BRDA:266,11,1,5061
BRDA:269,12,0,9072
BRDA:269,12,1,0
BRDA:270,13,0,2709
BRDA:270,13,1,6363
BRDA:271,14,0,9072
BRDA:271,14,1,0
BRDA:272,15,0,9072
BRDA:272,15,1,0
BRDA:273,16,0,8190
BRDA:273,16,1,882
BRDA:274,17,0,9072
BRDA:274,17,1,0
BRDA:280,18,0,441
BRDA:280,18,1,8631
BRDA:280,19,0,9072
BRDA:280,19,1,441
BRDA:280,19,2,441
BRDA:285,20,0,252
BRDA:285,20,1,8820
BRDA:367,21,0,2
BRDA:367,21,1,1
BRDA:383,22,0,27
BRDA:383,22,1,691
BRDA:386,23,0,49
BRDA:386,23,1,642
BRDA:389,24,0,0
BRDA:389,24,1,642
BRDA:401,25,0,76
BRDA:401,25,1,641
BRDA:407,26,0,395
BRDA:407,26,1,246
BRDA:438,27,0,71
BRDA:438,27,1,638
BRDA:446,28,0,394
BRDA:446,28,1,244
BRF:59
BRH:48
end_of_record
TN:
SF:src\lib\lang\greek\data\adjective\footnotes.csv
FNF:0
FNH:0
DA:1,21
LF:1
LH:1
BRF:0
BRH:0
end_of_record
TN:
SF:src\lib\lang\greek\data\adjective\suffixes.csv
FNF:0
FNH:0
DA:1,21
LF:1
LH:1
BRF:0
BRH:0
end_of_record
TN:
SF:src\lib\lang\greek\data\article\forms.csv
FNF:0
FNH:0
DA:1,21
LF:1
LH:1
BRF:0
BRH:0
end_of_record
TN:
SF:src\lib\lang\greek\data\noun\footnotes.csv
FNF:0
FNH:0
DA:1,21
LF:1
LH:1
BRF:0
BRH:0
end_of_record
TN:
SF:src\lib\lang\greek\data\noun\suffixes.csv
FNF:0
FNH:0
DA:1,21
LF:1
LH:1
BRF:0
BRH:0
end_of_record
TN:
SF:src\lib\lang\greek\data\numeral\footnotes.csv
FNF:0
FNH:0
DA:1,21
LF:1
LH:1
BRF:0
BRH:0
end_of_record
TN:
SF:src\lib\lang\greek\data\numeral\forms.csv
FNF:0
FNH:0
DA:1,21
LF:1
LH:1
BRF:0
BRH:0
end_of_record
TN:
SF:src\lib\lang\greek\data\pronoun\footnotes.csv
FNF:0
FNH:0
DA:1,21
LF:1
LH:1
BRF:0
BRH:0
end_of_record
TN:
SF:src\lib\lang\greek\data\pronoun\forms.csv
FNF:0
FNH:0
DA:1,21
LF:1
LH:1
BRF:0
BRH:0
end_of_record
TN:
SF:src\lib\lang\latin\latin-language-dataset.js
FN:38,(anonymous_0)
FN:74,(anonymous_1)
FN:78,(anonymous_2)
FN:82,(anonymous_3)
FN:93,(anonymous_4)
FN:127,(anonymous_5)
FN:134,(anonymous_6)
FN:169,(anonymous_7)
FN:176,(anonymous_8)
FN:221,(anonymous_9)
FN:228,(anonymous_10)
FN:253,(anonymous_11)
FN:273,(anonymous_12)
FN:279,(anonymous_13)
FN:303,(anonymous_14)
FN:322,(anonymous_15)
FN:340,(anonymous_16)
FN:355,(anonymous_17)
FN:373,(anonymous_18)
FN:400,(anonymous_19)
FN:407,(anonymous_20)
FN:425,(anonymous_21)
FN:440,(anonymous_22)
FN:446,(anonymous_23)
FN:456,(anonymous_24)
FN:546,(anonymous_25)
FN:553,(anonymous_26)
FN:565,(anonymous_27)
FN:572,(anonymous_28)
FN:581,(anonymous_29)
FN:586,(anonymous_30)
FN:595,(anonymous_31)
FN:611,(anonymous_32)
FN:634,(anonymous_33)
FN:643,(anonymous_34)
FN:667,(anonymous_35)
FNF:36
FNH:36
FNDA:34,(anonymous_0)
FNDA:12270,(anonymous_1)
FNDA:57,(anonymous_2)
FNDA:147,(anonymous_3)
FNDA:10,(anonymous_4)
FNDA:4856,(anonymous_5)
FNDA:8,(anonymous_6)
FNDA:216,(anonymous_7)
FNDA:5,(anonymous_8)
FNDA:96,(anonymous_9)
FNDA:6,(anonymous_10)
FNDA:28720,(anonymous_11)
FNDA:264,(anonymous_12)
FNDA:4,(anonymous_13)
FNDA:1600,(anonymous_14)
FNDA:5,(anonymous_15)
FNDA:10,(anonymous_16)
FNDA:10,(anonymous_17)
FNDA:147442,(anonymous_18)
FNDA:8668,(anonymous_19)
FNDA:8,(anonymous_20)
FNDA:236,(anonymous_21)
FNDA:96,(anonymous_22)
FNDA:45,(anonymous_23)
FNDA:4,(anonymous_24)
FNDA:491,(anonymous_25)
FNDA:1102,(anonymous_26)
FNDA:244,(anonymous_27)
FNDA:1630,(anonymous_28)
FNDA:31,(anonymous_29)
FNDA:589,(anonymous_30)
FNDA:234,(anonymous_31)
FNDA:232,(anonymous_32)
FNDA:441,(anonymous_33)
FNDA:230,(anonymous_34)
FNDA:432,(anonymous_35)
DA:39,34
DA:41,34
DA:42,34
DA:43,34
DA:44,34
DA:47,34
DA:48,884
DA:52,34
DA:54,34
DA:56,34
DA:59,34
DA:68,34
DA:69,34
DA:70,136
DA:75,12270
DA:79,57
DA:83,147
DA:95,10
DA:105,10
DA:106,10
DA:109,10
DA:110,1460
DA:111,1460
DA:113,1460
DA:114,75
DA:117,1460
DA:123,1460
DA:125,380
DA:126,380
DA:127,4856
DA:129,1460
DA:138,8
DA:147,8
DA:148,8
DA:151,8
DA:152,296
DA:153,296
DA:155,296
DA:156,12
DA:159,296
DA:165,296
DA:167,56
DA:168,56
DA:169,216
DA:171,296
DA:177,5
DA:188,5
DA:191,5
DA:192,2545
DA:193,2545
DA:199,2545
DA:200,2545
DA:202,2545
DA:203,1155
DA:205,2545
DA:206,2535
DA:208,2545
DA:209,2545
DA:211,2545
DA:212,1880
DA:214,2545
DA:217,2545
DA:219,30
DA:220,30
DA:221,96
DA:223,2545
DA:230,6
DA:231,6
DA:234,6
DA:235,3590
DA:236,3590
DA:238,3590
DA:239,508
DA:242,3590
DA:243,3590
DA:253,3590
DA:254,28720
DA:255,28720
DA:256,24237
DA:263,3590
DA:265,3590
DA:266,0
DA:269,3590
DA:271,55
DA:272,55
DA:273,264
DA:275,3590
DA:281,4
DA:284,4
DA:285,200
DA:286,200
DA:288,200
DA:289,32
DA:292,200
DA:293,200
DA:303,200
DA:304,1600
DA:305,1600
DA:306,768
DA:313,200
DA:315,200
DA:316,0
DA:318,200
DA:324,5
DA:327,5
DA:328,10
DA:329,10
DA:331,10
DA:332,0
DA:335,10
DA:337,10
DA:340,10
DA:341,10
DA:342,10
DA:343,10
DA:350,10
DA:356,10
DA:358,10
DA:359,12046
DA:360,12046
DA:361,12046
DA:362,12046
DA:364,12046
DA:367,12046
DA:371,12046
DA:372,12046
DA:373,147442
DA:374,228
DA:378,12046
DA:379,4672
DA:381,12046
DA:382,11850
DA:384,12046
DA:385,12046
DA:387,12046
DA:388,11280
DA:390,12046
DA:391,11280
DA:395,12046
DA:397,854
DA:398,854
DA:400,8668
DA:402,12046
DA:408,8
DA:410,8
DA:411,88
DA:412,88
DA:413,88
DA:414,88
DA:417,88
DA:422,88
DA:423,88
DA:424,88
DA:425,236
DA:426,36
DA:430,88
DA:431,88
DA:435,88
DA:437,8
DA:438,8
DA:440,96
DA:442,88
DA:447,45
DA:449,45
DA:450,450
DA:451,450
DA:453,45
DA:465,4
DA:466,4
DA:467,4
DA:468,4
DA:469,4
DA:472,4
DA:473,4
DA:474,4
DA:475,4
DA:476,4
DA:479,4
DA:480,4
DA:481,4
DA:482,4
DA:483,4
DA:486,4
DA:487,4
DA:488,4
DA:489,4
DA:490,4
DA:491,4
DA:494,4
DA:495,4
DA:496,4
DA:497,4
DA:498,4
DA:499,4
DA:502,4
DA:503,4
DA:504,4
DA:506,4
DA:507,4
DA:509,4
DA:510,4
DA:512,4
DA:513,4
DA:516,4
DA:517,4
DA:518,4
DA:520,4
DA:521,4
DA:522,4
DA:523,4
DA:526,4
DA:527,4
DA:528,4
DA:530,4
DA:531,4
DA:532,4
DA:533,4
DA:536,4
DA:537,4
DA:538,4
DA:539,4
DA:540,4
DA:542,4
DA:543,4
DA:547,491
DA:548,491
DA:549,438
DA:551,344
DA:552,94
DA:553,1102
DA:556,53
DA:569,244
DA:570,244
DA:572,1630
DA:582,31
DA:583,31
DA:584,50
DA:585,50
DA:586,589
DA:587,48
DA:588,36
DA:592,31
DA:596,234
DA:600,183
DA:601,51
DA:602,15
DA:603,36
DA:604,8
DA:607,28
DA:612,232
DA:624,232
DA:625,183
DA:634,441
DA:644,230
DA:656,230
DA:657,182
DA:667,432
LF:257
LH:254
BRDA:113,0,0,75
BRDA:113,0,1,1385
BRDA:113,1,0,1460
BRDA:113,1,1,1460
BRDA:123,2,0,380
BRDA:123,2,1,1080
BRDA:155,3,0,12
BRDA:155,3,1,284
BRDA:155,4,0,296
BRDA:155,4,1,296
BRDA:165,5,0,56
BRDA:165,5,1,240
BRDA:199,6,0,2545
BRDA:199,6,1,0
BRDA:202,7,0,1155
BRDA:202,7,1,1390
BRDA:205,8,0,2535
BRDA:205,8,1,10
BRDA:208,9,0,2545
BRDA:208,9,1,0
BRDA:211,10,0,1880
BRDA:211,10,1,665
BRDA:214,11,0,1790
BRDA:214,11,1,755
BRDA:217,12,0,30
BRDA:217,12,1,2515
BRDA:238,13,0,508
BRDA:238,13,1,3082
BRDA:238,14,0,3590
BRDA:238,14,1,3082
BRDA:255,15,0,24237
BRDA:255,15,1,4483
BRDA:265,16,0,0
BRDA:265,16,1,3590
BRDA:269,17,0,55
BRDA:269,17,1,3535
BRDA:288,18,0,32
BRDA:288,18,1,168
BRDA:288,19,0,200
BRDA:288,19,1,168
BRDA:305,20,0,768
BRDA:305,20,1,832
BRDA:315,21,0,0
BRDA:315,21,1,200
BRDA:331,22,0,0
BRDA:331,22,1,10
BRDA:331,23,0,10
BRDA:331,23,1,10
BRDA:342,24,0,10
BRDA:342,24,1,0
BRDA:355,25,0,1
BRDA:371,26,0,12046
BRDA:371,26,1,0
BRDA:371,27,0,12046
BRDA:371,27,1,12046
BRDA:373,28,0,228
BRDA:373,28,1,11818
BRDA:378,29,0,4672
BRDA:378,29,1,7374
BRDA:381,30,0,11850
BRDA:381,30,1,196
BRDA:384,31,0,12046
BRDA:384,31,1,0
BRDA:387,32,0,11280
BRDA:387,32,1,766
BRDA:390,33,0,11280
BRDA:390,33,1,766
BRDA:395,34,0,854
BRDA:395,34,1,11192
BRDA:407,35,0,0
BRDA:422,36,0,88
BRDA:422,36,1,0
BRDA:425,37,0,36
BRDA:425,37,1,52
BRDA:430,38,0,88
BRDA:430,38,1,0
BRDA:435,39,0,8
BRDA:435,39,1,80
BRDA:548,40,0,438
BRDA:548,40,1,53
BRDA:549,41,0,344
BRDA:549,41,1,94
BRDA:549,42,0,438
BRDA:549,42,1,436
BRDA:552,43,0,94
BRDA:552,43,1,0
BRDA:571,44,0,244
BRDA:571,44,1,196
BRDA:585,45,0,48
BRDA:585,45,1,2
BRDA:587,46,0,36
BRDA:587,46,1,12
BRDA:596,47,0,183
BRDA:596,47,1,51
BRDA:596,48,0,234
BRDA:596,48,1,52
BRDA:596,48,2,51
BRDA:601,49,0,15
BRDA:601,49,1,36
BRDA:603,50,0,8
BRDA:603,50,1,28
BRDA:624,51,0,183
BRDA:624,51,1,49
BRDA:656,52,0,182
BRDA:656,52,1,48
BRF:105
BRH:93
end_of_record
TN:
SF:src\lib\lang\latin\data\adjective\footnotes.csv
FNF:0
FNH:0
DA:1,21
LF:1
LH:1
BRF:0
BRH:0
end_of_record
TN:
SF:src\lib\lang\latin\data\adjective\suffixes.csv
FNF:0
FNH:0
DA:1,21
LF:1
LH:1
BRF:0
BRH:0
end_of_record
TN:
SF:src\lib\lang\latin\data\comparative\footnotes.csv
FNF:0
FNH:0
DA:1,21
LF:1
LH:1
BRF:0
BRH:0
end_of_record
TN:
SF:src\lib\lang\latin\data\comparative\suffixes.csv
FNF:0
FNH:0
DA:1,21
LF:1
LH:1
BRF:0
BRH:0
end_of_record
TN:
SF:src\lib\lang\latin\data\gerundive\form_footnotes.csv
FNF:0
FNH:0
DA:1,21
LF:1
LH:1
BRF:0
BRH:0
end_of_record
TN:
SF:src\lib\lang\latin\data\gerundive\forms.csv
FNF:0
FNH:0
DA:1,21
LF:1
LH:1
BRF:0
BRH:0
end_of_record
TN:
SF:src\lib\lang\latin\data\noun\footnotes.csv
FNF:0
FNH:0
DA:1,21
LF:1
LH:1
BRF:0
BRH:0
end_of_record
TN:
SF:src\lib\lang\latin\data\noun\suffixes.csv
FNF:0
FNH:0
DA:1,21
LF:1
LH:1
BRF:0
BRH:0
end_of_record
TN:
SF:src\lib\lang\latin\data\participle\form_footnotes.csv
FNF:0
FNH:0
DA:1,21
LF:1
LH:1
BRF:0
BRH:0
end_of_record
TN:
SF:src\lib\lang\latin\data\participle\forms.csv
FNF:0
FNH:0
DA:1,21
LF:1
LH:1
BRF:0
BRH:0
end_of_record
TN:
SF:src\lib\lang\latin\data\participle\suffixes.csv
FNF:0
FNH:0
DA:1,21
LF:1
LH:1
BRF:0
BRH:0
end_of_record
TN:
SF:src\lib\lang\latin\data\pronoun\footnotes.csv
FNF:0
FNH:0
DA:1,21
LF:1
LH:1
BRF:0
BRH:0
end_of_record
TN:
SF:src\lib\lang\latin\data\pronoun\forms.csv
FNF:0
FNH:0
DA:1,21
LF:1
LH:1
BRF:0
BRH:0
end_of_record
TN:
SF:src\lib\lang\latin\data\superlative\footnotes.csv
FNF:0
FNH:0
DA:1,21
LF:1
LH:1
BRF:0
BRH:0
end_of_record
TN:
SF:src\lib\lang\latin\data\superlative\suffixes.csv
FNF:0
FNH:0
DA:1,21
LF:1
LH:1
BRF:0
BRH:0
end_of_record
TN:
SF:src\lib\lang\latin\data\supine\form_footnotes.csv
FNF:0
FNH:0
DA:1,21
LF:1
LH:1
BRF:0
BRH:0
end_of_record
TN:
SF:src\lib\lang\latin\data\supine\forms.csv
FNF:0
FNH:0
DA:1,21
LF:1
LH:1
BRF:0
BRH:0
end_of_record
TN:
SF:src\lib\lang\latin\data\supine\suffixes.csv
FNF:0
FNH:0
DA:1,21
LF:1
LH:1
BRF:0
BRH:0
end_of_record
TN:
SF:src\lib\lang\latin\data\verb\footnotes.csv
FNF:0
FNH:0
DA:1,21
LF:1
LH:1
BRF:0
BRH:0
end_of_record
TN:
SF:src\lib\lang\latin\data\verb\form_footnotes.csv
FNF:0
FNH:0
DA:1,21
LF:1
LH:1
BRF:0
BRH:0
end_of_record
TN:
SF:src\lib\lang\latin\data\verb\forms.csv
FNF:0
FNH:0
DA:1,21
LF:1
LH:1
BRF:0
BRH:0
end_of_record
TN:
SF:src\lib\lang\latin\data\verb\suffixes.csv
FNF:0
FNH:0
DA:1,21
LF:1
LH:1
BRF:0
BRH:0
end_of_record
TN:
SF:src\paradigm\data\greek\greek-paradigm-data.js
FN:119,(anonymous_0)
FN:123,(anonymous_1)
FN:185,(anonymous_2)
FN:189,(anonymous_3)
FN:193,(anonymous_4)
FN:212,(anonymous_5)
FN:216,(anonymous_6)
FN:240,(anonymous_7)
FN:244,(anonymous_8)
FN:258,(anonymous_9)
FNF:10
FNH:10
FNDA:2788,(anonymous_0)
FNDA:34,(anonymous_1)
FNDA:17,(anonymous_2)
FNDA:17,(anonymous_3)
FNDA:34,(anonymous_4)
FNDA:17,(anonymous_5)
FNDA:17,(anonymous_6)
FNDA:17,(anonymous_7)
FNDA:17,(anonymous_8)
FNDA:17,(anonymous_9)
DA:120,2788
DA:124,34
DA:125,34
DA:186,17
DA:190,17
DA:194,34
DA:195,34
DA:213,17
DA:217,17
DA:218,17
DA:241,17
DA:245,17
DA:246,17
DA:259,17
LF:14
LH:14
BRF:0
BRH:0
end_of_record
TN:
SF:src\paradigm\data\greek\greek-paradigm-dataset.js
FN:11,(anonymous_0)
FN:27,(anonymous_1)
FN:31,(anonymous_2)
FN:35,(anonymous_3)
FN:88,(anonymous_4)
FN:138,(anonymous_5)
FN:147,(anonymous_6)
FN:161,(anonymous_7)
FN:174,(anonymous_8)
FN:185,(anonymous_9)
FN:196,(anonymous_10)
FN:203,(anonymous_11)
FN:214,(anonymous_12)
FN:220,(anonymous_13)
FN:229,(anonymous_14)
FN:232,(anonymous_15)
FN:241,(anonymous_16)
FN:253,(anonymous_17)
FNF:18
FNH:17
FNDA:19,(anonymous_0)
FNDA:57,(anonymous_1)
FNDA:57,(anonymous_2)
FNDA:34,(anonymous_3)
FNDA:34,(anonymous_4)
FNDA:17,(anonymous_5)
FNDA:17,(anonymous_6)
FNDA:17,(anonymous_7)
FNDA:17,(anonymous_8)
FNDA:17,(anonymous_9)
FNDA:68,(anonymous_10)
FNDA:17,(anonymous_11)
FNDA:950,(anonymous_12)
FNDA:995,(anonymous_13)
FNDA:1520,(anonymous_14)
FNDA:1193,(anonymous_15)
FNDA:543,(anonymous_16)
FNDA:0,(anonymous_17)
DA:12,19
DA:14,19
DA:15,19
DA:16,19
DA:19,19
DA:20,460
DA:23,19
DA:28,57
DA:32,57
DA:37,34
DA:51,34
DA:52,3179
DA:53,3179
DA:54,3179
DA:56,3179
DA:58,3179
DA:59,3179
DA:60,3179
DA:61,3179
DA:62,3179
DA:65,3179
DA:66,629
DA:69,3179
DA:70,3179
DA:71,0
DA:74,3179
DA:75,3179
DA:77,0
DA:80,34
DA:81,1173
DA:82,1173
DA:85,34
DA:90,34
DA:103,34
DA:104,1241
DA:105,1241
DA:106,1241
DA:108,1241
DA:110,1241
DA:111,1241
DA:112,1241
DA:113,1241
DA:116,1241
DA:117,1241
DA:120,1241
DA:121,1241
DA:122,0
DA:125,1241
DA:126,1241
DA:128,0
DA:131,34
DA:132,442
DA:135,34
DA:139,17
DA:140,17
DA:141,17
DA:142,17
DA:144,17
DA:148,17
DA:149,17
DA:150,17
DA:152,17
DA:153,17
DA:157,17
DA:158,17
DA:162,17
DA:163,17
DA:164,17
DA:166,17
DA:167,17
DA:171,17
DA:175,17
DA:177,17
DA:178,17
DA:182,17
DA:186,17
DA:188,17
DA:189,17
DA:193,17
DA:197,68
DA:198,68
DA:200,68
DA:204,17
DA:206,17
DA:208,34
DA:209,34
DA:211,17
DA:215,950
DA:216,950
DA:217,950
DA:221,995
DA:222,995
DA:223,950
DA:224,950
DA:226,995
DA:231,1520
DA:232,1520
DA:233,1520
DA:235,1520
DA:236,1520
DA:237,0
DA:240,1520
DA:241,543
DA:242,465
DA:243,429
DA:244,429
DA:247,465
DA:249,1520
DA:254,0
LF:109
LH:103
BRDA:58,0,0,2618
BRDA:58,0,1,561
BRDA:59,1,0,2023
BRDA:59,1,1,1156
BRDA:60,2,0,272
BRDA:60,2,1,2907
BRDA:61,3,0,663
BRDA:61,3,1,2516
BRDA:62,4,0,0
BRDA:62,4,1,3179
BRDA:65,5,0,629
BRDA:65,5,1,2550
BRDA:70,6,0,0
BRDA:70,6,1,3179
BRDA:74,7,0,3179
BRDA:74,7,1,0
BRDA:110,8,0,731
BRDA:110,8,1,510
BRDA:111,9,0,1241
BRDA:111,9,1,0
BRDA:112,10,0,204
BRDA:112,10,1,1037
BRDA:113,11,0,0
BRDA:113,11,1,1241
BRDA:116,12,0,1241
BRDA:116,12,1,0
BRDA:121,13,0,0
BRDA:121,13,1,1241
BRDA:125,14,0,1241
BRDA:125,14,1,0
BRDA:197,15,0,68
BRDA:197,15,1,0
BRDA:222,16,0,950
BRDA:222,16,1,45
BRDA:236,17,0,0
BRDA:236,17,1,1520
BRDA:240,18,0,465
BRDA:240,18,1,1055
BRDA:242,19,0,429
BRDA:242,19,1,36
BRF:40
BRH:30
end_of_record
TN:
SF:src\paradigm\data\greek\adjective\rules.csv
FNF:0
FNH:0
DA:1,20
LF:1
LH:1
BRF:0
BRH:0
end_of_record
TN:
SF:src\paradigm\data\greek\noun\rules.csv
FNF:0
FNH:0
DA:1,20
LF:1
LH:1
BRF:0
BRH:0
end_of_record
TN:
SF:src\paradigm\data\greek\verb\footnotes.csv
FNF:0
FNH:0
DA:1,21
LF:1
LH:1
BRF:0
BRH:0
end_of_record
TN:
SF:src\paradigm\data\greek\verb\rules.csv
FNF:0
FNH:0
DA:1,21
LF:1
LH:1
BRF:0
BRH:0
end_of_record
TN:
SF:src\paradigm\data\greek\verb-participle\rules.csv
FNF:0
FNH:0
DA:1,21
LF:1
LH:1
BRF:0
BRH:0
end_of_record
TN:
SF:src\paradigm\lib\paradigm-inflection-list.js
FN:10,(anonymous_0)
FN:15,(anonymous_1)
FN:28,(anonymous_2)
FN:29,(anonymous_3)
FN:40,(anonymous_4)
FN:42,(anonymous_5)
FN:52,(anonymous_6)
FN:61,(anonymous_7)
FN:69,(anonymous_8)
FNF:9
FNH:7
FNDA:950,(anonymous_0)
FNDA:10923,(anonymous_1)
FNDA:0,(anonymous_2)
FNDA:0,(anonymous_3)
FNDA:429,(anonymous_4)
FNDA:1125,(anonymous_5)
FNDA:1158,(anonymous_6)
FNDA:4,(anonymous_7)
FNDA:623,(anonymous_8)
DA:11,950
DA:12,950
DA:14,950
DA:15,10923
DA:17,832
DA:20,118
DA:29,0
DA:42,1125
DA:43,429
DA:45,429
DA:46,1026
DA:47,1026
DA:48,1026
DA:49,22559
DA:50,22559
DA:52,1158
DA:53,1079
DA:55,1065
DA:56,1065
DA:57,14
DA:61,4
DA:62,4
DA:67,1026
DA:69,1027
DA:70,455
DA:74,429
LF:26
LH:25
BRDA:11,0,0,950
BRDA:11,0,1,0
BRDA:15,1,0,832
BRDA:15,1,1,118
BRDA:42,2,0,1125
BRDA:42,2,1,1125
BRDA:50,3,0,1079
BRDA:50,3,1,21480
BRDA:52,4,0,1079
BRDA:52,4,1,79
BRDA:53,5,0,1065
BRDA:53,5,1,14
BRDA:57,6,0,4
BRDA:57,6,1,10
BRDA:61,7,0,4
BRDA:61,7,1,0
BRDA:69,8,0,455
BRDA:69,8,1,572
BRF:18
BRH:16
end_of_record
TN:
SF:src\paradigm\lib\paradigm-rule.js
FN:8,(anonymous_0)
FN:23,(anonymous_1)
FNF:2
FNH:2
FNDA:4425,(anonymous_0)
FNDA:181768,(anonymous_1)
DA:9,4425
DA:10,4425
DA:11,4425
DA:12,4425
DA:24,181768
DA:25,181768
DA:26,369144
DA:27,369144
DA:28,112926
DA:31,68842
DA:33,62861
DA:36,68842
LF:12
LH:12
BRDA:26,0,0,369144
BRDA:26,0,1,369144
BRDA:26,0,2,369075
BRDA:27,1,0,112926
BRDA:27,1,1,256218
BRDA:31,2,0,62861
BRDA:31,2,1,5981
BRDA:31,3,0,68842
BRDA:31,3,1,68842
BRDA:33,4,0,62861
BRDA:33,4,1,62861
BRDA:33,4,2,62861
BRF:12
BRH:12
end_of_record
TN:
SF:src\paradigm\lib\paradigm.js
FN:7,(anonymous_0)
FN:16,(anonymous_1)
FN:18,(anonymous_2)
FN:45,(anonymous_3)
FN:62,(anonymous_4)
FN:63,(anonymous_5)
FN:80,(anonymous_6)
FN:91,(anonymous_7)
FN:95,(anonymous_8)
FN:96,(anonymous_9)
FN:104,(anonymous_10)
FN:124,(anonymous_11)
FN:132,(anonymous_12)
FN:140,(anonymous_13)
FN:149,(anonymous_14)
FN:150,(anonymous_15)
FNF:16
FNH:16
FNDA:3061,(anonymous_0)
FNDA:30258,(anonymous_1)
FNDA:187990,(anonymous_2)
FNDA:5186,(anonymous_3)
FNDA:583704,(anonymous_4)
FNDA:583704,(anonymous_5)
FNDA:497,(anonymous_6)
FNDA:4425,(anonymous_7)
FNDA:1616,(anonymous_8)
FNDA:4744,(anonymous_9)
FNDA:1177,(anonymous_10)
FNDA:457,(anonymous_11)
FNDA:457,(anonymous_12)
FNDA:456,(anonymous_13)
FNDA:70300,(anonymous_14)
FNDA:181768,(anonymous_15)
DA:8,3061
DA:9,3061
DA:10,3061
DA:11,3061
DA:12,3061
DA:15,3061
DA:16,3061
DA:17,30258
DA:18,187990
DA:19,30258
DA:22,3061
DA:23,3061
DA:24,3061
DA:25,3061
DA:28,3061
DA:29,3061
DA:30,2925
DA:31,2125
DA:41,3061
DA:46,5186
DA:47,35724
DA:48,202114
DA:49,121531
DA:50,121531
DA:52,810071
DA:53,550264
DA:56,121531
DA:57,550264
DA:58,530929
DA:62,583704
DA:63,583704
DA:64,530929
DA:68,121531
DA:69,116560
DA:81,497
DA:92,4425
DA:96,4744
DA:105,1177
DA:106,956
DA:107,2456
DA:108,6340
DA:109,973
DA:110,973
DA:112,0
DA:125,457
DA:133,457
DA:141,456
DA:150,181768
LF:48
LH:47
BRDA:23,0,0,3061
BRDA:23,0,1,0
BRDA:29,1,0,2925
BRDA:29,1,1,136
BRDA:48,2,0,121531
BRDA:48,2,1,80583
BRDA:52,3,0,550264
BRDA:52,3,1,259807
BRDA:52,4,0,810071
BRDA:52,4,1,688540
BRDA:52,4,2,567009
BRDA:57,5,0,530929
BRDA:57,5,1,19335
BRDA:68,6,0,116560
BRDA:68,6,1,4971
BRDA:108,7,0,973
BRDA:108,7,1,5367
BRDA:109,8,0,973
BRDA:109,8,1,0
BRF:19
BRH:17
end_of_record
TN:
SF:src\paradigm\views\greek\greek-paradigm-view.js
FN:18,(anonymous_0)
FN:54,(anonymous_1)
FN:58,(anonymous_2)
FN:62,(anonymous_3)
FN:66,(anonymous_4)
FN:70,(anonymous_5)
FN:79,(anonymous_6)
FN:83,(anonymous_7)
FN:87,(anonymous_8)
FN:91,(anonymous_9)
FN:105,(anonymous_10)
FN:110,(anonymous_11)
FN:114,(anonymous_12)
FN:118,(anonymous_13)
FN:123,(anonymous_14)
FN:129,(anonymous_15)
FN:133,(anonymous_16)
FN:138,(anonymous_17)
FN:139,(anonymous_18)
FN:140,(anonymous_19)
FN:147,(anonymous_20)
FN:149,(anonymous_21)
FN:158,(anonymous_22)
FN:177,(anonymous_23)
FN:221,(anonymous_24)
FN:225,(anonymous_25)
FN:229,(anonymous_26)
FN:233,(anonymous_27)
FN:237,(anonymous_28)
FN:241,(anonymous_29)
FNF:30
FNH:18
FNDA:455,(anonymous_0)
FNDA:1521,(anonymous_1)
FNDA:0,(anonymous_2)
FNDA:0,(anonymous_3)
FNDA:894,(anonymous_4)
FNDA:910,(anonymous_5)
FNDA:0,(anonymous_6)
FNDA:0,(anonymous_7)
FNDA:0,(anonymous_8)
FNDA:0,(anonymous_9)
FNDA:1520,(anonymous_10)
FNDA:3941,(anonymous_11)
FNDA:1520,(anonymous_12)
FNDA:455,(anonymous_13)
FNDA:272,(anonymous_14)
FNDA:268,(anonymous_15)
FNDA:75,(anonymous_16)
FNDA:343,(anonymous_17)
FNDA:3153,(anonymous_18)
FNDA:19020,(anonymous_19)
FNDA:11732,(anonymous_20)
FNDA:97665,(anonymous_21)
FNDA:19020,(anonymous_22)
FNDA:42251,(anonymous_23)
FNDA:0,(anonymous_24)
FNDA:0,(anonymous_25)
FNDA:0,(anonymous_26)
FNDA:0,(anonymous_27)
FNDA:0,(anonymous_28)
FNDA:0,(anonymous_29)
DA:19,455
DA:20,455
DA:21,455
DA:22,455
DA:23,455
DA:24,455
DA:26,455
DA:27,455
DA:28,455
DA:34,455
DA:40,455
DA:46,455
DA:48,455
DA:49,455
DA:51,455
DA:55,1521
DA:59,0
DA:63,0
DA:67,894
DA:71,910
DA:80,0
DA:84,0
DA:88,0
DA:92,0
DA:106,1520
DA:107,1520
DA:109,1520
DA:110,3941
DA:115,1520
DA:116,1520
DA:117,429
DA:118,455
DA:120,1091
DA:125,272
DA:126,272
DA:130,268
DA:132,268
DA:133,75
DA:135,268
DA:139,343
DA:140,3153
DA:141,19020
DA:148,11732
DA:149,11732
DA:150,97665
DA:151,74201
DA:155,11732
DA:173,19020
DA:174,11732
DA:175,11732
DA:177,42251
DA:179,11732
DA:180,36816
DA:181,36816
DA:182,29983
DA:184,29983
DA:185,76383
DA:186,76383
DA:187,3
DA:188,3
DA:191,76383
DA:192,76383
DA:193,3
DA:195,76383
DA:196,2
DA:197,76381
DA:199,75762
DA:200,2686
DA:201,73076
DA:202,2
DA:203,73074
DA:204,1
DA:206,73073
DA:208,75762
DA:209,29538
DA:214,29983
DA:218,11287
DA:222,0
DA:226,0
DA:230,0
DA:234,0
DA:238,0
DA:242,0
DA:243,0
DA:245,0
DA:246,0
DA:247,0
LF:87
LH:71
BRDA:107,0,0,1520
BRDA:107,0,1,1520
BRDA:109,1,0,1520
BRDA:109,1,1,1520
BRDA:109,1,2,465
BRDA:110,2,0,3941
BRDA:110,2,1,3941
BRDA:116,3,0,429
BRDA:116,3,1,1091
BRDA:125,4,0,268
BRDA:125,4,1,4
BRDA:132,5,0,69
BRDA:132,5,1,199
BRDA:132,6,0,268
BRDA:132,6,1,189
BRDA:150,7,0,74201
BRDA:150,7,1,23464
BRDA:150,8,0,97665
BRDA:150,8,1,85933
BRDA:173,9,0,7288
BRDA:173,9,1,11732
BRDA:174,10,0,11732
BRDA:174,10,1,0
BRDA:174,11,0,11732
BRDA:174,11,1,11732
BRDA:177,12,0,42251
BRDA:177,12,1,42251
BRDA:181,13,0,29983
BRDA:181,13,1,6833
BRDA:186,14,0,3
BRDA:186,14,1,76380
BRDA:186,15,0,76383
BRDA:186,15,1,73392
BRDA:192,16,0,3
BRDA:192,16,1,76380
BRDA:192,17,0,76383
BRDA:192,17,1,73392
BRDA:195,18,0,2
BRDA:195,18,1,76381
BRDA:195,19,0,76383
BRDA:195,19,1,3
BRDA:197,20,0,75762
BRDA:197,20,1,619
BRDA:197,21,0,76381
BRDA:197,21,1,76378
BRDA:197,21,2,619
BRDA:199,22,0,2686
BRDA:199,22,1,73076
BRDA:200,23,0,2686
BRDA:200,23,1,2686
BRDA:200,23,2,2686
BRDA:201,24,0,2
BRDA:201,24,1,73074
BRDA:201,25,0,73076
BRDA:201,25,1,3
BRDA:203,26,0,1
BRDA:203,26,1,73073
BRDA:204,27,0,1
BRDA:204,27,1,1
BRDA:206,28,0,73073
BRDA:206,28,1,73073
BRDA:208,29,0,29538
BRDA:208,29,1,46224
BRDA:214,30,0,445
BRDA:214,30,1,29538
BRDA:242,31,0,0
BRDA:242,31,1,0
BRDA:242,32,0,0
BRDA:242,32,1,0
BRDA:246,33,0,0
BRDA:246,33,1,0
BRF:71
BRH:64
end_of_record
TN:
SF:src\paradigm\views\greek\adjective\greek-adjective-paradigm-view.js
FN:5,(anonymous_0)
FN:9,(anonymous_1)
FNF:2
FNH:1
FNDA:0,(anonymous_0)
FNDA:3958,(anonymous_1)
DA:6,0
DA:10,3958
LF:2
LH:1
BRF:0
BRH:0
end_of_record
TN:
SF:src\paradigm\views\greek\noun\greek-noun-paradigm-view.js
FN:5,(anonymous_0)
FN:9,(anonymous_1)
FNF:2
FNH:1
FNDA:0,(anonymous_0)
FNDA:8688,(anonymous_1)
DA:6,0
DA:10,8688
LF:2
LH:1
BRF:0
BRH:0
end_of_record
TN:
SF:src\paradigm\views\greek\verb\greek-verb-paradigm-view.js
FN:5,(anonymous_0)
FN:9,(anonymous_1)
FNF:2
FNH:1
FNDA:0,(anonymous_0)
FNDA:4674,(anonymous_1)
DA:6,0
DA:10,4674
LF:2
LH:1
BRF:0
BRH:0
end_of_record
TN:
SF:src\paradigm\views\greek\verb-participle\greek-verb-participle-paradigm-view.js
FN:5,(anonymous_0)
FN:9,(anonymous_1)
FNF:2
FNH:1
FNDA:0,(anonymous_0)
FNDA:4452,(anonymous_1)
DA:6,0
DA:10,4452
LF:2
LH:1
BRF:0
BRH:0
end_of_record
TN:
SF:src\views\lang\greek\greek-view-set.js
FN:28,(anonymous_0)
FNF:1
FNH:1
FNDA:305,(anonymous_0)
DA:29,305
LF:1
LH:1
BRF:0
BRH:0
end_of_record
TN:
SF:src\views\lang\greek\greek-view.js
FN:10,(anonymous_0)
FN:36,(anonymous_1)
FN:40,(anonymous_2)
FN:44,(anonymous_3)
FN:52,(anonymous_4)
FN:79,(anonymous_5)
FN:90,(anonymous_6)
FN:101,(anonymous_7)
FN:121,(anonymous_8)
FN:129,(anonymous_9)
FNF:10
FNH:8
FNDA:881,(anonymous_0)
FNDA:22953,(anonymous_1)
FNDA:4864,(anonymous_2)
FNDA:4279,(anonymous_3)
FNDA:612,(anonymous_4)
FNDA:30,(anonymous_5)
FNDA:0,(anonymous_6)
FNDA:0,(anonymous_7)
FNDA:138,(anonymous_8)
FNDA:120,(anonymous_9)
DA:11,881
DA:17,881
DA:25,881
DA:26,881
DA:28,881
DA:30,881
DA:31,881
DA:32,881
DA:33,881
DA:37,22953
DA:41,4864
DA:45,4279
DA:53,612
DA:56,612
DA:57,612
DA:62,612
DA:66,612
DA:69,612
DA:80,30
DA:81,5
DA:82,5
DA:83,5
DA:84,0
DA:85,0
DA:86,15
DA:91,0
DA:92,0
DA:93,0
DA:94,0
DA:95,0
DA:96,0
DA:97,0
DA:102,0
DA:103,0
DA:104,0
DA:108,0
DA:109,0
DA:113,0
DA:122,138
DA:130,120
DA:131,105
DA:132,90
DA:133,75
DA:134,69
DA:135,60
LF:45
LH:30
BRDA:80,0,0,5
BRDA:80,0,1,5
BRDA:80,0,2,5
BRDA:80,0,3,0
BRDA:80,0,4,0
BRDA:80,0,5,15
BRDA:91,1,0,0
BRDA:91,1,1,0
BRDA:91,1,2,0
BRDA:91,1,3,0
BRDA:91,1,4,0
BRDA:91,1,5,0
BRDA:102,2,0,0
BRDA:102,2,1,0
BRDA:103,3,0,0
BRDA:103,3,1,0
BRDA:108,4,0,0
BRDA:108,4,1,0
BRDA:130,5,0,15
BRDA:130,5,1,105
BRDA:131,6,0,15
BRDA:131,6,1,90
BRDA:132,7,0,15
BRDA:132,7,1,75
BRDA:133,8,0,6
BRDA:133,8,1,69
BRDA:134,9,0,9
BRDA:134,9,1,60
BRF:28
BRH:14
end_of_record
TN:
SF:src\views\lang\greek\adjective\greek-adjective-simplified-view.js
FN:6,(anonymous_0)
FN:18,(anonymous_1)
FN:22,(anonymous_2)
FN:26,(anonymous_3)
FN:30,(anonymous_4)
FNF:5
FNH:3
FNDA:86,(anonymous_0)
FNDA:0,(anonymous_1)
FNDA:2542,(anonymous_2)
FNDA:86,(anonymous_3)
FNDA:0,(anonymous_4)
DA:7,86
DA:8,86
DA:9,86
DA:10,86
DA:12,86
DA:13,86
DA:14,86
DA:19,0
DA:23,2542
DA:27,86
DA:31,0
DA:32,0
DA:34,0
DA:35,0
LF:14
LH:9
BRDA:12,0,0,86
BRDA:12,0,1,0
BRDA:31,1,0,0
BRDA:31,1,1,0
BRDA:31,2,0,0
BRDA:31,2,1,0
BRF:6
BRH:1
end_of_record
TN:
SF:src\views\lang\greek\adjective\greek-adjective-view.js
FN:6,(anonymous_0)
FN:17,(anonymous_1)
FN:21,(anonymous_2)
FN:25,(anonymous_3)
FN:29,(anonymous_4)
FNF:5
FNH:3
FNDA:172,(anonymous_0)
FNDA:0,(anonymous_1)
FNDA:2542,(anonymous_2)
FNDA:86,(anonymous_3)
FNDA:0,(anonymous_4)
DA:7,172
DA:8,172
DA:9,172
DA:10,172
DA:12,172
DA:13,172
DA:18,0
DA:22,2542
DA:26,86
DA:30,0
DA:31,0
DA:32,0
DA:36,0
DA:37,0
DA:43,0
LF:15
LH:8
BRDA:12,0,0,172
BRDA:12,0,1,0
BRDA:30,1,0,0
BRDA:30,1,1,0
BRDA:31,2,0,0
BRDA:31,2,1,0
BRDA:36,3,0,0
BRDA:36,3,1,0
BRF:8
BRH:1
end_of_record
TN:
SF:src\views\lang\greek\article\greek-article-view.js
FN:7,(anonymous_0)
FN:19,(anonymous_1)
FN:23,(anonymous_2)
FN:27,(anonymous_3)
FN:31,(anonymous_4)
FNF:5
FNH:4
FNDA:5,(anonymous_0)
FNDA:0,(anonymous_1)
FNDA:2032,(anonymous_2)
FNDA:5,(anonymous_3)
FNDA:5,(anonymous_4)
DA:8,5
DA:10,5
DA:11,5
DA:12,5
DA:14,5
DA:15,5
DA:20,0
DA:24,2032
DA:28,5
DA:32,5
DA:33,5
DA:34,5
DA:36,5
DA:37,5
DA:38,5
LF:15
LH:14
BRDA:14,0,0,5
BRDA:14,0,1,0
BRF:2
BRH:1
end_of_record
TN:
SF:src\views\lang\greek\noun\greek-noun-simplified-view.js
FN:8,(anonymous_0)
FN:25,(anonymous_1)
FN:29,(anonymous_2)
FN:33,(anonymous_3)
FN:37,(anonymous_4)
FNF:5
FNH:3
FNDA:118,(anonymous_0)
FNDA:0,(anonymous_1)
FNDA:2696,(anonymous_2)
FNDA:118,(anonymous_3)
FNDA:0,(anonymous_4)
DA:9,118
DA:10,118
DA:11,118
DA:12,118
DA:14,118
DA:16,118
DA:17,118
DA:19,118
DA:20,118
DA:21,118
DA:26,0
DA:30,2696
DA:34,118
DA:38,0
DA:39,0
DA:41,0
DA:42,0
LF:17
LH:12
BRDA:19,0,0,118
BRDA:19,0,1,0
BRDA:38,1,0,0
BRDA:38,1,1,0
BRDA:38,2,0,0
BRDA:38,2,1,0
BRF:6
BRH:1
end_of_record
TN:
SF:src\views\lang\greek\noun\greek-noun-view.js
FN:7,(anonymous_0)
FN:22,(anonymous_1)
FN:26,(anonymous_2)
FN:30,(anonymous_3)
FN:34,(anonymous_4)
FNF:5
FNH:3
FNDA:236,(anonymous_0)
FNDA:0,(anonymous_1)
FNDA:2696,(anonymous_2)
FNDA:118,(anonymous_3)
FNDA:0,(anonymous_4)
DA:8,236
DA:9,236
DA:10,236
DA:11,236
DA:13,236
DA:14,236
DA:15,236
DA:17,236
DA:18,236
DA:23,0
DA:27,2696
DA:31,118
DA:35,0
DA:36,0
DA:37,0
DA:42,0
LF:16
LH:11
BRDA:17,0,0,236
BRDA:17,0,1,0
BRDA:36,1,0,0
BRDA:36,1,1,0
BRF:4
BRH:1
end_of_record
TN:
SF:src\views\lang\greek\numeral\greek-numeral-view.js
FN:10,(anonymous_0)
FN:31,(anonymous_1)
FN:35,(anonymous_2)
FN:39,(anonymous_3)
FN:43,(anonymous_4)
FN:61,(anonymous_5)
FN:83,(anonymous_6)
FN:96,(anonymous_7)
FNF:8
FNH:4
FNDA:1,(anonymous_0)
FNDA:0,(anonymous_1)
FNDA:1996,(anonymous_2)
FNDA:1,(anonymous_3)
FNDA:1,(anonymous_4)
FNDA:0,(anonymous_5)
FNDA:0,(anonymous_6)
FNDA:0,(anonymous_7)
DA:11,1
DA:12,1
DA:13,1
DA:14,1
DA:15,1
DA:17,1
DA:18,1
DA:21,1
DA:22,1
DA:23,1
DA:24,1
DA:26,1
DA:27,1
DA:32,0
DA:36,1996
DA:40,1
DA:44,1
DA:45,1
DA:46,1
DA:51,1
DA:55,1
DA:58,1
DA:62,0
DA:64,0
DA:65,0
DA:66,0
DA:69,0
DA:70,0
DA:75,0
DA:85,0
DA:86,0
DA:88,0
DA:89,0
DA:90,0
DA:93,0
DA:97,0
DA:98,0
DA:99,0
DA:100,0
DA:101,0
DA:102,0
LF:41
LH:21
BRDA:26,0,0,1
BRDA:26,0,1,0
BRDA:65,1,0,0
BRDA:65,1,1,0
BRDA:69,2,0,0
BRDA:69,2,1,0
BRDA:85,3,0,0
BRDA:85,3,1,0
BRDA:89,4,0,0
BRDA:89,4,1,0
BRDA:97,5,0,0
BRDA:97,5,1,0
BRDA:98,6,0,0
BRDA:98,6,1,0
BRDA:99,7,0,0
BRDA:99,7,1,0
BRDA:100,8,0,0
BRDA:100,8,1,0
BRDA:101,9,0,0
BRDA:101,9,1,0
BRF:20
BRH:1
end_of_record
TN:
SF:src\views\lang\greek\pronoun\greek-gender-pronoun-interr-view.js
FN:10,(anonymous_0)
FN:11,(anonymous_1)
FN:19,(anonymous_2)
FN:27,(anonymous_3)
FNF:4
FNH:3
FNDA:1,(anonymous_0)
FNDA:2,(anonymous_1)
FNDA:0,(anonymous_2)
FNDA:642,(anonymous_3)
DA:11,2
DA:12,1
DA:14,1
DA:15,1
DA:20,0
DA:28,642
LF:6
LH:5
BRDA:14,0,0,1
BRDA:14,0,1,0
BRF:2
BRH:1
end_of_record
TN:
SF:src\views\lang\greek\pronoun\greek-gender-pronoun-view.js
FN:11,(anonymous_0)
FN:13,(anonymous_1)
FN:27,(anonymous_2)
FN:35,(anonymous_3)
FN:45,(anonymous_4)
FN:59,(anonymous_5)
FNF:6
FNH:5
FNDA:6,(anonymous_0)
FNDA:8,(anonymous_1)
FNDA:0,(anonymous_2)
FNDA:659,(anonymous_3)
FNDA:7,(anonymous_4)
FNDA:18,(anonymous_5)
DA:12,6
DA:13,8
DA:15,5
DA:16,0
DA:18,5
DA:20,6
DA:22,6
DA:23,6
DA:28,0
DA:36,659
DA:51,7
DA:52,7
DA:53,7
DA:54,7
DA:55,7
DA:56,7
DA:60,18
LF:17
LH:15
BRDA:12,0,0,5
BRDA:12,0,1,1
BRDA:15,1,0,0
BRDA:15,1,1,5
BRDA:22,2,0,6
BRDA:22,2,1,0
BRF:6
BRH:4
end_of_record
TN:
SF:src\views\lang\greek\pronoun\greek-lemma-gender-pronoun-view.js
FN:10,(anonymous_0)
FN:27,(anonymous_1)
FN:35,(anonymous_2)
FN:39,(anonymous_3)
FN:53,(anonymous_4)
FNF:5
FNH:4
FNDA:1,(anonymous_0)
FNDA:0,(anonymous_1)
FNDA:607,(anonymous_2)
FNDA:1,(anonymous_3)
FNDA:9,(anonymous_4)
DA:11,1
DA:19,1
DA:22,1
DA:23,1
DA:28,0
DA:36,607
DA:45,1
DA:46,1
DA:47,1
DA:48,1
DA:49,1
DA:50,1
DA:54,9
LF:13
LH:12
BRDA:22,0,0,1
BRDA:22,0,1,0
BRF:2
BRH:1
end_of_record
TN:
SF:src\views\lang\greek\pronoun\greek-person-gender-pronoun-view.js
FN:9,(anonymous_0)
FN:17,(anonymous_1)
FN:21,(anonymous_2)
FN:39,(anonymous_3)
FN:43,(anonymous_4)
FNF:5
FNH:4
FNDA:2,(anonymous_0)
FNDA:0,(anonymous_1)
FNDA:2,(anonymous_2)
FNDA:647,(anonymous_3)
FNDA:18,(anonymous_4)
DA:10,2
DA:12,2
DA:13,2
DA:18,0
DA:27,2
DA:28,2
DA:29,2
DA:30,2
DA:31,2
DA:32,2
DA:40,647
DA:44,18
LF:12
LH:11
BRDA:12,0,0,2
BRDA:12,0,1,0
BRF:2
BRH:1
end_of_record
TN:
SF:src\views\lang\greek\pronoun\greek-person-pronoun-view.js
FN:9,(anonymous_0)
FN:17,(anonymous_1)
FN:21,(anonymous_2)
FN:39,(anonymous_3)
FNF:4
FNH:3
FNDA:3,(anonymous_0)
FNDA:0,(anonymous_1)
FNDA:3,(anonymous_2)
FNDA:610,(anonymous_3)
DA:10,3
DA:12,3
DA:13,3
DA:18,0
DA:27,3
DA:28,3
DA:29,3
DA:30,3
DA:31,3
DA:32,3
DA:40,610
LF:11
LH:10
BRDA:12,0,0,3
BRDA:12,0,1,0
BRF:2
BRH:1
end_of_record
TN:
SF:src\views\lang\greek\pronoun\greek-pronoun-view.js
FN:17,(anonymous_0)
FN:31,(anonymous_1)
FN:35,(anonymous_2)
FN:44,(anonymous_3)
FN:54,(anonymous_4)
FN:57,(anonymous_5)
FN:69,(anonymous_6)
FN:73,(anonymous_7)
FN:77,(anonymous_8)
FN:81,(anonymous_9)
FN:104,(anonymous_10)
FN:108,(anonymous_11)
FN:112,(anonymous_12)
FN:128,(anonymous_13)
FN:136,(anonymous_14)
FN:138,(anonymous_15)
FN:143,(anonymous_16)
FNF:17
FNH:14
FNDA:12,(anonymous_0)
FNDA:22826,(anonymous_1)
FNDA:131,(anonymous_2)
FNDA:0,(anonymous_3)
FNDA:6,(anonymous_4)
FNDA:16,(anonymous_5)
FNDA:12,(anonymous_6)
FNDA:12,(anonymous_7)
FNDA:12,(anonymous_8)
FNDA:0,(anonymous_9)
FNDA:1520,(anonymous_10)
FNDA:4875,(anonymous_11)
FNDA:2269,(anonymous_12)
FNDA:1520,(anonymous_13)
FNDA:12,(anonymous_14)
FNDA:879,(anonymous_15)
FNDA:0,(anonymous_16)
DA:18,12
DA:19,12
DA:20,12
DA:21,12
DA:22,12
DA:24,12
DA:25,12
DA:28,12
DA:32,22826
DA:36,131
DA:45,0
DA:55,6
DA:56,6
DA:57,6
DA:58,16
DA:59,16
DA:60,19
DA:66,6
DA:70,12
DA:74,12
DA:78,12
DA:83,0
DA:84,0
DA:86,0
DA:87,0
DA:88,0
DA:91,0
DA:105,1520
DA:106,1520
DA:108,4875
DA:109,50
DA:110,45
DA:112,45
DA:113,2269
DA:114,2269
DA:115,2269
DA:117,2269
DA:120,45
DA:121,12
DA:125,1508
DA:129,1520
DA:130,1520
DA:131,12
DA:133,1508
DA:137,12
DA:138,879
DA:144,0
DA:145,0
DA:147,0
DA:148,0
DA:149,0
DA:150,0
DA:151,0
LF:53
LH:39
BRDA:17,0,0,0
BRDA:56,1,0,6
BRDA:56,1,1,0
BRDA:58,2,0,16
BRDA:58,2,1,0
BRDA:83,3,0,0
BRDA:83,3,1,0
BRDA:87,4,0,0
BRDA:87,4,1,0
BRDA:106,5,0,1520
BRDA:106,5,1,1520
BRDA:108,6,0,50
BRDA:108,6,1,1470
BRDA:108,7,0,1520
BRDA:108,7,1,1520
BRDA:108,8,0,4875
BRDA:108,8,1,4875
BRDA:109,9,0,45
BRDA:109,9,1,5
BRDA:115,10,0,2269
BRDA:115,10,1,2269
BRDA:120,11,0,12
BRDA:120,11,1,33
BRDA:130,12,0,12
BRDA:130,12,1,1508
BRDA:138,13,0,879
BRDA:138,13,1,879
BRDA:143,14,0,0
BRDA:144,15,0,0
BRDA:144,15,1,0
BRDA:144,16,0,0
BRDA:144,16,1,0
BRF:32
BRH:20
end_of_record
TN:
SF:src\views\lang\latin\latin-view-set.js
FN:30,(anonymous_0)
FNF:1
FNH:1
FNDA:44,(anonymous_0)
DA:31,44
LF:1
LH:1
BRF:0
BRH:0
end_of_record
TN:
SF:src\views\lang\latin\latin-view.js
FN:7,(anonymous_0)
FN:36,(anonymous_1)
FN:40,(anonymous_2)
FN:48,(anonymous_3)
FN:73,(anonymous_4)
FN:89,(anonymous_5)
FN:105,(anonymous_6)
FN:120,(anonymous_7)
FN:128,(anonymous_8)
FNF:9
FNH:6
FNDA:379,(anonymous_0)
FNDA:8528,(anonymous_1)
FNDA:1056,(anonymous_2)
FNDA:10,(anonymous_3)
FNDA:4104,(anonymous_4)
FNDA:0,(anonymous_5)
FNDA:0,(anonymous_6)
FNDA:208,(anonymous_7)
FNDA:0,(anonymous_8)
DA:8,379
DA:10,379
DA:25,379
DA:26,379
DA:27,379
DA:28,379
DA:29,379
DA:37,8528
DA:41,1056
DA:49,10
DA:51,10
DA:52,10
DA:56,10
DA:59,10
DA:60,10
DA:74,4104
DA:75,1368
DA:76,1368
DA:77,1368
DA:78,0
DA:79,0
DA:80,0
DA:90,0
DA:91,0
DA:92,0
DA:93,0
DA:94,0
DA:95,0
DA:96,0
DA:106,0
DA:107,0
DA:108,0
DA:109,0
DA:110,0
DA:111,0
DA:121,208
DA:122,52
DA:123,52
DA:124,104
DA:129,0
DA:130,0
DA:131,0
DA:132,0
DA:133,0
DA:134,0
LF:45
LH:23
BRDA:74,0,0,1368
BRDA:74,0,1,1368
BRDA:74,0,2,1368
BRDA:74,0,3,0
BRDA:74,0,4,0
BRDA:74,0,5,0
BRDA:90,1,0,0
BRDA:90,1,1,0
BRDA:90,1,2,0
BRDA:90,1,3,0
BRDA:90,1,4,0
BRDA:90,1,5,0
BRDA:106,2,0,0
BRDA:106,2,1,0
BRDA:106,2,2,0
BRDA:106,2,3,0
BRDA:106,2,4,0
BRDA:121,3,0,52
BRDA:121,3,1,52
BRDA:121,3,2,104
BRDA:129,4,0,0
BRDA:129,4,1,0
BRDA:129,4,2,0
BRDA:129,4,3,0
BRDA:129,4,4,0
BRF:25
BRH:6
end_of_record
TN:
SF:src\views\lang\latin\adjective\latin-adjective-view.js
FN:6,(anonymous_0)
FN:26,(anonymous_1)
FN:30,(anonymous_2)
FN:34,(anonymous_3)
FN:38,(anonymous_4)
FN:45,(anonymous_5)
FN:53,(anonymous_6)
FN:61,(anonymous_7)
FN:66,(anonymous_8)
FN:69,(anonymous_9)
FN:73,(anonymous_10)
FNF:11
FNH:6
FNDA:4,(anonymous_0)
FNDA:0,(anonymous_1)
FNDA:210,(anonymous_2)
FNDA:4,(anonymous_3)
FNDA:0,(anonymous_4)
FNDA:0,(anonymous_5)
FNDA:0,(anonymous_6)
FNDA:43,(anonymous_7)
FNDA:80,(anonymous_8)
FNDA:80,(anonymous_9)
FNDA:0,(anonymous_10)
DA:7,4
DA:8,4
DA:9,4
DA:10,4
DA:12,4
DA:13,4
DA:14,4
DA:16,4
DA:17,4
DA:18,4
DA:20,4
DA:21,4
DA:22,4
DA:27,0
DA:31,210
DA:35,4
DA:39,0
DA:46,0
DA:47,0
DA:48,0
DA:49,0
DA:54,0
DA:62,43
DA:63,43
DA:64,43
DA:66,80
DA:70,80
DA:74,0
LF:28
LH:20
BRDA:20,0,0,4
BRDA:20,0,1,0
BRDA:46,1,0,0
BRDA:46,1,1,0
BRDA:46,1,2,0
BRDA:63,2,0,43
BRDA:63,2,1,43
BRDA:65,3,0,43
BRDA:65,3,1,43
BRF:9
BRH:5
end_of_record
TN:
SF:src\views\lang\latin\adjective\latin-comparative-view.js
FN:8,(anonymous_0)
FN:25,(anonymous_1)
FN:29,(anonymous_2)
FN:33,(anonymous_3)
FN:37,(anonymous_4)
FN:51,(anonymous_5)
FN:58,(anonymous_6)
FN:64,(anonymous_7)
FN:67,(anonymous_8)
FN:73,(anonymous_9)
FNF:10
FNH:7
FNDA:1,(anonymous_0)
FNDA:0,(anonymous_1)
FNDA:192,(anonymous_2)
FNDA:1,(anonymous_3)
FNDA:1,(anonymous_4)
FNDA:0,(anonymous_5)
FNDA:43,(anonymous_6)
FNDA:92,(anonymous_7)
FNDA:92,(anonymous_8)
FNDA:0,(anonymous_9)
DA:9,1
DA:10,1
DA:11,1
DA:12,1
DA:14,1
DA:15,1
DA:16,1
DA:17,1
DA:19,1
DA:20,1
DA:21,1
DA:26,0
DA:30,192
DA:34,1
DA:38,1
DA:40,1
DA:41,1
DA:44,1
DA:47,1
DA:48,1
DA:52,0
DA:59,43
DA:60,43
DA:62,43
DA:64,92
DA:68,92
DA:74,0
LF:27
LH:24
BRDA:19,0,0,1
BRDA:19,0,1,0
BRDA:60,1,0,43
BRDA:60,1,1,43
BRDA:63,2,0,43
BRDA:63,2,1,43
BRDA:68,3,0,92
BRDA:68,3,1,12
BRDA:68,3,2,2
BRDA:74,4,0,0
BRDA:74,4,1,0
BRF:11
BRH:8
end_of_record
TN:
SF:src\views\lang\latin\adjective\latin-superlative-view.js
FN:7,(anonymous_0)
FN:23,(anonymous_1)
FN:27,(anonymous_2)
FN:31,(anonymous_3)
FN:35,(anonymous_4)
FN:49,(anonymous_5)
FN:57,(anonymous_6)
FN:63,(anonymous_7)
FN:66,(anonymous_8)
FN:72,(anonymous_9)
FNF:10
FNH:7
FNDA:1,(anonymous_0)
FNDA:0,(anonymous_1)
FNDA:192,(anonymous_2)
FNDA:1,(anonymous_3)
FNDA:1,(anonymous_4)
FNDA:0,(anonymous_5)
FNDA:43,(anonymous_6)
FNDA:93,(anonymous_7)
FNDA:93,(anonymous_8)
FNDA:0,(anonymous_9)
DA:8,1
DA:9,1
DA:10,1
DA:11,1
DA:13,1
DA:14,1
DA:15,1
DA:17,1
DA:18,1
DA:19,1
DA:24,0
DA:28,192
DA:32,1
DA:36,1
DA:38,1
DA:39,1
DA:42,1
DA:45,1
DA:46,1
DA:50,0
DA:58,43
DA:59,43
DA:61,43
DA:63,93
DA:67,93
DA:73,0
LF:26
LH:23
BRDA:17,0,0,1
BRDA:17,0,1,0
BRDA:59,1,0,43
BRDA:59,1,1,43
BRDA:62,2,0,43
BRDA:62,2,1,43
BRDA:67,3,0,93
BRDA:67,3,1,13
BRDA:67,3,2,3
BRDA:73,4,0,0
BRDA:73,4,1,0
BRF:11
BRH:8
end_of_record
TN:
SF:src\views\lang\latin\noun\latin-noun-view.js
FN:7,(anonymous_0)
FN:23,(anonymous_1)
FN:27,(anonymous_2)
FN:31,(anonymous_3)
FN:35,(anonymous_4)
FNF:5
FNH:3
FNDA:6,(anonymous_0)
FNDA:0,(anonymous_1)
FNDA:252,(anonymous_2)
FNDA:6,(anonymous_3)
FNDA:0,(anonymous_4)
DA:8,6
DA:9,6
DA:10,6
DA:11,6
DA:13,6
DA:14,6
DA:15,6
DA:16,6
DA:18,6
DA:19,6
DA:24,0
DA:28,252
DA:32,6
DA:36,0
DA:37,0
DA:38,0
DA:43,0
LF:17
LH:12
BRDA:18,0,0,6
BRDA:18,0,1,0
BRDA:37,1,0,0
BRDA:37,1,1,0
BRF:4
BRH:1
end_of_record
TN:
SF:src\views\lang\latin\noun\latin-supine-view.js
FN:7,(anonymous_0)
FN:23,(anonymous_1)
FN:27,(anonymous_2)
FN:31,(anonymous_3)
FN:35,(anonymous_4)
FNF:5
FNH:4
FNDA:3,(anonymous_0)
FNDA:0,(anonymous_1)
FNDA:222,(anonymous_2)
FNDA:3,(anonymous_3)
FNDA:3,(anonymous_4)
DA:8,3
DA:9,3
DA:10,3
DA:11,3
DA:12,3
DA:14,3
DA:18,3
DA:19,3
DA:24,0
DA:28,222
DA:32,3
DA:36,3
DA:37,3
DA:38,3
DA:39,3
DA:40,3
DA:41,3
LF:17
LH:16
BRDA:18,0,0,3
BRDA:18,0,1,0
BRF:2
BRH:1
end_of_record
TN:
SF:src\views\lang\latin\verb\latin-conjugation-mood-voice-view.js
FN:7,(anonymous_0)
FN:18,(anonymous_1)
FN:22,(anonymous_2)
FN:26,(anonymous_3)
FNF:4
FNH:3
FNDA:34,(anonymous_0)
FNDA:0,(anonymous_1)
FNDA:34,(anonymous_2)
FNDA:34,(anonymous_3)
DA:8,34
DA:9,34
DA:10,34
DA:11,34
DA:13,34
DA:14,34
DA:19,0
DA:23,34
DA:27,34
DA:29,34
DA:30,34
DA:35,34
DA:40,34
DA:44,34
LF:14
LH:13
BRDA:13,0,0,34
BRDA:13,0,1,0
BRF:2
BRH:1
end_of_record
TN:
SF:src\views\lang\latin\verb\latin-conjugation-voice-mood-view.js
FN:7,(anonymous_0)
FN:18,(anonymous_1)
FN:22,(anonymous_2)
FN:26,(anonymous_3)
FNF:4
FNH:3
FNDA:34,(anonymous_0)
FNDA:0,(anonymous_1)
FNDA:34,(anonymous_2)
FNDA:34,(anonymous_3)
DA:8,34
DA:9,34
DA:10,34
DA:11,34
DA:13,34
DA:14,34
DA:19,0
DA:23,34
DA:27,34
DA:29,34
DA:30,34
DA:35,34
DA:40,34
DA:44,34
LF:14
LH:13
BRDA:13,0,0,34
BRDA:13,0,1,0
BRF:2
BRH:1
end_of_record
TN:
SF:src\views\lang\latin\verb\latin-imperative-view.js
FN:7,(anonymous_0)
FN:19,(anonymous_1)
FN:39,(anonymous_2)
FN:52,(anonymous_3)
FN:58,(anonymous_4)
FN:61,(anonymous_5)
FN:67,(anonymous_6)
FNF:7
FNH:5
FNDA:6,(anonymous_0)
FNDA:6,(anonymous_1)
FNDA:0,(anonymous_2)
FNDA:43,(anonymous_3)
FNDA:84,(anonymous_4)
FNDA:84,(anonymous_5)
FNDA:0,(anonymous_6)
DA:8,6
DA:9,6
DA:10,6
DA:11,6
DA:13,6
DA:14,6
DA:15,6
DA:20,6
DA:22,6
DA:23,6
DA:27,6
DA:32,6
DA:36,6
DA:40,0
DA:53,43
DA:54,43
DA:56,43
DA:58,84
DA:62,84
DA:68,0
LF:20
LH:18
BRDA:13,0,0,6
BRDA:13,0,1,0
BRDA:54,1,0,43
BRDA:54,1,1,43
BRDA:57,2,0,43
BRDA:57,2,1,43
BRDA:62,3,0,84
BRDA:62,3,1,46
BRDA:62,3,2,46
BRF:9
BRH:8
end_of_record
TN:
SF:src\views\lang\latin\verb\latin-infinitive-view.js
FN:7,(anonymous_0)
FN:19,(anonymous_1)
FN:32,(anonymous_2)
FN:45,(anonymous_3)
FN:51,(anonymous_4)
FN:54,(anonymous_5)
FN:60,(anonymous_6)
FNF:7
FNH:5
FNDA:3,(anonymous_0)
FNDA:3,(anonymous_1)
FNDA:0,(anonymous_2)
FNDA:43,(anonymous_3)
FNDA:90,(anonymous_4)
FNDA:90,(anonymous_5)
FNDA:0,(anonymous_6)
DA:8,3
DA:9,3
DA:10,3
DA:11,3
DA:13,3
DA:14,3
DA:15,3
DA:20,3
DA:22,3
DA:23,3
DA:27,3
DA:28,3
DA:29,3
DA:33,0
DA:46,43
DA:47,43
DA:49,43
DA:51,90
DA:55,90
DA:61,0
LF:20
LH:18
BRDA:13,0,0,3
BRDA:13,0,1,0
BRDA:47,1,0,43
BRDA:47,1,1,43
BRDA:50,2,0,43
BRDA:50,2,1,43
BRDA:55,3,0,90
BRDA:55,3,1,51
BRDA:55,3,2,51
BRF:9
BRH:8
end_of_record
TN:
SF:src\views\lang\latin\verb\latin-mood-conjugation-voice-view.js
FN:7,(anonymous_0)
FN:18,(anonymous_1)
FN:22,(anonymous_2)
FN:26,(anonymous_3)
FNF:4
FNH:3
FNDA:34,(anonymous_0)
FNDA:0,(anonymous_1)
FNDA:34,(anonymous_2)
FNDA:34,(anonymous_3)
DA:8,34
DA:9,34
DA:10,34
DA:11,34
DA:13,34
DA:14,34
DA:19,0
DA:23,34
DA:27,34
DA:29,34
DA:30,34
DA:35,34
DA:40,34
DA:44,34
LF:14
LH:13
BRDA:13,0,0,34
BRDA:13,0,1,0
BRF:2
BRH:1
end_of_record
TN:
SF:src\views\lang\latin\verb\latin-mood-voice-conjugation-view.js
FN:7,(anonymous_0)
FN:18,(anonymous_1)
FN:22,(anonymous_2)
FN:26,(anonymous_3)
FNF:4
FNH:3
FNDA:34,(anonymous_0)
FNDA:0,(anonymous_1)
FNDA:34,(anonymous_2)
FNDA:34,(anonymous_3)
DA:8,34
DA:9,34
DA:10,34
DA:11,34
DA:13,34
DA:14,34
DA:19,0
DA:23,34
DA:27,34
DA:29,34
DA:30,34
DA:35,34
DA:40,34
DA:44,34
LF:14
LH:13
BRDA:13,0,0,34
BRDA:13,0,1,0
BRF:2
BRH:1
end_of_record
TN:
SF:src\views\lang\latin\verb\latin-verb-mood-view.js
FN:5,(anonymous_0)
FNF:1
FNH:1
FNDA:9,(anonymous_0)
DA:6,9
LF:1
LH:1
BRF:0
BRH:0
end_of_record
TN:
SF:src\views\lang\latin\verb\latin-verb-participle-view.js
FN:8,(anonymous_0)
FN:26,(anonymous_1)
FN:30,(anonymous_2)
FN:34,(anonymous_3)
FN:38,(anonymous_4)
FNF:5
FNH:4
FNDA:4,(anonymous_0)
FNDA:0,(anonymous_1)
FNDA:220,(anonymous_2)
FNDA:4,(anonymous_3)
FNDA:4,(anonymous_4)
DA:9,4
DA:10,4
DA:11,4
DA:12,4
DA:13,4
DA:15,4
DA:21,4
DA:22,4
DA:27,0
DA:31,220
DA:35,4
DA:39,4
DA:40,4
DA:41,4
DA:45,4
DA:46,4
DA:47,4
LF:17
LH:16
BRDA:21,0,0,4
BRDA:21,0,1,0
BRF:2
BRH:1
end_of_record
TN:
SF:src\views\lang\latin\verb\latin-verb-view.js
FN:5,(anonymous_0)
FNF:1
FNH:1
FNDA:2900,(anonymous_0)
DA:6,2900
LF:1
LH:1
BRF:0
BRH:0
end_of_record
TN:
SF:src\views\lang\latin\verb\latin-voice-conjugation-mood-view.js
FN:7,(anonymous_0)
FN:18,(anonymous_1)
FN:22,(anonymous_2)
FN:26,(anonymous_3)
FNF:4
FNH:3
FNDA:34,(anonymous_0)
FNDA:0,(anonymous_1)
FNDA:34,(anonymous_2)
FNDA:34,(anonymous_3)
DA:8,34
DA:9,34
DA:10,34
DA:11,34
DA:13,34
DA:14,34
DA:19,0
DA:23,34
DA:27,34
DA:29,34
DA:30,34
DA:35,34
DA:40,34
DA:44,34
LF:14
LH:13
BRDA:13,0,0,34
BRDA:13,0,1,0
BRF:2
BRH:1
end_of_record
TN:
SF:src\views\lang\latin\verb\latin-voice-mood-conjugation-view.js
FN:7,(anonymous_0)
FN:18,(anonymous_1)
FN:22,(anonymous_2)
FN:26,(anonymous_3)
FNF:4
FNH:3
FNDA:34,(anonymous_0)
FNDA:0,(anonymous_1)
FNDA:34,(anonymous_2)
FNDA:34,(anonymous_3)
DA:8,34
DA:9,34
DA:10,34
DA:11,34
DA:13,34
DA:14,34
DA:19,0
DA:23,34
DA:27,34
DA:29,34
DA:30,34
DA:35,34
DA:40,34
DA:44,34
LF:14
LH:13
BRDA:13,0,0,34
BRDA:13,0,1,0
BRF:2
BRH:1
end_of_record
TN:
SF:src\views\lang\latin\verb\irregular\latin-verb-gerundive-irregular-view.js
FN:6,(anonymous_0)
FN:18,(anonymous_1)
FN:22,(anonymous_2)
FN:26,(anonymous_3)
FN:35,(anonymous_4)
FN:41,(anonymous_5)
FNF:6
FNH:0
FNDA:0,(anonymous_0)
FNDA:0,(anonymous_1)
FNDA:0,(anonymous_2)
FNDA:0,(anonymous_3)
FNDA:0,(anonymous_4)
FNDA:0,(anonymous_5)
DA:7,0
DA:9,0
DA:10,0
DA:11,0
DA:13,0
DA:14,0
DA:19,0
DA:23,0
DA:27,0
DA:28,0
DA:29,0
DA:30,0
DA:31,0
DA:32,0
DA:36,0
DA:37,0
DA:39,0
DA:41,0
LF:18
LH:0
BRDA:13,0,0,0
BRDA:13,0,1,0
BRDA:37,1,0,0
BRDA:37,1,1,0
BRDA:40,2,0,0
BRDA:40,2,1,0
BRF:6
BRH:0
end_of_record
TN:
SF:src\views\lang\latin\verb\irregular\latin-verb-imperative-irregular-view.js
FN:7,(anonymous_0)
FN:23,(anonymous_1)
FN:32,(anonymous_2)
FN:36,(anonymous_3)
FN:46,(anonymous_4)
FN:57,(anonymous_5)
FN:63,(anonymous_6)
FN:66,(anonymous_7)
FN:69,(anonymous_8)
FN:75,(anonymous_9)
FN:79,(anonymous_10)
FNF:11
FNH:10
FNDA:26,(anonymous_0)
FNDA:26,(anonymous_1)
FNDA:0,(anonymous_2)
FNDA:25,(anonymous_3)
FNDA:91,(anonymous_4)
FNDA:43,(anonymous_5)
FNDA:91,(anonymous_6)
FNDA:1,(anonymous_7)
FNDA:4,(anonymous_8)
FNDA:132,(anonymous_9)
FNDA:1,(anonymous_10)
DA:8,26
DA:10,26
DA:11,26
DA:12,26
DA:13,26
DA:17,26
DA:18,26
DA:19,26
DA:24,26
DA:25,26
DA:26,26
DA:27,26
DA:28,26
DA:29,26
DA:33,0
DA:37,25
DA:47,91
DA:58,43
DA:59,43
DA:61,43
DA:63,91
DA:68,1
DA:69,4
DA:72,1
DA:76,132
DA:80,1
LF:26
LH:25
BRDA:17,0,0,26
BRDA:17,0,1,0
BRDA:38,1,0,25
BRDA:38,1,1,25
BRDA:38,1,2,25
BRDA:38,1,3,25
BRDA:38,1,4,25
BRDA:48,2,0,91
BRDA:48,2,1,51
BRDA:48,2,2,8
BRDA:48,2,3,8
BRDA:48,2,4,2
BRDA:48,2,5,2
BRDA:59,3,0,43
BRDA:59,3,1,43
BRDA:62,4,0,43
BRDA:62,4,1,43
BRDA:69,5,0,4
BRDA:69,5,1,4
BRDA:69,5,2,4
BRF:20
BRH:19
end_of_record
TN:
SF:src\views\lang\latin\verb\irregular\latin-verb-imperative-irregular-voice-view.js
FN:6,(anonymous_0)
FN:19,(anonymous_1)
FN:28,(anonymous_2)
FN:32,(anonymous_3)
FN:42,(anonymous_4)
FN:53,(anonymous_5)
FN:59,(anonymous_6)
FN:62,(anonymous_7)
FN:65,(anonymous_8)
FN:71,(anonymous_9)
FN:75,(anonymous_10)
FNF:11
FNH:10
FNDA:7,(anonymous_0)
FNDA:7,(anonymous_1)
FNDA:0,(anonymous_2)
FNDA:6,(anonymous_3)
FNDA:92,(anonymous_4)
FNDA:43,(anonymous_5)
FNDA:92,(anonymous_6)
FNDA:1,(anonymous_7)
FNDA:2,(anonymous_8)
FNDA:846,(anonymous_9)
FNDA:1,(anonymous_10)
DA:7,7
DA:9,7
DA:10,7
DA:11,7
DA:13,7
DA:14,7
DA:15,7
DA:20,7
DA:21,7
DA:22,7
DA:23,7
DA:24,7
DA:25,7
DA:29,0
DA:33,6
DA:43,92
DA:54,43
DA:55,43
DA:57,43
DA:59,92
DA:64,1
DA:65,2
DA:68,1
DA:72,846
DA:76,1
LF:25
LH:24
BRDA:13,0,0,7
BRDA:13,0,1,0
BRDA:34,1,0,6
BRDA:34,1,1,6
BRDA:34,1,2,6
BRDA:34,1,3,6
BRDA:34,1,4,6
BRDA:44,2,0,92
BRDA:44,2,1,52
BRDA:44,2,2,9
BRDA:44,2,3,9
BRDA:44,2,4,3
BRDA:44,2,5,3
BRDA:55,3,0,43
BRDA:55,3,1,43
BRDA:58,4,0,43
BRDA:58,4,1,43
BRDA:65,5,0,2
BRDA:65,5,1,2
BRDA:65,5,2,2
BRF:20
BRH:19
end_of_record
TN:
SF:src\views\lang\latin\verb\irregular\latin-verb-infinitive-irregular-view.js
FN:7,(anonymous_0)
FN:23,(anonymous_1)
FN:34,(anonymous_2)
FN:38,(anonymous_3)
FN:47,(anonymous_4)
FN:58,(anonymous_5)
FN:64,(anonymous_6)
FN:67,(anonymous_7)
FN:70,(anonymous_8)
FN:76,(anonymous_9)
FN:80,(anonymous_10)
FNF:11
FNH:10
FNDA:26,(anonymous_0)
FNDA:26,(anonymous_1)
FNDA:0,(anonymous_2)
FNDA:25,(anonymous_3)
FNDA:91,(anonymous_4)
FNDA:43,(anonymous_5)
FNDA:91,(anonymous_6)
FNDA:1,(anonymous_7)
FNDA:3,(anonymous_8)
FNDA:93,(anonymous_9)
FNDA:1,(anonymous_10)
DA:8,26
DA:10,26
DA:11,26
DA:12,26
DA:13,26
DA:17,26
DA:18,26
DA:19,26
DA:24,26
DA:25,26
DA:26,26
DA:29,26
DA:30,26
DA:31,26
DA:35,0
DA:39,25
DA:48,91
DA:59,43
DA:60,43
DA:62,43
DA:64,91
DA:69,1
DA:70,3
DA:73,1
DA:77,93
DA:81,1
LF:26
LH:25
BRDA:17,0,0,26
BRDA:17,0,1,0
BRDA:40,1,0,25
BRDA:40,1,1,25
BRDA:40,1,2,25
BRDA:40,1,3,25
BRDA:49,2,0,91
BRDA:49,2,1,52
BRDA:49,2,2,3
BRDA:49,2,3,3
BRDA:49,2,4,1
BRDA:49,2,5,1
BRDA:60,3,0,43
BRDA:60,3,1,43
BRDA:63,4,0,43
BRDA:63,4,1,43
BRDA:70,5,0,3
BRDA:70,5,1,2
BRDA:70,5,2,2
BRF:19
BRH:18
end_of_record
TN:
SF:src\views\lang\latin\verb\irregular\latin-verb-infinitive-irregular-voice-view.js
FN:6,(anonymous_0)
FN:19,(anonymous_1)
FN:30,(anonymous_2)
FN:34,(anonymous_3)
FN:44,(anonymous_4)
FN:55,(anonymous_5)
FN:61,(anonymous_6)
FN:64,(anonymous_7)
FN:67,(anonymous_8)
FN:73,(anonymous_9)
FN:77,(anonymous_10)
FNF:11
FNH:7
FNDA:6,(anonymous_0)
FNDA:6,(anonymous_1)
FNDA:0,(anonymous_2)
FNDA:6,(anonymous_3)
FNDA:93,(anonymous_4)
FNDA:43,(anonymous_5)
FNDA:93,(anonymous_6)
FNDA:0,(anonymous_7)
FNDA:0,(anonymous_8)
FNDA:746,(anonymous_9)
FNDA:0,(anonymous_10)
DA:7,6
DA:9,6
DA:10,6
DA:11,6
DA:13,6
DA:14,6
DA:15,6
DA:20,6
DA:21,6
DA:22,6
DA:25,6
DA:26,6
DA:27,6
DA:31,0
DA:35,6
DA:45,93
DA:56,43
DA:57,43
DA:59,43
DA:61,93
DA:66,0
DA:67,0
DA:70,0
DA:74,746
DA:78,0
LF:25
LH:20
BRDA:13,0,0,6
BRDA:13,0,1,0
BRDA:36,1,0,6
BRDA:36,1,1,6
BRDA:36,1,2,6
BRDA:36,1,3,6
BRDA:36,1,4,6
BRDA:46,2,0,93
BRDA:46,2,1,53
BRDA:46,2,2,4
BRDA:46,2,3,4
BRDA:46,2,4,2
BRDA:46,2,5,2
BRDA:57,3,0,43
BRDA:57,3,1,43
BRDA:60,4,0,43
BRDA:60,4,1,43
BRDA:67,5,0,0
BRDA:67,5,1,0
BRDA:67,5,2,0
BRF:20
BRH:16
end_of_record
TN:
SF:src\views\lang\latin\verb\irregular\latin-verb-irregular-base-view.js
FN:12,(anonymous_0)
FN:20,(anonymous_1)
FN:24,(anonymous_2)
FN:28,(anonymous_3)
FN:32,(anonymous_4)
FN:39,(anonymous_5)
FN:43,(anonymous_6)
FN:58,(anonymous_7)
FN:62,(anonymous_8)
FN:75,(anonymous_9)
FN:78,(anonymous_10)
FN:88,(anonymous_11)
FN:93,(anonymous_12)
FN:123,(anonymous_13)
FN:133,(anonymous_14)
FNF:15
FNH:12
FNDA:147,(anonymous_0)
FNDA:0,(anonymous_1)
FNDA:2284,(anonymous_2)
FNDA:584,(anonymous_3)
FNDA:115,(anonymous_4)
FNDA:51,(anonymous_5)
FNDA:0,(anonymous_6)
FNDA:0,(anonymous_7)
FNDA:224,(anonymous_8)
FNDA:32,(anonymous_9)
FNDA:60,(anonymous_10)
FNDA:37,(anonymous_11)
FNDA:79,(anonymous_12)
FNDA:344,(anonymous_13)
FNDA:6,(anonymous_14)
DA:13,147
DA:15,147
DA:16,147
DA:17,147
DA:21,0
DA:25,2284
DA:29,584
DA:33,115
DA:40,51
DA:44,0
DA:45,0
DA:46,0
DA:47,0
DA:48,0
DA:49,0
DA:59,0
DA:63,224
DA:77,32
DA:78,60
DA:81,32
DA:89,37
DA:93,79
DA:94,37
DA:95,116
DA:96,116
DA:97,116
DA:98,151
DA:99,151
DA:101,151
DA:102,151
DA:104,116
DA:105,116
DA:106,110
DA:107,110
DA:108,139
DA:110,110
DA:112,6
DA:115,0
DA:118,37
DA:119,37
DA:124,344
DA:125,37
DA:126,37
DA:127,37
DA:128,37
DA:130,307
DA:134,6
LF:47
LH:38
BRDA:63,0,0,224
BRDA:63,0,1,224
BRDA:63,0,2,59
BRDA:63,0,3,59
BRDA:78,1,0,60
BRDA:78,1,1,54
BRDA:78,1,2,54
BRDA:93,2,0,79
BRDA:93,2,1,64
BRDA:93,2,2,64
BRDA:105,3,0,110
BRDA:105,3,1,6
BRDA:124,4,0,37
BRDA:124,4,1,307
BRF:14
BRH:14
end_of_record
TN:
SF:src\views\lang\latin\verb\irregular\latin-verb-irregular-linked-base-view.js
FN:8,(anonymous_0)
FN:16,(anonymous_1)
FN:26,(anonymous_2)
FN:32,(anonymous_3)
FN:35,(anonymous_4)
FNF:5
FNH:4
FNDA:116,(anonymous_0)
FNDA:0,(anonymous_1)
FNDA:110,(anonymous_2)
FNDA:110,(anonymous_3)
FNDA:48,(anonymous_4)
DA:9,116
DA:11,116
DA:12,116
DA:13,116
DA:17,0
DA:27,110
DA:28,110
DA:30,110
DA:32,110
DA:37,48
LF:10
LH:9
BRDA:28,0,0,110
BRDA:28,0,1,110
BRDA:31,1,0,110
BRDA:31,1,1,110
BRF:4
BRH:4
end_of_record
TN:
SF:src\views\lang\latin\verb\irregular\latin-verb-irregular-view.js
FN:16,(anonymous_0)
FN:24,(anonymous_1)
FN:31,(anonymous_2)
FN:35,(anonymous_3)
FN:44,(anonymous_4)
FN:49,(anonymous_5)
FN:61,(anonymous_6)
FN:75,(anonymous_7)
FN:77,(anonymous_8)
FNF:9
FNH:8
FNDA:25,(anonymous_0)
FNDA:45,(anonymous_1)
FNDA:0,(anonymous_2)
FNDA:25,(anonymous_3)
FNDA:43,(anonymous_4)
FNDA:77,(anonymous_5)
FNDA:77,(anonymous_6)
FNDA:25,(anonymous_7)
FNDA:44,(anonymous_8)
DA:17,25
DA:19,25
DA:20,25
DA:21,25
DA:23,25
DA:24,45
DA:25,25
DA:26,25
DA:27,25
DA:32,0
DA:36,25
DA:37,25
DA:38,25
DA:39,25
DA:40,25
DA:41,25
DA:45,43
DA:46,43
DA:48,43
DA:49,77
DA:62,77
DA:76,25
DA:77,44
DA:78,8
DA:80,25
LF:25
LH:24
BRDA:23,0,0,25
BRDA:23,0,1,0
BRDA:26,1,0,25
BRDA:26,1,1,0
BRDA:46,2,0,43
BRDA:46,2,1,43
BRDA:49,3,0,43
BRDA:49,3,1,43
BRDA:63,4,0,77
BRDA:63,4,1,40
BRDA:63,4,2,40
BRDA:63,4,3,32
BRDA:63,4,4,32
BRDA:77,5,0,8
BRDA:77,5,1,17
BRF:15
BRH:13
end_of_record
TN:
SF:src\views\lang\latin\verb\irregular\latin-verb-irregular-voice-view.js
FN:16,(anonymous_0)
FN:24,(anonymous_1)
FN:33,(anonymous_2)
FN:37,(anonymous_3)
FN:46,(anonymous_4)
FN:51,(anonymous_5)
FN:60,(anonymous_6)
FN:74,(anonymous_7)
FN:76,(anonymous_8)
FNF:9
FNH:8
FNDA:6,(anonymous_0)
FNDA:8,(anonymous_1)
FNDA:0,(anonymous_2)
FNDA:6,(anonymous_3)
FNDA:43,(anonymous_4)
FNDA:91,(anonymous_5)
FNDA:91,(anonymous_6)
FNDA:6,(anonymous_7)
FNDA:6,(anonymous_8)
DA:17,6
DA:19,6
DA:20,6
DA:21,6
DA:24,8
DA:25,6
DA:26,6
DA:27,6
DA:28,6
DA:29,6
DA:34,0
DA:38,6
DA:39,6
DA:40,6
DA:41,6
DA:42,6
DA:43,6
DA:47,43
DA:48,43
DA:50,43
DA:51,91
DA:61,91
DA:75,6
DA:76,6
DA:77,6
DA:79,6
LF:26
LH:25
BRDA:26,0,0,6
BRDA:26,0,1,0
BRDA:28,1,0,6
BRDA:28,1,1,0
BRDA:48,2,0,43
BRDA:48,2,1,43
BRDA:51,3,0,43
BRDA:51,3,1,43
BRDA:62,4,0,91
BRDA:62,4,1,51
BRDA:62,4,2,51
BRDA:62,4,3,38
BRDA:62,4,4,38
BRDA:76,5,0,6
BRDA:76,5,1,0
BRF:15
BRH:12
end_of_record
TN:
SF:src\views\lang\latin\verb\irregular\latin-verb-participle-irregular-view.js
FN:10,(anonymous_0)
FN:27,(anonymous_1)
FN:31,(anonymous_2)
FN:35,(anonymous_3)
FN:44,(anonymous_4)
FN:50,(anonymous_5)
FN:57,(anonymous_6)
FN:59,(anonymous_7)
FNF:8
FNH:7
FNDA:34,(anonymous_0)
FNDA:0,(anonymous_1)
FNDA:494,(anonymous_2)
FNDA:33,(anonymous_3)
FNDA:43,(anonymous_4)
FNDA:87,(anonymous_5)
FNDA:1,(anonymous_6)
FNDA:1,(anonymous_7)
DA:11,34
DA:13,34
DA:14,34
DA:15,34
DA:16,34
DA:22,34
DA:23,33
DA:28,0
DA:32,494
DA:36,33
DA:37,33
DA:38,33
DA:39,33
DA:40,33
DA:41,33
DA:45,43
DA:46,43
DA:48,43
DA:50,87
DA:58,1
DA:59,1
DA:60,1
DA:62,1
LF:23
LH:22
BRDA:22,0,0,33
BRDA:22,0,1,1
BRDA:46,1,0,43
BRDA:46,1,1,43
BRDA:49,2,0,43
BRDA:49,2,1,43
BRDA:59,3,0,1
BRDA:59,3,1,0
BRF:8
BRH:7
end_of_record
TN:
SF:src\views\lang\latin\verb\irregular\latin-verb-supine-irregular-view.js
FN:9,(anonymous_0)
FN:21,(anonymous_1)
FN:25,(anonymous_2)
FN:29,(anonymous_3)
FN:38,(anonymous_4)
FN:44,(anonymous_5)
FN:53,(anonymous_6)
FN:56,(anonymous_7)
FN:66,(anonymous_8)
FNF:9
FNH:8
FNDA:17,(anonymous_0)
FNDA:0,(anonymous_1)
FNDA:360,(anonymous_2)
FNDA:17,(anonymous_3)
FNDA:43,(anonymous_4)
FNDA:89,(anonymous_5)
FNDA:2,(anonymous_6)
FNDA:10,(anonymous_7)
FNDA:2,(anonymous_8)
DA:10,17
DA:12,17
DA:13,17
DA:14,17
DA:16,17
DA:17,17
DA:22,0
DA:26,360
DA:30,17
DA:31,17
DA:32,17
DA:33,17
DA:34,17
DA:35,17
DA:39,43
DA:40,43
DA:42,43
DA:44,89
DA:55,2
DA:56,10
DA:59,2
DA:67,2
LF:22
LH:21
BRDA:16,0,0,17
BRDA:16,0,1,0
BRDA:40,1,0,43
BRDA:40,1,1,43
BRDA:43,2,0,43
BRDA:43,2,1,43
BRDA:56,3,0,10
BRDA:56,3,1,2
BRDA:56,3,2,2
BRF:9
BRH:8
end_of_record
TN:
SF:src\views\lib\cell.js
FN:7,(anonymous_0)
FN:14,(anonymous_1)
FN:20,(anonymous_2)
FN:30,(anonymous_3)
FN:38,(anonymous_4)
FN:45,(anonymous_5)
FN:52,(anonymous_6)
FN:59,(anonymous_7)
FN:66,(anonymous_8)
FN:73,(anonymous_9)
FN:87,(anonymous_10)
FNF:11
FNH:10
FNDA:5706,(anonymous_0)
FNDA:3461,(anonymous_1)
FNDA:3034,(anonymous_2)
FNDA:0,(anonymous_3)
FNDA:5685,(anonymous_4)
FNDA:2228,(anonymous_5)
FNDA:364,(anonymous_6)
FNDA:2,(anonymous_7)
FNDA:1,(anonymous_8)
FNDA:3,(anonymous_9)
FNDA:3,(anonymous_10)
DA:8,5706
DA:9,5706
DA:10,1
DA:12,5706
DA:13,5706
DA:14,5706
DA:15,3461
DA:16,67
DA:18,3394
DA:20,5706
DA:22,5706
DA:23,5706
DA:25,5706
DA:26,5706
DA:27,5706
DA:31,0
DA:39,5685
DA:46,2228
DA:53,364
DA:60,2
DA:67,1
DA:74,3
DA:75,1
DA:77,2
DA:78,1
DA:80,1
DA:81,1
DA:88,3
DA:89,1
DA:91,2
DA:92,1
DA:94,1
DA:95,1
LF:33
LH:32
BRDA:9,0,0,1
BRDA:9,0,1,5705
BRDA:15,1,0,67
BRDA:15,1,1,3394
BRDA:15,2,0,3461
BRDA:15,2,1,3461
BRDA:20,3,0,5706
BRDA:20,3,1,3009
BRDA:20,4,0,3034
BRDA:20,4,1,3034
BRDA:74,5,0,1
BRDA:74,5,1,2
BRDA:77,6,0,1
BRDA:77,6,1,1
BRDA:88,7,0,1
BRDA:88,7,1,2
BRDA:91,8,0,1
BRDA:91,8,1,1
BRF:18
BRH:18
end_of_record
TN:
SF:src\views\lib\column.js
FN:9,(anonymous_0)
FN:16,(anonymous_1)
FN:18,(anonymous_2)
FN:29,(anonymous_3)
FN:38,(anonymous_4)
FN:45,(anonymous_5)
FN:61,(anonymous_6)
FN:77,(anonymous_7)
FN:89,(anonymous_8)
FNF:9
FNH:9
FNDA:315,(anonymous_0)
FNDA:1011,(anonymous_1)
FNDA:4645,(anonymous_2)
FNDA:294,(anonymous_3)
FNDA:3053,(anonymous_4)
FNDA:131,(anonymous_5)
FNDA:211,(anonymous_6)
FNDA:2,(anonymous_7)
FNDA:1,(anonymous_8)
DA:10,315
DA:11,315
DA:12,2
DA:14,315
DA:15,315
DA:16,1011
DA:18,4645
DA:20,315
DA:21,5720
DA:30,294
DA:31,294
DA:39,3053
DA:46,131
DA:47,115
DA:49,115
DA:50,2238
DA:52,115
DA:53,114
DA:62,211
DA:63,29
DA:65,29
DA:66,367
DA:68,29
DA:69,29
DA:78,2
DA:79,8
DA:81,2
DA:82,2
DA:90,1
DA:91,4
DA:93,1
DA:94,1
LF:32
LH:32
BRDA:11,0,0,2
BRDA:11,0,1,313
BRDA:18,1,0,4645
BRDA:18,1,1,4590
BRDA:46,2,0,115
BRDA:46,2,1,16
BRDA:52,3,0,114
BRDA:52,3,1,1
BRDA:62,4,0,29
BRDA:62,4,1,182
BRDA:68,5,0,29
BRDA:68,5,1,0
BRDA:81,6,0,2
BRDA:81,6,1,0
BRDA:93,7,0,1
BRDA:93,7,1,0
BRF:16
BRH:13
end_of_record
TN:
SF:src\views\lib\group-feature-list.js
FN:13,(anonymous_0)
FN:18,(anonymous_1)
FN:28,(anonymous_2)
FN:36,(anonymous_3)
FN:45,(anonymous_4)
FN:60,(anonymous_5)
FN:66,(anonymous_6)
FN:74,(anonymous_7)
FN:80,(anonymous_8)
FN:88,(anonymous_9)
FN:97,(anonymous_10)
FN:114,(anonymous_11)
FN:128,(anonymous_12)
FN:137,(anonymous_13)
FN:151,(anonymous_14)
FN:167,(anonymous_15)
FN:173,(anonymous_16)
FN:181,(anonymous_17)
FN:187,(anonymous_18)
FN:197,(anonymous_19)
FN:213,(anonymous_20)
FN:227,(anonymous_21)
FN:235,(anonymous_22)
FNF:23
FNH:21
FNDA:1028,(anonymous_0)
FNDA:4952,(anonymous_1)
FNDA:2900,(anonymous_2)
FNDA:472,(anonymous_3)
FNDA:1014,(anonymous_4)
FNDA:19383,(anonymous_5)
FNDA:0,(anonymous_6)
FNDA:310,(anonymous_7)
FNDA:308,(anonymous_8)
FNDA:1,(anonymous_9)
FNDA:1013,(anonymous_10)
FNDA:17,(anonymous_11)
FNDA:2776,(anonymous_12)
FNDA:5433,(anonymous_13)
FNDA:2742,(anonymous_14)
FNDA:2,(anonymous_15)
FNDA:0,(anonymous_16)
FNDA:8270,(anonymous_17)
FNDA:8268,(anonymous_18)
FNDA:1012,(anonymous_19)
FNDA:1011,(anonymous_20)
FNDA:8252,(anonymous_21)
FNDA:10986,(anonymous_22)
DA:14,1028
DA:15,1028
DA:16,1028
DA:18,4952
DA:21,1028
DA:29,2900
DA:37,472
DA:46,1014
DA:47,2688
DA:48,2688
DA:49,1
DA:51,2687
DA:52,2687
DA:61,19383
DA:62,19263
DA:67,0
DA:75,310
DA:76,309
DA:81,308
DA:89,1
DA:98,1013
DA:99,2216
DA:100,2216
DA:101,1
DA:103,2215
DA:104,2215
DA:106,1012
DA:116,17
DA:117,17
DA:118,17
DA:119,17
DA:121,17
DA:129,2776
DA:138,5433
DA:139,5433
DA:141,0
DA:142,0
DA:152,2742
DA:153,34
DA:154,17
DA:155,17
DA:156,17
DA:159,2708
DA:168,2
DA:169,1
DA:174,0
DA:182,8270
DA:183,8269
DA:188,8268
DA:198,1012
DA:199,1286
DA:200,1286
DA:201,1
DA:203,1285
DA:214,1011
DA:215,919
DA:216,919
DA:217,1
DA:219,918
DA:228,8252
DA:236,10986
DA:237,10986
DA:238,42713
DA:239,19480
DA:242,10986
LF:65
LH:61
BRDA:48,0,0,1
BRDA:48,0,1,2687
BRDA:61,1,0,19263
BRDA:61,1,1,120
BRDA:61,2,0,19383
BRDA:61,2,1,19383
BRDA:75,3,0,309
BRDA:75,3,1,1
BRDA:75,4,0,310
BRDA:75,4,1,310
BRDA:100,5,0,1
BRDA:100,5,1,2215
BRDA:138,6,0,5433
BRDA:138,6,1,0
BRDA:152,7,0,34
BRDA:152,7,1,2708
BRDA:153,8,0,17
BRDA:153,8,1,17
BRDA:155,9,0,17
BRDA:155,9,1,0
BRDA:168,10,0,1
BRDA:168,10,1,1
BRDA:168,11,0,2
BRDA:168,11,1,2
BRDA:182,12,0,8269
BRDA:182,12,1,1
BRDA:182,13,0,8270
BRDA:182,13,1,8270
BRDA:200,14,0,1
BRDA:200,14,1,1285
BRDA:216,15,0,1
BRDA:216,15,1,918
BRDA:238,16,0,19480
BRDA:238,16,1,23233
BRF:34
BRH:32
end_of_record
TN:
SF:src\views\lib\group-feature-type.js
FN:28,(anonymous_0)
FN:31,(anonymous_1)
FN:58,(anonymous_2)
FN:72,(anonymous_3)
FN:76,(anonymous_4)
FN:89,(anonymous_5)
FN:110,(anonymous_6)
FN:123,(anonymous_7)
FN:131,(anonymous_8)
FN:140,(anonymous_9)
FN:148,(anonymous_10)
FN:157,(anonymous_11)
FN:166,(anonymous_12)
FN:176,(anonymous_13)
FN:180,(anonymous_14)
FNF:15
FNH:15
FNDA:9232,(anonymous_0)
FNDA:30666,(anonymous_1)
FNDA:8702,(anonymous_2)
FNDA:5,(anonymous_3)
FNDA:2127,(anonymous_4)
FNDA:5446,(anonymous_5)
FNDA:4120,(anonymous_6)
FNDA:16517,(anonymous_7)
FNDA:2689,(anonymous_8)
FNDA:5329,(anonymous_9)
FNDA:2216,(anonymous_10)
FNDA:13697,(anonymous_11)
FNDA:8578,(anonymous_12)
FNDA:8251,(anonymous_13)
FNDA:308,(anonymous_14)
DA:29,9232
DA:30,9232
DA:31,30666
DA:32,9232
DA:33,9232
DA:35,9232
DA:36,9232
DA:39,9232
DA:40,9232
DA:41,9232
DA:42,9232
DA:44,9232
DA:45,9232
DA:46,9232
DA:47,9232
DA:59,8702
DA:73,5
DA:77,2127
DA:78,2127
DA:79,2127
DA:90,5446
DA:111,4120
DA:112,3987
DA:115,133
DA:124,16517
DA:132,2689
DA:133,2689
DA:141,5329
DA:149,2216
DA:150,2216
DA:158,13697
DA:167,8578
DA:177,8251
DA:181,308
LF:34
LH:34
BRDA:28,0,0,9232
BRDA:89,1,0,17
BRDA:111,2,0,3987
BRDA:111,2,1,133
BRF:4
BRH:4
end_of_record
TN:
SF:src\views\lib\header-cell.js
FN:11,(anonymous_0)
FN:27,(anonymous_1)
FN:40,(anonymous_2)
FN:49,(anonymous_3)
FN:76,(anonymous_4)
FN:88,(anonymous_5)
FNF:6
FNH:6
FNDA:320,(anonymous_0)
FNDA:342,(anonymous_1)
FNDA:163,(anonymous_2)
FNDA:219,(anonymous_3)
FNDA:3,(anonymous_4)
FNDA:1,(anonymous_5)
DA:12,320
DA:13,320
DA:14,320
DA:16,320
DA:17,320
DA:18,320
DA:20,320
DA:28,342
DA:30,342
DA:31,55
DA:41,163
DA:50,219
DA:51,219
DA:52,252
DA:53,94
DA:56,219
DA:58,163
DA:59,163
DA:62,163
DA:63,23
DA:64,57
DA:67,163
DA:68,23
DA:77,3
DA:78,3
DA:79,3
DA:80,2
DA:89,1
DA:90,1
DA:91,1
DA:92,1
LF:31
LH:31
BRDA:11,0,0,299
BRDA:30,1,0,55
BRDA:30,1,1,287
BRDA:52,2,0,94
BRDA:52,2,1,158
BRDA:56,3,0,163
BRDA:56,3,1,56
BRDA:62,4,0,23
BRDA:62,4,1,140
BRDA:67,5,0,23
BRDA:67,5,1,140
BRDA:77,6,0,3
BRDA:77,6,1,0
BRDA:79,7,0,2
BRDA:79,7,1,1
BRDA:89,8,0,1
BRDA:89,8,1,0
BRDA:91,9,0,1
BRDA:91,9,1,0
BRF:19
BRH:16
end_of_record
TN:
SF:src\views\lib\narrow-view-group.js
FN:23,(anonymous_0)
FN:61,(anonymous_1)
FN:74,(anonymous_2)
FNF:3
FNH:0
FNDA:0,(anonymous_0)
FNDA:0,(anonymous_1)
FNDA:0,(anonymous_2)
DA:24,0
DA:25,0
DA:26,0
DA:27,0
DA:28,0
DA:30,0
DA:31,0
DA:32,0
DA:34,0
DA:39,0
DA:40,0
DA:41,0
DA:42,0
DA:43,0
DA:45,0
DA:46,0
DA:49,0
DA:51,0
DA:53,0
DA:54,0
DA:62,0
DA:63,0
DA:64,0
DA:65,0
DA:68,0
DA:75,0
DA:77,0
DA:79,0
DA:80,0
DA:81,0
DA:82,0
DA:86,0
DA:87,0
DA:88,0
DA:89,0
DA:91,0
DA:92,0
DA:95,0
DA:96,0
DA:99,0
DA:100,0
DA:102,0
DA:106,0
LF:43
LH:0
BRDA:42,0,0,0
BRDA:42,0,1,0
BRDA:64,1,0,0
BRDA:64,1,1,0
BRDA:77,2,0,0
BRDA:77,2,1,0
BRDA:88,3,0,0
BRDA:88,3,1,0
BRF:8
BRH:0
end_of_record
TN:
SF:src\views\lib\narrow-view.js
FN:12,(anonymous_0)
FN:38,(anonymous_1)
FN:48,(anonymous_2)
FNF:3
FNH:0
FNDA:0,(anonymous_0)
FNDA:0,(anonymous_1)
FNDA:0,(anonymous_2)
DA:13,0
DA:14,0
DA:15,0
DA:22,0
DA:23,0
DA:26,0
DA:27,0
DA:29,0
DA:30,0
DA:39,0
DA:40,0
DA:41,0
DA:49,0
DA:50,0
DA:52,0
LF:15
LH:0
BRDA:22,0,0,0
BRDA:22,0,1,0
BRF:2
BRH:0
end_of_record
TN:
SF:src\views\lib\node-group.js
FN:8,(anonymous_0)
FNF:1
FNH:1
FNDA:2742,(anonymous_0)
DA:9,2742
DA:10,2742
DA:11,2742
DA:12,2742
DA:14,2742
DA:15,2742
LF:6
LH:6
BRF:0
BRH:0
end_of_record
TN:
SF:src\views\lib\row-title-cell.js
FN:13,(anonymous_0)
FN:41,(anonymous_1)
FN:56,(anonymous_2)
FN:67,(anonymous_3)
FN:74,(anonymous_4)
FNF:5
FNH:5
FNDA:8257,(anonymous_0)
FNDA:802,(anonymous_1)
FNDA:2387,(anonymous_2)
FNDA:2,(anonymous_3)
FNDA:1,(anonymous_4)
DA:14,8257
DA:15,8257
DA:16,8257
DA:17,8257
DA:18,8257
DA:19,8257
DA:20,8257
DA:21,8257
DA:23,8257
DA:25,8257
DA:26,126
DA:42,802
DA:57,2387
DA:58,2387
DA:59,767
DA:61,2387
DA:68,2
DA:75,1
LF:18
LH:18
BRDA:25,0,0,126
BRDA:25,0,1,8131
BRDA:25,1,0,8257
BRDA:25,1,1,308
BRDA:41,2,0,0
BRDA:58,3,0,767
BRDA:58,3,1,1620
BRF:7
BRH:6
end_of_record
TN:
SF:src\views\lib\row.js
FN:9,(anonymous_0)
FN:26,(anonymous_1)
FN:36,(anonymous_2)
FN:40,(anonymous_3)
FN:41,(anonymous_4)
FN:58,(anonymous_5)
FN:72,(anonymous_6)
FN:90,(anonymous_7)
FN:102,(anonymous_8)
FNF:9
FNH:9
FNDA:3053,(anonymous_0)
FNDA:5993,(anonymous_1)
FNDA:1,(anonymous_2)
FNDA:2896,(anonymous_3)
FNDA:5689,(anonymous_4)
FNDA:2213,(anonymous_5)
FNDA:1,(anonymous_6)
FNDA:2,(anonymous_7)
FNDA:1,(anonymous_8)
DA:10,3053
DA:11,3053
DA:12,0
DA:14,3053
DA:16,3053
DA:17,33
DA:27,5993
DA:28,5993
DA:29,5993
DA:37,1
DA:41,5689
DA:59,2213
DA:73,1
DA:74,1
DA:75,0
DA:77,1
DA:78,0
DA:80,1
DA:81,1
DA:83,1
DA:84,1
DA:91,2
DA:92,10
DA:94,2
DA:95,2
DA:103,1
DA:104,5
DA:106,1
DA:107,1
LF:29
LH:26
BRDA:9,0,0,3046
BRDA:11,1,0,0
BRDA:11,1,1,3053
BRDA:59,2,0,2213
BRDA:59,2,1,2213
BRDA:74,3,0,0
BRDA:74,3,1,1
BRDA:74,4,0,1
BRDA:74,4,1,0
BRDA:77,5,0,0
BRDA:77,5,1,1
BRDA:77,6,0,1
BRDA:77,6,1,0
BRDA:94,7,0,2
BRDA:94,7,1,0
BRDA:106,8,0,1
BRDA:106,8,1,0
BRF:17
BRH:10
end_of_record
TN:
SF:src\views\lib\table.js
FN:16,(anonymous_0)
FN:33,(anonymous_1)
FN:69,(anonymous_2)
FN:80,(anonymous_3)
FN:91,(anonymous_4)
FN:110,(anonymous_5)
FN:135,(anonymous_6)
FN:174,(anonymous_7)
FN:236,(anonymous_8)
FN:291,(anonymous_9)
FN:320,(anonymous_10)
FN:332,(anonymous_11)
FN:346,(anonymous_12)
FN:351,(anonymous_13)
FN:354,(anonymous_14)
FN:366,(anonymous_15)
FN:368,(anonymous_16)
FN:381,(anonymous_17)
FNF:18
FNH:17
FNDA:1009,(anonymous_0)
FNDA:158,(anonymous_1)
FNDA:8578,(anonymous_2)
FNDA:2420,(anonymous_3)
FNDA:3052,(anonymous_4)
FNDA:2742,(anonymous_5)
FNDA:65107,(anonymous_6)
FNDA:2742,(anonymous_7)
FNDA:162,(anonymous_8)
FNDA:158,(anonymous_9)
FNDA:282,(anonymous_10)
FNDA:0,(anonymous_11)
FNDA:158,(anonymous_12)
FNDA:267,(anonymous_13)
FNDA:254,(anonymous_14)
FNDA:34,(anonymous_15)
FNDA:91,(anonymous_16)
FNDA:124,(anonymous_17)
DA:17,1009
DA:18,1009
DA:23,1009
DA:37,158
DA:39,158
DA:40,158
DA:41,158
DA:42,158
DA:43,158
DA:44,158
DA:46,158
DA:47,158
DA:49,124
DA:52,158
DA:53,158
DA:55,0
DA:57,158
DA:58,34
DA:60,124
DA:62,158
DA:70,8578
DA:71,0
DA:73,8578
DA:81,2420
DA:82,0
DA:84,2420
DA:92,3052
DA:93,0
DA:95,3052
DA:111,2742
DA:112,2742
DA:118,17
DA:119,17
DA:120,17
DA:121,17
DA:123,2725
DA:124,2725
DA:127,2725
DA:128,8251
DA:130,5526
DA:132,8251
DA:135,65107
DA:137,8251
DA:139,2567
DA:140,2567
DA:141,2567
DA:145,5684
DA:146,3407
DA:147,721
DA:150,3407
DA:153,5684
DA:154,5684
DA:155,5684
DA:156,5684
DA:157,5684
DA:160,2725
DA:161,2725
DA:163,17
DA:175,2742
DA:176,2742
DA:177,2742
DA:178,8268
DA:181,8268
DA:182,2584
DA:183,2584
DA:192,2259
DA:196,2259
DA:197,2259
DA:198,325
DA:199,304
DA:200,304
DA:201,304
DA:202,304
DA:203,304
DA:204,304
DA:206,287
DA:211,5684
DA:215,5684
DA:219,5684
DA:222,2742
DA:223,2563
DA:225,179
DA:237,162
DA:239,162
DA:240,162
DA:241,308
DA:244,308
DA:245,21
DA:247,21
DA:248,21
DA:249,54
DA:252,21
DA:253,21
DA:254,21
DA:255,54
DA:258,21
DA:259,9
DA:261,21
DA:264,21
DA:265,21
DA:268,287
DA:270,287
DA:271,141
DA:274,287
DA:275,287
DA:277,287
DA:280,162
DA:281,141
DA:283,21
DA:292,158
DA:293,158
DA:294,2894
DA:295,2894
DA:296,2894
DA:297,5684
DA:300,158
DA:301,158
DA:302,2894
DA:303,1618
DA:309,1276
DA:310,688
DA:314,158
DA:321,282
DA:322,512
DA:323,71
DA:326,282
DA:333,0
DA:334,0
DA:335,0
DA:338,0
DA:347,158
DA:348,158
DA:349,158
DA:350,141
DA:351,267
DA:352,61
DA:354,254
DA:355,215
DA:360,158
DA:367,34
DA:368,91
DA:369,86
DA:370,51
DA:371,56
DA:375,34
DA:382,124
DA:383,208
DA:385,124
DA:386,124
DA:388,124
LF:150
LH:142
BRDA:33,0,0,0
BRDA:41,1,0,141
BRDA:41,1,1,17
BRDA:47,2,0,124
BRDA:47,2,1,34
BRDA:52,3,0,158
BRDA:52,3,1,0
BRDA:57,4,0,34
BRDA:57,4,1,124
BRDA:70,5,0,0
BRDA:70,5,1,8578
BRDA:81,6,0,0
BRDA:81,6,1,2420
BRDA:92,7,0,0
BRDA:92,7,1,3052
BRDA:110,8,0,158
BRDA:110,9,0,158
BRDA:112,10,0,17
BRDA:112,10,1,2725
BRDA:112,11,0,2742
BRDA:112,11,1,34
BRDA:128,12,0,5526
BRDA:128,12,1,2725
BRDA:128,13,0,8251
BRDA:128,13,1,8093
BRDA:137,14,0,2567
BRDA:137,14,1,5684
BRDA:145,15,0,3407
BRDA:145,15,1,2277
BRDA:146,16,0,721
BRDA:146,16,1,2686
BRDA:174,17,0,158
BRDA:174,18,0,158
BRDA:174,19,0,158
BRDA:181,20,0,2584
BRDA:181,20,1,5684
BRDA:183,21,0,2259
BRDA:183,21,1,325
BRDA:198,22,0,304
BRDA:198,22,1,21
BRDA:198,23,0,325
BRDA:198,23,1,308
BRDA:204,24,0,287
BRDA:204,24,1,17
BRDA:213,25,0,5565
BRDA:213,25,1,119
BRDA:213,26,0,5684
BRDA:213,26,1,5565
BRDA:222,27,0,2563
BRDA:222,27,1,179
BRDA:236,28,0,141
BRDA:236,29,0,141
BRDA:236,30,0,141
BRDA:244,31,0,21
BRDA:244,31,1,287
BRDA:258,32,0,9
BRDA:258,32,1,12
BRDA:270,33,0,141
BRDA:270,33,1,146
BRDA:280,34,0,141
BRDA:280,34,1,21
BRDA:302,35,0,1618
BRDA:302,35,1,1276
BRDA:309,36,0,688
BRDA:309,36,1,588
BRDA:309,37,0,1276
BRDA:309,37,1,970
BRDA:309,37,2,937
BRDA:322,38,0,71
BRDA:322,38,1,441
BRDA:334,39,0,0
BRDA:334,39,1,0
BRDA:349,40,0,141
BRDA:349,40,1,17
BRDA:351,41,0,61
BRDA:351,41,1,193
BRDA:354,42,0,215
BRDA:354,42,1,39
BRDA:360,43,0,158
BRDA:360,43,1,46
BRDA:369,44,0,51
BRDA:369,44,1,35
BRDA:385,45,0,124
BRDA:385,45,1,0
BRF:84
BRH:76
end_of_record
TN:
SF:src\views\lib\view-set-factory.js
FN:8,(anonymous_0)
FN:22,(anonymous_1)
FN:26,(anonymous_2)
FN:48,(anonymous_3)
FNF:4
FNH:2
FNDA:348,(anonymous_0)
FNDA:0,(anonymous_1)
FNDA:347,(anonymous_2)
FNDA:0,(anonymous_3)
DA:10,348
DA:11,348
DA:12,347
DA:14,1
DA:16,1
DA:19,348
DA:23,0
DA:27,347
DA:28,347
DA:29,43
DA:30,304
DA:31,304
DA:33,0
DA:49,0
LF:14
LH:11
BRDA:28,0,0,43
BRDA:28,0,1,304
BRDA:28,1,0,347
BRDA:28,1,1,347
BRDA:30,2,0,304
BRDA:30,2,1,0
BRDA:30,3,0,304
BRDA:30,3,1,304
BRF:8
BRH:7
end_of_record
TN:
SF:src\views\lib\view-set.js
FN:12,(anonymous_0)
FN:32,(anonymous_1)
FN:42,(anonymous_2)
FN:54,(anonymous_3)
FN:58,(anonymous_4)
FN:62,(anonymous_5)
FN:66,(anonymous_6)
FN:73,(anonymous_7)
FN:89,(anonymous_8)
FN:96,(anonymous_9)
FN:99,(anonymous_10)
FN:104,(anonymous_11)
FN:105,(anonymous_12)
FN:108,(anonymous_13)
FNF:14
FNH:9
FNDA:348,(anonymous_0)
FNDA:2081,(anonymous_1)
FNDA:5810,(anonymous_2)
FNDA:0,(anonymous_3)
FNDA:0,(anonymous_4)
FNDA:347,(anonymous_5)
FNDA:347,(anonymous_6)
FNDA:1703,(anonymous_7)
FNDA:2,(anonymous_8)
FNDA:1,(anonymous_9)
FNDA:9,(anonymous_10)
FNDA:0,(anonymous_11)
FNDA:0,(anonymous_12)
FNDA:0,(anonymous_13)
DA:13,348
DA:14,348
DA:15,348
DA:16,348
DA:17,348
DA:19,348
DA:20,347
DA:21,347
DA:25,347
DA:27,347
DA:28,347
DA:29,489
DA:31,1087
DA:32,1087
DA:33,2081
DA:36,0
DA:41,347
DA:42,5810
DA:44,347
DA:55,0
DA:59,0
DA:63,347
DA:67,347
DA:68,1150
DA:69,413
DA:71,1150
DA:73,1703
DA:74,1150
DA:75,1046
DA:91,2
DA:93,1
DA:96,1
DA:98,2
DA:99,2
DA:100,9
DA:105,0
DA:109,0
DA:110,0
DA:112,0
DA:113,0
LF:40
LH:32
BRDA:12,0,0,1
BRDA:19,1,0,347
BRDA:19,1,1,1
BRDA:27,2,0,347
BRDA:27,2,1,0
BRDA:68,3,0,413
BRDA:68,3,1,737
BRDA:74,4,0,1046
BRDA:74,4,1,104
BRDA:89,5,0,1
BRDA:91,6,0,1
BRDA:91,6,1,1
BRDA:93,7,0,1
BRDA:93,7,1,0
BRDA:109,8,0,0
BRDA:109,8,1,0
BRDA:109,9,0,0
BRDA:109,9,1,0
BRDA:113,10,0,0
BRDA:113,10,1,0
BRF:20
BRH:12
end_of_record
TN:
SF:src\views\lib\view.js
FN:17,(anonymous_0)
FN:79,(anonymous_1)
FN:87,(anonymous_2)
FN:91,(anonymous_3)
FN:102,(anonymous_4)
FN:112,(anonymous_5)
FN:120,(anonymous_6)
FN:127,(anonymous_7)
FN:131,(anonymous_8)
FN:139,(anonymous_9)
FN:142,(anonymous_10)
FN:152,(anonymous_11)
FN:162,(anonymous_12)
FN:167,(anonymous_13)
FN:180,(anonymous_14)
FN:184,(anonymous_15)
FN:193,(anonymous_16)
FN:204,(anonymous_17)
FN:214,(anonymous_18)
FN:222,(anonymous_19)
FN:247,(anonymous_20)
FN:256,(anonymous_21)
FN:262,(anonymous_22)
FN:272,(anonymous_23)
FN:285,(anonymous_24)
FN:295,(anonymous_25)
FN:310,(anonymous_26)
FN:319,(anonymous_27)
FN:329,(anonymous_28)
FN:333,(anonymous_29)
FN:342,(anonymous_30)
FN:343,(anonymous_31)
FN:346,(anonymous_32)
FN:359,(anonymous_33)
FN:373,(anonymous_34)
FN:386,(anonymous_35)
FNF:36
FNH:22
FNDA:1261,(anonymous_0)
FNDA:0,(anonymous_1)
FNDA:0,(anonymous_2)
FNDA:0,(anonymous_3)
FNDA:1,(anonymous_4)
FNDA:33215,(anonymous_5)
FNDA:578,(anonymous_6)
FNDA:9990,(anonymous_7)
FNDA:2316,(anonymous_8)
FNDA:0,(anonymous_9)
FNDA:1612,(anonymous_10)
FNDA:0,(anonymous_11)
FNDA:0,(anonymous_12)
FNDA:1703,(anonymous_13)
FNDA:2211,(anonymous_14)
FNDA:5393,(anonymous_15)
FNDA:1,(anonymous_16)
FNDA:159,(anonymous_17)
FNDA:0,(anonymous_18)
FNDA:160,(anonymous_19)
FNDA:146,(anonymous_20)
FNDA:158,(anonymous_21)
FNDA:0,(anonymous_22)
FNDA:0,(anonymous_23)
FNDA:0,(anonymous_24)
FNDA:0,(anonymous_25)
FNDA:0,(anonymous_26)
FNDA:1,(anonymous_27)
FNDA:25,(anonymous_28)
FNDA:51,(anonymous_29)
FNDA:3686,(anonymous_30)
FNDA:12154,(anonymous_31)
FNDA:3686,(anonymous_32)
FNDA:2426,(anonymous_33)
FNDA:0,(anonymous_34)
FNDA:0,(anonymous_35)
DA:18,1261
DA:19,1261
DA:20,1261
DA:22,1261
DA:25,1261
DA:31,1261
DA:39,1261
DA:40,1261
DA:41,1261
DA:44,1261
DA:46,1261
DA:47,806
DA:49,455
DA:52,1261
DA:53,1261
DA:56,1261
DA:62,1261
DA:67,1261
DA:74,1261
DA:76,1261
DA:80,0
DA:88,0
DA:92,0
DA:103,1
DA:113,33215
DA:124,578
DA:128,9990
DA:132,2316
DA:144,1612
DA:153,0
DA:163,0
DA:164,0
DA:168,1703
DA:182,2211
DA:183,2211
DA:184,5393
DA:185,2211
DA:195,1
DA:205,159
DA:215,0
DA:226,160
DA:227,158
DA:228,158
DA:229,158
DA:231,158
DA:232,158
DA:235,158
DA:236,110
DA:238,158
DA:240,160
DA:248,146
DA:257,158
DA:263,0
DA:274,0
DA:276,0
DA:277,0
DA:279,0
DA:282,0
DA:286,0
DA:297,0
DA:299,0
DA:300,0
DA:301,0
DA:304,0
DA:307,0
DA:311,0
DA:320,1
DA:321,1
DA:330,25
DA:333,51
DA:343,12154
DA:348,3686
DA:360,2426
DA:361,646
DA:363,646
DA:365,646
DA:367,646
DA:370,1780
DA:374,0
DA:375,0
DA:377,0
DA:378,0
DA:379,0
DA:380,0
DA:381,0
DA:382,0
DA:383,0
DA:387,0
DA:388,0
DA:390,0
DA:391,0
DA:392,0
DA:394,0
LF:93
LH:57
BRDA:46,0,0,806
BRDA:46,0,1,455
BRDA:113,1,0,33214
BRDA:113,1,1,1
BRDA:153,2,0,0
BRDA:153,2,1,0
BRDA:153,2,2,0
BRDA:153,2,3,0
BRDA:183,3,0,2211
BRDA:183,3,1,2211
BRDA:184,4,0,2211
BRDA:184,4,1,2211
BRDA:184,5,0,5393
BRDA:184,5,1,5393
BRDA:205,6,0,159
BRDA:205,6,1,158
BRDA:215,7,0,0
BRDA:215,7,1,0
BRDA:222,8,0,160
BRDA:226,9,0,158
BRDA:226,9,1,2
BRDA:226,10,0,160
BRDA:226,10,1,159
BRDA:248,11,0,146
BRDA:248,11,1,0
BRDA:257,12,0,158
BRDA:257,12,1,0
BRDA:274,13,0,0
BRDA:274,13,1,0
BRDA:274,14,0,0
BRDA:274,14,1,0
BRDA:276,15,0,0
BRDA:276,15,1,0
BRDA:286,16,0,0
BRDA:286,16,1,0
BRDA:297,17,0,0
BRDA:297,17,1,0
BRDA:297,18,0,0
BRDA:297,18,1,0
BRDA:299,19,0,0
BRDA:299,19,1,0
BRDA:300,20,0,0
BRDA:300,20,1,0
BRDA:333,21,0,51
BRDA:333,21,1,0
BRDA:343,22,0,12154
BRDA:343,22,1,12154
BRDA:360,23,0,646
BRDA:360,23,1,1780
BRDA:363,24,0,646
BRDA:363,24,1,0
BRDA:374,25,0,0
BRDA:374,25,1,0
BRDA:374,26,0,0
BRDA:374,26,1,0
BRDA:377,27,0,0
BRDA:377,27,1,0
BRDA:378,28,0,0
BRDA:378,28,1,0
BRDA:391,29,0,0
BRDA:391,29,1,0
BRF:61
BRH:25
end_of_record
TN:
SF:src\views\lib\wide-view.js
FN:10,(anonymous_0)
FN:21,(anonymous_1)
FN:31,(anonymous_2)
FN:40,(anonymous_3)
FNF:4
FNH:3
FNDA:1261,(anonymous_0)
FNDA:0,(anonymous_1)
FNDA:802,(anonymous_2)
FNDA:158,(anonymous_3)
DA:11,1261
DA:14,1261
DA:22,0
DA:23,0
DA:24,0
DA:25,0
DA:28,0
DA:32,802
DA:41,158
DA:42,158
DA:43,158
DA:44,150
DA:45,150
DA:46,150
DA:47,308
DA:49,150
DA:52,158
DA:53,1618
DA:54,1618
DA:55,1618
DA:56,802
DA:58,1618
DA:59,2384
DA:62,1618
DA:63,3894
DA:65,1618
LF:26
LH:21
BRDA:24,0,0,0
BRDA:24,0,1,0
BRDA:55,1,0,802
BRDA:55,1,1,816
BRF:4
BRH:2
end_of_record
TN:
SF:src\views\styles\styles.js
FNF:0
FNH:0
DA:1,2
DA:10,2
LF:2
LH:2
BRF:0
BRH:0
end_of_record
