TN:
SF:src\index.js
FNF:0
FNH:0
LF:0
LH:0
BRF:0
BRH:0
end_of_record
TN:
SF:src\l10n.js
FN:7,(anonymous_0)
FN:22,(anonymous_1)
FN:45,(anonymous_2)
FN:64,(anonymous_3)
FN:73,(anonymous_4)
FN:83,(anonymous_5)
FN:95,(anonymous_6)
FNF:7
FNH:6
FNDA:7,(anonymous_0)
FNDA:6,(anonymous_1)
FNDA:7,(anonymous_2)
FNDA:1,(anonymous_3)
FNDA:1,(anonymous_4)
FNDA:0,(anonymous_5)
FNDA:8,(anonymous_6)
DA:8,7
DA:9,7
DA:10,7
DA:24,6
DA:25,1
DA:26,1
DA:28,5
DA:29,5
DA:30,5
DA:32,0
DA:35,6
DA:46,7
DA:47,7
DA:48,0
DA:50,7
DA:51,7
DA:53,6
DA:56,7
DA:65,1
DA:74,1
DA:84,0
DA:96,8
DA:97,7
DA:99,8
LF:24
LH:21
BRDA:24,0,0,1
BRDA:24,0,1,5
BRDA:30,1,0,0
BRDA:30,1,1,5
BRDA:47,2,0,0
BRDA:47,2,1,7
BRDA:51,3,0,6
BRDA:51,3,1,1
BRDA:84,4,0,0
BRDA:84,4,1,0
BRDA:96,5,0,7
BRDA:96,5,1,1
BRF:12
BRH:8
end_of_record
TN:
SF:src\message-bundle.js
FN:15,(anonymous_0)
FN:15,(anonymous_1)
FN:46,(anonymous_2)
FN:57,(anonymous_3)
FN:69,(anonymous_4)
FN:81,(anonymous_5)
FN:91,(anonymous_6)
FN:111,(anonymous_7)
FN:133,(anonymous_8)
FN:148,(anonymous_9)
FN:163,(anonymous_10)
FN:172,(anonymous_11)
FNF:12
FNH:8
FNDA:13,(anonymous_0)
FNDA:1,(anonymous_1)
FNDA:0,(anonymous_2)
FNDA:1,(anonymous_3)
FNDA:12,(anonymous_4)
FNDA:0,(anonymous_5)
FNDA:6,(anonymous_6)
FNDA:4,(anonymous_7)
FNDA:0,(anonymous_8)
FNDA:2,(anonymous_9)
FNDA:0,(anonymous_10)
FNDA:20,(anonymous_11)
DA:15,1
DA:16,13
DA:17,1
DA:19,12
DA:20,1
DA:23,11
DA:31,11
DA:33,11
DA:35,11
DA:36,11
DA:47,0
DA:48,0
DA:58,1
DA:59,1
DA:70,12
DA:71,4
DA:72,4
DA:82,0
DA:92,6
DA:112,4
DA:115,4
DA:116,4
DA:117,3
DA:120,1
DA:134,0
DA:135,0
DA:149,2
DA:150,1
DA:153,1
DA:164,0
DA:173,20
LF:31
LH:25
BRDA:15,0,0,13
BRDA:16,1,0,1
BRDA:16,1,1,12
BRDA:19,2,0,1
BRDA:19,2,1,11
BRDA:35,3,0,0
BRDA:35,3,1,11
BRDA:58,4,0,1
BRDA:58,4,1,0
BRDA:111,5,0,4
BRDA:111,6,0,4
BRDA:116,7,0,3
BRDA:116,7,1,1
BRDA:120,8,0,0
BRDA:120,8,1,1
BRDA:133,9,0,0
BRDA:148,10,0,2
BRDA:149,11,0,1
BRDA:149,11,1,1
BRDA:164,12,0,0
BRDA:164,12,1,0
BRF:21
BRH:15
end_of_record
TN:
SF:src\message.js
FN:16,(anonymous_0)
FN:41,(anonymous_1)
FN:56,(anonymous_2)
FN:73,(anonymous_3)
FNF:4
FNH:4
FNDA:11,(anonymous_0)
FNDA:14,(anonymous_1)
FNDA:5,(anonymous_2)
FNDA:4,(anonymous_3)
DA:17,11
DA:18,1
DA:20,10
DA:21,1
DA:24,9
DA:25,9
DA:27,9
DA:28,9
DA:29,25
DA:32,9
DA:33,9
DA:42,14
DA:57,5
DA:58,0
DA:60,5
DA:74,4
LF:16
LH:15
BRDA:17,0,0,1
BRDA:17,0,1,10
BRDA:20,1,0,1
BRDA:20,1,1,9
BRDA:33,2,0,9
BRDA:33,2,1,5
BRDA:57,3,0,0
BRDA:57,3,1,5
BRDA:57,4,0,5
BRDA:57,4,1,1
BRDA:60,5,0,4
BRDA:60,5,1,1
BRDA:74,6,0,3
BRDA:74,6,1,1
BRF:14
BRH:13
end_of_record
