<?xml version="1.0" encoding="UTF-8"?>
<coverage generated="1755676441598" clover="3.2.0">
  <project timestamp="1755676441599" name="All files">
    <metrics statements="161" coveredstatements="87" conditionals="95" coveredconditionals="50" methods="34" coveredmethods="24" elements="290" coveredelements="161" complexity="0" loc="161" ncloc="161" packages="5" files="9" classes="9"/>
    <package name="src">
      <metrics statements="0" coveredstatements="0" conditionals="0" coveredconditionals="0" methods="0" coveredmethods="0"/>
      <file name="index.js" path="F:\_Alpheios\____service_workes\_workspaces-core\v1\packages\messaging\src\index.js">
        <metrics statements="0" coveredstatements="0" conditionals="0" coveredconditionals="0" methods="0" coveredmethods="0"/>
      </file>
    </package>
    <package name="src.configurations">
      <metrics statements="2" coveredstatements="0" conditionals="0" coveredconditionals="0" methods="0" coveredmethods="0"/>
      <file name="destinations.js" path="F:\_Alpheios\____service_workes\_workspaces-core\v1\packages\messaging\src\configurations\destinations.js">
        <metrics statements="2" coveredstatements="0" conditionals="0" coveredconditionals="0" methods="0" coveredmethods="0"/>
        <line num="6" count="0" type="stmt"/>
        <line num="16" count="0" type="stmt"/>
      </file>
    </package>
    <package name="src.core">
      <metrics statements="57" coveredstatements="28" conditionals="30" coveredconditionals="13" methods="14" coveredmethods="10"/>
      <file name="messaging-service.js" path="F:\_Alpheios\____service_workes\_workspaces-core\v1\packages\messaging\src\core\messaging-service.js">
        <metrics statements="52" coveredstatements="23" conditionals="30" coveredconditionals="13" methods="12" coveredmethods="8"/>
        <line num="13" count="1" type="stmt"/>
        <line num="26" count="17" type="cond" truecount="2" falsecount="0"/>
        <line num="27" count="15" type="stmt"/>
        <line num="34" count="15" type="stmt"/>
        <line num="42" count="15" type="stmt"/>
        <line num="45" count="15" type="cond" truecount="2" falsecount="0"/>
        <line num="46" count="15" type="stmt"/>
        <line num="56" count="3" type="stmt"/>
        <line num="67" count="2" type="stmt"/>
        <line num="79" count="5" type="stmt"/>
        <line num="80" count="4" type="stmt"/>
        <line num="81" count="4" type="stmt"/>
        <line num="92" count="4" type="stmt"/>
        <line num="101" count="11" type="cond" truecount="2" falsecount="0"/>
        <line num="102" count="1" type="stmt"/>
        <line num="104" count="10" type="stmt"/>
        <line num="105" count="10" type="cond" truecount="2" falsecount="0"/>
        <line num="114" count="3" type="cond" truecount="2" falsecount="0"/>
        <line num="115" count="1" type="stmt"/>
        <line num="118" count="2" type="stmt"/>
        <line num="119" count="2" type="stmt"/>
        <line num="121" count="2" type="cond" truecount="1" falsecount="1"/>
        <line num="130" count="0" type="cond" truecount="0" falsecount="2"/>
        <line num="132" count="0" type="stmt"/>
        <line num="134" count="0" type="cond" truecount="0" falsecount="2"/>
        <line num="135" count="0" type="stmt"/>
        <line num="136" count="0" type="stmt"/>
        <line num="139" count="0" type="cond" truecount="0" falsecount="2"/>
        <line num="144" count="0" type="stmt"/>
        <line num="146" count="0" type="stmt"/>
        <line num="147" count="0" type="stmt"/>
        <line num="148" count="0" type="stmt"/>
        <line num="150" count="0" type="cond" truecount="0" falsecount="2"/>
        <line num="152" count="0" type="stmt"/>
        <line num="155" count="0" type="stmt"/>
        <line num="157" count="0" type="stmt"/>
        <line num="169" count="0" type="cond" truecount="0" falsecount="2"/>
        <line num="170" count="0" type="stmt"/>
        <line num="171" count="0" type="stmt"/>
        <line num="172" count="0" type="stmt"/>
        <line num="173" count="0" type="stmt"/>
        <line num="174" count="0" type="stmt"/>
        <line num="176" count="0" type="stmt"/>
        <line num="189" count="0" type="cond" truecount="0" falsecount="2"/>
        <line num="190" count="0" type="stmt"/>
        <line num="193" count="0" type="cond" truecount="0" falsecount="2"/>
        <line num="194" count="0" type="stmt"/>
        <line num="197" count="0" type="stmt"/>
        <line num="198" count="0" type="stmt"/>
        <line num="200" count="0" type="stmt"/>
        <line num="203" count="0" type="stmt"/>
        <line num="207" count="1" type="stmt"/>
      </file>
      <file name="stored-request.js" path="F:\_Alpheios\____service_workes\_workspaces-core\v1\packages\messaging\src\core\stored-request.js">
        <metrics statements="5" coveredstatements="5" conditionals="0" coveredconditionals="0" methods="2" coveredmethods="2"/>
        <line num="13" count="1" type="stmt"/>
        <line num="20" count="1" type="stmt"/>
        <line num="23" count="1" type="stmt"/>
        <line num="27" count="1" type="stmt"/>
        <line num="28" count="1" type="stmt"/>
      </file>
    </package>
    <package name="src.destinations">
      <metrics statements="75" coveredstatements="32" conditionals="45" coveredconditionals="18" methods="13" coveredmethods="7"/>
      <file name="destination.js" path="F:\_Alpheios\____service_workes\_workspaces-core\v1\packages\messaging\src\destinations\destination.js">
        <metrics statements="10" coveredstatements="10" conditionals="4" coveredconditionals="4" methods="4" coveredmethods="4"/>
        <line num="18" count="26" type="cond" truecount="2" falsecount="0"/>
        <line num="19" count="2" type="stmt"/>
        <line num="28" count="24" type="stmt"/>
        <line num="36" count="24" type="stmt"/>
        <line num="44" count="24" type="stmt"/>
        <line num="53" count="26" type="stmt"/>
        <line num="62" count="11" type="stmt"/>
        <line num="70" count="1" type="stmt"/>
        <line num="77" count="3" type="stmt"/>
        <line num="89" count="3" type="stmt"/>
      </file>
      <file name="window-iframe-destination.js" path="F:\_Alpheios\____service_workes\_workspaces-core\v1\packages\messaging\src\destinations\window-iframe-destination.js">
        <metrics statements="65" coveredstatements="22" conditionals="41" coveredconditionals="14" methods="9" coveredmethods="3"/>
        <line num="21" count="11" type="stmt"/>
        <line num="28" count="10" type="stmt"/>
        <line num="36" count="10" type="stmt"/>
        <line num="39" count="10" type="stmt"/>
        <line num="40" count="10" type="stmt"/>
        <line num="42" count="10" type="cond" truecount="2" falsecount="0"/>
        <line num="43" count="6" type="cond" truecount="2" falsecount="0"/>
        <line num="44" count="1" type="stmt"/>
        <line num="47" count="5" type="cond" truecount="2" falsecount="0"/>
        <line num="48" count="1" type="stmt"/>
        <line num="51" count="4" type="stmt"/>
        <line num="52" count="4" type="stmt"/>
        <line num="55" count="8" type="cond" truecount="2" falsecount="0"/>
        <line num="57" count="4" type="cond" truecount="2" falsecount="0"/>
        <line num="58" count="3" type="stmt"/>
        <line num="60" count="1" type="stmt"/>
        <line num="61" count="1" type="stmt"/>
        <line num="71" count="1" type="stmt"/>
        <line num="72" count="1" type="stmt"/>
        <line num="73" count="1" type="stmt"/>
        <line num="82" count="0" type="stmt"/>
        <line num="83" count="0" type="cond" truecount="0" falsecount="2"/>
        <line num="84" count="0" type="stmt"/>
        <line num="86" count="0" type="stmt"/>
        <line num="96" count="0" type="stmt"/>
        <line num="97" count="0" type="stmt"/>
        <line num="98" count="0" type="stmt"/>
        <line num="100" count="0" type="cond" truecount="0" falsecount="2"/>
        <line num="104" count="0" type="stmt"/>
        <line num="108" count="0" type="cond" truecount="0" falsecount="2"/>
        <line num="110" count="0" type="stmt"/>
        <line num="112" count="0" type="stmt"/>
        <line num="113" count="0" type="stmt"/>
        <line num="115" count="0" type="cond" truecount="0" falsecount="4"/>
        <line num="122" count="0" type="stmt"/>
        <line num="124" count="0" type="stmt"/>
        <line num="126" count="0" type="stmt"/>
        <line num="129" count="0" type="stmt"/>
        <line num="140" count="0" type="stmt"/>
        <line num="141" count="0" type="stmt"/>
        <line num="143" count="0" type="cond" truecount="0" falsecount="4"/>
        <line num="150" count="0" type="stmt"/>
        <line num="152" count="0" type="stmt"/>
        <line num="154" count="0" type="stmt"/>
        <line num="157" count="0" type="stmt"/>
        <line num="172" count="0" type="cond" truecount="0" falsecount="2"/>
        <line num="175" count="0" type="stmt"/>
        <line num="176" count="0" type="stmt"/>
        <line num="177" count="0" type="stmt"/>
        <line num="188" count="0" type="cond" truecount="0" falsecount="2"/>
        <line num="191" count="0" type="stmt"/>
        <line num="192" count="0" type="cond" truecount="0" falsecount="2"/>
        <line num="193" count="0" type="stmt"/>
        <line num="205" count="4" type="cond" truecount="4" falsecount="0"/>
        <line num="214" count="0" type="cond" truecount="0" falsecount="2"/>
        <line num="215" count="0" type="stmt"/>
        <line num="216" count="0" type="stmt"/>
        <line num="218" count="0" type="cond" truecount="0" falsecount="2"/>
        <line num="219" count="0" type="stmt"/>
        <line num="220" count="0" type="stmt"/>
        <line num="235" count="0" type="cond" truecount="0" falsecount="2"/>
        <line num="241" count="0" type="stmt"/>
        <line num="246" count="0" type="stmt"/>
        <line num="248" count="0" type="stmt"/>
        <line num="252" count="1" type="stmt"/>
      </file>
    </package>
    <package name="src.messages">
      <metrics statements="27" coveredstatements="27" conditionals="20" coveredconditionals="19" methods="7" coveredmethods="7"/>
      <file name="message.js" path="F:\_Alpheios\____service_workes\_workspaces-core\v1\packages\messaging\src\messages\message.js">
        <metrics statements="7" coveredstatements="7" conditionals="1" coveredconditionals="1" methods="2" coveredmethods="2"/>
        <line num="17" count="67" type="stmt"/>
        <line num="24" count="67" type="stmt"/>
        <line num="31" count="67" type="stmt"/>
        <line num="38" count="67" type="stmt"/>
        <line num="42" count="3" type="stmt"/>
        <line num="49" count="5" type="stmt"/>
        <line num="60" count="5" type="stmt"/>
      </file>
      <file name="request-message.js" path="F:\_Alpheios\____service_workes\_workspaces-core\v1\packages\messaging\src\messages\request-message.js">
        <metrics statements="3" coveredstatements="3" conditionals="1" coveredconditionals="1" methods="1" coveredmethods="1"/>
        <line num="12" count="19" type="stmt"/>
        <line num="13" count="19" type="stmt"/>
        <line num="20" count="19" type="stmt"/>
      </file>
      <file name="response-message.js" path="F:\_Alpheios\____service_workes\_workspaces-core\v1\packages\messaging\src\messages\response-message.js">
        <metrics statements="17" coveredstatements="17" conditionals="18" coveredconditionals="17" methods="4" coveredmethods="4"/>
        <line num="17" count="40" type="stmt"/>
        <line num="18" count="40" type="cond" truecount="2" falsecount="0"/>
        <line num="19" count="37" type="cond" truecount="2" falsecount="0"/>
        <line num="20" count="34" type="stmt"/>
        <line num="21" count="34" type="cond" truecount="1" falsecount="1"/>
        <line num="22" count="34" type="stmt"/>
        <line num="23" count="34" type="stmt"/>
        <line num="30" count="34" type="stmt"/>
        <line num="32" count="34" type="cond" truecount="2" falsecount="0"/>
        <line num="34" count="11" type="cond" truecount="2" falsecount="0"/>
        <line num="35" count="1" type="stmt"/>
        <line num="37" count="10" type="stmt"/>
        <line num="50" count="13" type="stmt"/>
        <line num="63" count="13" type="stmt"/>
        <line num="73" count="3" type="cond" truecount="4" falsecount="0"/>
        <line num="83" count="2" type="stmt"/>
        <line num="98" count="2" type="stmt"/>
      </file>
    </package>
  </project>
</coverage>
