{"F:\\_Alpheios\\____service_workes\\_workspaces-core\\v1\\packages\\messaging\\src\\index.js": {"path":"F:\\_Alpheios\\____service_workes\\_workspaces-core\\v1\\packages\\messaging\\src\\index.js","statementMap":{},"fnMap":{},"branchMap":{},"s":{},"f":{},"b":{}}
,"F:\\_Alpheios\\____service_workes\\_workspaces-core\\v1\\packages\\messaging\\src\\configurations\\destinations.js": {"path":"F:\\_Alpheios\\____service_workes\\_workspaces-core\\v1\\packages\\messaging\\src\\configurations\\destinations.js","statementMap":{"0":{"start":{"line":6,"column":39},"end":{"line":10,"column":1}},"1":{"start":{"line":16,"column":42},"end":{"line":20,"column":1}}},"fnMap":{},"branchMap":{},"s":{"0":0,"1":0},"f":{},"b":{}}
,"F:\\_Alpheios\\____service_workes\\_workspaces-core\\v1\\packages\\messaging\\src\\core\\messaging-service.js": {"path":"F:\\_Alpheios\\____service_workes\\_workspaces-core\\v1\\packages\\messaging\\src\\core\\messaging-service.js","statementMap":{"0":{"start":{"line":13,"column":15},"end":{"line":13,"column":24}},"1":{"start":{"line":26,"column":4},"end":{"line":26,"column":64}},"2":{"start":{"line":26,"column":15},"end":{"line":26,"column":64}},"3":{"start":{"line":27,"column":4},"end":{"line":27,"column":20}},"4":{"start":{"line":34,"column":4},"end":{"line":34,"column":30}},"5":{"start":{"line":42,"column":4},"end":{"line":42,"column":34}},"6":{"start":{"line":45,"column":4},"end":{"line":45,"column":71}},"7":{"start":{"line":45,"column":40},"end":{"line":45,"column":69}},"8":{"start":{"line":46,"column":4},"end":{"line":46,"column":78}},"9":{"start":{"line":46,"column":40},"end":{"line":46,"column":77}},"10":{"start":{"line":56,"column":4},"end":{"line":56,"column":29}},"11":{"start":{"line":67,"column":4},"end":{"line":67,"column":29}},"12":{"start":{"line":79,"column":20},"end":{"line":79,"column":60}},"13":{"start":{"line":80,"column":4},"end":{"line":80,"column":31}},"14":{"start":{"line":81,"column":4},"end":{"line":81,"column":18}},"15":{"start":{"line":92,"column":4},"end":{"line":92,"column":32}},"16":{"start":{"line":101,"column":4},"end":{"line":103,"column":5}},"17":{"start":{"line":102,"column":6},"end":{"line":102,"column":51}},"18":{"start":{"line":104,"column":4},"end":{"line":104,"column":57}},"19":{"start":{"line":105,"column":4},"end":{"line":105,"column":105}},"20":{"start":{"line":105,"column":34},"end":{"line":105,"column":103}},"21":{"start":{"line":114,"column":4},"end":{"line":116,"column":5}},"22":{"start":{"line":115,"column":6},"end":{"line":115,"column":72}},"23":{"start":{"line":118,"column":4},"end":{"line":118,"column":57}},"24":{"start":{"line":119,"column":4},"end":{"line":119,"column":57}},"25":{"start":{"line":121,"column":4},"end":{"line":121,"column":105}},"26":{"start":{"line":121,"column":34},"end":{"line":121,"column":103}},"27":{"start":{"line":130,"column":4},"end":{"line":133,"column":5}},"28":{"start":{"line":132,"column":6},"end":{"line":132,"column":12}},"29":{"start":{"line":134,"column":4},"end":{"line":137,"column":5}},"30":{"start":{"line":135,"column":6},"end":{"line":135,"column":90}},"31":{"start":{"line":136,"column":6},"end":{"line":136,"column":12}},"32":{"start":{"line":139,"column":4},"end":{"line":145,"column":5}},"33":{"start":{"line":144,"column":6},"end":{"line":144,"column":12}},"34":{"start":{"line":146,"column":24},"end":{"line":146,"column":61}},"35":{"start":{"line":147,"column":4},"end":{"line":147,"column":39}},"36":{"start":{"line":148,"column":25},"end":{"line":148,"column":45}},"37":{"start":{"line":150,"column":4},"end":{"line":156,"column":5}},"38":{"start":{"line":152,"column":6},"end":{"line":152,"column":33}},"39":{"start":{"line":155,"column":6},"end":{"line":155,"column":34}},"40":{"start":{"line":157,"column":4},"end":{"line":157,"column":44}},"41":{"start":{"line":169,"column":4},"end":{"line":169,"column":110}},"42":{"start":{"line":169,"column":40},"end":{"line":169,"column":110}},"43":{"start":{"line":170,"column":24},"end":{"line":170,"column":50}},"44":{"start":{"line":171,"column":4},"end":{"line":171,"column":49}},"45":{"start":{"line":172,"column":4},"end":{"line":175,"column":15}},"46":{"start":{"line":173,"column":6},"end":{"line":173,"column":109}},"47":{"start":{"line":174,"column":6},"end":{"line":174,"column":38}},"48":{"start":{"line":176,"column":4},"end":{"line":176,"column":32}},"49":{"start":{"line":189,"column":4},"end":{"line":191,"column":5}},"50":{"start":{"line":190,"column":6},"end":{"line":190,"column":57}},"51":{"start":{"line":193,"column":4},"end":{"line":195,"column":5}},"52":{"start":{"line":194,"column":6},"end":{"line":194,"column":56}},"53":{"start":{"line":197,"column":4},"end":{"line":201,"column":5}},"54":{"start":{"line":198,"column":6},"end":{"line":198,"column":59}},"55":{"start":{"line":200,"column":6},"end":{"line":200,"column":70}},"56":{"start":{"line":203,"column":4},"end":{"line":203,"column":49}},"57":{"start":{"line":207,"column":0},"end":{"line":209,"column":1}}},"fnMap":{"0":{"name":"(anonymous_0)","decl":{"start":{"line":25,"column":2},"end":{"line":25,"column":3}},"loc":{"start":{"line":25,"column":40},"end":{"line":47,"column":3}},"line":25},"1":{"name":"(anonymous_1)","decl":{"start":{"line":46,"column":25},"end":{"line":46,"column":26}},"loc":{"start":{"line":46,"column":40},"end":{"line":46,"column":77}},"line":46},"2":{"name":"(anonymous_2)","decl":{"start":{"line":55,"column":2},"end":{"line":55,"column":3}},"loc":{"start":{"line":55,"column":27},"end":{"line":57,"column":3}},"line":55},"3":{"name":"(anonymous_3)","decl":{"start":{"line":66,"column":2},"end":{"line":66,"column":3}},"loc":{"start":{"line":66,"column":27},"end":{"line":68,"column":3}},"line":66},"4":{"name":"(anonymous_4)","decl":{"start":{"line":78,"column":2},"end":{"line":78,"column":3}},"loc":{"start":{"line":78,"column":49},"end":{"line":82,"column":3}},"line":78},"5":{"name":"(anonymous_5)","decl":{"start":{"line":91,"column":2},"end":{"line":91,"column":3}},"loc":{"start":{"line":91,"column":30},"end":{"line":93,"column":3}},"line":91},"6":{"name":"(anonymous_6)","decl":{"start":{"line":100,"column":2},"end":{"line":100,"column":3}},"loc":{"start":{"line":100,"column":36},"end":{"line":106,"column":3}},"line":100},"7":{"name":"(anonymous_7)","decl":{"start":{"line":113,"column":2},"end":{"line":113,"column":3}},"loc":{"start":{"line":113,"column":34},"end":{"line":122,"column":3}},"line":113},"8":{"name":"(anonymous_8)","decl":{"start":{"line":129,"column":2},"end":{"line":129,"column":3}},"loc":{"start":{"line":129,"column":28},"end":{"line":158,"column":3}},"line":129},"9":{"name":"(anonymous_9)","decl":{"start":{"line":168,"column":2},"end":{"line":168,"column":3}},"loc":{"start":{"line":168,"column":45},"end":{"line":177,"column":3}},"line":168},"10":{"name":"(anonymous_10)","decl":{"start":{"line":172,"column":41},"end":{"line":172,"column":42}},"loc":{"start":{"line":172,"column":56},"end":{"line":175,"column":5}},"line":172},"11":{"name":"(anonymous_11)","decl":{"start":{"line":188,"column":2},"end":{"line":188,"column":3}},"loc":{"start":{"line":188,"column":53},"end":{"line":204,"column":3}},"line":188}},"branchMap":{"0":{"loc":{"start":{"line":25,"column":21},"end":{"line":25,"column":38}},"type":"default-arg","locations":[{"start":{"line":25,"column":36},"end":{"line":25,"column":38}}],"line":25},"1":{"loc":{"start":{"line":26,"column":4},"end":{"line":26,"column":64}},"type":"if","locations":[{"start":{"line":26,"column":4},"end":{"line":26,"column":64}},{"start":{},"end":{}}],"line":26},"2":{"loc":{"start":{"line":45,"column":4},"end":{"line":45,"column":71}},"type":"if","locations":[{"start":{"line":45,"column":4},"end":{"line":45,"column":71}},{"start":{},"end":{}}],"line":45},"3":{"loc":{"start":{"line":78,"column":30},"end":{"line":78,"column":47}},"type":"default-arg","locations":[{"start":{"line":78,"column":45},"end":{"line":78,"column":47}}],"line":78},"4":{"loc":{"start":{"line":101,"column":4},"end":{"line":103,"column":5}},"type":"if","locations":[{"start":{"line":101,"column":4},"end":{"line":103,"column":5}},{"start":{},"end":{}}],"line":101},"5":{"loc":{"start":{"line":105,"column":4},"end":{"line":105,"column":105}},"type":"if","locations":[{"start":{"line":105,"column":4},"end":{"line":105,"column":105}},{"start":{},"end":{}}],"line":105},"6":{"loc":{"start":{"line":114,"column":4},"end":{"line":116,"column":5}},"type":"if","locations":[{"start":{"line":114,"column":4},"end":{"line":116,"column":5}},{"start":{},"end":{}}],"line":114},"7":{"loc":{"start":{"line":121,"column":4},"end":{"line":121,"column":105}},"type":"if","locations":[{"start":{"line":121,"column":4},"end":{"line":121,"column":105}},{"start":{},"end":{}}],"line":121},"8":{"loc":{"start":{"line":130,"column":4},"end":{"line":133,"column":5}},"type":"if","locations":[{"start":{"line":130,"column":4},"end":{"line":133,"column":5}},{"start":{},"end":{}}],"line":130},"9":{"loc":{"start":{"line":134,"column":4},"end":{"line":137,"column":5}},"type":"if","locations":[{"start":{"line":134,"column":4},"end":{"line":137,"column":5}},{"start":{},"end":{}}],"line":134},"10":{"loc":{"start":{"line":139,"column":4},"end":{"line":145,"column":5}},"type":"if","locations":[{"start":{"line":139,"column":4},"end":{"line":145,"column":5}},{"start":{},"end":{}}],"line":139},"11":{"loc":{"start":{"line":150,"column":4},"end":{"line":156,"column":5}},"type":"if","locations":[{"start":{"line":150,"column":4},"end":{"line":156,"column":5}},{"start":{"line":153,"column":11},"end":{"line":156,"column":5}}],"line":150},"12":{"loc":{"start":{"line":168,"column":28},"end":{"line":168,"column":43}},"type":"default-arg","locations":[{"start":{"line":168,"column":38},"end":{"line":168,"column":43}}],"line":168},"13":{"loc":{"start":{"line":169,"column":4},"end":{"line":169,"column":110}},"type":"if","locations":[{"start":{"line":169,"column":4},"end":{"line":169,"column":110}},{"start":{},"end":{}}],"line":169},"14":{"loc":{"start":{"line":188,"column":36},"end":{"line":188,"column":51}},"type":"default-arg","locations":[{"start":{"line":188,"column":46},"end":{"line":188,"column":51}}],"line":188},"15":{"loc":{"start":{"line":189,"column":4},"end":{"line":191,"column":5}},"type":"if","locations":[{"start":{"line":189,"column":4},"end":{"line":191,"column":5}},{"start":{},"end":{}}],"line":189},"16":{"loc":{"start":{"line":193,"column":4},"end":{"line":195,"column":5}},"type":"if","locations":[{"start":{"line":193,"column":4},"end":{"line":195,"column":5}},{"start":{},"end":{}}],"line":193}},"s":{"0":1,"1":17,"2":2,"3":15,"4":15,"5":15,"6":15,"7":1,"8":15,"9":3,"10":3,"11":2,"12":5,"13":4,"14":4,"15":4,"16":11,"17":1,"18":10,"19":10,"20":8,"21":3,"22":1,"23":2,"24":2,"25":2,"26":2,"27":0,"28":0,"29":0,"30":0,"31":0,"32":0,"33":0,"34":0,"35":0,"36":0,"37":0,"38":0,"39":0,"40":0,"41":0,"42":0,"43":0,"44":0,"45":0,"46":0,"47":0,"48":0,"49":0,"50":0,"51":0,"52":0,"53":0,"54":0,"55":0,"56":0,"57":1},"f":{"0":17,"1":3,"2":3,"3":2,"4":5,"5":4,"6":11,"7":3,"8":0,"9":0,"10":0,"11":0},"b":{"0":[10],"1":[2,15],"2":[1,14],"3":[5],"4":[1,10],"5":[8,2],"6":[1,2],"7":[2,0],"8":[0,0],"9":[0,0],"10":[0,0],"11":[0,0],"12":[0],"13":[0,0],"14":[0],"15":[0,0],"16":[0,0]},"_coverageSchema":"1a1c01bbd47fc00a2c39e90264f33305004495a9","hash":"82704f23490b81ea394931299c15b428285d81e1"}
,"F:\\_Alpheios\\____service_workes\\_workspaces-core\\v1\\packages\\messaging\\src\\core\\stored-request.js": {"path":"F:\\_Alpheios\\____service_workes\\_workspaces-core\\v1\\packages\\messaging\\src\\core\\stored-request.js","statementMap":{"0":{"start":{"line":13,"column":4},"end":{"line":13,"column":23}},"1":{"start":{"line":20,"column":4},"end":{"line":20,"column":22}},"2":{"start":{"line":23,"column":4},"end":{"line":23,"column":56}},"3":{"start":{"line":27,"column":4},"end":{"line":27,"column":26}},"4":{"start":{"line":28,"column":4},"end":{"line":28,"column":24}}},"fnMap":{"0":{"name":"(anonymous_0)","decl":{"start":{"line":7,"column":2},"end":{"line":7,"column":3}},"loc":{"start":{"line":7,"column":17},"end":{"line":24,"column":3}},"line":7},"1":{"name":"(anonymous_1)","decl":{"start":{"line":26,"column":2},"end":{"line":26,"column":3}},"loc":{"start":{"line":26,"column":29},"end":{"line":29,"column":3}},"line":26}},"branchMap":{},"s":{"0":1,"1":1,"2":1,"3":1,"4":1},"f":{"0":1,"1":1},"b":{},"_coverageSchema":"1a1c01bbd47fc00a2c39e90264f33305004495a9","hash":"98758316ed843591c80dbea2a11fc0fd149636e8"}
,"F:\\_Alpheios\\____service_workes\\_workspaces-core\\v1\\packages\\messaging\\src\\destinations\\destination.js": {"path":"F:\\_Alpheios\\____service_workes\\_workspaces-core\\v1\\packages\\messaging\\src\\destinations\\destination.js","statementMap":{"0":{"start":{"line":18,"column":4},"end":{"line":20,"column":5}},"1":{"start":{"line":19,"column":6},"end":{"line":19,"column":57}},"2":{"start":{"line":28,"column":4},"end":{"line":28,"column":20}},"3":{"start":{"line":36,"column":4},"end":{"line":36,"column":30}},"4":{"start":{"line":44,"column":4},"end":{"line":44,"column":33}},"5":{"start":{"line":53,"column":4},"end":{"line":53,"column":62}},"6":{"start":{"line":62,"column":4},"end":{"line":62,"column":65}},"7":{"start":{"line":70,"column":4},"end":{"line":70,"column":63}},"8":{"start":{"line":77,"column":0},"end":{"line":87,"column":1}},"9":{"start":{"line":89,"column":0},"end":{"line":92,"column":1}}},"fnMap":{"0":{"name":"(anonymous_0)","decl":{"start":{"line":17,"column":2},"end":{"line":17,"column":3}},"loc":{"start":{"line":17,"column":72},"end":{"line":45,"column":3}},"line":17},"1":{"name":"(anonymous_1)","decl":{"start":{"line":52,"column":2},"end":{"line":52,"column":3}},"loc":{"start":{"line":52,"column":20},"end":{"line":54,"column":3}},"line":52},"2":{"name":"(anonymous_2)","decl":{"start":{"line":61,"column":2},"end":{"line":61,"column":3}},"loc":{"start":{"line":61,"column":23},"end":{"line":63,"column":3}},"line":61},"3":{"name":"(anonymous_3)","decl":{"start":{"line":69,"column":2},"end":{"line":69,"column":3}},"loc":{"start":{"line":69,"column":16},"end":{"line":71,"column":3}},"line":69}},"branchMap":{"0":{"loc":{"start":{"line":17,"column":15},"end":{"line":17,"column":70}},"type":"default-arg","locations":[{"start":{"line":17,"column":68},"end":{"line":17,"column":70}}],"line":17},"1":{"loc":{"start":{"line":17,"column":23},"end":{"line":17,"column":63}},"type":"default-arg","locations":[{"start":{"line":17,"column":35},"end":{"line":17,"column":63}}],"line":17},"2":{"loc":{"start":{"line":18,"column":4},"end":{"line":20,"column":5}},"type":"if","locations":[{"start":{"line":18,"column":4},"end":{"line":20,"column":5}},{"start":{},"end":{}}],"line":18}},"s":{"0":26,"1":2,"2":24,"3":24,"4":24,"5":26,"6":11,"7":1,"8":3,"9":3},"f":{"0":26,"1":26,"2":11,"3":1},"b":{"0":[1],"1":[12],"2":[2,24]},"_coverageSchema":"1a1c01bbd47fc00a2c39e90264f33305004495a9","hash":"d399075b80ba787729890947512ebfc215f4d6c7"}
,"F:\\_Alpheios\\____service_workes\\_workspaces-core\\v1\\packages\\messaging\\src\\destinations\\window-iframe-destination.js": {"path":"F:\\_Alpheios\\____service_workes\\_workspaces-core\\v1\\packages\\messaging\\src\\destinations\\window-iframe-destination.js","statementMap":{"0":{"start":{"line":21,"column":4},"end":{"line":21,"column":30}},"1":{"start":{"line":28,"column":4},"end":{"line":28,"column":26}},"2":{"start":{"line":36,"column":4},"end":{"line":36,"column":31}},"3":{"start":{"line":39,"column":4},"end":{"line":39,"column":41}},"4":{"start":{"line":40,"column":4},"end":{"line":40,"column":42}},"5":{"start":{"line":42,"column":4},"end":{"line":53,"column":5}},"6":{"start":{"line":43,"column":6},"end":{"line":45,"column":7}},"7":{"start":{"line":44,"column":8},"end":{"line":44,"column":70}},"8":{"start":{"line":47,"column":6},"end":{"line":49,"column":7}},"9":{"start":{"line":48,"column":8},"end":{"line":48,"column":76}},"10":{"start":{"line":51,"column":6},"end":{"line":51,"column":33}},"11":{"start":{"line":52,"column":6},"end":{"line":52,"column":43}},"12":{"start":{"line":55,"column":4},"end":{"line":62,"column":5}},"13":{"start":{"line":57,"column":6},"end":{"line":59,"column":7}},"14":{"start":{"line":58,"column":8},"end":{"line":58,"column":71}},"15":{"start":{"line":60,"column":6},"end":{"line":60,"column":82}},"16":{"start":{"line":61,"column":6},"end":{"line":61,"column":79}},"17":{"start":{"line":71,"column":4},"end":{"line":71,"column":70}},"18":{"start":{"line":72,"column":4},"end":{"line":72,"column":78}},"19":{"start":{"line":73,"column":4},"end":{"line":73,"column":39}},"20":{"start":{"line":82,"column":19},"end":{"line":82,"column":69}},"21":{"start":{"line":83,"column":4},"end":{"line":85,"column":5}},"22":{"start":{"line":84,"column":6},"end":{"line":84,"column":90}},"23":{"start":{"line":86,"column":25},"end":{"line":86,"column":45}},"24":{"start":{"line":96,"column":27},"end":{"line":96,"column":32}},"25":{"start":{"line":97,"column":4},"end":{"line":106,"column":5}},"26":{"start":{"line":98,"column":6},"end":{"line":98,"column":69}},"27":{"start":{"line":100,"column":6},"end":{"line":105,"column":7}},"28":{"start":{"line":104,"column":8},"end":{"line":104,"column":17}},"29":{"start":{"line":108,"column":4},"end":{"line":111,"column":5}},"30":{"start":{"line":110,"column":6},"end":{"line":110,"column":77}},"31":{"start":{"line":112,"column":4},"end":{"line":131,"column":5}},"32":{"start":{"line":113,"column":6},"end":{"line":113,"column":63}},"33":{"start":{"line":115,"column":6},"end":{"line":130,"column":7}},"34":{"start":{"line":122,"column":8},"end":{"line":123,"column":68}},"35":{"start":{"line":124,"column":8},"end":{"line":124,"column":86}},"36":{"start":{"line":126,"column":8},"end":{"line":126,"column":65}},"37":{"start":{"line":129,"column":8},"end":{"line":129,"column":17}},"38":{"start":{"line":140,"column":4},"end":{"line":159,"column":5}},"39":{"start":{"line":141,"column":6},"end":{"line":141,"column":86}},"40":{"start":{"line":143,"column":6},"end":{"line":158,"column":7}},"41":{"start":{"line":150,"column":8},"end":{"line":151,"column":79}},"42":{"start":{"line":152,"column":8},"end":{"line":152,"column":88}},"43":{"start":{"line":154,"column":8},"end":{"line":154,"column":88}},"44":{"start":{"line":157,"column":8},"end":{"line":157,"column":17}},"45":{"start":{"line":172,"column":4},"end":{"line":172,"column":69}},"46":{"start":{"line":172,"column":61},"end":{"line":172,"column":67}},"47":{"start":{"line":175,"column":18},"end":{"line":175,"column":28}},"48":{"start":{"line":176,"column":4},"end":{"line":176,"column":40}},"49":{"start":{"line":177,"column":4},"end":{"line":177,"column":53}},"50":{"start":{"line":188,"column":4},"end":{"line":188,"column":69}},"51":{"start":{"line":188,"column":61},"end":{"line":188,"column":67}},"52":{"start":{"line":191,"column":28},"end":{"line":191,"column":38}},"53":{"start":{"line":192,"column":4},"end":{"line":194,"column":5}},"54":{"start":{"line":193,"column":6},"end":{"line":193,"column":45}},"55":{"start":{"line":205,"column":4},"end":{"line":205,"column":98}},"56":{"start":{"line":214,"column":4},"end":{"line":217,"column":5}},"57":{"start":{"line":215,"column":6},"end":{"line":215,"column":83}},"58":{"start":{"line":216,"column":6},"end":{"line":216,"column":44}},"59":{"start":{"line":218,"column":4},"end":{"line":221,"column":5}},"60":{"start":{"line":219,"column":6},"end":{"line":219,"column":82}},"61":{"start":{"line":220,"column":6},"end":{"line":220,"column":43}},"62":{"start":{"line":235,"column":4},"end":{"line":247,"column":5}},"63":{"start":{"line":241,"column":6},"end":{"line":244,"column":7}},"64":{"start":{"line":246,"column":6},"end":{"line":246,"column":52}},"65":{"start":{"line":248,"column":4},"end":{"line":248,"column":19}},"66":{"start":{"line":252,"column":0},"end":{"line":256,"column":1}}},"fnMap":{"0":{"name":"(anonymous_0)","decl":{"start":{"line":20,"column":2},"end":{"line":20,"column":3}},"loc":{"start":{"line":20,"column":80},"end":{"line":63,"column":3}},"line":20},"1":{"name":"(anonymous_1)","decl":{"start":{"line":70,"column":2},"end":{"line":70,"column":3}},"loc":{"start":{"line":70,"column":40},"end":{"line":74,"column":3}},"line":70},"2":{"name":"(anonymous_2)","decl":{"start":{"line":81,"column":2},"end":{"line":81,"column":3}},"loc":{"start":{"line":81,"column":31},"end":{"line":132,"column":3}},"line":81},"3":{"name":"(anonymous_3)","decl":{"start":{"line":139,"column":2},"end":{"line":139,"column":3}},"loc":{"start":{"line":139,"column":33},"end":{"line":160,"column":3}},"line":139},"4":{"name":"(anonymous_4)","decl":{"start":{"line":170,"column":2},"end":{"line":170,"column":3}},"loc":{"start":{"line":170,"column":38},"end":{"line":178,"column":3}},"line":170},"5":{"name":"(anonymous_5)","decl":{"start":{"line":186,"column":2},"end":{"line":186,"column":3}},"loc":{"start":{"line":186,"column":27},"end":{"line":195,"column":3}},"line":186},"6":{"name":"(anonymous_6)","decl":{"start":{"line":204,"column":2},"end":{"line":204,"column":3}},"loc":{"start":{"line":204,"column":35},"end":{"line":206,"column":3}},"line":204},"7":{"name":"(anonymous_7)","decl":{"start":{"line":212,"column":2},"end":{"line":212,"column":3}},"loc":{"start":{"line":212,"column":16},"end":{"line":222,"column":3}},"line":212},"8":{"name":"(anonymous_8)","decl":{"start":{"line":233,"column":2},"end":{"line":233,"column":3}},"loc":{"start":{"line":233,"column":31},"end":{"line":249,"column":3}},"line":233}},"branchMap":{"0":{"loc":{"start":{"line":20,"column":15},"end":{"line":20,"column":78}},"type":"default-arg","locations":[{"start":{"line":20,"column":76},"end":{"line":20,"column":78}}],"line":20},"1":{"loc":{"start":{"line":42,"column":4},"end":{"line":53,"column":5}},"type":"if","locations":[{"start":{"line":42,"column":4},"end":{"line":53,"column":5}},{"start":{},"end":{}}],"line":42},"2":{"loc":{"start":{"line":43,"column":6},"end":{"line":45,"column":7}},"type":"if","locations":[{"start":{"line":43,"column":6},"end":{"line":45,"column":7}},{"start":{},"end":{}}],"line":43},"3":{"loc":{"start":{"line":47,"column":6},"end":{"line":49,"column":7}},"type":"if","locations":[{"start":{"line":47,"column":6},"end":{"line":49,"column":7}},{"start":{},"end":{}}],"line":47},"4":{"loc":{"start":{"line":55,"column":4},"end":{"line":62,"column":5}},"type":"if","locations":[{"start":{"line":55,"column":4},"end":{"line":62,"column":5}},{"start":{},"end":{}}],"line":55},"5":{"loc":{"start":{"line":57,"column":6},"end":{"line":59,"column":7}},"type":"if","locations":[{"start":{"line":57,"column":6},"end":{"line":59,"column":7}},{"start":{},"end":{}}],"line":57},"6":{"loc":{"start":{"line":83,"column":4},"end":{"line":85,"column":5}},"type":"if","locations":[{"start":{"line":83,"column":4},"end":{"line":85,"column":5}},{"start":{},"end":{}}],"line":83},"7":{"loc":{"start":{"line":100,"column":6},"end":{"line":105,"column":7}},"type":"if","locations":[{"start":{"line":100,"column":6},"end":{"line":105,"column":7}},{"start":{"line":102,"column":13},"end":{"line":105,"column":7}}],"line":100},"8":{"loc":{"start":{"line":108,"column":4},"end":{"line":111,"column":5}},"type":"if","locations":[{"start":{"line":108,"column":4},"end":{"line":111,"column":5}},{"start":{},"end":{}}],"line":108},"9":{"loc":{"start":{"line":115,"column":6},"end":{"line":130,"column":7}},"type":"if","locations":[{"start":{"line":115,"column":6},"end":{"line":130,"column":7}},{"start":{"line":127,"column":13},"end":{"line":130,"column":7}}],"line":115},"10":{"loc":{"start":{"line":115,"column":10},"end":{"line":115,"column":70}},"type":"binary-expr","locations":[{"start":{"line":115,"column":10},"end":{"line":115,"column":37}},{"start":{"line":115,"column":41},"end":{"line":115,"column":70}}],"line":115},"11":{"loc":{"start":{"line":143,"column":6},"end":{"line":158,"column":7}},"type":"if","locations":[{"start":{"line":143,"column":6},"end":{"line":158,"column":7}},{"start":{"line":155,"column":13},"end":{"line":158,"column":7}}],"line":143},"12":{"loc":{"start":{"line":143,"column":10},"end":{"line":143,"column":70}},"type":"binary-expr","locations":[{"start":{"line":143,"column":10},"end":{"line":143,"column":37}},{"start":{"line":143,"column":41},"end":{"line":143,"column":70}}],"line":143},"13":{"loc":{"start":{"line":172,"column":4},"end":{"line":172,"column":69}},"type":"if","locations":[{"start":{"line":172,"column":4},"end":{"line":172,"column":69}},{"start":{},"end":{}}],"line":172},"14":{"loc":{"start":{"line":188,"column":4},"end":{"line":188,"column":69}},"type":"if","locations":[{"start":{"line":188,"column":4},"end":{"line":188,"column":69}},{"start":{},"end":{}}],"line":188},"15":{"loc":{"start":{"line":192,"column":4},"end":{"line":194,"column":5}},"type":"if","locations":[{"start":{"line":192,"column":4},"end":{"line":194,"column":5}},{"start":{},"end":{}}],"line":192},"16":{"loc":{"start":{"line":205,"column":19},"end":{"line":205,"column":97}},"type":"binary-expr","locations":[{"start":{"line":205,"column":19},"end":{"line":205,"column":24}},{"start":{"line":205,"column":28},"end":{"line":205,"column":38}},{"start":{"line":205,"column":42},"end":{"line":205,"column":57}},{"start":{"line":205,"column":61},"end":{"line":205,"column":97}}],"line":205},"17":{"loc":{"start":{"line":214,"column":4},"end":{"line":217,"column":5}},"type":"if","locations":[{"start":{"line":214,"column":4},"end":{"line":217,"column":5}},{"start":{},"end":{}}],"line":214},"18":{"loc":{"start":{"line":218,"column":4},"end":{"line":221,"column":5}},"type":"if","locations":[{"start":{"line":218,"column":4},"end":{"line":221,"column":5}},{"start":{},"end":{}}],"line":218},"19":{"loc":{"start":{"line":235,"column":4},"end":{"line":247,"column":5}},"type":"if","locations":[{"start":{"line":235,"column":4},"end":{"line":247,"column":5}},{"start":{"line":245,"column":11},"end":{"line":247,"column":5}}],"line":235}},"s":{"0":11,"1":10,"2":10,"3":10,"4":10,"5":10,"6":6,"7":1,"8":5,"9":1,"10":4,"11":4,"12":8,"13":4,"14":3,"15":1,"16":1,"17":1,"18":1,"19":1,"20":0,"21":0,"22":0,"23":0,"24":0,"25":0,"26":0,"27":0,"28":0,"29":0,"30":0,"31":0,"32":0,"33":0,"34":0,"35":0,"36":0,"37":0,"38":0,"39":0,"40":0,"41":0,"42":0,"43":0,"44":0,"45":0,"46":0,"47":0,"48":0,"49":0,"50":0,"51":0,"52":0,"53":0,"54":0,"55":4,"56":0,"57":0,"58":0,"59":0,"60":0,"61":0,"62":0,"63":0,"64":0,"65":0,"66":1},"f":{"0":11,"1":1,"2":0,"3":0,"4":0,"5":0,"6":4,"7":0,"8":0},"b":{"0":[0],"1":[6,4],"2":[1,5],"3":[1,4],"4":[4,4],"5":[3,1],"6":[0,0],"7":[0,0],"8":[0,0],"9":[0,0],"10":[0,0],"11":[0,0],"12":[0,0],"13":[0,0],"14":[0,0],"15":[0,0],"16":[4,3,2,1],"17":[0,0],"18":[0,0],"19":[0,0]},"_coverageSchema":"1a1c01bbd47fc00a2c39e90264f33305004495a9","hash":"5fdb3a2e14461436572130e65c2da23097846da3"}
,"F:\\_Alpheios\\____service_workes\\_workspaces-core\\v1\\packages\\messaging\\src\\messages\\message.js": {"path":"F:\\_Alpheios\\____service_workes\\_workspaces-core\\v1\\packages\\messaging\\src\\messages\\message.js","statementMap":{"0":{"start":{"line":17,"column":4},"end":{"line":17,"column":25}},"1":{"start":{"line":24,"column":4},"end":{"line":24,"column":37}},"2":{"start":{"line":31,"column":4},"end":{"line":31,"column":22}},"3":{"start":{"line":38,"column":4},"end":{"line":38,"column":20}},"4":{"start":{"line":42,"column":4},"end":{"line":42,"column":59}},"5":{"start":{"line":49,"column":0},"end":{"line":52,"column":1}},"6":{"start":{"line":60,"column":0},"end":{"line":62,"column":1}}},"fnMap":{"0":{"name":"(anonymous_0)","decl":{"start":{"line":11,"column":2},"end":{"line":11,"column":3}},"loc":{"start":{"line":11,"column":26},"end":{"line":39,"column":3}},"line":11},"1":{"name":"(anonymous_1)","decl":{"start":{"line":41,"column":2},"end":{"line":41,"column":3}},"loc":{"start":{"line":41,"column":33},"end":{"line":43,"column":3}},"line":41}},"branchMap":{"0":{"loc":{"start":{"line":11,"column":15},"end":{"line":11,"column":24}},"type":"default-arg","locations":[{"start":{"line":11,"column":22},"end":{"line":11,"column":24}}],"line":11}},"s":{"0":67,"1":67,"2":67,"3":67,"4":3,"5":5,"6":5},"f":{"0":67,"1":3},"b":{"0":[7]},"_coverageSchema":"1a1c01bbd47fc00a2c39e90264f33305004495a9","hash":"091716e6053ea22f02696390214e049801788333"}
,"F:\\_Alpheios\\____service_workes\\_workspaces-core\\v1\\packages\\messaging\\src\\messages\\request-message.js": {"path":"F:\\_Alpheios\\____service_workes\\_workspaces-core\\v1\\packages\\messaging\\src\\messages\\request-message.js","statementMap":{"0":{"start":{"line":12,"column":4},"end":{"line":12,"column":15}},"1":{"start":{"line":13,"column":4},"end":{"line":13,"column":37}},"2":{"start":{"line":20,"column":4},"end":{"line":20,"column":20}}},"fnMap":{"0":{"name":"(anonymous_0)","decl":{"start":{"line":11,"column":2},"end":{"line":11,"column":3}},"loc":{"start":{"line":11,"column":26},"end":{"line":21,"column":3}},"line":11}},"branchMap":{"0":{"loc":{"start":{"line":11,"column":15},"end":{"line":11,"column":24}},"type":"default-arg","locations":[{"start":{"line":11,"column":22},"end":{"line":11,"column":24}}],"line":11}},"s":{"0":19,"1":19,"2":19},"f":{"0":19},"b":{"0":[18]},"_coverageSchema":"1a1c01bbd47fc00a2c39e90264f33305004495a9","hash":"9df36d82f5532c9358b939fc043aaa3e0d7b68ae"}
,"F:\\_Alpheios\\____service_workes\\_workspaces-core\\v1\\packages\\messaging\\src\\messages\\response-message.js": {"path":"F:\\_Alpheios\\____service_workes\\_workspaces-core\\v1\\packages\\messaging\\src\\messages\\response-message.js","statementMap":{"0":{"start":{"line":17,"column":4},"end":{"line":17,"column":15}},"1":{"start":{"line":18,"column":4},"end":{"line":18,"column":60}},"2":{"start":{"line":18,"column":18},"end":{"line":18,"column":60}},"3":{"start":{"line":19,"column":4},"end":{"line":19,"column":57}},"4":{"start":{"line":19,"column":21},"end":{"line":19,"column":57}},"5":{"start":{"line":20,"column":4},"end":{"line":20,"column":38}},"6":{"start":{"line":21,"column":4},"end":{"line":21,"column":45}},"7":{"start":{"line":22,"column":4},"end":{"line":22,"column":31}},"8":{"start":{"line":23,"column":4},"end":{"line":23,"column":36}},"9":{"start":{"line":30,"column":4},"end":{"line":30,"column":22}},"10":{"start":{"line":32,"column":4},"end":{"line":38,"column":5}},"11":{"start":{"line":34,"column":6},"end":{"line":36,"column":7}},"12":{"start":{"line":35,"column":8},"end":{"line":35,"column":77}},"13":{"start":{"line":37,"column":6},"end":{"line":37,"column":32}},"14":{"start":{"line":50,"column":4},"end":{"line":50,"column":73}},"15":{"start":{"line":63,"column":4},"end":{"line":63,"column":87}},"16":{"start":{"line":73,"column":4},"end":{"line":76,"column":23}},"17":{"start":{"line":83,"column":0},"end":{"line":93,"column":1}},"18":{"start":{"line":98,"column":0},"end":{"line":107,"column":1}}},"fnMap":{"0":{"name":"(anonymous_0)","decl":{"start":{"line":16,"column":2},"end":{"line":16,"column":3}},"loc":{"start":{"line":16,"column":111},"end":{"line":39,"column":3}},"line":16},"1":{"name":"(anonymous_1)","decl":{"start":{"line":49,"column":2},"end":{"line":49,"column":3}},"loc":{"start":{"line":49,"column":38},"end":{"line":51,"column":3}},"line":49},"2":{"name":"(anonymous_2)","decl":{"start":{"line":62,"column":2},"end":{"line":62,"column":3}},"loc":{"start":{"line":62,"column":43},"end":{"line":64,"column":3}},"line":62},"3":{"name":"(anonymous_3)","decl":{"start":{"line":72,"column":2},"end":{"line":72,"column":3}},"loc":{"start":{"line":72,"column":30},"end":{"line":77,"column":3}},"line":72}},"branchMap":{"0":{"loc":{"start":{"line":16,"column":24},"end":{"line":16,"column":33}},"type":"default-arg","locations":[{"start":{"line":16,"column":31},"end":{"line":16,"column":33}}],"line":16},"1":{"loc":{"start":{"line":16,"column":35},"end":{"line":16,"column":89}},"type":"default-arg","locations":[{"start":{"line":16,"column":50},"end":{"line":16,"column":89}}],"line":16},"2":{"loc":{"start":{"line":16,"column":91},"end":{"line":16,"column":109}},"type":"default-arg","locations":[{"start":{"line":16,"column":107},"end":{"line":16,"column":109}}],"line":16},"3":{"loc":{"start":{"line":18,"column":4},"end":{"line":18,"column":60}},"type":"if","locations":[{"start":{"line":18,"column":4},"end":{"line":18,"column":60}},{"start":{},"end":{}}],"line":18},"4":{"loc":{"start":{"line":19,"column":4},"end":{"line":19,"column":57}},"type":"if","locations":[{"start":{"line":19,"column":4},"end":{"line":19,"column":57}},{"start":{},"end":{}}],"line":19},"5":{"loc":{"start":{"line":21,"column":25},"end":{"line":21,"column":45}},"type":"binary-expr","locations":[{"start":{"line":21,"column":25},"end":{"line":21,"column":39}},{"start":{"line":21,"column":43},"end":{"line":21,"column":45}}],"line":21},"6":{"loc":{"start":{"line":32,"column":4},"end":{"line":38,"column":5}},"type":"if","locations":[{"start":{"line":32,"column":4},"end":{"line":38,"column":5}},{"start":{},"end":{}}],"line":32},"7":{"loc":{"start":{"line":34,"column":6},"end":{"line":36,"column":7}},"type":"if","locations":[{"start":{"line":34,"column":6},"end":{"line":36,"column":7}},{"start":{},"end":{}}],"line":34},"8":{"loc":{"start":{"line":49,"column":27},"end":{"line":49,"column":36}},"type":"default-arg","locations":[{"start":{"line":49,"column":34},"end":{"line":49,"column":36}}],"line":49},"9":{"loc":{"start":{"line":73,"column":11},"end":{"line":76,"column":23}},"type":"binary-expr","locations":[{"start":{"line":73,"column":11},"end":{"line":73,"column":23}},{"start":{"line":74,"column":6},"end":{"line":74,"column":45}},{"start":{"line":75,"column":6},"end":{"line":75,"column":27}},{"start":{"line":76,"column":6},"end":{"line":76,"column":23}}],"line":73}},"s":{"0":40,"1":40,"2":3,"3":37,"4":3,"5":34,"6":34,"7":34,"8":34,"9":34,"10":34,"11":11,"12":1,"13":10,"14":13,"15":13,"16":3,"17":2,"18":2},"f":{"0":40,"1":13,"2":13,"3":3},"b":{"0":[13],"1":[14],"2":[27],"3":[3,37],"4":[3,34],"5":[34,0],"6":[11,23],"7":[1,10],"8":[11],"9":[3,2,1,1]},"_coverageSchema":"1a1c01bbd47fc00a2c39e90264f33305004495a9","hash":"d2f51682b66efb495aecc3ebfada4c1d291c77ab"}
}
