TN:
SF:src\index.js
FNF:0
FNH:0
LF:0
LH:0
BRF:0
BRH:0
end_of_record
TN:
SF:src\configurations\destinations.js
FNF:0
FNH:0
DA:6,0
DA:16,0
LF:2
LH:0
BRF:0
BRH:0
end_of_record
TN:
SF:src\core\messaging-service.js
FN:25,(anonymous_0)
FN:46,(anonymous_1)
FN:55,(anonymous_2)
FN:66,(anonymous_3)
FN:78,(anonymous_4)
FN:91,(anonymous_5)
FN:100,(anonymous_6)
FN:113,(anonymous_7)
FN:129,(anonymous_8)
FN:168,(anonymous_9)
FN:172,(anonymous_10)
FN:188,(anonymous_11)
FNF:12
FNH:8
FNDA:17,(anonymous_0)
FNDA:3,(anonymous_1)
FNDA:3,(anonymous_2)
FNDA:2,(anonymous_3)
FNDA:5,(anonymous_4)
FNDA:4,(anonymous_5)
FNDA:11,(anonymous_6)
FNDA:3,(anonymous_7)
FNDA:0,(anonymous_8)
FNDA:0,(anonymous_9)
FNDA:0,(anonymous_10)
FNDA:0,(anonymous_11)
DA:13,1
DA:26,17
DA:27,15
DA:34,15
DA:42,15
DA:45,15
DA:46,15
DA:56,3
DA:67,2
DA:79,5
DA:80,4
DA:81,4
DA:92,4
DA:101,11
DA:102,1
DA:104,10
DA:105,10
DA:114,3
DA:115,1
DA:118,2
DA:119,2
DA:121,2
DA:130,0
DA:132,0
DA:134,0
DA:135,0
DA:136,0
DA:139,0
DA:144,0
DA:146,0
DA:147,0
DA:148,0
DA:150,0
DA:152,0
DA:155,0
DA:157,0
DA:169,0
DA:170,0
DA:171,0
DA:172,0
DA:173,0
DA:174,0
DA:176,0
DA:189,0
DA:190,0
DA:193,0
DA:194,0
DA:197,0
DA:198,0
DA:200,0
DA:203,0
DA:207,1
LF:52
LH:23
BRDA:25,0,0,10
BRDA:26,1,0,2
BRDA:26,1,1,15
BRDA:45,2,0,1
BRDA:45,2,1,14
BRDA:78,3,0,5
BRDA:101,4,0,1
BRDA:101,4,1,10
BRDA:105,5,0,8
BRDA:105,5,1,2
BRDA:114,6,0,1
BRDA:114,6,1,2
BRDA:121,7,0,2
BRDA:121,7,1,0
BRDA:130,8,0,0
BRDA:130,8,1,0
BRDA:134,9,0,0
BRDA:134,9,1,0
BRDA:139,10,0,0
BRDA:139,10,1,0
BRDA:150,11,0,0
BRDA:150,11,1,0
BRDA:168,12,0,0
BRDA:169,13,0,0
BRDA:169,13,1,0
BRDA:188,14,0,0
BRDA:189,15,0,0
BRDA:189,15,1,0
BRDA:193,16,0,0
BRDA:193,16,1,0
BRF:30
BRH:13
end_of_record
TN:
SF:src\core\stored-request.js
FN:7,(anonymous_0)
FN:26,(anonymous_1)
FNF:2
FNH:2
FNDA:1,(anonymous_0)
FNDA:1,(anonymous_1)
DA:13,1
DA:20,1
DA:23,1
DA:27,1
DA:28,1
LF:5
LH:5
BRF:0
BRH:0
end_of_record
TN:
SF:src\destinations\destination.js
FN:17,(anonymous_0)
FN:52,(anonymous_1)
FN:61,(anonymous_2)
FN:69,(anonymous_3)
FNF:4
FNH:4
FNDA:26,(anonymous_0)
FNDA:26,(anonymous_1)
FNDA:11,(anonymous_2)
FNDA:1,(anonymous_3)
DA:18,26
DA:19,2
DA:28,24
DA:36,24
DA:44,24
DA:53,26
DA:62,11
DA:70,1
DA:77,3
DA:89,3
LF:10
LH:10
BRDA:17,0,0,1
BRDA:17,1,0,12
BRDA:18,2,0,2
BRDA:18,2,1,24
BRF:4
BRH:4
end_of_record
TN:
SF:src\destinations\window-iframe-destination.js
FN:20,(anonymous_0)
FN:70,(anonymous_1)
FN:81,(anonymous_2)
FN:139,(anonymous_3)
FN:170,(anonymous_4)
FN:186,(anonymous_5)
FN:204,(anonymous_6)
FN:212,(anonymous_7)
FN:233,(anonymous_8)
FNF:9
FNH:3
FNDA:11,(anonymous_0)
FNDA:1,(anonymous_1)
FNDA:0,(anonymous_2)
FNDA:0,(anonymous_3)
FNDA:0,(anonymous_4)
FNDA:0,(anonymous_5)
FNDA:4,(anonymous_6)
FNDA:0,(anonymous_7)
FNDA:0,(anonymous_8)
DA:21,11
DA:28,10
DA:36,10
DA:39,10
DA:40,10
DA:42,10
DA:43,6
DA:44,1
DA:47,5
DA:48,1
DA:51,4
DA:52,4
DA:55,8
DA:57,4
DA:58,3
DA:60,1
DA:61,1
DA:71,1
DA:72,1
DA:73,1
DA:82,0
DA:83,0
DA:84,0
DA:86,0
DA:96,0
DA:97,0
DA:98,0
DA:100,0
DA:104,0
DA:108,0
DA:110,0
DA:112,0
DA:113,0
DA:115,0
DA:122,0
DA:124,0
DA:126,0
DA:129,0
DA:140,0
DA:141,0
DA:143,0
DA:150,0
DA:152,0
DA:154,0
DA:157,0
DA:172,0
DA:175,0
DA:176,0
DA:177,0
DA:188,0
DA:191,0
DA:192,0
DA:193,0
DA:205,4
DA:214,0
DA:215,0
DA:216,0
DA:218,0
DA:219,0
DA:220,0
DA:235,0
DA:241,0
DA:246,0
DA:248,0
DA:252,1
LF:65
LH:22
BRDA:20,0,0,0
BRDA:42,1,0,6
BRDA:42,1,1,4
BRDA:43,2,0,1
BRDA:43,2,1,5
BRDA:47,3,0,1
BRDA:47,3,1,4
BRDA:55,4,0,4
BRDA:55,4,1,4
BRDA:57,5,0,3
BRDA:57,5,1,1
BRDA:83,6,0,0
BRDA:83,6,1,0
BRDA:100,7,0,0
BRDA:100,7,1,0
BRDA:108,8,0,0
BRDA:108,8,1,0
BRDA:115,9,0,0
BRDA:115,9,1,0
BRDA:115,10,0,0
BRDA:115,10,1,0
BRDA:143,11,0,0
BRDA:143,11,1,0
BRDA:143,12,0,0
BRDA:143,12,1,0
BRDA:172,13,0,0
BRDA:172,13,1,0
BRDA:188,14,0,0
BRDA:188,14,1,0
BRDA:192,15,0,0
BRDA:192,15,1,0
BRDA:205,16,0,4
BRDA:205,16,1,3
BRDA:205,16,2,2
BRDA:205,16,3,1
BRDA:214,17,0,0
BRDA:214,17,1,0
BRDA:218,18,0,0
BRDA:218,18,1,0
BRDA:235,19,0,0
BRDA:235,19,1,0
BRF:41
BRH:14
end_of_record
TN:
SF:src\messages\message.js
FN:11,(anonymous_0)
FN:41,(anonymous_1)
FNF:2
FNH:2
FNDA:67,(anonymous_0)
FNDA:3,(anonymous_1)
DA:17,67
DA:24,67
DA:31,67
DA:38,67
DA:42,3
DA:49,5
DA:60,5
LF:7
LH:7
BRDA:11,0,0,7
BRF:1
BRH:1
end_of_record
TN:
SF:src\messages\request-message.js
FN:11,(anonymous_0)
FNF:1
FNH:1
FNDA:19,(anonymous_0)
DA:12,19
DA:13,19
DA:20,19
LF:3
LH:3
BRDA:11,0,0,18
BRF:1
BRH:1
end_of_record
TN:
SF:src\messages\response-message.js
FN:16,(anonymous_0)
FN:49,(anonymous_1)
FN:62,(anonymous_2)
FN:72,(anonymous_3)
FNF:4
FNH:4
FNDA:40,(anonymous_0)
FNDA:13,(anonymous_1)
FNDA:13,(anonymous_2)
FNDA:3,(anonymous_3)
DA:17,40
DA:18,40
DA:19,37
DA:20,34
DA:21,34
DA:22,34
DA:23,34
DA:30,34
DA:32,34
DA:34,11
DA:35,1
DA:37,10
DA:50,13
DA:63,13
DA:73,3
DA:83,2
DA:98,2
LF:17
LH:17
BRDA:16,0,0,13
BRDA:16,1,0,14
BRDA:16,2,0,27
BRDA:18,3,0,3
BRDA:18,3,1,37
BRDA:19,4,0,3
BRDA:19,4,1,34
BRDA:21,5,0,34
BRDA:21,5,1,0
BRDA:32,6,0,11
BRDA:32,6,1,23
BRDA:34,7,0,1
BRDA:34,7,1,10
BRDA:49,8,0,11
BRDA:73,9,0,3
BRDA:73,9,1,2
BRDA:73,9,2,1
BRDA:73,9,3,1
BRF:18
BRH:17
end_of_record
