TN:
SF:src\lib\auth\auth-data.js
FN:15,(anonymous_0)
FN:76,(anonymous_1)
FN:92,(anonymous_2)
FN:105,(anonymous_3)
FN:118,(anonymous_4)
FN:130,(anonymous_5)
FN:141,(anonymous_6)
FN:151,(anonymous_7)
FN:160,(anonymous_8)
FN:168,(anonymous_9)
FNF:10
FNH:4
FNDA:37,(anonymous_0)
FNDA:0,(anonymous_1)
FNDA:0,(anonymous_2)
FNDA:0,(anonymous_3)
FNDA:0,(anonymous_4)
FNDA:19,(anonymous_5)
FNDA:19,(anonymous_6)
FNDA:4,(anonymous_7)
FNDA:0,(anonymous_8)
FNDA:0,(anonymous_9)
DA:22,37
DA:30,37
DA:38,37
DA:46,37
DA:54,37
DA:62,37
DA:70,37
DA:77,0
DA:78,0
DA:79,0
DA:80,0
DA:81,0
DA:82,0
DA:83,0
DA:93,0
DA:94,0
DA:95,0
DA:96,0
DA:106,0
DA:107,0
DA:108,0
DA:119,0
DA:120,0
DA:121,0
DA:131,19
DA:132,19
DA:142,19
DA:143,19
DA:152,4
DA:161,0
DA:169,0
DA:170,0
DA:171,0
LF:33
LH:12
BRDA:95,0,0,0
BRDA:95,0,1,0
BRDA:152,1,0,4
BRDA:152,1,1,4
BRDA:161,2,0,0
BRDA:161,2,1,0
BRF:6
BRH:2
end_of_record
TN:
SF:src\lib\controllers\selection-controller.js
FN:13,(anonymous_0)
FN:22,(anonymous_1)
FN:23,(anonymous_2)
FN:36,(anonymous_3)
FN:50,(anonymous_4)
FN:62,(anonymous_5)
FN:63,(anonymous_6)
FN:73,(anonymous_7)
FN:84,(anonymous_8)
FN:85,(anonymous_9)
FN:95,(anonymous_10)
FN:105,(anonymous_11)
FN:116,(anonymous_12)
FN:126,(anonymous_13)
FN:137,(anonymous_14)
FNF:15
FNH:4
FNDA:11,(anonymous_0)
FNDA:1,(anonymous_1)
FNDA:0,(anonymous_2)
FNDA:8,(anonymous_3)
FNDA:0,(anonymous_4)
FNDA:0,(anonymous_5)
FNDA:0,(anonymous_6)
FNDA:0,(anonymous_7)
FNDA:0,(anonymous_8)
FNDA:0,(anonymous_9)
FNDA:0,(anonymous_10)
FNDA:0,(anonymous_11)
FNDA:0,(anonymous_12)
FNDA:0,(anonymous_13)
FNDA:1,(anonymous_14)
DA:14,11
DA:22,11
DA:23,11
DA:37,8
DA:39,0
DA:51,0
DA:52,0
DA:63,0
DA:74,0
DA:75,0
DA:85,0
DA:86,0
DA:96,0
DA:97,0
DA:106,0
DA:107,0
DA:117,0
DA:118,0
DA:127,0
DA:128,0
DA:138,1
DA:139,1
DA:141,0
DA:143,0
DA:144,0
DA:145,0
DA:148,0
DA:155,1
LF:28
LH:7
BRDA:13,0,0,10
BRDA:22,1,0,11
BRDA:22,1,1,10
BRDA:23,2,0,11
BRDA:23,2,1,11
BRDA:143,3,0,0
BRDA:143,3,1,0
BRF:7
BRH:5
end_of_record
TN:
SF:src\lib\controllers\ui-event-controller.js
FN:6,(anonymous_0)
FN:10,(anonymous_1)
FN:27,(anonymous_2)
FN:32,(anonymous_3)
FN:49,(anonymous_4)
FN:66,(anonymous_5)
FN:88,(anonymous_6)
FN:90,(anonymous_7)
FN:101,(anonymous_8)
FN:106,(anonymous_9)
FN:118,(anonymous_10)
FN:119,(anonymous_11)
FN:129,(anonymous_12)
FN:134,(anonymous_13)
FN:146,(anonymous_14)
FN:147,(anonymous_15)
FNF:16
FNH:2
FNDA:11,(anonymous_0)
FNDA:0,(anonymous_1)
FNDA:8,(anonymous_2)
FNDA:0,(anonymous_3)
FNDA:0,(anonymous_4)
FNDA:0,(anonymous_5)
FNDA:0,(anonymous_6)
FNDA:0,(anonymous_7)
FNDA:0,(anonymous_8)
FNDA:0,(anonymous_9)
FNDA:0,(anonymous_10)
FNDA:0,(anonymous_11)
FNDA:0,(anonymous_12)
FNDA:0,(anonymous_13)
FNDA:0,(anonymous_14)
FNDA:0,(anonymous_15)
DA:7,11
DA:11,0
DA:29,8
DA:30,0
DA:32,0
DA:35,0
DA:37,0
DA:39,0
DA:40,0
DA:50,0
DA:51,0
DA:52,0
DA:54,0
DA:67,0
DA:68,0
DA:69,0
DA:70,0
DA:71,0
DA:72,0
DA:73,0
DA:75,0
DA:77,0
DA:89,0
DA:90,0
DA:92,0
DA:102,0
DA:103,0
DA:105,0
DA:106,0
DA:107,0
DA:110,0
DA:119,0
DA:120,0
DA:130,0
DA:131,0
DA:133,0
DA:134,0
DA:135,0
DA:138,0
DA:147,0
DA:148,0
LF:41
LH:2
BRDA:29,0,0,0
BRDA:29,0,1,0
BRDA:29,1,0,8
BRDA:29,1,1,8
BRDA:35,2,0,0
BRDA:35,2,1,0
BRDA:50,3,0,0
BRDA:50,3,1,0
BRDA:67,4,0,0
BRDA:67,4,1,0
BRDA:75,5,0,0
BRDA:75,5,1,0
BRDA:89,6,0,0
BRDA:89,6,1,0
BRDA:102,7,0,0
BRDA:102,7,1,0
BRDA:105,8,0,0
BRDA:105,8,1,0
BRDA:130,9,0,0
BRDA:130,9,1,0
BRDA:133,10,0,0
BRDA:133,10,1,0
BRF:22
BRH:2
end_of_record
TN:
SF:src\lib\custom-pointer-events\event-element.js
FN:5,(anonymous_0)
FNF:1
FNH:1
FNDA:13,(anonymous_0)
DA:10,13
DA:21,13
DA:27,13
DA:34,13
DA:41,13
LF:5
LH:5
BRF:0
BRH:0
end_of_record
TN:
SF:src\lib\custom-pointer-events\generic-evt.js
FN:12,(anonymous_0)
FN:20,(anonymous_1)
FN:24,(anonymous_2)
FN:38,(anonymous_3)
FN:49,(anonymous_4)
FN:56,(anonymous_5)
FN:67,(anonymous_6)
FNF:7
FNH:1
FNDA:1,(anonymous_0)
FNDA:0,(anonymous_1)
FNDA:0,(anonymous_2)
FNDA:0,(anonymous_3)
FNDA:0,(anonymous_4)
FNDA:0,(anonymous_5)
FNDA:0,(anonymous_6)
DA:13,1
DA:14,1
DA:15,1
DA:16,1
DA:17,1
DA:21,0
DA:25,0
DA:26,0
DA:27,0
DA:30,0
DA:39,0
DA:40,0
DA:43,0
DA:50,0
DA:57,0
DA:68,0
DA:70,0
DA:71,0
DA:72,0
LF:19
LH:5
BRDA:26,0,0,0
BRDA:26,0,1,0
BRDA:26,1,0,0
BRDA:26,1,1,0
BRDA:30,2,0,0
BRDA:30,2,1,0
BRDA:43,3,0,0
BRDA:43,3,1,0
BRF:8
BRH:0
end_of_record
TN:
SF:src\lib\custom-pointer-events\long-tap.js
FN:5,(anonymous_0)
FN:22,(anonymous_1)
FN:26,(anonymous_2)
FN:40,(anonymous_3)
FN:48,(anonymous_4)
FN:57,(anonymous_5)
FNF:6
FNH:0
FNDA:0,(anonymous_0)
FNDA:0,(anonymous_1)
FNDA:0,(anonymous_2)
FNDA:0,(anonymous_3)
FNDA:0,(anonymous_4)
FNDA:0,(anonymous_5)
DA:6,0
DA:7,0
DA:8,0
DA:9,0
DA:10,0
DA:11,0
DA:14,0
DA:18,0
DA:19,0
DA:23,0
DA:27,0
DA:28,0
DA:30,0
DA:31,0
DA:34,0
DA:41,0
DA:42,0
DA:49,0
DA:50,0
DA:58,0
DA:59,0
DA:60,0
DA:61,0
LF:23
LH:0
BRDA:5,0,0,0
BRDA:5,1,0,0
BRDA:8,2,0,0
BRDA:8,2,1,0
BRDA:9,3,0,0
BRDA:9,3,1,0
BRDA:11,4,0,0
BRDA:11,4,1,0
BRDA:14,5,0,0
BRDA:14,5,1,0
BRDA:28,6,0,0
BRDA:28,6,1,0
BRDA:30,7,0,0
BRDA:30,7,1,0
BRDA:30,8,0,0
BRDA:30,8,1,0
BRDA:31,9,0,0
BRDA:31,9,1,0
BRDA:34,10,0,0
BRDA:34,10,1,0
BRDA:34,10,2,0
BRF:21
BRH:0
end_of_record
TN:
SF:src\lib\custom-pointer-events\mouse-dbl-click.js
FN:10,(anonymous_0)
FN:18,(anonymous_1)
FN:22,(anonymous_2)
FN:36,(anonymous_3)
FN:47,(anonymous_4)
FN:54,(anonymous_5)
FN:64,(anonymous_6)
FNF:7
FNH:0
FNDA:0,(anonymous_0)
FNDA:0,(anonymous_1)
FNDA:0,(anonymous_2)
FNDA:0,(anonymous_3)
FNDA:0,(anonymous_4)
FNDA:0,(anonymous_5)
FNDA:0,(anonymous_6)
DA:11,0
DA:12,0
DA:13,0
DA:14,0
DA:15,0
DA:19,0
DA:23,0
DA:24,0
DA:25,0
DA:28,0
DA:37,0
DA:38,0
DA:41,0
DA:48,0
DA:55,0
DA:65,0
DA:66,0
DA:67,0
DA:68,0
LF:19
LH:0
BRDA:24,0,0,0
BRDA:24,0,1,0
BRDA:24,1,0,0
BRDA:24,1,1,0
BRDA:28,2,0,0
BRDA:28,2,1,0
BRDA:41,3,0,0
BRDA:41,3,1,0
BRF:8
BRH:0
end_of_record
TN:
SF:src\lib\custom-pointer-events\pointer-evt.js
FN:5,(anonymous_0)
FN:11,(anonymous_1)
FN:15,(anonymous_2)
FN:21,(anonymous_3)
FN:27,(anonymous_4)
FN:31,(anonymous_5)
FN:35,(anonymous_6)
FN:39,(anonymous_7)
FN:43,(anonymous_8)
FN:44,(anonymous_9)
FN:46,(anonymous_10)
FN:51,(anonymous_11)
FN:67,(anonymous_12)
FN:74,(anonymous_13)
FN:88,(anonymous_14)
FN:96,(anonymous_15)
FN:100,(anonymous_16)
FN:104,(anonymous_17)
FN:108,(anonymous_18)
FN:112,(anonymous_19)
FN:116,(anonymous_20)
FN:120,(anonymous_21)
FN:124,(anonymous_22)
FN:128,(anonymous_23)
FN:132,(anonymous_24)
FN:136,(anonymous_25)
FN:141,(anonymous_26)
FN:145,(anonymous_27)
FN:150,(anonymous_28)
FNF:29
FNH:2
FNDA:6,(anonymous_0)
FNDA:0,(anonymous_1)
FNDA:0,(anonymous_2)
FNDA:0,(anonymous_3)
FNDA:0,(anonymous_4)
FNDA:0,(anonymous_5)
FNDA:0,(anonymous_6)
FNDA:0,(anonymous_7)
FNDA:0,(anonymous_8)
FNDA:0,(anonymous_9)
FNDA:0,(anonymous_10)
FNDA:0,(anonymous_11)
FNDA:0,(anonymous_12)
FNDA:0,(anonymous_13)
FNDA:0,(anonymous_14)
FNDA:0,(anonymous_15)
FNDA:0,(anonymous_16)
FNDA:1,(anonymous_17)
FNDA:0,(anonymous_18)
FNDA:0,(anonymous_19)
FNDA:0,(anonymous_20)
FNDA:0,(anonymous_21)
FNDA:0,(anonymous_22)
FNDA:0,(anonymous_23)
FNDA:0,(anonymous_24)
FNDA:0,(anonymous_25)
FNDA:0,(anonymous_26)
FNDA:0,(anonymous_27)
FNDA:0,(anonymous_28)
DA:6,6
DA:7,6
DA:8,6
DA:12,0
DA:16,0
DA:17,0
DA:18,0
DA:22,0
DA:23,0
DA:24,0
DA:28,0
DA:32,0
DA:36,0
DA:40,0
DA:44,0
DA:45,0
DA:46,0
DA:47,0
DA:48,0
DA:52,0
DA:53,0
DA:54,0
DA:55,0
DA:57,0
DA:62,0
DA:64,0
DA:65,0
DA:66,0
DA:68,0
DA:73,0
DA:74,0
DA:77,0
DA:89,0
DA:90,0
DA:91,0
DA:93,0
DA:97,0
DA:101,0
DA:105,1
DA:109,0
DA:113,0
DA:117,0
DA:121,0
DA:125,0
DA:129,0
DA:133,0
DA:137,0
DA:138,0
DA:142,0
DA:146,0
DA:147,0
DA:151,0
DA:153,0
DA:154,0
DA:156,0
DA:157,0
LF:56
LH:4
BRDA:18,0,0,0
BRDA:18,0,1,0
BRDA:24,1,0,0
BRDA:24,1,1,0
BRDA:36,2,0,0
BRDA:36,2,1,0
BRDA:45,3,0,0
BRDA:45,3,1,0
BRDA:47,4,0,0
BRDA:47,4,1,0
BRDA:48,5,0,0
BRDA:48,5,1,0
BRDA:57,6,0,0
BRDA:57,6,1,0
BRDA:64,7,0,0
BRDA:64,7,1,0
BRDA:66,8,0,0
BRDA:66,8,1,0
BRDA:68,9,0,0
BRDA:68,9,1,0
BRDA:68,9,2,0
BRDA:73,10,0,0
BRDA:73,10,1,0
BRDA:73,11,0,0
BRDA:73,11,1,0
BRDA:88,12,0,0
BRDA:90,13,0,0
BRDA:90,13,1,0
BRDA:138,14,0,0
BRDA:138,14,1,0
BRDA:147,15,0,0
BRDA:147,15,1,0
BRDA:151,16,0,0
BRDA:151,16,1,0
BRF:34
BRH:0
end_of_record
TN:
SF:src\lib\custom-pointer-events\swipe.js
FN:5,(anonymous_0)
FN:15,(anonymous_1)
FN:19,(anonymous_2)
FN:29,(anonymous_3)
FN:33,(anonymous_4)
FN:37,(anonymous_5)
FN:41,(anonymous_6)
FN:45,(anonymous_7)
FN:70,(anonymous_8)
FNF:9
FNH:1
FNDA:0,(anonymous_0)
FNDA:0,(anonymous_1)
FNDA:5,(anonymous_2)
FNDA:0,(anonymous_3)
FNDA:0,(anonymous_4)
FNDA:0,(anonymous_5)
FNDA:0,(anonymous_6)
FNDA:0,(anonymous_7)
FNDA:0,(anonymous_8)
DA:6,0
DA:7,0
DA:8,0
DA:10,0
DA:11,0
DA:12,0
DA:16,0
DA:20,5
DA:30,0
DA:34,0
DA:38,0
DA:42,0
DA:46,0
DA:47,0
DA:48,0
DA:50,0
DA:51,0
DA:52,0
DA:53,0
DA:54,0
DA:55,0
DA:56,0
DA:57,0
DA:58,0
DA:62,0
DA:63,0
DA:67,0
DA:71,0
DA:72,0
DA:73,0
LF:30
LH:1
BRDA:5,0,0,0
BRDA:5,1,0,0
BRDA:48,2,0,0
BRDA:48,2,1,0
BRDA:48,3,0,0
BRDA:48,3,1,0
BRDA:51,4,0,0
BRDA:51,4,1,0
BRDA:51,5,0,0
BRDA:51,5,1,0
BRDA:53,6,0,0
BRDA:53,6,1,0
BRDA:53,7,0,0
BRDA:53,7,1,0
BRDA:55,8,0,0
BRDA:55,8,1,0
BRDA:55,9,0,0
BRDA:55,9,1,0
BRDA:57,10,0,0
BRDA:57,10,1,0
BRDA:57,11,0,0
BRDA:57,11,1,0
BRDA:62,12,0,0
BRDA:62,12,1,0
BRDA:62,13,0,0
BRDA:62,13,1,0
BRDA:63,14,0,0
BRDA:63,14,1,0
BRDA:67,15,0,0
BRDA:67,15,1,0
BRDA:67,15,2,0
BRF:31
BRH:0
end_of_record
TN:
SF:src\lib\log\html-console.js
FN:4,(anonymous_0)
FN:14,(anonymous_1)
FN:22,(anonymous_2)
FN:27,(anonymous_3)
FN:34,(anonymous_4)
FN:41,(anonymous_5)
FN:48,(anonymous_6)
FN:55,(anonymous_7)
FN:63,(anonymous_8)
FN:70,(anonymous_9)
FNF:10
FNH:0
FNDA:0,(anonymous_0)
FNDA:0,(anonymous_1)
FNDA:0,(anonymous_2)
FNDA:0,(anonymous_3)
FNDA:0,(anonymous_4)
FNDA:0,(anonymous_5)
FNDA:0,(anonymous_6)
FNDA:0,(anonymous_7)
FNDA:0,(anonymous_8)
FNDA:0,(anonymous_9)
DA:1,6
DA:5,0
DA:6,0
DA:8,0
DA:9,0
DA:10,0
DA:15,0
DA:23,0
DA:24,0
DA:28,0
DA:29,0
DA:31,0
DA:35,0
DA:36,0
DA:37,0
DA:42,0
DA:43,0
DA:44,0
DA:49,0
DA:50,0
DA:51,0
DA:56,0
DA:57,0
DA:59,0
DA:64,0
DA:65,0
DA:66,0
DA:71,0
DA:72,0
DA:73,0
LF:30
LH:1
BRDA:4,0,0,0
BRDA:4,1,0,0
BRDA:5,2,0,0
BRDA:5,2,1,0
BRDA:9,3,0,0
BRDA:9,3,1,0
BRDA:28,4,0,0
BRDA:28,4,1,0
BRDA:35,5,0,0
BRDA:35,5,1,0
BRDA:42,6,0,0
BRDA:42,6,1,0
BRDA:56,7,0,0
BRDA:56,7,1,0
BRDA:64,8,0,0
BRDA:64,8,1,0
BRDA:64,9,0,0
BRDA:64,9,1,0
BRDA:71,10,0,0
BRDA:71,10,1,0
BRDA:71,11,0,0
BRDA:71,11,1,0
BRF:22
BRH:0
end_of_record
TN:
SF:src\lib\options\defaults-loader.js
FN:4,(anonymous_0)
FNF:1
FNH:1
FNDA:1,(anonymous_0)
DA:5,1
DA:6,1
DA:8,0
DA:9,0
LF:4
LH:2
BRF:0
BRH:0
end_of_record
TN:
SF:src\lib\options\options-item.js
FN:7,(anonymous_0)
FN:25,(anonymous_1)
FN:26,(anonymous_2)
FN:37,(anonymous_3)
FN:54,(anonymous_4)
FN:58,(anonymous_5)
FN:63,(anonymous_6)
FN:69,(anonymous_7)
FN:84,(anonymous_8)
FN:87,(anonymous_9)
FN:90,(anonymous_10)
FN:99,(anonymous_11)
FN:104,(anonymous_12)
FN:107,(anonymous_13)
FNF:14
FNH:11
FNDA:12,(anonymous_0)
FNDA:1,(anonymous_1)
FNDA:4,(anonymous_2)
FNDA:2,(anonymous_3)
FNDA:2,(anonymous_4)
FNDA:1,(anonymous_5)
FNDA:3,(anonymous_6)
FNDA:2,(anonymous_7)
FNDA:0,(anonymous_8)
FNDA:0,(anonymous_9)
FNDA:0,(anonymous_10)
FNDA:7,(anonymous_11)
FNDA:1,(anonymous_12)
FNDA:1,(anonymous_13)
DA:8,12
DA:9,1
DA:11,11
DA:12,1
DA:14,10
DA:15,1
DA:17,9
DA:18,18
DA:20,9
DA:21,9
DA:22,9
DA:26,4
DA:38,2
DA:39,2
DA:40,8
DA:41,4
DA:42,2
DA:43,2
DA:46,4
DA:47,1
DA:51,2
DA:55,2
DA:59,1
DA:60,1
DA:64,3
DA:65,3
DA:66,3
DA:70,2
DA:71,2
DA:72,10
DA:73,5
DA:74,10
DA:77,5
DA:80,2
DA:81,2
DA:85,0
DA:86,0
DA:91,0
DA:100,7
DA:101,7
DA:103,7
DA:108,1
LF:42
LH:39
BRDA:8,0,0,1
BRDA:8,0,1,11
BRDA:11,1,0,1
BRDA:11,1,1,10
BRDA:14,2,0,1
BRDA:14,2,1,9
BRDA:37,3,0,0
BRDA:40,4,0,4
BRDA:40,4,1,4
BRDA:41,5,0,2
BRDA:41,5,1,2
BRDA:42,6,0,2
BRDA:42,6,1,0
BRDA:46,7,0,1
BRDA:46,7,1,3
BRDA:47,8,0,1
BRDA:47,8,1,0
BRDA:70,9,0,1
BRDA:70,9,1,1
BRDA:72,10,0,5
BRDA:72,10,1,5
BRDA:74,11,0,2
BRDA:74,11,1,8
BRDA:77,12,0,1
BRDA:77,12,1,4
BRF:25
BRH:22
end_of_record
TN:
SF:src\lib\options\remote-auth-storage-area.js
FN:17,(anonymous_0)
FN:45,(anonymous_1)
FN:62,(anonymous_2)
FN:78,(anonymous_3)
FNF:4
FNH:4
FNDA:10,(anonymous_0)
FNDA:2,(anonymous_1)
FNDA:2,(anonymous_2)
FNDA:2,(anonymous_3)
DA:18,10
DA:19,10
DA:23,4
DA:25,6
DA:26,6
DA:46,2
DA:47,2
DA:48,2
DA:49,2
DA:50,1
DA:63,2
DA:64,2
DA:65,2
DA:66,1
DA:68,1
DA:79,2
DA:80,2
DA:81,2
DA:82,1
LF:19
LH:19
BRDA:17,0,0,0
BRDA:17,1,0,1
BRDA:19,2,0,4
BRDA:19,2,1,6
BRDA:19,3,0,10
BRDA:19,3,1,9
BRDA:19,3,2,6
BRDA:19,3,3,6
BRDA:49,4,0,1
BRDA:49,4,1,1
BRDA:65,5,0,1
BRDA:65,5,1,1
BRDA:81,6,0,1
BRDA:81,6,1,1
BRF:14
BRH:13
end_of_record
TN:
SF:src\lib\options\storage-adapter.js
FN:14,(anonymous_0)
FN:25,(anonymous_1)
FN:26,(anonymous_2)
FN:38,(anonymous_3)
FN:39,(anonymous_4)
FN:50,(anonymous_5)
FN:51,(anonymous_6)
FN:57,(anonymous_7)
FN:58,(anonymous_8)
FNF:9
FNH:7
FNDA:15,(anonymous_0)
FNDA:1,(anonymous_1)
FNDA:1,(anonymous_2)
FNDA:1,(anonymous_3)
FNDA:1,(anonymous_4)
FNDA:1,(anonymous_5)
FNDA:1,(anonymous_6)
FNDA:0,(anonymous_7)
FNDA:0,(anonymous_8)
DA:15,15
DA:26,1
DA:39,1
DA:51,1
DA:58,0
LF:5
LH:4
BRDA:14,0,0,4
BRF:1
BRH:1
end_of_record
TN:
SF:src\lib\queries\query.js
FN:15,(anonymous_0)
FN:29,(anonymous_1)
FN:32,(anonymous_2)
FN:49,(anonymous_3)
FN:56,(anonymous_4)
FN:66,(anonymous_5)
FN:76,(anonymous_6)
FN:86,(anonymous_7)
FNF:8
FNH:4
FNDA:3,(anonymous_0)
FNDA:0,(anonymous_1)
FNDA:0,(anonymous_2)
FNDA:0,(anonymous_3)
FNDA:1,(anonymous_4)
FNDA:2,(anonymous_5)
FNDA:0,(anonymous_6)
FNDA:1,(anonymous_7)
DA:9,1
DA:16,3
DA:17,3
DA:18,3
DA:30,0
DA:32,0
DA:34,0
DA:37,0
DA:40,0
DA:41,0
DA:42,0
DA:50,0
DA:57,1
DA:67,2
DA:77,0
DA:87,1
DA:91,1
LF:17
LH:8
BRDA:30,0,0,0
BRDA:30,0,1,0
BRDA:67,1,0,2
BRDA:67,1,1,2
BRF:4
BRH:2
end_of_record
TN:
SF:src\lib\selection\text-selector.js
FN:14,(anonymous_0)
FN:60,(anonymous_1)
FN:68,(anonymous_2)
FN:81,(anonymous_3)
FN:85,(anonymous_4)
FN:89,(anonymous_5)
FN:93,(anonymous_6)
FNF:7
FNH:5
FNDA:9,(anonymous_0)
FNDA:2,(anonymous_1)
FNDA:3,(anonymous_2)
FNDA:2,(anonymous_3)
FNDA:1,(anonymous_4)
FNDA:0,(anonymous_5)
FNDA:0,(anonymous_6)
DA:15,9
DA:16,9
DA:17,9
DA:18,9
DA:19,9
DA:26,9
DA:29,9
DA:30,9
DA:31,9
DA:32,9
DA:61,2
DA:62,2
DA:63,2
DA:65,2
DA:69,3
DA:70,3
DA:72,3
DA:73,3
DA:82,2
DA:86,1
DA:90,0
DA:94,0
DA:95,0
DA:96,0
DA:98,0
DA:99,0
LF:26
LH:20
BRDA:16,0,0,9
BRDA:16,0,1,3
BRDA:98,1,0,0
BRDA:98,1,1,0
BRF:4
BRH:2
end_of_record
TN:
SF:src\lib\selection\alignment\alignment-selector.js
FN:22,(anonymous_0)
FN:22,(anonymous_1)
FN:43,(anonymous_2)
FN:46,(anonymous_3)
FN:47,(anonymous_4)
FN:50,(anonymous_5)
FN:55,(anonymous_6)
FN:63,(anonymous_7)
FN:67,(anonymous_8)
FN:76,(anonymous_9)
FN:79,(anonymous_10)
FN:88,(anonymous_11)
FN:98,(anonymous_12)
FN:102,(anonymous_13)
FN:123,(anonymous_14)
FN:141,(anonymous_15)
FN:149,(anonymous_16)
FN:151,(anonymous_17)
FN:158,(anonymous_18)
FN:162,(anonymous_19)
FN:167,(anonymous_20)
FN:177,(anonymous_21)
FN:187,(anonymous_22)
FN:201,(anonymous_23)
FNF:24
FNH:0
FNDA:0,(anonymous_0)
FNDA:0,(anonymous_1)
FNDA:0,(anonymous_2)
FNDA:0,(anonymous_3)
FNDA:0,(anonymous_4)
FNDA:0,(anonymous_5)
FNDA:0,(anonymous_6)
FNDA:0,(anonymous_7)
FNDA:0,(anonymous_8)
FNDA:0,(anonymous_9)
FNDA:0,(anonymous_10)
FNDA:0,(anonymous_11)
FNDA:0,(anonymous_12)
FNDA:0,(anonymous_13)
FNDA:0,(anonymous_14)
FNDA:0,(anonymous_15)
FNDA:0,(anonymous_16)
FNDA:0,(anonymous_17)
FNDA:0,(anonymous_18)
FNDA:0,(anonymous_19)
FNDA:0,(anonymous_20)
FNDA:0,(anonymous_21)
FNDA:0,(anonymous_22)
FNDA:0,(anonymous_23)
DA:22,0
DA:23,0
DA:24,0
DA:36,0
DA:37,0
DA:44,0
DA:45,0
DA:46,0
DA:47,0
DA:49,0
DA:50,0
DA:56,0
DA:58,0
DA:59,0
DA:64,0
DA:68,0
DA:69,0
DA:70,0
DA:72,0
DA:77,0
DA:79,0
DA:80,0
DA:82,0
DA:89,0
DA:90,0
DA:99,0
DA:103,0
DA:105,0
DA:106,0
DA:108,0
DA:110,0
DA:112,0
DA:114,0
DA:115,0
DA:117,0
DA:120,0
DA:124,0
DA:126,0
DA:127,0
DA:128,0
DA:130,0
DA:131,0
DA:133,0
DA:134,0
DA:135,0
DA:138,0
DA:142,0
DA:143,0
DA:144,0
DA:145,0
DA:146,0
DA:148,0
DA:149,0
DA:151,0
DA:155,0
DA:159,0
DA:160,0
DA:161,0
DA:162,0
DA:164,0
DA:168,0
DA:169,0
DA:170,0
DA:171,0
DA:174,0
DA:178,0
DA:179,0
DA:180,0
DA:183,0
DA:188,0
DA:189,0
DA:190,0
DA:191,0
DA:195,0
DA:196,0
DA:202,0
DA:203,0
DA:204,0
DA:205,0
DA:209,0
DA:210,0
LF:81
LH:0
BRDA:22,0,0,0
BRDA:22,1,0,0
BRDA:49,2,0,0
BRDA:49,2,1,0
BRDA:58,3,0,0
BRDA:58,3,1,0
BRDA:58,4,0,0
BRDA:58,4,1,0
BRDA:68,5,0,0
BRDA:68,5,1,0
BRDA:91,6,0,0
BRDA:91,6,1,0
BRDA:91,6,2,0
BRDA:91,6,3,0
BRDA:93,7,0,0
BRDA:93,7,1,0
BRDA:94,8,0,0
BRDA:94,8,1,0
BRDA:102,9,0,0
BRDA:105,10,0,0
BRDA:105,10,1,0
BRDA:108,11,0,0
BRDA:108,11,1,0
BRDA:112,12,0,0
BRDA:112,12,1,0
BRDA:117,13,0,0
BRDA:117,13,1,0
BRDA:120,14,0,0
BRDA:120,14,1,0
BRDA:123,15,0,0
BRDA:126,16,0,0
BRDA:126,16,1,0
BRDA:128,17,0,0
BRDA:128,17,1,0
BRDA:131,18,0,0
BRDA:131,18,1,0
BRDA:135,19,0,0
BRDA:135,19,1,0
BRDA:138,20,0,0
BRDA:138,20,1,0
BRDA:141,21,0,0
BRDA:144,22,0,0
BRDA:144,22,1,0
BRDA:148,23,0,0
BRDA:148,23,1,0
BRDA:170,24,0,0
BRDA:170,24,1,0
BRDA:178,25,0,0
BRDA:178,25,1,0
BRDA:178,26,0,0
BRDA:178,26,1,0
BRDA:188,27,0,0
BRDA:188,27,1,0
BRDA:188,28,0,0
BRDA:188,28,1,0
BRDA:190,29,0,0
BRDA:190,29,1,0
BRDA:195,30,0,0
BRDA:195,30,1,0
BRDA:202,31,0,0
BRDA:202,31,1,0
BRDA:202,32,0,0
BRDA:202,32,1,0
BRDA:204,33,0,0
BRDA:204,33,1,0
BRDA:209,34,0,0
BRDA:209,34,1,0
BRF:67
BRH:0
end_of_record
TN:
SF:src\lib\selection\media\html-selector.js
FN:15,(anonymous_0)
FN:27,(anonymous_1)
FN:65,(anonymous_2)
FN:69,(anonymous_3)
FN:101,(anonymous_4)
FN:180,(anonymous_5)
FN:198,(anonymous_6)
FN:211,(anonymous_7)
FN:228,(anonymous_8)
FN:249,(anonymous_9)
FN:410,(anonymous_10)
FN:466,(anonymous_11)
FN:470,(anonymous_12)
FN:479,(anonymous_13)
FN:488,(anonymous_14)
FN:503,(anonymous_15)
FN:513,(anonymous_16)
FNF:17
FNH:4
FNDA:1,(anonymous_0)
FNDA:1,(anonymous_1)
FNDA:0,(anonymous_2)
FNDA:0,(anonymous_3)
FNDA:1,(anonymous_4)
FNDA:0,(anonymous_5)
FNDA:1,(anonymous_6)
FNDA:0,(anonymous_7)
FNDA:0,(anonymous_8)
FNDA:0,(anonymous_9)
FNDA:0,(anonymous_10)
FNDA:0,(anonymous_11)
FNDA:0,(anonymous_12)
FNDA:0,(anonymous_13)
FNDA:0,(anonymous_14)
FNDA:0,(anonymous_15)
FNDA:0,(anonymous_16)
DA:16,1
DA:17,1
DA:18,1
DA:20,1
DA:21,1
DA:22,1
DA:23,1
DA:24,1
DA:36,1
DA:40,1
DA:41,1
DA:49,1
DA:51,0
DA:53,1
DA:55,0
DA:56,0
DA:61,0
DA:62,0
DA:66,0
DA:70,0
DA:71,0
DA:72,0
DA:73,0
DA:74,0
DA:76,0
DA:77,0
DA:79,0
DA:80,0
DA:81,0
DA:83,0
DA:86,0
DA:102,1
DA:105,0
DA:110,0
DA:111,0
DA:113,0
DA:114,0
DA:116,0
DA:117,0
DA:120,0
DA:121,0
DA:122,0
DA:123,0
DA:124,0
DA:126,0
DA:127,0
DA:129,0
DA:130,0
DA:133,0
DA:135,0
DA:136,0
DA:137,0
DA:139,0
DA:143,0
DA:144,0
DA:145,0
DA:161,0
DA:162,0
DA:164,0
DA:165,0
DA:166,0
DA:167,0
DA:168,0
DA:169,0
DA:170,0
DA:172,0
DA:174,0
DA:181,0
DA:182,0
DA:183,0
DA:184,0
DA:185,0
DA:199,1
DA:200,1
DA:202,0
DA:203,0
DA:204,0
DA:208,1
DA:212,0
DA:229,0
DA:230,0
DA:231,0
DA:235,0
DA:236,0
DA:250,0
DA:252,0
DA:253,0
DA:254,0
DA:256,0
DA:257,0
DA:263,0
DA:265,0
DA:266,0
DA:268,0
DA:269,0
DA:270,0
DA:271,0
DA:292,0
DA:293,0
DA:294,0
DA:295,0
DA:296,0
DA:298,0
DA:301,0
DA:302,0
DA:306,0
DA:308,0
DA:309,0
DA:311,0
DA:317,0
DA:320,0
DA:321,0
DA:325,0
DA:326,0
DA:330,0
DA:338,0
DA:339,0
DA:341,0
DA:342,0
DA:344,0
DA:345,0
DA:346,0
DA:347,0
DA:348,0
DA:354,0
DA:355,0
DA:359,0
DA:360,0
DA:366,0
DA:368,0
DA:371,0
DA:372,0
DA:373,0
DA:374,0
DA:375,0
DA:377,0
DA:379,0
DA:384,0
DA:385,0
DA:386,0
DA:387,0
DA:388,0
DA:389,0
DA:390,0
DA:391,0
DA:395,0
DA:396,0
DA:397,0
DA:398,0
DA:411,0
DA:412,0
DA:413,0
DA:415,0
DA:416,0
DA:419,0
DA:420,0
DA:422,0
DA:423,0
DA:425,0
DA:426,0
DA:427,0
DA:429,0
DA:430,0
DA:433,0
DA:434,0
DA:436,0
DA:437,0
DA:438,0
DA:439,0
DA:441,0
DA:442,0
DA:443,0
DA:445,0
DA:446,0
DA:448,0
DA:451,0
DA:452,0
DA:453,0
DA:454,0
DA:455,0
DA:457,0
DA:459,0
DA:460,0
DA:462,0
DA:463,0
DA:467,0
DA:472,0
DA:480,0
DA:489,0
DA:490,0
DA:492,0
DA:494,0
DA:495,0
DA:496,0
DA:498,0
DA:499,0
DA:500,0
DA:504,0
DA:507,0
DA:508,0
DA:510,0
DA:513,0
DA:515,0
DA:517,0
DA:518,0
DA:519,0
DA:521,0
DA:522,0
DA:525,0
DA:526,0
LF:210
LH:17
BRDA:49,0,0,0
BRDA:49,0,1,1
BRDA:70,1,0,0
BRDA:70,1,1,0
BRDA:76,2,0,0
BRDA:76,2,1,0
BRDA:76,3,0,0
BRDA:76,3,1,0
BRDA:79,4,0,0
BRDA:79,4,1,0
BRDA:80,5,0,0
BRDA:80,5,1,0
BRDA:101,6,0,1
BRDA:101,7,0,1
BRDA:110,8,0,0
BRDA:110,8,1,0
BRDA:111,9,0,0
BRDA:111,9,1,0
BRDA:123,10,0,0
BRDA:123,10,1,0
BRDA:124,11,0,0
BRDA:124,11,1,0
BRDA:135,12,0,0
BRDA:135,12,1,0
BRDA:135,13,0,0
BRDA:135,13,1,0
BRDA:143,14,0,0
BRDA:143,14,1,0
BRDA:143,15,0,0
BRDA:143,15,1,0
BRDA:145,16,0,0
BRDA:145,16,1,0
BRDA:145,17,0,0
BRDA:145,17,1,0
BRDA:164,18,0,0
BRDA:164,18,1,0
BRDA:184,19,0,0
BRDA:184,19,1,0
BRDA:184,20,0,0
BRDA:184,20,1,0
BRDA:199,21,0,0
BRDA:199,21,1,1
BRDA:199,22,0,0
BRDA:199,22,1,0
BRDA:200,23,0,0
BRDA:200,23,1,1
BRDA:200,24,0,1
BRDA:200,24,1,1
BRDA:202,25,0,0
BRDA:202,25,1,0
BRDA:203,26,0,0
BRDA:203,26,1,0
BRDA:204,27,0,0
BRDA:204,27,1,0
BRDA:230,28,0,0
BRDA:230,28,1,0
BRDA:253,29,0,0
BRDA:253,29,1,0
BRDA:268,30,0,0
BRDA:268,30,1,0
BRDA:268,31,0,0
BRDA:268,31,1,0
BRDA:268,31,2,0
BRDA:271,32,0,0
BRDA:271,32,1,0
BRDA:271,33,0,0
BRDA:271,33,1,0
BRDA:271,33,2,0
BRDA:271,33,3,0
BRDA:301,34,0,0
BRDA:301,34,1,0
BRDA:311,35,0,0
BRDA:311,35,1,0
BRDA:317,36,0,0
BRDA:317,36,1,0
BRDA:320,37,0,0
BRDA:320,37,1,0
BRDA:325,38,0,0
BRDA:325,38,1,0
BRDA:344,39,0,0
BRDA:344,39,1,0
BRDA:344,40,0,0
BRDA:344,40,1,0
BRDA:354,41,0,0
BRDA:354,41,1,0
BRDA:359,42,0,0
BRDA:359,42,1,0
BRDA:377,43,0,0
BRDA:377,43,1,0
BRDA:379,44,0,0
BRDA:379,44,1,0
BRDA:385,45,0,0
BRDA:385,45,1,0
BRDA:390,46,0,0
BRDA:390,46,1,0
BRDA:415,47,0,0
BRDA:415,47,1,0
BRDA:415,48,0,0
BRDA:415,48,1,0
BRDA:425,49,0,0
BRDA:425,49,1,0
BRDA:436,50,0,0
BRDA:436,50,1,0
BRDA:436,51,0,0
BRDA:436,51,1,0
BRDA:467,52,0,0
BRDA:467,52,1,0
BRDA:503,53,0,0
BRDA:507,54,0,0
BRDA:507,54,1,0
BRDA:517,55,0,0
BRDA:517,55,1,0
BRF:112
BRH:7
end_of_record
TN:
SF:src\lib\selection\media\media-selector.js
FN:10,(anonymous_0)
FN:20,(anonymous_1)
FN:30,(anonymous_2)
FNF:3
FNH:3
FNDA:1,(anonymous_0)
FNDA:4,(anonymous_1)
FNDA:4,(anonymous_2)
DA:11,1
DA:21,4
DA:31,4
DA:33,4
DA:34,4
DA:35,4
DA:36,2
DA:39,4
DA:41,4
LF:9
LH:9
BRDA:33,0,0,4
BRDA:33,0,1,4
BRDA:35,1,0,2
BRDA:35,1,1,2
BRF:4
BRH:4
end_of_record
TN:
SF:src\lib\utility\greek-input.js
FN:2,(anonymous_0)
FN:6,(anonymous_1)
FNF:2
FNH:1
FNDA:0,(anonymous_0)
FNDA:273,(anonymous_1)
DA:3,0
DA:7,273
DA:8,273
DA:289,273
LF:4
LH:3
BRDA:7,0,0,273
BRDA:7,0,1,0
BRF:2
BRH:1
end_of_record
TN:
SF:src\lib\utility\platform.js
FN:12,(anonymous_0)
FN:33,(anonymous_1)
FN:89,(anonymous_2)
FN:102,(anonymous_3)
FN:111,(anonymous_4)
FN:125,(anonymous_5)
FN:137,(anonymous_6)
FN:141,(anonymous_7)
FN:145,(anonymous_8)
FN:149,(anonymous_9)
FN:154,(anonymous_10)
FN:158,(anonymous_11)
FN:162,(anonymous_12)
FN:166,(anonymous_13)
FN:170,(anonymous_14)
FN:180,(anonymous_15)
FNF:16
FNH:0
FNDA:0,(anonymous_0)
FNDA:0,(anonymous_1)
FNDA:0,(anonymous_2)
FNDA:0,(anonymous_3)
FNDA:0,(anonymous_4)
FNDA:0,(anonymous_5)
FNDA:0,(anonymous_6)
FNDA:0,(anonymous_7)
FNDA:0,(anonymous_8)
FNDA:0,(anonymous_9)
FNDA:0,(anonymous_10)
FNDA:0,(anonymous_11)
FNDA:0,(anonymous_12)
FNDA:0,(anonymous_13)
FNDA:0,(anonymous_14)
FNDA:0,(anonymous_15)
DA:13,0
DA:15,0
DA:17,0
DA:18,0
DA:22,0
DA:26,0
DA:34,0
DA:36,0
DA:37,0
DA:38,0
DA:40,0
DA:49,0
DA:53,0
DA:62,0
DA:81,0
DA:91,0
DA:92,0
DA:103,0
DA:112,0
DA:114,0
DA:115,0
DA:118,0
DA:120,0
DA:121,0
DA:126,0
DA:127,0
DA:128,0
DA:130,0
DA:131,0
DA:133,0
DA:138,0
DA:142,0
DA:146,0
DA:151,0
DA:155,0
DA:159,0
DA:163,0
DA:167,0
DA:171,0
DA:181,0
DA:189,1
DA:210,1
DA:235,1
DA:243,1
LF:44
LH:4
BRDA:12,0,0,0
BRDA:12,1,0,0
BRDA:12,2,0,0
BRDA:17,3,0,0
BRDA:17,3,1,0
BRDA:38,4,0,0
BRDA:38,4,1,0
BRDA:49,5,0,0
BRDA:49,5,1,0
BRDA:92,6,0,0
BRDA:92,6,1,0
BRDA:112,7,0,0
BRDA:112,7,1,0
BRDA:115,8,0,0
BRDA:115,8,1,0
BRDA:118,9,0,0
BRDA:118,9,1,0
BRDA:126,10,0,0
BRDA:126,10,1,0
BRDA:126,11,0,0
BRDA:126,11,1,0
BRDA:127,12,0,0
BRDA:127,12,1,0
BRDA:128,13,0,0
BRDA:128,13,1,0
BRDA:130,14,0,0
BRDA:130,14,1,0
BRDA:181,15,0,0
BRDA:181,15,1,0
BRF:29
BRH:0
end_of_record
TN:
SF:src\vue\vuex-modules\module.js
FN:21,(anonymous_0)
FN:39,(anonymous_1)
FN:47,(anonymous_2)
FN:51,(anonymous_3)
FN:55,(anonymous_4)
FN:59,(anonymous_5)
FN:63,(anonymous_6)
FN:67,(anonymous_7)
FN:77,(anonymous_8)
FN:91,(anonymous_9)
FN:112,(anonymous_10)
FNF:11
FNH:2
FNDA:18,(anonymous_0)
FNDA:0,(anonymous_1)
FNDA:0,(anonymous_2)
FNDA:0,(anonymous_3)
FNDA:37,(anonymous_4)
FNDA:0,(anonymous_5)
FNDA:0,(anonymous_6)
FNDA:0,(anonymous_7)
FNDA:0,(anonymous_8)
FNDA:0,(anonymous_9)
FNDA:0,(anonymous_10)
DA:6,1
DA:22,18
DA:25,1
DA:31,18
DA:32,18
DA:40,0
DA:48,0
DA:52,0
DA:56,37
DA:60,0
DA:64,0
DA:68,0
DA:78,0
DA:79,0
DA:80,0
DA:81,0
DA:83,0
DA:91,1
DA:92,0
DA:112,1
DA:113,0
DA:118,1
DA:123,1
LF:23
LH:10
BRDA:21,0,0,0
BRDA:22,1,0,1
BRDA:22,1,1,17
BRDA:78,2,0,0
BRDA:78,2,1,0
BRDA:80,3,0,0
BRDA:80,3,1,0
BRF:7
BRH:2
end_of_record
TN:
SF:src\vue\vuex-modules\data\auth-module.js
FN:11,(anonymous_0)
FN:32,(anonymous_1)
FN:55,(anonymous_2)
FN:62,(anonymous_3)
FN:70,(anonymous_4)
FN:85,(anonymous_5)
FN:100,(anonymous_6)
FN:112,(anonymous_7)
FN:127,(anonymous_8)
FN:129,(anonymous_9)
FN:134,(anonymous_10)
FN:136,(anonymous_11)
FN:151,(anonymous_12)
FN:158,(anonymous_13)
FN:160,(anonymous_14)
FN:168,(anonymous_15)
FN:177,(anonymous_16)
FN:181,(anonymous_17)
FN:188,(anonymous_18)
FN:193,(anonymous_19)
FN:194,(anonymous_20)
FN:197,(anonymous_21)
FN:200,(anonymous_22)
FN:206,(anonymous_23)
FN:219,(anonymous_24)
FN:249,(anonymous_25)
FN:265,(anonymous_26)
FN:275,(anonymous_27)
FNF:28
FNH:20
FNDA:18,(anonymous_0)
FNDA:18,(anonymous_1)
FNDA:5,(anonymous_2)
FNDA:2,(anonymous_3)
FNDA:0,(anonymous_4)
FNDA:12,(anonymous_5)
FNDA:1,(anonymous_6)
FNDA:2,(anonymous_7)
FNDA:18,(anonymous_8)
FNDA:3,(anonymous_9)
FNDA:1,(anonymous_10)
FNDA:3,(anonymous_11)
FNDA:4,(anonymous_12)
FNDA:3,(anonymous_13)
FNDA:3,(anonymous_14)
FNDA:4,(anonymous_15)
FNDA:0,(anonymous_16)
FNDA:0,(anonymous_17)
FNDA:0,(anonymous_18)
FNDA:1,(anonymous_19)
FNDA:1,(anonymous_20)
FNDA:1,(anonymous_21)
FNDA:1,(anonymous_22)
FNDA:0,(anonymous_23)
FNDA:4,(anonymous_24)
FNDA:0,(anonymous_25)
FNDA:0,(anonymous_26)
FNDA:0,(anonymous_27)
DA:12,18
DA:13,18
DA:14,18
DA:15,18
DA:16,18
DA:17,18
DA:18,18
DA:19,17
DA:20,17
DA:21,17
DA:26,18
DA:27,18
DA:28,18
DA:32,1
DA:33,18
DA:56,5
DA:57,5
DA:58,5
DA:59,5
DA:63,2
DA:64,2
DA:65,2
DA:66,2
DA:67,2
DA:71,0
DA:72,0
DA:87,12
DA:88,1
DA:90,11
DA:92,12
DA:93,12
DA:94,12
DA:101,1
DA:102,1
DA:103,1
DA:104,1
DA:113,2
DA:116,2
DA:117,1
DA:118,1
DA:119,1
DA:120,1
DA:127,1
DA:128,18
DA:130,3
DA:132,0
DA:134,3
DA:135,1
DA:152,4
DA:154,0
DA:156,4
DA:158,4
DA:159,3
DA:162,3
DA:163,0
DA:166,3
DA:167,0
DA:169,4
DA:170,4
DA:178,0
DA:179,0
DA:181,0
DA:182,0
DA:183,0
DA:184,0
DA:186,0
DA:187,0
DA:189,0
DA:194,1
DA:195,1
DA:197,1
DA:198,1
DA:199,1
DA:201,1
DA:207,0
DA:210,0
DA:220,4
DA:222,4
DA:223,0
DA:225,0
DA:226,0
DA:230,4
DA:242,4
DA:243,0
DA:246,4
DA:247,4
DA:248,4
DA:251,0
DA:257,0
DA:266,0
DA:267,0
DA:268,0
DA:270,0
DA:271,0
DA:272,0
DA:276,0
DA:281,1
DA:291,1
LF:98
LH:68
BRDA:18,0,0,17
BRDA:18,0,1,1
BRDA:87,1,0,1
BRDA:87,1,1,11
BRDA:87,2,0,12
BRDA:87,2,1,3
BRDA:92,3,0,12
BRDA:92,3,1,9
BRDA:93,4,0,12
BRDA:93,4,1,9
BRDA:94,5,0,12
BRDA:94,5,1,0
BRDA:116,6,0,1
BRDA:116,6,1,1
BRDA:116,7,0,2
BRDA:116,7,1,2
BRDA:130,8,0,0
BRDA:130,8,1,3
BRDA:152,9,0,0
BRDA:152,9,1,4
BRDA:162,10,0,0
BRDA:162,10,1,3
BRDA:178,11,0,0
BRDA:178,11,1,0
BRDA:182,12,0,0
BRDA:182,12,1,0
BRDA:195,13,0,1
BRDA:195,13,1,0
BRDA:222,14,0,0
BRDA:222,14,1,4
BRDA:222,15,0,4
BRDA:222,15,1,0
BRDA:225,16,0,0
BRDA:225,16,1,0
BRDA:225,17,0,0
BRDA:225,17,1,0
BRDA:242,18,0,0
BRDA:242,18,1,4
BRDA:246,19,0,4
BRDA:246,19,1,0
BRDA:247,20,0,4
BRDA:247,20,1,0
BRDA:266,21,0,0
BRDA:266,21,1,0
BRDA:276,22,0,0
BRDA:276,22,1,0
BRF:46
BRH:24
end_of_record
