{"F:\\_Alpheios\\____service_workes\\_workspaces-core\\v1\\packages\\wordlist\\src\\index.js": {"path":"F:\\_Alpheios\\____service_workes\\_workspaces-core\\v1\\packages\\wordlist\\src\\index.js","statementMap":{},"fnMap":{},"branchMap":{},"s":{},"f":{},"b":{}}
,"F:\\_Alpheios\\____service_workes\\_workspaces-core\\v1\\packages\\wordlist\\src\\common\\utility.js": {"path":"F:\\_Alpheios\\____service_workes\\_workspaces-core\\v1\\packages\\wordlist\\src\\common\\utility.js","statementMap":{"0":{"start":{"line":7,"column":13},"end":{"line":7,"column":23}},"1":{"start":{"line":8,"column":4},"end":{"line":13,"column":71}}},"fnMap":{"0":{"name":"(anonymous_0)","decl":{"start":{"line":6,"column":2},"end":{"line":6,"column":3}},"loc":{"start":{"line":6,"column":28},"end":{"line":15,"column":3}},"line":6}},"branchMap":{"0":{"loc":{"start":{"line":9,"column":11},"end":{"line":9,"column":44}},"type":"cond-expr","locations":[{"start":{"line":9,"column":36},"end":{"line":9,"column":39}},{"start":{"line":9,"column":42},"end":{"line":9,"column":44}}],"line":9},"1":{"loc":{"start":{"line":10,"column":11},"end":{"line":10,"column":41}},"type":"cond-expr","locations":[{"start":{"line":10,"column":33},"end":{"line":10,"column":36}},{"start":{"line":10,"column":39},"end":{"line":10,"column":41}}],"line":10},"2":{"loc":{"start":{"line":11,"column":19},"end":{"line":11,"column":50}},"type":"cond-expr","locations":[{"start":{"line":11,"column":42},"end":{"line":11,"column":45}},{"start":{"line":11,"column":48},"end":{"line":11,"column":50}}],"line":11},"3":{"loc":{"start":{"line":12,"column":19},"end":{"line":12,"column":52}},"type":"cond-expr","locations":[{"start":{"line":12,"column":44},"end":{"line":12,"column":47}},{"start":{"line":12,"column":50},"end":{"line":12,"column":52}}],"line":12},"4":{"loc":{"start":{"line":13,"column":19},"end":{"line":13,"column":52}},"type":"cond-expr","locations":[{"start":{"line":13,"column":44},"end":{"line":13,"column":47}},{"start":{"line":13,"column":50},"end":{"line":13,"column":52}}],"line":13}},"s":{"0":54,"1":54},"f":{"0":54},"b":{"0":[54,0],"1":[0,54],"2":[0,54],"3":[0,54],"4":[0,54]},"_coverageSchema":"1a1c01bbd47fc00a2c39e90264f33305004495a9","hash":"104d3ebd5c59a724f2f0969b0b95eeadc9fdae56"}
,"F:\\_Alpheios\\____service_workes\\_workspaces-core\\v1\\packages\\wordlist\\src\\controllers\\user-data-manager.js": {"path":"F:\\_Alpheios\\____service_workes\\_workspaces-core\\v1\\packages\\wordlist\\src\\controllers\\user-data-manager.js","statementMap":{"0":{"start":{"line":15,"column":4},"end":{"line":15,"column":20}},"1":{"start":{"line":16,"column":4},"end":{"line":16,"column":27}},"2":{"start":{"line":17,"column":4},"end":{"line":21,"column":5}},"3":{"start":{"line":18,"column":6},"end":{"line":18,"column":82}},"4":{"start":{"line":19,"column":6},"end":{"line":19,"column":82}},"5":{"start":{"line":20,"column":6},"end":{"line":20,"column":86}},"6":{"start":{"line":22,"column":4},"end":{"line":22,"column":24}},"7":{"start":{"line":23,"column":4},"end":{"line":23,"column":27}},"8":{"start":{"line":32,"column":4},"end":{"line":35,"column":5}},"9":{"start":{"line":34,"column":6},"end":{"line":34,"column":131}},"10":{"start":{"line":36,"column":4},"end":{"line":38,"column":5}},"11":{"start":{"line":37,"column":6},"end":{"line":37,"column":13}},"12":{"start":{"line":39,"column":4},"end":{"line":39,"column":27}},"13":{"start":{"line":48,"column":19},"end":{"line":48,"column":87}},"14":{"start":{"line":49,"column":4},"end":{"line":49,"column":41}},"15":{"start":{"line":58,"column":19},"end":{"line":58,"column":81}},"16":{"start":{"line":59,"column":4},"end":{"line":59,"column":40}},"17":{"start":{"line":68,"column":21},"end":{"line":68,"column":26}},"18":{"start":{"line":69,"column":22},"end":{"line":69,"column":27}},"19":{"start":{"line":71,"column":4},"end":{"line":86,"column":5}},"20":{"start":{"line":72,"column":6},"end":{"line":72,"column":23}},"21":{"start":{"line":73,"column":6},"end":{"line":73,"column":43}},"22":{"start":{"line":74,"column":11},"end":{"line":86,"column":5}},"23":{"start":{"line":75,"column":6},"end":{"line":75,"column":41}},"24":{"start":{"line":76,"column":6},"end":{"line":76,"column":24}},"25":{"start":{"line":78,"column":6},"end":{"line":78,"column":41}},"26":{"start":{"line":79,"column":6},"end":{"line":79,"column":43}},"27":{"start":{"line":80,"column":6},"end":{"line":82,"column":7}},"28":{"start":{"line":81,"column":8},"end":{"line":81,"column":54}},"29":{"start":{"line":83,"column":6},"end":{"line":85,"column":7}},"30":{"start":{"line":84,"column":8},"end":{"line":84,"column":55}},"31":{"start":{"line":88,"column":4},"end":{"line":88,"column":36}},"32":{"start":{"line":92,"column":4},"end":{"line":92,"column":114}},"33":{"start":{"line":105,"column":4},"end":{"line":111,"column":5}},"34":{"start":{"line":106,"column":6},"end":{"line":109,"column":8}},"35":{"start":{"line":110,"column":6},"end":{"line":110,"column":12}},"36":{"start":{"line":112,"column":4},"end":{"line":142,"column":5}},"37":{"start":{"line":113,"column":6},"end":{"line":113,"column":43}},"38":{"start":{"line":114,"column":28},"end":{"line":114,"column":85}},"39":{"start":{"line":116,"column":25},"end":{"line":116,"column":67}},"40":{"start":{"line":117,"column":26},"end":{"line":117,"column":69}},"41":{"start":{"line":119,"column":19},"end":{"line":119,"column":24}},"42":{"start":{"line":120,"column":20},"end":{"line":120,"column":109}},"43":{"start":{"line":122,"column":6},"end":{"line":138,"column":7}},"44":{"start":{"line":123,"column":8},"end":{"line":123,"column":27}},"45":{"start":{"line":124,"column":8},"end":{"line":131,"column":9}},"46":{"start":{"line":125,"column":10},"end":{"line":125,"column":71}},"47":{"start":{"line":126,"column":15},"end":{"line":131,"column":9}},"48":{"start":{"line":127,"column":10},"end":{"line":127,"column":72}},"49":{"start":{"line":129,"column":35},"end":{"line":129,"column":92}},"50":{"start":{"line":130,"column":10},"end":{"line":130,"column":95}},"51":{"start":{"line":133,"column":8},"end":{"line":133,"column":39}},"52":{"start":{"line":134,"column":8},"end":{"line":134,"column":38}},"53":{"start":{"line":136,"column":8},"end":{"line":136,"column":28}},"54":{"start":{"line":137,"column":8},"end":{"line":137,"column":32}},"55":{"start":{"line":139,"column":6},"end":{"line":139,"column":19}},"56":{"start":{"line":141,"column":6},"end":{"line":141,"column":95}},"57":{"start":{"line":155,"column":4},"end":{"line":161,"column":5}},"58":{"start":{"line":156,"column":6},"end":{"line":159,"column":8}},"59":{"start":{"line":160,"column":6},"end":{"line":160,"column":12}},"60":{"start":{"line":163,"column":4},"end":{"line":195,"column":5}},"61":{"start":{"line":164,"column":6},"end":{"line":164,"column":25}},"62":{"start":{"line":165,"column":28},"end":{"line":165,"column":85}},"63":{"start":{"line":167,"column":25},"end":{"line":167,"column":67}},"64":{"start":{"line":168,"column":26},"end":{"line":168,"column":69}},"65":{"start":{"line":170,"column":25},"end":{"line":170,"column":30}},"66":{"start":{"line":171,"column":24},"end":{"line":171,"column":29}},"67":{"start":{"line":173,"column":6},"end":{"line":191,"column":7}},"68":{"start":{"line":174,"column":8},"end":{"line":174,"column":27}},"69":{"start":{"line":176,"column":8},"end":{"line":176,"column":27}},"70":{"start":{"line":177,"column":8},"end":{"line":177,"column":26}},"71":{"start":{"line":179,"column":8},"end":{"line":181,"column":9}},"72":{"start":{"line":180,"column":10},"end":{"line":180,"column":68}},"73":{"start":{"line":182,"column":8},"end":{"line":184,"column":9}},"74":{"start":{"line":183,"column":10},"end":{"line":183,"column":66}},"75":{"start":{"line":186,"column":8},"end":{"line":186,"column":39}},"76":{"start":{"line":187,"column":8},"end":{"line":187,"column":38}},"77":{"start":{"line":189,"column":8},"end":{"line":189,"column":28}},"78":{"start":{"line":190,"column":8},"end":{"line":190,"column":32}},"79":{"start":{"line":192,"column":6},"end":{"line":192,"column":40}},"80":{"start":{"line":194,"column":6},"end":{"line":194,"column":103}},"81":{"start":{"line":208,"column":4},"end":{"line":214,"column":5}},"82":{"start":{"line":209,"column":6},"end":{"line":212,"column":8}},"83":{"start":{"line":213,"column":6},"end":{"line":213,"column":12}},"84":{"start":{"line":215,"column":4},"end":{"line":244,"column":5}},"85":{"start":{"line":216,"column":27},"end":{"line":216,"column":68}},"86":{"start":{"line":217,"column":25},"end":{"line":217,"column":65}},"87":{"start":{"line":219,"column":25},"end":{"line":219,"column":30}},"88":{"start":{"line":220,"column":26},"end":{"line":220,"column":31}},"89":{"start":{"line":222,"column":6},"end":{"line":239,"column":7}},"90":{"start":{"line":223,"column":8},"end":{"line":223,"column":27}},"91":{"start":{"line":224,"column":8},"end":{"line":224,"column":28}},"92":{"start":{"line":226,"column":8},"end":{"line":226,"column":27}},"93":{"start":{"line":227,"column":8},"end":{"line":229,"column":9}},"94":{"start":{"line":228,"column":10},"end":{"line":228,"column":69}},"95":{"start":{"line":230,"column":8},"end":{"line":232,"column":9}},"96":{"start":{"line":231,"column":10},"end":{"line":231,"column":67}},"97":{"start":{"line":234,"column":8},"end":{"line":234,"column":39}},"98":{"start":{"line":235,"column":8},"end":{"line":235,"column":38}},"99":{"start":{"line":237,"column":8},"end":{"line":237,"column":28}},"100":{"start":{"line":238,"column":8},"end":{"line":238,"column":32}},"101":{"start":{"line":241,"column":6},"end":{"line":241,"column":42}},"102":{"start":{"line":243,"column":6},"end":{"line":243,"column":103}},"103":{"start":{"line":262,"column":4},"end":{"line":307,"column":5}},"104":{"start":{"line":263,"column":6},"end":{"line":263,"column":39}},"105":{"start":{"line":264,"column":6},"end":{"line":264,"column":43}},"106":{"start":{"line":265,"column":6},"end":{"line":265,"column":50}},"107":{"start":{"line":267,"column":27},"end":{"line":267,"column":68}},"108":{"start":{"line":268,"column":25},"end":{"line":268,"column":65}},"109":{"start":{"line":270,"column":23},"end":{"line":270,"column":25}},"110":{"start":{"line":273,"column":6},"end":{"line":300,"column":7}},"111":{"start":{"line":274,"column":8},"end":{"line":274,"column":58}},"112":{"start":{"line":275,"column":13},"end":{"line":300,"column":7}},"113":{"start":{"line":276,"column":8},"end":{"line":276,"column":60}},"114":{"start":{"line":277,"column":8},"end":{"line":279,"column":9}},"115":{"start":{"line":278,"column":10},"end":{"line":278,"column":81}},"116":{"start":{"line":281,"column":8},"end":{"line":281,"column":60}},"117":{"start":{"line":282,"column":8},"end":{"line":296,"column":9}},"118":{"start":{"line":283,"column":10},"end":{"line":286,"column":11}},"119":{"start":{"line":284,"column":27},"end":{"line":284,"column":81}},"120":{"start":{"line":285,"column":12},"end":{"line":285,"column":90}},"121":{"start":{"line":287,"column":27},"end":{"line":287,"column":64}},"122":{"start":{"line":288,"column":10},"end":{"line":288,"column":33}},"123":{"start":{"line":290,"column":10},"end":{"line":290,"column":62}},"124":{"start":{"line":291,"column":10},"end":{"line":295,"column":11}},"125":{"start":{"line":292,"column":27},"end":{"line":292,"column":81}},"126":{"start":{"line":293,"column":12},"end":{"line":293,"column":37}},"127":{"start":{"line":294,"column":12},"end":{"line":294,"column":69}},"128":{"start":{"line":297,"column":8},"end":{"line":299,"column":9}},"129":{"start":{"line":298,"column":10},"end":{"line":298,"column":88}},"130":{"start":{"line":302,"column":6},"end":{"line":302,"column":37}},"131":{"start":{"line":303,"column":6},"end":{"line":303,"column":36}},"132":{"start":{"line":304,"column":6},"end":{"line":304,"column":23}},"133":{"start":{"line":306,"column":6},"end":{"line":306,"column":103}},"134":{"start":{"line":311,"column":21},"end":{"line":311,"column":63}},"135":{"start":{"line":312,"column":4},"end":{"line":317,"column":5}},"136":{"start":{"line":313,"column":21},"end":{"line":313,"column":77}},"137":{"start":{"line":314,"column":6},"end":{"line":316,"column":7}},"138":{"start":{"line":314,"column":42},"end":{"line":314,"column":67}},"139":{"start":{"line":315,"column":8},"end":{"line":315,"column":42}},"140":{"start":{"line":324,"column":4},"end":{"line":326,"column":5}},"141":{"start":{"line":325,"column":6},"end":{"line":325,"column":122}},"142":{"start":{"line":325,"column":38},"end":{"line":325,"column":121}},"143":{"start":{"line":333,"column":4},"end":{"line":336,"column":5}},"144":{"start":{"line":334,"column":23},"end":{"line":334,"column":49}},"145":{"start":{"line":335,"column":6},"end":{"line":335,"column":65}},"146":{"start":{"line":345,"column":22},"end":{"line":345,"column":50}},"147":{"start":{"line":348,"column":4},"end":{"line":354,"column":5}},"148":{"start":{"line":349,"column":6},"end":{"line":349,"column":40}},"149":{"start":{"line":351,"column":20},"end":{"line":351,"column":56}},"150":{"start":{"line":352,"column":27},"end":{"line":352,"column":83}},"151":{"start":{"line":353,"column":6},"end":{"line":353,"column":76}},"152":{"start":{"line":355,"column":4},"end":{"line":355,"column":26}},"153":{"start":{"line":360,"column":0},"end":{"line":362,"column":1}},"154":{"start":{"line":363,"column":0},"end":{"line":365,"column":1}}},"fnMap":{"0":{"name":"(anonymous_0)","decl":{"start":{"line":14,"column":2},"end":{"line":14,"column":3}},"loc":{"start":{"line":14,"column":29},"end":{"line":24,"column":3}},"line":14},"1":{"name":"(anonymous_1)","decl":{"start":{"line":31,"column":2},"end":{"line":31,"column":3}},"loc":{"start":{"line":31,"column":10},"end":{"line":40,"column":3}},"line":31},"2":{"name":"(anonymous_2)","decl":{"start":{"line":47,"column":2},"end":{"line":47,"column":3}},"loc":{"start":{"line":47,"column":33},"end":{"line":50,"column":3}},"line":47},"3":{"name":"(anonymous_3)","decl":{"start":{"line":57,"column":2},"end":{"line":57,"column":3}},"loc":{"start":{"line":57,"column":34},"end":{"line":60,"column":3}},"line":57},"4":{"name":"(anonymous_4)","decl":{"start":{"line":67,"column":2},"end":{"line":67,"column":3}},"loc":{"start":{"line":67,"column":54},"end":{"line":89,"column":3}},"line":67},"5":{"name":"(anonymous_5)","decl":{"start":{"line":91,"column":2},"end":{"line":91,"column":3}},"loc":{"start":{"line":91,"column":39},"end":{"line":93,"column":3}},"line":91},"6":{"name":"(anonymous_6)","decl":{"start":{"line":104,"column":2},"end":{"line":104,"column":3}},"loc":{"start":{"line":104,"column":34},"end":{"line":143,"column":3}},"line":104},"7":{"name":"(anonymous_7)","decl":{"start":{"line":154,"column":2},"end":{"line":154,"column":3}},"loc":{"start":{"line":154,"column":34},"end":{"line":196,"column":3}},"line":154},"8":{"name":"(anonymous_8)","decl":{"start":{"line":207,"column":2},"end":{"line":207,"column":3}},"loc":{"start":{"line":207,"column":38},"end":{"line":245,"column":3}},"line":207},"9":{"name":"(anonymous_9)","decl":{"start":{"line":261,"column":2},"end":{"line":261,"column":3}},"loc":{"start":{"line":261,"column":34},"end":{"line":308,"column":3}},"line":261},"10":{"name":"(anonymous_10)","decl":{"start":{"line":310,"column":2},"end":{"line":310,"column":3}},"loc":{"start":{"line":310,"column":71},"end":{"line":318,"column":3}},"line":310},"11":{"name":"(anonymous_11)","decl":{"start":{"line":314,"column":28},"end":{"line":314,"column":29}},"loc":{"start":{"line":314,"column":42},"end":{"line":314,"column":67}},"line":314},"12":{"name":"(anonymous_12)","decl":{"start":{"line":323,"column":2},"end":{"line":323,"column":3}},"loc":{"start":{"line":323,"column":24},"end":{"line":327,"column":3}},"line":323},"13":{"name":"(anonymous_13)","decl":{"start":{"line":325,"column":29},"end":{"line":325,"column":30}},"loc":{"start":{"line":325,"column":38},"end":{"line":325,"column":121}},"line":325},"14":{"name":"(anonymous_14)","decl":{"start":{"line":332,"column":2},"end":{"line":332,"column":3}},"loc":{"start":{"line":332,"column":23},"end":{"line":337,"column":3}},"line":332},"15":{"name":"(anonymous_15)","decl":{"start":{"line":344,"column":2},"end":{"line":344,"column":3}},"loc":{"start":{"line":344,"column":43},"end":{"line":356,"column":3}},"line":344}},"branchMap":{"0":{"loc":{"start":{"line":17,"column":4},"end":{"line":21,"column":5}},"type":"if","locations":[{"start":{"line":17,"column":4},"end":{"line":21,"column":5}},{"start":{},"end":{}}],"line":17},"1":{"loc":{"start":{"line":32,"column":4},"end":{"line":35,"column":5}},"type":"if","locations":[{"start":{"line":32,"column":4},"end":{"line":35,"column":5}},{"start":{},"end":{}}],"line":32},"2":{"loc":{"start":{"line":71,"column":4},"end":{"line":86,"column":5}},"type":"if","locations":[{"start":{"line":71,"column":4},"end":{"line":86,"column":5}},{"start":{"line":74,"column":11},"end":{"line":86,"column":5}}],"line":71},"3":{"loc":{"start":{"line":74,"column":11},"end":{"line":86,"column":5}},"type":"if","locations":[{"start":{"line":74,"column":11},"end":{"line":86,"column":5}},{"start":{"line":77,"column":11},"end":{"line":86,"column":5}}],"line":74},"4":{"loc":{"start":{"line":80,"column":6},"end":{"line":82,"column":7}},"type":"if","locations":[{"start":{"line":80,"column":6},"end":{"line":82,"column":7}},{"start":{},"end":{}}],"line":80},"5":{"loc":{"start":{"line":83,"column":6},"end":{"line":85,"column":7}},"type":"if","locations":[{"start":{"line":83,"column":6},"end":{"line":85,"column":7}},{"start":{},"end":{}}],"line":83},"6":{"loc":{"start":{"line":88,"column":11},"end":{"line":88,"column":36}},"type":"binary-expr","locations":[{"start":{"line":88,"column":11},"end":{"line":88,"column":21}},{"start":{"line":88,"column":25},"end":{"line":88,"column":36}}],"line":88},"7":{"loc":{"start":{"line":104,"column":21},"end":{"line":104,"column":32}},"type":"default-arg","locations":[{"start":{"line":104,"column":30},"end":{"line":104,"column":32}}],"line":104},"8":{"loc":{"start":{"line":105,"column":4},"end":{"line":111,"column":5}},"type":"if","locations":[{"start":{"line":105,"column":4},"end":{"line":111,"column":5}},{"start":{},"end":{}}],"line":105},"9":{"loc":{"start":{"line":113,"column":22},"end":{"line":113,"column":43}},"type":"binary-expr","locations":[{"start":{"line":113,"column":22},"end":{"line":113,"column":35}},{"start":{"line":113,"column":37},"end":{"line":113,"column":43}}],"line":113},"10":{"loc":{"start":{"line":120,"column":20},"end":{"line":120,"column":109}},"type":"cond-expr","locations":[{"start":{"line":120,"column":57},"end":{"line":120,"column":76}},{"start":{"line":120,"column":79},"end":{"line":120,"column":109}}],"line":120},"11":{"loc":{"start":{"line":120,"column":20},"end":{"line":120,"column":54}},"type":"binary-expr","locations":[{"start":{"line":120,"column":20},"end":{"line":120,"column":31}},{"start":{"line":120,"column":35},"end":{"line":120,"column":54}}],"line":120},"12":{"loc":{"start":{"line":122,"column":6},"end":{"line":138,"column":7}},"type":"if","locations":[{"start":{"line":122,"column":6},"end":{"line":138,"column":7}},{"start":{},"end":{}}],"line":122},"13":{"loc":{"start":{"line":124,"column":8},"end":{"line":131,"column":9}},"type":"if","locations":[{"start":{"line":124,"column":8},"end":{"line":131,"column":9}},{"start":{"line":126,"column":15},"end":{"line":131,"column":9}}],"line":124},"14":{"loc":{"start":{"line":126,"column":15},"end":{"line":131,"column":9}},"type":"if","locations":[{"start":{"line":126,"column":15},"end":{"line":131,"column":9}},{"start":{"line":128,"column":15},"end":{"line":131,"column":9}}],"line":126},"15":{"loc":{"start":{"line":154,"column":21},"end":{"line":154,"column":32}},"type":"default-arg","locations":[{"start":{"line":154,"column":30},"end":{"line":154,"column":32}}],"line":154},"16":{"loc":{"start":{"line":155,"column":4},"end":{"line":161,"column":5}},"type":"if","locations":[{"start":{"line":155,"column":4},"end":{"line":161,"column":5}},{"start":{},"end":{}}],"line":155},"17":{"loc":{"start":{"line":173,"column":6},"end":{"line":191,"column":7}},"type":"if","locations":[{"start":{"line":173,"column":6},"end":{"line":191,"column":7}},{"start":{},"end":{}}],"line":173},"18":{"loc":{"start":{"line":179,"column":8},"end":{"line":181,"column":9}},"type":"if","locations":[{"start":{"line":179,"column":8},"end":{"line":181,"column":9}},{"start":{},"end":{}}],"line":179},"19":{"loc":{"start":{"line":182,"column":8},"end":{"line":184,"column":9}},"type":"if","locations":[{"start":{"line":182,"column":8},"end":{"line":184,"column":9}},{"start":{},"end":{}}],"line":182},"20":{"loc":{"start":{"line":192,"column":13},"end":{"line":192,"column":40}},"type":"binary-expr","locations":[{"start":{"line":192,"column":13},"end":{"line":192,"column":25}},{"start":{"line":192,"column":29},"end":{"line":192,"column":40}}],"line":192},"21":{"loc":{"start":{"line":207,"column":25},"end":{"line":207,"column":36}},"type":"default-arg","locations":[{"start":{"line":207,"column":34},"end":{"line":207,"column":36}}],"line":207},"22":{"loc":{"start":{"line":208,"column":4},"end":{"line":214,"column":5}},"type":"if","locations":[{"start":{"line":208,"column":4},"end":{"line":214,"column":5}},{"start":{},"end":{}}],"line":208},"23":{"loc":{"start":{"line":222,"column":6},"end":{"line":239,"column":7}},"type":"if","locations":[{"start":{"line":222,"column":6},"end":{"line":239,"column":7}},{"start":{},"end":{}}],"line":222},"24":{"loc":{"start":{"line":227,"column":8},"end":{"line":229,"column":9}},"type":"if","locations":[{"start":{"line":227,"column":8},"end":{"line":229,"column":9}},{"start":{},"end":{}}],"line":227},"25":{"loc":{"start":{"line":230,"column":8},"end":{"line":232,"column":9}},"type":"if","locations":[{"start":{"line":230,"column":8},"end":{"line":232,"column":9}},{"start":{},"end":{}}],"line":230},"26":{"loc":{"start":{"line":241,"column":13},"end":{"line":241,"column":42}},"type":"binary-expr","locations":[{"start":{"line":241,"column":13},"end":{"line":241,"column":25}},{"start":{"line":241,"column":29},"end":{"line":241,"column":42}}],"line":241},"27":{"loc":{"start":{"line":261,"column":21},"end":{"line":261,"column":32}},"type":"default-arg","locations":[{"start":{"line":261,"column":30},"end":{"line":261,"column":32}}],"line":261},"28":{"loc":{"start":{"line":263,"column":20},"end":{"line":263,"column":39}},"type":"binary-expr","locations":[{"start":{"line":263,"column":20},"end":{"line":263,"column":31}},{"start":{"line":263,"column":33},"end":{"line":263,"column":39}}],"line":263},"29":{"loc":{"start":{"line":264,"column":22},"end":{"line":264,"column":43}},"type":"binary-expr","locations":[{"start":{"line":264,"column":22},"end":{"line":264,"column":35}},{"start":{"line":264,"column":37},"end":{"line":264,"column":43}}],"line":264},"30":{"loc":{"start":{"line":265,"column":26},"end":{"line":265,"column":50}},"type":"binary-expr","locations":[{"start":{"line":265,"column":26},"end":{"line":265,"column":43}},{"start":{"line":265,"column":45},"end":{"line":265,"column":50}}],"line":265},"31":{"loc":{"start":{"line":273,"column":6},"end":{"line":300,"column":7}},"type":"if","locations":[{"start":{"line":273,"column":6},"end":{"line":300,"column":7}},{"start":{"line":275,"column":13},"end":{"line":300,"column":7}}],"line":273},"32":{"loc":{"start":{"line":275,"column":13},"end":{"line":300,"column":7}},"type":"if","locations":[{"start":{"line":275,"column":13},"end":{"line":300,"column":7}},{"start":{"line":280,"column":13},"end":{"line":300,"column":7}}],"line":275},"33":{"loc":{"start":{"line":282,"column":8},"end":{"line":296,"column":9}},"type":"if","locations":[{"start":{"line":282,"column":8},"end":{"line":296,"column":9}},{"start":{"line":289,"column":15},"end":{"line":296,"column":9}}],"line":282},"34":{"loc":{"start":{"line":297,"column":8},"end":{"line":299,"column":9}},"type":"if","locations":[{"start":{"line":297,"column":8},"end":{"line":299,"column":9}},{"start":{},"end":{}}],"line":297},"35":{"loc":{"start":{"line":297,"column":12},"end":{"line":297,"column":57}},"type":"binary-expr","locations":[{"start":{"line":297,"column":12},"end":{"line":297,"column":29}},{"start":{"line":297,"column":33},"end":{"line":297,"column":57}}],"line":297},"36":{"loc":{"start":{"line":314,"column":6},"end":{"line":316,"column":7}},"type":"if","locations":[{"start":{"line":314,"column":6},"end":{"line":316,"column":7}},{"start":{},"end":{}}],"line":314},"37":{"loc":{"start":{"line":324,"column":4},"end":{"line":326,"column":5}},"type":"if","locations":[{"start":{"line":324,"column":4},"end":{"line":326,"column":5}},{"start":{},"end":{}}],"line":324},"38":{"loc":{"start":{"line":324,"column":8},"end":{"line":324,"column":51}},"type":"binary-expr","locations":[{"start":{"line":324,"column":8},"end":{"line":324,"column":22}},{"start":{"line":324,"column":26},"end":{"line":324,"column":51}}],"line":324},"39":{"loc":{"start":{"line":333,"column":4},"end":{"line":336,"column":5}},"type":"if","locations":[{"start":{"line":333,"column":4},"end":{"line":336,"column":5}},{"start":{},"end":{}}],"line":333},"40":{"loc":{"start":{"line":348,"column":4},"end":{"line":354,"column":5}},"type":"if","locations":[{"start":{"line":348,"column":4},"end":{"line":354,"column":5}},{"start":{"line":350,"column":11},"end":{"line":354,"column":5}}],"line":348}},"s":{"0":0,"1":0,"2":0,"3":0,"4":0,"5":0,"6":0,"7":0,"8":0,"9":0,"10":0,"11":0,"12":0,"13":0,"14":0,"15":0,"16":0,"17":0,"18":0,"19":0,"20":0,"21":0,"22":0,"23":0,"24":0,"25":0,"26":0,"27":0,"28":0,"29":0,"30":0,"31":0,"32":0,"33":0,"34":0,"35":0,"36":0,"37":0,"38":0,"39":0,"40":0,"41":0,"42":0,"43":0,"44":0,"45":0,"46":0,"47":0,"48":0,"49":0,"50":0,"51":0,"52":0,"53":0,"54":0,"55":0,"56":0,"57":0,"58":0,"59":0,"60":0,"61":0,"62":0,"63":0,"64":0,"65":0,"66":0,"67":0,"68":0,"69":0,"70":0,"71":0,"72":0,"73":0,"74":0,"75":0,"76":0,"77":0,"78":0,"79":0,"80":0,"81":0,"82":0,"83":0,"84":0,"85":0,"86":0,"87":0,"88":0,"89":0,"90":0,"91":0,"92":0,"93":0,"94":0,"95":0,"96":0,"97":0,"98":0,"99":0,"100":0,"101":0,"102":0,"103":0,"104":0,"105":0,"106":0,"107":0,"108":0,"109":0,"110":0,"111":0,"112":0,"113":0,"114":0,"115":0,"116":0,"117":0,"118":0,"119":0,"120":0,"121":0,"122":0,"123":0,"124":0,"125":0,"126":0,"127":0,"128":0,"129":0,"130":0,"131":0,"132":0,"133":0,"134":0,"135":0,"136":0,"137":0,"138":0,"139":0,"140":0,"141":0,"142":0,"143":0,"144":0,"145":0,"146":0,"147":0,"148":0,"149":0,"150":0,"151":0,"152":0,"153":1,"154":1},"f":{"0":0,"1":0,"2":0,"3":0,"4":0,"5":0,"6":0,"7":0,"8":0,"9":0,"10":0,"11":0,"12":0,"13":0,"14":0,"15":0},"b":{"0":[0,0],"1":[0,0],"2":[0,0],"3":[0,0],"4":[0,0],"5":[0,0],"6":[0,0],"7":[0],"8":[0,0],"9":[0,0],"10":[0,0],"11":[0,0],"12":[0,0],"13":[0,0],"14":[0,0],"15":[0],"16":[0,0],"17":[0,0],"18":[0,0],"19":[0,0],"20":[0,0],"21":[0],"22":[0,0],"23":[0,0],"24":[0,0],"25":[0,0],"26":[0,0],"27":[0],"28":[0,0],"29":[0,0],"30":[0,0],"31":[0,0],"32":[0,0],"33":[0,0],"34":[0,0],"35":[0,0],"36":[0,0],"37":[0,0],"38":[0,0],"39":[0,0],"40":[0,0]},"_coverageSchema":"1a1c01bbd47fc00a2c39e90264f33305004495a9","hash":"1213f3f658124a15df79ef16ae9849da58ab2e25"}
,"F:\\_Alpheios\\____service_workes\\_workspaces-core\\v1\\packages\\wordlist\\src\\controllers\\wordlist-controller.js": {"path":"F:\\_Alpheios\\____service_workes\\_workspaces-core\\v1\\packages\\wordlist\\src\\controllers\\wordlist-controller.js","statementMap":{"0":{"start":{"line":11,"column":4},"end":{"line":11,"column":23}},"1":{"start":{"line":12,"column":4},"end":{"line":12,"column":40}},"2":{"start":{"line":13,"column":4},"end":{"line":13,"column":88}},"3":{"start":{"line":14,"column":4},"end":{"line":14,"column":60}},"4":{"start":{"line":15,"column":4},"end":{"line":15,"column":67}},"5":{"start":{"line":16,"column":4},"end":{"line":16,"column":66}},"6":{"start":{"line":17,"column":4},"end":{"line":17,"column":75}},"7":{"start":{"line":19,"column":4},"end":{"line":19,"column":93}},"8":{"start":{"line":20,"column":4},"end":{"line":20,"column":108}},"9":{"start":{"line":21,"column":4},"end":{"line":21,"column":100}},"10":{"start":{"line":30,"column":4},"end":{"line":59,"column":5}},"11":{"start":{"line":32,"column":6},"end":{"line":32,"column":25}},"12":{"start":{"line":34,"column":6},"end":{"line":58,"column":7}},"13":{"start":{"line":35,"column":25},"end":{"line":35,"column":53}},"14":{"start":{"line":36,"column":8},"end":{"line":36,"column":43}},"15":{"start":{"line":37,"column":24},"end":{"line":37,"column":131}},"16":{"start":{"line":38,"column":8},"end":{"line":41,"column":9}},"17":{"start":{"line":39,"column":10},"end":{"line":39,"column":78}},"18":{"start":{"line":40,"column":10},"end":{"line":40,"column":69}},"19":{"start":{"line":42,"column":8},"end":{"line":57,"column":9}},"20":{"start":{"line":43,"column":10},"end":{"line":56,"column":11}},"21":{"start":{"line":44,"column":12},"end":{"line":55,"column":13}},"22":{"start":{"line":46,"column":30},"end":{"line":46,"column":140}},"23":{"start":{"line":46,"column":58},"end":{"line":46,"column":139}},"24":{"start":{"line":47,"column":14},"end":{"line":49,"column":15}},"25":{"start":{"line":48,"column":16},"end":{"line":48,"column":52}},"26":{"start":{"line":50,"column":14},"end":{"line":52,"column":15}},"27":{"start":{"line":51,"column":16},"end":{"line":51,"column":55}},"28":{"start":{"line":54,"column":14},"end":{"line":54,"column":109}},"29":{"start":{"line":60,"column":4},"end":{"line":60,"column":25}},"30":{"start":{"line":64,"column":16},"end":{"line":64,"column":17}},"31":{"start":{"line":65,"column":4},"end":{"line":69,"column":5}},"32":{"start":{"line":66,"column":6},"end":{"line":68,"column":7}},"33":{"start":{"line":67,"column":8},"end":{"line":67,"column":57}},"34":{"start":{"line":70,"column":4},"end":{"line":70,"column":16}},"35":{"start":{"line":81,"column":4},"end":{"line":85,"column":5}},"36":{"start":{"line":82,"column":21},"end":{"line":82,"column":50}},"37":{"start":{"line":83,"column":6},"end":{"line":83,"column":45}},"38":{"start":{"line":84,"column":6},"end":{"line":84,"column":59}},"39":{"start":{"line":86,"column":4},"end":{"line":86,"column":39}},"40":{"start":{"line":95,"column":4},"end":{"line":95,"column":39}},"41":{"start":{"line":96,"column":4},"end":{"line":96,"column":109}},"42":{"start":{"line":97,"column":4},"end":{"line":97,"column":63}},"43":{"start":{"line":107,"column":19},"end":{"line":107,"column":56}},"44":{"start":{"line":108,"column":4},"end":{"line":118,"column":5}},"45":{"start":{"line":109,"column":20},"end":{"line":109,"column":55}},"46":{"start":{"line":110,"column":6},"end":{"line":117,"column":7}},"47":{"start":{"line":111,"column":8},"end":{"line":111,"column":71}},"48":{"start":{"line":112,"column":8},"end":{"line":114,"column":9}},"49":{"start":{"line":113,"column":10},"end":{"line":113,"column":43}},"50":{"start":{"line":116,"column":8},"end":{"line":116,"column":129}},"51":{"start":{"line":129,"column":19},"end":{"line":129,"column":57}},"52":{"start":{"line":131,"column":4},"end":{"line":136,"column":5}},"53":{"start":{"line":132,"column":6},"end":{"line":132,"column":98}},"54":{"start":{"line":133,"column":6},"end":{"line":135,"column":7}},"55":{"start":{"line":134,"column":8},"end":{"line":134,"column":48}},"56":{"start":{"line":137,"column":4},"end":{"line":139,"column":5}},"57":{"start":{"line":138,"column":6},"end":{"line":138,"column":106}},"58":{"start":{"line":140,"column":4},"end":{"line":140,"column":19}},"59":{"start":{"line":151,"column":19},"end":{"line":151,"column":123}},"60":{"start":{"line":152,"column":4},"end":{"line":152,"column":27}},"61":{"start":{"line":153,"column":4},"end":{"line":153,"column":34}},"62":{"start":{"line":154,"column":4},"end":{"line":154,"column":44}},"63":{"start":{"line":155,"column":4},"end":{"line":155,"column":72}},"64":{"start":{"line":156,"column":4},"end":{"line":156,"column":97}},"65":{"start":{"line":157,"column":4},"end":{"line":157,"column":103}},"66":{"start":{"line":159,"column":4},"end":{"line":159,"column":63}},"67":{"start":{"line":168,"column":19},"end":{"line":168,"column":123}},"68":{"start":{"line":169,"column":4},"end":{"line":169,"column":27}},"69":{"start":{"line":172,"column":4},"end":{"line":172,"column":97}},"70":{"start":{"line":173,"column":4},"end":{"line":173,"column":103}},"71":{"start":{"line":175,"column":4},"end":{"line":175,"column":63}},"72":{"start":{"line":184,"column":19},"end":{"line":184,"column":132}},"73":{"start":{"line":185,"column":4},"end":{"line":193,"column":5}},"74":{"start":{"line":186,"column":6},"end":{"line":186,"column":36}},"75":{"start":{"line":187,"column":6},"end":{"line":187,"column":46}},"76":{"start":{"line":188,"column":6},"end":{"line":188,"column":37}},"77":{"start":{"line":189,"column":6},"end":{"line":189,"column":104}},"78":{"start":{"line":192,"column":6},"end":{"line":192,"column":142}},"79":{"start":{"line":202,"column":19},"end":{"line":202,"column":132}},"80":{"start":{"line":203,"column":4},"end":{"line":209,"column":5}},"81":{"start":{"line":204,"column":6},"end":{"line":204,"column":37}},"82":{"start":{"line":205,"column":6},"end":{"line":205,"column":104}},"83":{"start":{"line":208,"column":6},"end":{"line":208,"column":129}},"84":{"start":{"line":219,"column":19},"end":{"line":219,"column":117}},"85":{"start":{"line":220,"column":4},"end":{"line":227,"column":5}},"86":{"start":{"line":221,"column":6},"end":{"line":221,"column":36}},"87":{"start":{"line":222,"column":6},"end":{"line":222,"column":46}},"88":{"start":{"line":223,"column":6},"end":{"line":223,"column":29}},"89":{"start":{"line":224,"column":6},"end":{"line":224,"column":104}},"90":{"start":{"line":226,"column":6},"end":{"line":226,"column":142}},"91":{"start":{"line":237,"column":19},"end":{"line":237,"column":117}},"92":{"start":{"line":238,"column":4},"end":{"line":243,"column":5}},"93":{"start":{"line":239,"column":6},"end":{"line":239,"column":29}},"94":{"start":{"line":240,"column":6},"end":{"line":240,"column":104}},"95":{"start":{"line":242,"column":6},"end":{"line":242,"column":129}},"96":{"start":{"line":254,"column":19},"end":{"line":254,"column":85}},"97":{"start":{"line":255,"column":4},"end":{"line":264,"column":5}},"98":{"start":{"line":256,"column":6},"end":{"line":256,"column":36}},"99":{"start":{"line":257,"column":6},"end":{"line":257,"column":46}},"100":{"start":{"line":258,"column":6},"end":{"line":258,"column":33}},"101":{"start":{"line":259,"column":6},"end":{"line":259,"column":100}},"102":{"start":{"line":261,"column":6},"end":{"line":261,"column":92}},"103":{"start":{"line":263,"column":6},"end":{"line":263,"column":131}},"104":{"start":{"line":276,"column":19},"end":{"line":276,"column":71}},"105":{"start":{"line":277,"column":4},"end":{"line":283,"column":5}},"106":{"start":{"line":278,"column":6},"end":{"line":278,"column":36}},"107":{"start":{"line":279,"column":6},"end":{"line":279,"column":46}},"108":{"start":{"line":280,"column":6},"end":{"line":280,"column":99}},"109":{"start":{"line":282,"column":6},"end":{"line":282,"column":144}},"110":{"start":{"line":293,"column":19},"end":{"line":293,"column":56}},"111":{"start":{"line":294,"column":4},"end":{"line":298,"column":6}},"112":{"start":{"line":295,"column":6},"end":{"line":295,"column":36}},"113":{"start":{"line":296,"column":6},"end":{"line":296,"column":46}},"114":{"start":{"line":297,"column":6},"end":{"line":297,"column":99}},"115":{"start":{"line":308,"column":19},"end":{"line":308,"column":72}},"116":{"start":{"line":309,"column":4},"end":{"line":309,"column":58}},"117":{"start":{"line":318,"column":4},"end":{"line":318,"column":61}},"118":{"start":{"line":323,"column":0},"end":{"line":375,"column":1}}},"fnMap":{"0":{"name":"(anonymous_0)","decl":{"start":{"line":10,"column":2},"end":{"line":10,"column":3}},"loc":{"start":{"line":10,"column":39},"end":{"line":22,"column":3}},"line":10},"1":{"name":"(anonymous_1)","decl":{"start":{"line":29,"column":2},"end":{"line":29,"column":3}},"loc":{"start":{"line":29,"column":32},"end":{"line":61,"column":3}},"line":29},"2":{"name":"(anonymous_2)","decl":{"start":{"line":46,"column":53},"end":{"line":46,"column":54}},"loc":{"start":{"line":46,"column":58},"end":{"line":46,"column":139}},"line":46},"3":{"name":"(anonymous_3)","decl":{"start":{"line":63,"column":2},"end":{"line":63,"column":3}},"loc":{"start":{"line":63,"column":25},"end":{"line":71,"column":3}},"line":63},"4":{"name":"(anonymous_4)","decl":{"start":{"line":80,"column":2},"end":{"line":80,"column":3}},"loc":{"start":{"line":80,"column":42},"end":{"line":87,"column":3}},"line":80},"5":{"name":"(anonymous_5)","decl":{"start":{"line":94,"column":2},"end":{"line":94,"column":3}},"loc":{"start":{"line":94,"column":32},"end":{"line":98,"column":3}},"line":94},"6":{"name":"(anonymous_6)","decl":{"start":{"line":106,"column":2},"end":{"line":106,"column":3}},"loc":{"start":{"line":106,"column":48},"end":{"line":119,"column":3}},"line":106},"7":{"name":"(anonymous_7)","decl":{"start":{"line":128,"column":2},"end":{"line":128,"column":3}},"loc":{"start":{"line":128,"column":59},"end":{"line":141,"column":3}},"line":128},"8":{"name":"(anonymous_8)","decl":{"start":{"line":148,"column":3},"end":{"line":148,"column":4}},"loc":{"start":{"line":148,"column":25},"end":{"line":160,"column":3}},"line":148},"9":{"name":"(anonymous_9)","decl":{"start":{"line":167,"column":2},"end":{"line":167,"column":3}},"loc":{"start":{"line":167,"column":41},"end":{"line":176,"column":3}},"line":167},"10":{"name":"(anonymous_10)","decl":{"start":{"line":183,"column":2},"end":{"line":183,"column":3}},"loc":{"start":{"line":183,"column":28},"end":{"line":194,"column":3}},"line":183},"11":{"name":"(anonymous_11)","decl":{"start":{"line":201,"column":2},"end":{"line":201,"column":3}},"loc":{"start":{"line":201,"column":45},"end":{"line":210,"column":3}},"line":201},"12":{"name":"(anonymous_12)","decl":{"start":{"line":218,"column":2},"end":{"line":218,"column":3}},"loc":{"start":{"line":218,"column":34},"end":{"line":228,"column":3}},"line":218},"13":{"name":"(anonymous_13)","decl":{"start":{"line":236,"column":1},"end":{"line":236,"column":2}},"loc":{"start":{"line":236,"column":50},"end":{"line":244,"column":3}},"line":236},"14":{"name":"(anonymous_14)","decl":{"start":{"line":251,"column":2},"end":{"line":251,"column":3}},"loc":{"start":{"line":251,"column":37},"end":{"line":266,"column":3}},"line":251},"15":{"name":"(anonymous_15)","decl":{"start":{"line":275,"column":2},"end":{"line":275,"column":3}},"loc":{"start":{"line":275,"column":64},"end":{"line":284,"column":3}},"line":275},"16":{"name":"(anonymous_16)","decl":{"start":{"line":292,"column":2},"end":{"line":292,"column":3}},"loc":{"start":{"line":292,"column":47},"end":{"line":299,"column":3}},"line":292},"17":{"name":"(anonymous_17)","decl":{"start":{"line":294,"column":28},"end":{"line":294,"column":29}},"loc":{"start":{"line":294,"column":40},"end":{"line":298,"column":5}},"line":294},"18":{"name":"(anonymous_18)","decl":{"start":{"line":307,"column":2},"end":{"line":307,"column":3}},"loc":{"start":{"line":307,"column":50},"end":{"line":310,"column":3}},"line":307},"19":{"name":"(anonymous_19)","decl":{"start":{"line":317,"column":2},"end":{"line":317,"column":3}},"loc":{"start":{"line":317,"column":32},"end":{"line":319,"column":3}},"line":317}},"branchMap":{"0":{"loc":{"start":{"line":30,"column":4},"end":{"line":59,"column":5}},"type":"if","locations":[{"start":{"line":30,"column":4},"end":{"line":59,"column":5}},{"start":{"line":33,"column":11},"end":{"line":59,"column":5}}],"line":30},"1":{"loc":{"start":{"line":38,"column":8},"end":{"line":41,"column":9}},"type":"if","locations":[{"start":{"line":38,"column":8},"end":{"line":41,"column":9}},{"start":{},"end":{}}],"line":38},"2":{"loc":{"start":{"line":42,"column":8},"end":{"line":57,"column":9}},"type":"if","locations":[{"start":{"line":42,"column":8},"end":{"line":57,"column":9}},{"start":{},"end":{}}],"line":42},"3":{"loc":{"start":{"line":50,"column":14},"end":{"line":52,"column":15}},"type":"if","locations":[{"start":{"line":50,"column":14},"end":{"line":52,"column":15}},{"start":{},"end":{}}],"line":50},"4":{"loc":{"start":{"line":66,"column":6},"end":{"line":68,"column":7}},"type":"if","locations":[{"start":{"line":66,"column":6},"end":{"line":68,"column":7}},{"start":{},"end":{}}],"line":66},"5":{"loc":{"start":{"line":80,"column":29},"end":{"line":80,"column":40}},"type":"default-arg","locations":[{"start":{"line":80,"column":36},"end":{"line":80,"column":40}}],"line":80},"6":{"loc":{"start":{"line":81,"column":4},"end":{"line":85,"column":5}},"type":"if","locations":[{"start":{"line":81,"column":4},"end":{"line":85,"column":5}},{"start":{},"end":{}}],"line":81},"7":{"loc":{"start":{"line":81,"column":8},"end":{"line":81,"column":53}},"type":"binary-expr","locations":[{"start":{"line":81,"column":8},"end":{"line":81,"column":14}},{"start":{"line":81,"column":18},"end":{"line":81,"column":53}}],"line":81},"8":{"loc":{"start":{"line":108,"column":4},"end":{"line":118,"column":5}},"type":"if","locations":[{"start":{"line":108,"column":4},"end":{"line":118,"column":5}},{"start":{},"end":{}}],"line":108},"9":{"loc":{"start":{"line":110,"column":6},"end":{"line":117,"column":7}},"type":"if","locations":[{"start":{"line":110,"column":6},"end":{"line":117,"column":7}},{"start":{"line":115,"column":13},"end":{"line":117,"column":7}}],"line":110},"10":{"loc":{"start":{"line":112,"column":8},"end":{"line":114,"column":9}},"type":"if","locations":[{"start":{"line":112,"column":8},"end":{"line":114,"column":9}},{"start":{},"end":{}}],"line":112},"11":{"loc":{"start":{"line":128,"column":45},"end":{"line":128,"column":57}},"type":"default-arg","locations":[{"start":{"line":128,"column":52},"end":{"line":128,"column":57}}],"line":128},"12":{"loc":{"start":{"line":131,"column":4},"end":{"line":136,"column":5}},"type":"if","locations":[{"start":{"line":131,"column":4},"end":{"line":136,"column":5}},{"start":{},"end":{}}],"line":131},"13":{"loc":{"start":{"line":133,"column":6},"end":{"line":135,"column":7}},"type":"if","locations":[{"start":{"line":133,"column":6},"end":{"line":135,"column":7}},{"start":{},"end":{}}],"line":133},"14":{"loc":{"start":{"line":137,"column":4},"end":{"line":139,"column":5}},"type":"if","locations":[{"start":{"line":137,"column":4},"end":{"line":139,"column":5}},{"start":{},"end":{}}],"line":137},"15":{"loc":{"start":{"line":155,"column":25},"end":{"line":155,"column":72}},"type":"cond-expr","locations":[{"start":{"line":155,"column":46},"end":{"line":155,"column":68}},{"start":{"line":155,"column":71},"end":{"line":155,"column":72}}],"line":155},"16":{"loc":{"start":{"line":185,"column":4},"end":{"line":193,"column":5}},"type":"if","locations":[{"start":{"line":185,"column":4},"end":{"line":193,"column":5}},{"start":{"line":190,"column":11},"end":{"line":193,"column":5}}],"line":185},"17":{"loc":{"start":{"line":203,"column":4},"end":{"line":209,"column":5}},"type":"if","locations":[{"start":{"line":203,"column":4},"end":{"line":209,"column":5}},{"start":{"line":206,"column":11},"end":{"line":209,"column":5}}],"line":203},"18":{"loc":{"start":{"line":220,"column":4},"end":{"line":227,"column":5}},"type":"if","locations":[{"start":{"line":220,"column":4},"end":{"line":227,"column":5}},{"start":{"line":225,"column":11},"end":{"line":227,"column":5}}],"line":220},"19":{"loc":{"start":{"line":238,"column":4},"end":{"line":243,"column":5}},"type":"if","locations":[{"start":{"line":238,"column":4},"end":{"line":243,"column":5}},{"start":{"line":241,"column":11},"end":{"line":243,"column":5}}],"line":238},"20":{"loc":{"start":{"line":255,"column":4},"end":{"line":264,"column":5}},"type":"if","locations":[{"start":{"line":255,"column":4},"end":{"line":264,"column":5}},{"start":{"line":262,"column":11},"end":{"line":264,"column":5}}],"line":255},"21":{"loc":{"start":{"line":277,"column":4},"end":{"line":283,"column":5}},"type":"if","locations":[{"start":{"line":277,"column":4},"end":{"line":283,"column":5}},{"start":{"line":281,"column":11},"end":{"line":283,"column":5}}],"line":277}},"s":{"0":20,"1":20,"2":20,"3":20,"4":20,"5":20,"6":20,"7":20,"8":20,"9":20,"10":4,"11":1,"12":3,"13":6,"14":6,"15":6,"16":6,"17":6,"18":6,"19":6,"20":1,"21":2,"22":2,"23":3,"24":2,"25":3,"26":2,"27":2,"28":1,"29":4,"30":4,"31":4,"32":8,"33":4,"34":4,"35":64,"36":15,"37":15,"38":15,"39":64,"40":2,"41":2,"42":2,"43":1,"44":1,"45":1,"46":1,"47":1,"48":1,"49":1,"50":0,"51":30,"52":30,"53":29,"54":29,"55":12,"56":30,"57":2,"58":30,"59":4,"60":3,"61":3,"62":3,"63":3,"64":3,"65":3,"66":3,"67":0,"68":0,"69":0,"70":0,"71":0,"72":3,"73":3,"74":2,"75":2,"76":2,"77":2,"78":1,"79":0,"80":0,"81":0,"82":0,"83":0,"84":1,"85":1,"86":1,"87":1,"88":1,"89":1,"90":0,"91":0,"92":0,"93":0,"94":0,"95":0,"96":9,"97":9,"98":9,"99":9,"100":9,"101":9,"102":9,"103":0,"104":2,"105":2,"106":2,"107":2,"108":2,"109":0,"110":1,"111":1,"112":2,"113":2,"114":2,"115":0,"116":0,"117":38,"118":2},"f":{"0":20,"1":4,"2":3,"3":4,"4":64,"5":2,"6":1,"7":30,"8":4,"9":0,"10":3,"11":0,"12":1,"13":0,"14":9,"15":2,"16":1,"17":2,"18":0,"19":38},"b":{"0":[1,3],"1":[6,0],"2":[1,5],"3":[2,0],"4":[4,4],"5":[13],"6":[15,49],"7":[64,38],"8":[1,0],"9":[1,0],"10":[1,0],"11":[15],"12":[29,1],"13":[12,17],"14":[2,28],"15":[1,2],"16":[2,1],"17":[0,0],"18":[1,0],"19":[0,0],"20":[9,0],"21":[2,0]},"_coverageSchema":"1a1c01bbd47fc00a2c39e90264f33305004495a9","hash":"01b322d88f375888b9a098e4bbeacb6faeff440b"}
,"F:\\_Alpheios\\____service_workes\\_workspaces-core\\v1\\packages\\wordlist\\src\\storage\\indexed-db-adapter.js": {"path":"F:\\_Alpheios\\____service_workes\\_workspaces-core\\v1\\packages\\wordlist\\src\\storage\\indexed-db-adapter.js","statementMap":{"0":{"start":{"line":13,"column":4},"end":{"line":13,"column":52}},"1":{"start":{"line":14,"column":4},"end":{"line":14,"column":28}},"2":{"start":{"line":15,"column":4},"end":{"line":15,"column":20}},"3":{"start":{"line":19,"column":4},"end":{"line":26,"column":5}},"4":{"start":{"line":20,"column":6},"end":{"line":25,"column":7}},"5":{"start":{"line":21,"column":8},"end":{"line":21,"column":29}},"6":{"start":{"line":22,"column":8},"end":{"line":24,"column":9}},"7":{"start":{"line":23,"column":10},"end":{"line":23,"column":71}},"8":{"start":{"line":28,"column":4},"end":{"line":30,"column":5}},"9":{"start":{"line":29,"column":6},"end":{"line":29,"column":42}},"10":{"start":{"line":31,"column":4},"end":{"line":31,"column":54}},"11":{"start":{"line":33,"column":17},"end":{"line":33,"column":57}},"12":{"start":{"line":35,"column":4},"end":{"line":35,"column":17}},"13":{"start":{"line":44,"column":4},"end":{"line":62,"column":5}},"14":{"start":{"line":45,"column":21},"end":{"line":45,"column":43}},"15":{"start":{"line":50,"column":6},"end":{"line":55,"column":7}},"16":{"start":{"line":51,"column":8},"end":{"line":51,"column":61}},"17":{"start":{"line":52,"column":8},"end":{"line":54,"column":9}},"18":{"start":{"line":53,"column":10},"end":{"line":53,"column":78}},"19":{"start":{"line":56,"column":6},"end":{"line":56,"column":24}},"20":{"start":{"line":58,"column":6},"end":{"line":60,"column":7}},"21":{"start":{"line":59,"column":8},"end":{"line":59,"column":31}},"22":{"start":{"line":61,"column":6},"end":{"line":61,"column":18}},"23":{"start":{"line":73,"column":4},"end":{"line":86,"column":5}},"24":{"start":{"line":74,"column":26},"end":{"line":74,"column":28}},"25":{"start":{"line":75,"column":6},"end":{"line":79,"column":7}},"26":{"start":{"line":76,"column":16},"end":{"line":76,"column":68}},"27":{"start":{"line":77,"column":27},"end":{"line":77,"column":57}},"28":{"start":{"line":78,"column":8},"end":{"line":78,"column":45}},"29":{"start":{"line":80,"column":6},"end":{"line":80,"column":26}},"30":{"start":{"line":82,"column":6},"end":{"line":84,"column":7}},"31":{"start":{"line":83,"column":8},"end":{"line":83,"column":31}},"32":{"start":{"line":85,"column":6},"end":{"line":85,"column":18}},"33":{"start":{"line":96,"column":4},"end":{"line":107,"column":5}},"34":{"start":{"line":97,"column":6},"end":{"line":100,"column":7}},"35":{"start":{"line":98,"column":16},"end":{"line":98,"column":62}},"36":{"start":{"line":99,"column":8},"end":{"line":99,"column":38}},"37":{"start":{"line":101,"column":6},"end":{"line":101,"column":17}},"38":{"start":{"line":103,"column":6},"end":{"line":105,"column":7}},"39":{"start":{"line":104,"column":8},"end":{"line":104,"column":31}},"40":{"start":{"line":106,"column":6},"end":{"line":106,"column":18}},"41":{"start":{"line":118,"column":4},"end":{"line":141,"column":5}},"42":{"start":{"line":119,"column":21},"end":{"line":119,"column":120}},"43":{"start":{"line":122,"column":6},"end":{"line":124,"column":7}},"44":{"start":{"line":123,"column":8},"end":{"line":123,"column":41}},"45":{"start":{"line":126,"column":6},"end":{"line":134,"column":7}},"46":{"start":{"line":127,"column":20},"end":{"line":127,"column":67}},"47":{"start":{"line":129,"column":8},"end":{"line":133,"column":9}},"48":{"start":{"line":130,"column":10},"end":{"line":130,"column":41}},"49":{"start":{"line":132,"column":10},"end":{"line":132,"column":23}},"50":{"start":{"line":135,"column":6},"end":{"line":135,"column":19}},"51":{"start":{"line":137,"column":6},"end":{"line":139,"column":7}},"52":{"start":{"line":138,"column":8},"end":{"line":138,"column":31}},"53":{"start":{"line":140,"column":6},"end":{"line":140,"column":12}},"54":{"start":{"line":150,"column":4},"end":{"line":176,"column":5}},"55":{"start":{"line":151,"column":27},"end":{"line":151,"column":63}},"56":{"start":{"line":152,"column":33},"end":{"line":152,"column":73}},"57":{"start":{"line":154,"column":18},"end":{"line":154,"column":20}},"58":{"start":{"line":156,"column":6},"end":{"line":168,"column":7}},"59":{"start":{"line":157,"column":27},"end":{"line":157,"column":61}},"60":{"start":{"line":159,"column":8},"end":{"line":166,"column":9}},"61":{"start":{"line":160,"column":22},"end":{"line":160,"column":77}},"62":{"start":{"line":161,"column":23},"end":{"line":161,"column":54}},"63":{"start":{"line":163,"column":10},"end":{"line":165,"column":11}},"64":{"start":{"line":164,"column":12},"end":{"line":164,"column":68}},"65":{"start":{"line":167,"column":8},"end":{"line":167,"column":32}},"66":{"start":{"line":170,"column":6},"end":{"line":170,"column":18}},"67":{"start":{"line":172,"column":6},"end":{"line":174,"column":7}},"68":{"start":{"line":173,"column":8},"end":{"line":173,"column":31}},"69":{"start":{"line":175,"column":6},"end":{"line":175,"column":18}},"70":{"start":{"line":185,"column":15},"end":{"line":185,"column":19}},"71":{"start":{"line":187,"column":20},"end":{"line":222,"column":6}},"72":{"start":{"line":188,"column":20},"end":{"line":188,"column":86}},"73":{"start":{"line":189,"column":6},"end":{"line":217,"column":7}},"74":{"start":{"line":190,"column":8},"end":{"line":216,"column":9}},"75":{"start":{"line":191,"column":19},"end":{"line":191,"column":38}},"76":{"start":{"line":192,"column":29},"end":{"line":192,"column":55}},"77":{"start":{"line":193,"column":38},"end":{"line":193,"column":57}},"78":{"start":{"line":195,"column":10},"end":{"line":212,"column":11}},"79":{"start":{"line":197,"column":30},"end":{"line":197,"column":66}},"80":{"start":{"line":199,"column":30},"end":{"line":199,"column":60}},"81":{"start":{"line":201,"column":37},"end":{"line":201,"column":56}},"82":{"start":{"line":202,"column":12},"end":{"line":207,"column":13}},"83":{"start":{"line":203,"column":14},"end":{"line":203,"column":63}},"84":{"start":{"line":204,"column":14},"end":{"line":206,"column":15}},"85":{"start":{"line":205,"column":16},"end":{"line":205,"column":29}},"86":{"start":{"line":208,"column":12},"end":{"line":211,"column":13}},"87":{"start":{"line":209,"column":14},"end":{"line":209,"column":44}},"88":{"start":{"line":210,"column":14},"end":{"line":210,"column":34}},"89":{"start":{"line":214,"column":10},"end":{"line":214,"column":33}},"90":{"start":{"line":215,"column":10},"end":{"line":215,"column":23}},"91":{"start":{"line":218,"column":6},"end":{"line":221,"column":7}},"92":{"start":{"line":219,"column":8},"end":{"line":219,"column":38}},"93":{"start":{"line":220,"column":8},"end":{"line":220,"column":28}},"94":{"start":{"line":223,"column":4},"end":{"line":223,"column":20}},"95":{"start":{"line":232,"column":4},"end":{"line":232,"column":109}},"96":{"start":{"line":233,"column":4},"end":{"line":233,"column":135}},"97":{"start":{"line":234,"column":4},"end":{"line":234,"column":94}},"98":{"start":{"line":235,"column":4},"end":{"line":238,"column":5}},"99":{"start":{"line":236,"column":6},"end":{"line":236,"column":123}},"100":{"start":{"line":237,"column":6},"end":{"line":237,"column":18}},"101":{"start":{"line":239,"column":4},"end":{"line":239,"column":15}},"102":{"start":{"line":247,"column":18},"end":{"line":247,"column":84}},"103":{"start":{"line":248,"column":4},"end":{"line":252,"column":5}},"104":{"start":{"line":249,"column":17},"end":{"line":249,"column":36}},"105":{"start":{"line":250,"column":33},"end":{"line":250,"column":57}},"106":{"start":{"line":251,"column":6},"end":{"line":251,"column":54}},"107":{"start":{"line":253,"column":4},"end":{"line":253,"column":18}},"108":{"start":{"line":260,"column":4},"end":{"line":279,"column":5}},"109":{"start":{"line":261,"column":6},"end":{"line":275,"column":7}},"110":{"start":{"line":264,"column":8},"end":{"line":268,"column":9}},"111":{"start":{"line":265,"column":10},"end":{"line":265,"column":114}},"112":{"start":{"line":267,"column":10},"end":{"line":267,"column":76}},"113":{"start":{"line":270,"column":8},"end":{"line":274,"column":10}},"114":{"start":{"line":271,"column":10},"end":{"line":273,"column":11}},"115":{"start":{"line":272,"column":12},"end":{"line":272,"column":93}},"116":{"start":{"line":278,"column":6},"end":{"line":278,"column":29}},"117":{"start":{"line":290,"column":15},"end":{"line":290,"column":19}},"118":{"start":{"line":292,"column":24},"end":{"line":303,"column":6}},"119":{"start":{"line":293,"column":20},"end":{"line":293,"column":47}},"120":{"start":{"line":294,"column":6},"end":{"line":298,"column":7}},"121":{"start":{"line":295,"column":19},"end":{"line":295,"column":38}},"122":{"start":{"line":296,"column":17},"end":{"line":296,"column":46}},"123":{"start":{"line":297,"column":8},"end":{"line":297,"column":19}},"124":{"start":{"line":299,"column":6},"end":{"line":302,"column":7}},"125":{"start":{"line":300,"column":8},"end":{"line":300,"column":38}},"126":{"start":{"line":301,"column":8},"end":{"line":301,"column":16}},"127":{"start":{"line":304,"column":4},"end":{"line":304,"column":24}},"128":{"start":{"line":316,"column":15},"end":{"line":316,"column":19}},"129":{"start":{"line":318,"column":21},"end":{"line":349,"column":6}},"130":{"start":{"line":319,"column":6},"end":{"line":348,"column":7}},"131":{"start":{"line":320,"column":28},"end":{"line":320,"column":79}},"132":{"start":{"line":321,"column":8},"end":{"line":324,"column":9}},"133":{"start":{"line":322,"column":10},"end":{"line":322,"column":40}},"134":{"start":{"line":323,"column":10},"end":{"line":323,"column":18}},"135":{"start":{"line":325,"column":28},"end":{"line":325,"column":73}},"136":{"start":{"line":326,"column":26},"end":{"line":326,"column":47}},"137":{"start":{"line":327,"column":8},"end":{"line":339,"column":9}},"138":{"start":{"line":328,"column":29},"end":{"line":328,"column":54}},"139":{"start":{"line":329,"column":10},"end":{"line":334,"column":11}},"140":{"start":{"line":330,"column":12},"end":{"line":330,"column":41}},"141":{"start":{"line":331,"column":12},"end":{"line":333,"column":13}},"142":{"start":{"line":332,"column":14},"end":{"line":332,"column":27}},"143":{"start":{"line":335,"column":10},"end":{"line":338,"column":11}},"144":{"start":{"line":336,"column":12},"end":{"line":336,"column":42}},"145":{"start":{"line":337,"column":12},"end":{"line":337,"column":20}},"146":{"start":{"line":340,"column":8},"end":{"line":342,"column":9}},"147":{"start":{"line":341,"column":10},"end":{"line":341,"column":23}},"148":{"start":{"line":344,"column":8},"end":{"line":347,"column":9}},"149":{"start":{"line":345,"column":10},"end":{"line":345,"column":33}},"150":{"start":{"line":346,"column":10},"end":{"line":346,"column":16}},"151":{"start":{"line":350,"column":4},"end":{"line":350,"column":21}},"152":{"start":{"line":361,"column":15},"end":{"line":361,"column":19}},"153":{"start":{"line":362,"column":24},"end":{"line":390,"column":6}},"154":{"start":{"line":363,"column":20},"end":{"line":363,"column":47}},"155":{"start":{"line":364,"column":6},"end":{"line":386,"column":7}},"156":{"start":{"line":365,"column":8},"end":{"line":385,"column":9}},"157":{"start":{"line":366,"column":21},"end":{"line":366,"column":40}},"158":{"start":{"line":367,"column":30},"end":{"line":367,"column":68}},"159":{"start":{"line":368,"column":30},"end":{"line":368,"column":75}},"160":{"start":{"line":370,"column":24},"end":{"line":370,"column":67}},"161":{"start":{"line":371,"column":27},"end":{"line":371,"column":86}},"162":{"start":{"line":373,"column":36},"end":{"line":373,"column":61}},"163":{"start":{"line":374,"column":10},"end":{"line":376,"column":11}},"164":{"start":{"line":375,"column":12},"end":{"line":375,"column":40}},"165":{"start":{"line":378,"column":10},"end":{"line":381,"column":11}},"166":{"start":{"line":379,"column":12},"end":{"line":379,"column":42}},"167":{"start":{"line":380,"column":12},"end":{"line":380,"column":20}},"168":{"start":{"line":383,"column":10},"end":{"line":383,"column":33}},"169":{"start":{"line":384,"column":10},"end":{"line":384,"column":18}},"170":{"start":{"line":387,"column":6},"end":{"line":389,"column":7}},"171":{"start":{"line":388,"column":8},"end":{"line":388,"column":28}},"172":{"start":{"line":391,"column":4},"end":{"line":391,"column":24}},"173":{"start":{"line":403,"column":15},"end":{"line":403,"column":19}},"174":{"start":{"line":404,"column":24},"end":{"line":443,"column":6}},"175":{"start":{"line":405,"column":20},"end":{"line":405,"column":47}},"176":{"start":{"line":406,"column":6},"end":{"line":437,"column":7}},"177":{"start":{"line":407,"column":8},"end":{"line":436,"column":9}},"178":{"start":{"line":408,"column":21},"end":{"line":408,"column":40}},"179":{"start":{"line":409,"column":30},"end":{"line":409,"column":81}},"180":{"start":{"line":410,"column":30},"end":{"line":410,"column":75}},"181":{"start":{"line":412,"column":24},"end":{"line":412,"column":67}},"182":{"start":{"line":413,"column":27},"end":{"line":413,"column":86}},"183":{"start":{"line":415,"column":34},"end":{"line":415,"column":60}},"184":{"start":{"line":416,"column":29},"end":{"line":416,"column":30}},"185":{"start":{"line":417,"column":10},"end":{"line":432,"column":11}},"186":{"start":{"line":418,"column":27},"end":{"line":418,"column":46}},"187":{"start":{"line":419,"column":12},"end":{"line":431,"column":13}},"188":{"start":{"line":420,"column":36},"end":{"line":420,"column":51}},"189":{"start":{"line":421,"column":14},"end":{"line":424,"column":15}},"190":{"start":{"line":422,"column":16},"end":{"line":422,"column":46}},"191":{"start":{"line":423,"column":16},"end":{"line":423,"column":24}},"192":{"start":{"line":425,"column":14},"end":{"line":427,"column":15}},"193":{"start":{"line":426,"column":16},"end":{"line":426,"column":47}},"194":{"start":{"line":428,"column":14},"end":{"line":428,"column":31}},"195":{"start":{"line":430,"column":14},"end":{"line":430,"column":35}},"196":{"start":{"line":434,"column":10},"end":{"line":434,"column":33}},"197":{"start":{"line":435,"column":10},"end":{"line":435,"column":18}},"198":{"start":{"line":439,"column":6},"end":{"line":442,"column":7}},"199":{"start":{"line":440,"column":8},"end":{"line":440,"column":38}},"200":{"start":{"line":441,"column":8},"end":{"line":441,"column":16}},"201":{"start":{"line":445,"column":4},"end":{"line":445,"column":24}}},"fnMap":{"0":{"name":"(anonymous_0)","decl":{"start":{"line":12,"column":2},"end":{"line":12,"column":3}},"loc":{"start":{"line":12,"column":25},"end":{"line":16,"column":3}},"line":12},"1":{"name":"(anonymous_1)","decl":{"start":{"line":18,"column":2},"end":{"line":18,"column":3}},"loc":{"start":{"line":18,"column":63},"end":{"line":36,"column":3}},"line":18},"2":{"name":"(anonymous_2)","decl":{"start":{"line":43,"column":2},"end":{"line":43,"column":3}},"loc":{"start":{"line":43,"column":21},"end":{"line":63,"column":3}},"line":43},"3":{"name":"(anonymous_3)","decl":{"start":{"line":72,"column":2},"end":{"line":72,"column":3}},"loc":{"start":{"line":72,"column":27},"end":{"line":87,"column":3}},"line":72},"4":{"name":"(anonymous_4)","decl":{"start":{"line":95,"column":2},"end":{"line":95,"column":3}},"loc":{"start":{"line":95,"column":24},"end":{"line":108,"column":3}},"line":95},"5":{"name":"(anonymous_5)","decl":{"start":{"line":117,"column":2},"end":{"line":117,"column":3}},"loc":{"start":{"line":117,"column":30},"end":{"line":142,"column":3}},"line":117},"6":{"name":"(anonymous_6)","decl":{"start":{"line":149,"column":2},"end":{"line":149,"column":3}},"loc":{"start":{"line":149,"column":22},"end":{"line":177,"column":3}},"line":149},"7":{"name":"(anonymous_7)","decl":{"start":{"line":184,"column":2},"end":{"line":184,"column":3}},"loc":{"start":{"line":184,"column":17},"end":{"line":224,"column":3}},"line":184},"8":{"name":"(anonymous_8)","decl":{"start":{"line":187,"column":38},"end":{"line":187,"column":39}},"loc":{"start":{"line":187,"column":59},"end":{"line":222,"column":5}},"line":187},"9":{"name":"(anonymous_9)","decl":{"start":{"line":189,"column":26},"end":{"line":189,"column":27}},"loc":{"start":{"line":189,"column":37},"end":{"line":217,"column":7}},"line":189},"10":{"name":"(anonymous_10)","decl":{"start":{"line":202,"column":43},"end":{"line":202,"column":44}},"loc":{"start":{"line":202,"column":59},"end":{"line":207,"column":13}},"line":202},"11":{"name":"(anonymous_11)","decl":{"start":{"line":208,"column":41},"end":{"line":208,"column":42}},"loc":{"start":{"line":208,"column":57},"end":{"line":211,"column":13}},"line":208},"12":{"name":"(anonymous_12)","decl":{"start":{"line":218,"column":24},"end":{"line":218,"column":25}},"loc":{"start":{"line":218,"column":35},"end":{"line":221,"column":7}},"line":218},"13":{"name":"(anonymous_13)","decl":{"start":{"line":231,"column":2},"end":{"line":231,"column":3}},"loc":{"start":{"line":231,"column":30},"end":{"line":240,"column":3}},"line":231},"14":{"name":"(anonymous_14)","decl":{"start":{"line":246,"column":2},"end":{"line":246,"column":3}},"loc":{"start":{"line":246,"column":26},"end":{"line":254,"column":3}},"line":246},"15":{"name":"(anonymous_15)","decl":{"start":{"line":248,"column":30},"end":{"line":248,"column":31}},"loc":{"start":{"line":248,"column":41},"end":{"line":252,"column":5}},"line":248},"16":{"name":"(anonymous_16)","decl":{"start":{"line":259,"column":2},"end":{"line":259,"column":3}},"loc":{"start":{"line":259,"column":47},"end":{"line":280,"column":3}},"line":259},"17":{"name":"(anonymous_17)","decl":{"start":{"line":270,"column":50},"end":{"line":270,"column":51}},"loc":{"start":{"line":270,"column":59},"end":{"line":274,"column":9}},"line":270},"18":{"name":"(anonymous_18)","decl":{"start":{"line":289,"column":2},"end":{"line":289,"column":3}},"loc":{"start":{"line":289,"column":20},"end":{"line":305,"column":3}},"line":289},"19":{"name":"(anonymous_19)","decl":{"start":{"line":292,"column":42},"end":{"line":292,"column":43}},"loc":{"start":{"line":292,"column":63},"end":{"line":303,"column":5}},"line":292},"20":{"name":"(anonymous_20)","decl":{"start":{"line":294,"column":26},"end":{"line":294,"column":27}},"loc":{"start":{"line":294,"column":43},"end":{"line":298,"column":7}},"line":294},"21":{"name":"(anonymous_21)","decl":{"start":{"line":299,"column":24},"end":{"line":299,"column":25}},"loc":{"start":{"line":299,"column":35},"end":{"line":302,"column":7}},"line":299},"22":{"name":"(anonymous_22)","decl":{"start":{"line":315,"column":2},"end":{"line":315,"column":3}},"loc":{"start":{"line":315,"column":28},"end":{"line":351,"column":3}},"line":315},"23":{"name":"(anonymous_23)","decl":{"start":{"line":318,"column":39},"end":{"line":318,"column":40}},"loc":{"start":{"line":318,"column":60},"end":{"line":349,"column":5}},"line":318},"24":{"name":"(anonymous_24)","decl":{"start":{"line":321,"column":30},"end":{"line":321,"column":31}},"loc":{"start":{"line":321,"column":41},"end":{"line":324,"column":9}},"line":321},"25":{"name":"(anonymous_25)","decl":{"start":{"line":329,"column":33},"end":{"line":329,"column":34}},"loc":{"start":{"line":329,"column":39},"end":{"line":334,"column":11}},"line":329},"26":{"name":"(anonymous_26)","decl":{"start":{"line":335,"column":31},"end":{"line":335,"column":32}},"loc":{"start":{"line":335,"column":37},"end":{"line":338,"column":11}},"line":335},"27":{"name":"(anonymous_27)","decl":{"start":{"line":360,"column":2},"end":{"line":360,"column":3}},"loc":{"start":{"line":360,"column":29},"end":{"line":393,"column":3}},"line":360},"28":{"name":"(anonymous_28)","decl":{"start":{"line":362,"column":42},"end":{"line":362,"column":43}},"loc":{"start":{"line":362,"column":63},"end":{"line":390,"column":5}},"line":362},"29":{"name":"(anonymous_29)","decl":{"start":{"line":364,"column":26},"end":{"line":364,"column":27}},"loc":{"start":{"line":364,"column":37},"end":{"line":386,"column":7}},"line":364},"30":{"name":"(anonymous_30)","decl":{"start":{"line":374,"column":40},"end":{"line":374,"column":41}},"loc":{"start":{"line":374,"column":51},"end":{"line":376,"column":11}},"line":374},"31":{"name":"(anonymous_31)","decl":{"start":{"line":378,"column":38},"end":{"line":378,"column":39}},"loc":{"start":{"line":378,"column":49},"end":{"line":381,"column":11}},"line":378},"32":{"name":"(anonymous_32)","decl":{"start":{"line":387,"column":24},"end":{"line":387,"column":25}},"loc":{"start":{"line":387,"column":35},"end":{"line":389,"column":7}},"line":387},"33":{"name":"(anonymous_33)","decl":{"start":{"line":402,"column":2},"end":{"line":402,"column":3}},"loc":{"start":{"line":402,"column":32},"end":{"line":446,"column":3}},"line":402},"34":{"name":"(anonymous_34)","decl":{"start":{"line":404,"column":42},"end":{"line":404,"column":43}},"loc":{"start":{"line":404,"column":63},"end":{"line":443,"column":5}},"line":404},"35":{"name":"(anonymous_35)","decl":{"start":{"line":406,"column":26},"end":{"line":406,"column":27}},"loc":{"start":{"line":406,"column":37},"end":{"line":437,"column":7}},"line":406},"36":{"name":"(anonymous_36)","decl":{"start":{"line":417,"column":40},"end":{"line":417,"column":41}},"loc":{"start":{"line":417,"column":51},"end":{"line":432,"column":11}},"line":417},"37":{"name":"(anonymous_37)","decl":{"start":{"line":421,"column":38},"end":{"line":421,"column":39}},"loc":{"start":{"line":421,"column":49},"end":{"line":424,"column":15}},"line":421},"38":{"name":"(anonymous_38)","decl":{"start":{"line":425,"column":40},"end":{"line":425,"column":41}},"loc":{"start":{"line":425,"column":51},"end":{"line":427,"column":15}},"line":425},"39":{"name":"(anonymous_39)","decl":{"start":{"line":439,"column":24},"end":{"line":439,"column":25}},"loc":{"start":{"line":439,"column":35},"end":{"line":442,"column":7}},"line":439}},"branchMap":{"0":{"loc":{"start":{"line":19,"column":4},"end":{"line":26,"column":5}},"type":"if","locations":[{"start":{"line":19,"column":4},"end":{"line":26,"column":5}},{"start":{},"end":{}}],"line":19},"1":{"loc":{"start":{"line":19,"column":8},"end":{"line":19,"column":41}},"type":"binary-expr","locations":[{"start":{"line":19,"column":8},"end":{"line":19,"column":29}},{"start":{"line":19,"column":33},"end":{"line":19,"column":41}}],"line":19},"2":{"loc":{"start":{"line":20,"column":6},"end":{"line":25,"column":7}},"type":"if","locations":[{"start":{"line":20,"column":6},"end":{"line":25,"column":7}},{"start":{},"end":{}}],"line":20},"3":{"loc":{"start":{"line":20,"column":10},"end":{"line":20,"column":120}},"type":"binary-expr","locations":[{"start":{"line":20,"column":10},"end":{"line":20,"column":39}},{"start":{"line":20,"column":43},"end":{"line":20,"column":72}},{"start":{"line":20,"column":76},"end":{"line":20,"column":120}}],"line":20},"4":{"loc":{"start":{"line":28,"column":4},"end":{"line":30,"column":5}},"type":"if","locations":[{"start":{"line":28,"column":4},"end":{"line":30,"column":5}},{"start":{},"end":{}}],"line":28},"5":{"loc":{"start":{"line":52,"column":8},"end":{"line":54,"column":9}},"type":"if","locations":[{"start":{"line":52,"column":8},"end":{"line":54,"column":9}},{"start":{},"end":{}}],"line":52},"6":{"loc":{"start":{"line":58,"column":6},"end":{"line":60,"column":7}},"type":"if","locations":[{"start":{"line":58,"column":6},"end":{"line":60,"column":7}},{"start":{},"end":{}}],"line":58},"7":{"loc":{"start":{"line":82,"column":6},"end":{"line":84,"column":7}},"type":"if","locations":[{"start":{"line":82,"column":6},"end":{"line":84,"column":7}},{"start":{},"end":{}}],"line":82},"8":{"loc":{"start":{"line":103,"column":6},"end":{"line":105,"column":7}},"type":"if","locations":[{"start":{"line":103,"column":6},"end":{"line":105,"column":7}},{"start":{},"end":{}}],"line":103},"9":{"loc":{"start":{"line":119,"column":21},"end":{"line":119,"column":120}},"type":"cond-expr","locations":[{"start":{"line":119,"column":49},"end":{"line":119,"column":114}},{"start":{"line":119,"column":118},"end":{"line":119,"column":120}}],"line":119},"10":{"loc":{"start":{"line":119,"column":21},"end":{"line":119,"column":45}},"type":"binary-expr","locations":[{"start":{"line":119,"column":21},"end":{"line":119,"column":27}},{"start":{"line":119,"column":31},"end":{"line":119,"column":45}}],"line":119},"11":{"loc":{"start":{"line":119,"column":49},"end":{"line":119,"column":114}},"type":"cond-expr","locations":[{"start":{"line":119,"column":81},"end":{"line":119,"column":95}},{"start":{"line":119,"column":98},"end":{"line":119,"column":114}}],"line":119},"12":{"loc":{"start":{"line":122,"column":6},"end":{"line":124,"column":7}},"type":"if","locations":[{"start":{"line":122,"column":6},"end":{"line":124,"column":7}},{"start":{},"end":{}}],"line":122},"13":{"loc":{"start":{"line":129,"column":8},"end":{"line":133,"column":9}},"type":"if","locations":[{"start":{"line":129,"column":8},"end":{"line":133,"column":9}},{"start":{"line":131,"column":15},"end":{"line":133,"column":9}}],"line":129},"14":{"loc":{"start":{"line":129,"column":12},"end":{"line":129,"column":57}},"type":"binary-expr","locations":[{"start":{"line":129,"column":12},"end":{"line":129,"column":27}},{"start":{"line":129,"column":31},"end":{"line":129,"column":57}}],"line":129},"15":{"loc":{"start":{"line":137,"column":6},"end":{"line":139,"column":7}},"type":"if","locations":[{"start":{"line":137,"column":6},"end":{"line":139,"column":7}},{"start":{},"end":{}}],"line":137},"16":{"loc":{"start":{"line":163,"column":10},"end":{"line":165,"column":11}},"type":"if","locations":[{"start":{"line":163,"column":10},"end":{"line":165,"column":11}},{"start":{},"end":{}}],"line":163},"17":{"loc":{"start":{"line":172,"column":6},"end":{"line":174,"column":7}},"type":"if","locations":[{"start":{"line":172,"column":6},"end":{"line":174,"column":7}},{"start":{},"end":{}}],"line":172},"18":{"loc":{"start":{"line":204,"column":14},"end":{"line":206,"column":15}},"type":"if","locations":[{"start":{"line":204,"column":14},"end":{"line":206,"column":15}},{"start":{},"end":{}}],"line":204},"19":{"loc":{"start":{"line":232,"column":21},"end":{"line":232,"column":108}},"type":"binary-expr","locations":[{"start":{"line":232,"column":21},"end":{"line":232,"column":37}},{"start":{"line":232,"column":41},"end":{"line":232,"column":60}},{"start":{"line":232,"column":64},"end":{"line":232,"column":86}},{"start":{"line":232,"column":90},"end":{"line":232,"column":108}}],"line":232},"20":{"loc":{"start":{"line":233,"column":26},"end":{"line":233,"column":134}},"type":"binary-expr","locations":[{"start":{"line":233,"column":26},"end":{"line":233,"column":47}},{"start":{"line":233,"column":51},"end":{"line":233,"column":78}},{"start":{"line":233,"column":82},"end":{"line":233,"column":105}},{"start":{"line":233,"column":109},"end":{"line":233,"column":134}}],"line":233},"21":{"loc":{"start":{"line":234,"column":23},"end":{"line":234,"column":93}},"type":"binary-expr","locations":[{"start":{"line":234,"column":23},"end":{"line":234,"column":41}},{"start":{"line":234,"column":45},"end":{"line":234,"column":69}},{"start":{"line":234,"column":73},"end":{"line":234,"column":93}}],"line":234},"22":{"loc":{"start":{"line":235,"column":4},"end":{"line":238,"column":5}},"type":"if","locations":[{"start":{"line":235,"column":4},"end":{"line":238,"column":5}},{"start":{},"end":{}}],"line":235},"23":{"loc":{"start":{"line":264,"column":8},"end":{"line":268,"column":9}},"type":"if","locations":[{"start":{"line":264,"column":8},"end":{"line":268,"column":9}},{"start":{"line":266,"column":15},"end":{"line":268,"column":9}}],"line":264},"24":{"loc":{"start":{"line":271,"column":10},"end":{"line":273,"column":11}},"type":"if","locations":[{"start":{"line":271,"column":10},"end":{"line":273,"column":11}},{"start":{},"end":{}}],"line":271},"25":{"loc":{"start":{"line":331,"column":12},"end":{"line":333,"column":13}},"type":"if","locations":[{"start":{"line":331,"column":12},"end":{"line":333,"column":13}},{"start":{},"end":{}}],"line":331},"26":{"loc":{"start":{"line":340,"column":8},"end":{"line":342,"column":9}},"type":"if","locations":[{"start":{"line":340,"column":8},"end":{"line":342,"column":9}},{"start":{},"end":{}}],"line":340},"27":{"loc":{"start":{"line":344,"column":8},"end":{"line":347,"column":9}},"type":"if","locations":[{"start":{"line":344,"column":8},"end":{"line":347,"column":9}},{"start":{},"end":{}}],"line":344},"28":{"loc":{"start":{"line":419,"column":12},"end":{"line":431,"column":13}},"type":"if","locations":[{"start":{"line":419,"column":12},"end":{"line":431,"column":13}},{"start":{"line":429,"column":19},"end":{"line":431,"column":13}}],"line":419}},"s":{"0":18,"1":18,"2":18,"3":0,"4":0,"5":0,"6":0,"7":0,"8":0,"9":0,"10":0,"11":0,"12":0,"13":11,"14":11,"15":11,"16":41,"17":40,"18":0,"19":10,"20":1,"21":1,"22":1,"23":8,"24":8,"25":8,"26":29,"27":29,"28":28,"29":7,"30":1,"31":1,"32":1,"33":2,"34":2,"35":5,"36":5,"37":1,"38":1,"39":1,"40":1,"41":43,"42":43,"43":43,"44":2,"45":43,"46":46,"47":46,"48":13,"49":33,"50":42,"51":1,"52":1,"53":1,"54":13,"55":13,"56":13,"57":12,"58":12,"59":10,"60":10,"61":30,"62":30,"63":30,"64":0,"65":10,"66":12,"67":1,"68":1,"69":1,"70":2,"71":2,"72":2,"73":2,"74":2,"75":2,"76":2,"77":2,"78":2,"79":5,"80":4,"81":4,"82":4,"83":4,"84":4,"85":1,"86":4,"87":0,"88":0,"89":1,"90":1,"91":2,"92":0,"93":0,"94":1,"95":18,"96":18,"97":18,"98":18,"99":0,"100":0,"101":18,"102":87,"103":87,"104":1,"105":1,"106":1,"107":87,"108":3,"109":3,"110":9,"111":8,"112":0,"113":8,"114":42,"115":42,"116":1,"117":12,"118":12,"119":12,"120":12,"121":12,"122":12,"123":12,"124":12,"125":0,"126":0,"127":12,"128":12,"129":12,"130":12,"131":12,"132":12,"133":0,"134":0,"135":12,"136":12,"137":12,"138":12,"139":12,"140":12,"141":12,"142":12,"143":12,"144":0,"145":0,"146":12,"147":0,"148":0,"149":0,"150":0,"151":12,"152":42,"153":42,"154":42,"155":42,"156":42,"157":42,"158":42,"159":42,"160":42,"161":42,"162":42,"163":42,"164":42,"165":42,"166":0,"167":0,"168":0,"169":0,"170":42,"171":0,"172":42,"173":32,"174":32,"175":32,"176":32,"177":32,"178":32,"179":32,"180":32,"181":32,"182":32,"183":32,"184":32,"185":32,"186":40,"187":40,"188":8,"189":8,"190":0,"191":0,"192":8,"193":8,"194":8,"195":32,"196":0,"197":0,"198":32,"199":0,"200":0,"201":32},"f":{"0":18,"1":0,"2":11,"3":8,"4":2,"5":43,"6":13,"7":2,"8":2,"9":2,"10":4,"11":0,"12":0,"13":18,"14":87,"15":1,"16":3,"17":42,"18":12,"19":12,"20":12,"21":0,"22":12,"23":12,"24":0,"25":12,"26":0,"27":42,"28":42,"29":42,"30":42,"31":0,"32":0,"33":32,"34":32,"35":32,"36":40,"37":0,"38":8,"39":0},"b":{"0":[0,0],"1":[0,0],"2":[0,0],"3":[0,0,0],"4":[0,0],"5":[0,40],"6":[1,0],"7":[1,0],"8":[1,0],"9":[41,2],"10":[43,41],"11":[0,41],"12":[2,41],"13":[13,33],"14":[46,46],"15":[1,0],"16":[0,30],"17":[1,0],"18":[1,3],"19":[18,0,0,0],"20":[18,0,0,0],"21":[18,0,0],"22":[0,18],"23":[8,0],"24":[42,0],"25":[12,0],"26":[0,12],"27":[0,0],"28":[8,32]},"_coverageSchema":"1a1c01bbd47fc00a2c39e90264f33305004495a9","hash":"eb13ef19af8fa698716d44b4d8b51a0f654e0a76"}
,"F:\\_Alpheios\\____service_workes\\_workspaces-core\\v1\\packages\\wordlist\\src\\storage\\remote-db-adapter.js": {"path":"F:\\_Alpheios\\____service_workes\\_workspaces-core\\v1\\packages\\wordlist\\src\\storage\\remote-db-adapter.js","statementMap":{"0":{"start":{"line":9,"column":4},"end":{"line":9,"column":28}},"1":{"start":{"line":10,"column":4},"end":{"line":10,"column":54}},"2":{"start":{"line":11,"column":4},"end":{"line":11,"column":20}},"3":{"start":{"line":19,"column":4},"end":{"line":19,"column":127}},"4":{"start":{"line":23,"column":28},"end":{"line":23,"column":59}},"5":{"start":{"line":24,"column":27},"end":{"line":24,"column":57}},"6":{"start":{"line":25,"column":4},"end":{"line":27,"column":5}},"7":{"start":{"line":26,"column":6},"end":{"line":26,"column":27}},"8":{"start":{"line":28,"column":17},"end":{"line":28,"column":22}},"9":{"start":{"line":29,"column":16},"end":{"line":29,"column":21}},"10":{"start":{"line":30,"column":4},"end":{"line":37,"column":5}},"11":{"start":{"line":31,"column":6},"end":{"line":33,"column":7}},"12":{"start":{"line":32,"column":8},"end":{"line":32,"column":21}},"13":{"start":{"line":34,"column":6},"end":{"line":36,"column":7}},"14":{"start":{"line":35,"column":8},"end":{"line":35,"column":20}},"15":{"start":{"line":38,"column":4},"end":{"line":58,"column":5}},"16":{"start":{"line":42,"column":25},"end":{"line":42,"column":27}},"17":{"start":{"line":43,"column":6},"end":{"line":45,"column":7}},"18":{"start":{"line":44,"column":8},"end":{"line":44,"column":53}},"19":{"start":{"line":46,"column":6},"end":{"line":53,"column":7}},"20":{"start":{"line":49,"column":8},"end":{"line":49,"column":33}},"21":{"start":{"line":52,"column":8},"end":{"line":52,"column":82}},"22":{"start":{"line":54,"column":6},"end":{"line":54,"column":39}},"23":{"start":{"line":55,"column":6},"end":{"line":55,"column":29}},"24":{"start":{"line":57,"column":6},"end":{"line":57,"column":15}},"25":{"start":{"line":67,"column":4},"end":{"line":81,"column":5}},"26":{"start":{"line":68,"column":16},"end":{"line":68,"column":55}},"27":{"start":{"line":69,"column":20},"end":{"line":69,"column":65}},"28":{"start":{"line":71,"column":19},"end":{"line":71,"column":79}},"29":{"start":{"line":73,"column":20},"end":{"line":73,"column":69}},"30":{"start":{"line":75,"column":6},"end":{"line":75,"column":20}},"31":{"start":{"line":77,"column":6},"end":{"line":79,"column":7}},"32":{"start":{"line":78,"column":8},"end":{"line":78,"column":31}},"33":{"start":{"line":80,"column":6},"end":{"line":80,"column":18}},"34":{"start":{"line":92,"column":4},"end":{"line":111,"column":5}},"35":{"start":{"line":93,"column":16},"end":{"line":93,"column":54}},"36":{"start":{"line":94,"column":26},"end":{"line":94,"column":66}},"37":{"start":{"line":97,"column":6},"end":{"line":101,"column":7}},"38":{"start":{"line":98,"column":8},"end":{"line":98,"column":22}},"39":{"start":{"line":100,"column":8},"end":{"line":100,"column":62}},"40":{"start":{"line":103,"column":19},"end":{"line":103,"column":78}},"41":{"start":{"line":104,"column":20},"end":{"line":104,"column":68}},"42":{"start":{"line":105,"column":6},"end":{"line":105,"column":20}},"43":{"start":{"line":107,"column":6},"end":{"line":109,"column":7}},"44":{"start":{"line":108,"column":8},"end":{"line":108,"column":31}},"45":{"start":{"line":110,"column":6},"end":{"line":110,"column":18}},"46
[...]
":{"line":72,"column":4},"end":{"line":72,"column":61}},"9":{"start":{"line":73,"column":4},"end":{"line":73,"column":22}},"10":{"start":{"line":81,"column":4},"end":{"line":81,"column":70}},"11":{"start":{"line":82,"column":4},"end":{"line":82,"column":69}},"12":{"start":{"line":83,"column":4},"end":{"line":83,"column":22}},"13":{"start":{"line":91,"column":4},"end":{"line":96,"column":5}},"14":{"start":{"line":92,"column":22},"end":{"line":92,"column":53}},"15":{"start":{"line":93,"column":8},"end":{"line":95,"column":9}},"16":{"start":{"line":94,"column":10},"end":{"line":94,"column":39}},"17":{"start":{"line":97,"column":4},"end":{"line":97,"column":22}},"18":{"start":{"line":105,"column":22},"end":{"line":105,"column":47}},"19":{"start":{"line":106,"column":4},"end":{"line":113,"column":5}},"20":{"start":{"line":107,"column":21},"end":{"line":109,"column":8}},"21":{"start":{"line":108,"column":8},"end":{"line":108,"column":75}},"22":{"start":{"line":110,"column":6},"end":{"line":112,"column":7}},"23":{"start":{"line":111,"column":8},"end":{"line":111,"column":78}},"24":{"start":{"line":114,"column":4},"end":{"line":114,"column":37}},"25":{"start":{"line":115,"column":4},"end":{"line":115,"column":22}},"26":{"start":{"line":124,"column":4},"end":{"line":124,"column":46}},"27":{"start":{"line":133,"column":4},"end":{"line":135,"column":5}},"28":{"start":{"line":134,"column":6},"end":{"line":134,"column":53}},"29":{"start":{"line":136,"column":4},"end":{"line":138,"column":5}},"30":{"start":{"line":137,"column":6},"end":{"line":137,"column":50}},"31":{"start":{"line":139,"column":4},"end":{"line":139,"column":10}},"32":{"start":{"line":148,"column":4},"end":{"line":148,"column":48}},"33":{"start":{"line":157,"column":4},"end":{"line":157,"column":60}},"34":{"start":{"line":166,"column":17},"end":{"line":176,"column":5}},"35":{"start":{"line":178,"column":18},"end":{"line":178,"column":50}},"36":{"start":{"line":180,"column":4},"end":{"line":182,"column":5}},"37":{"start":{"line":181,"column":6},"end":{"line":181,"column":30}},"38":{"start":{"line":183,"column":18},"end":{"line":183,"column":50}},"39":{"start":{"line":185,"column":4},"end":{"line":189,"column":5}},"40":{"start":{"line":186,"column":6},"end":{"line":186,"column":30}},"41":{"start":{"line":188,"column":6},"end":{"line":188,"column":25}},"42":{"start":{"line":190,"column":4},"end":{"line":190,"column":17}},"43":{"start":{"line":194,"column":17},"end":{"line":194,"column":42}},"44":{"start":{"line":195,"column":4},"end":{"line":195,"column":41}},"45":{"start":{"line":196,"column":4},"end":{"line":196,"column":41}},"46":{"start":{"line":197,"column":4},"end":{"line":197,"column":17}},"47":{"start":{"line":206,"column":4},"end":{"line":211,"column":5}},"48":{"start":{"line":207,"column":6},"end":{"line":210,"column":7}},"49":{"start":{"line":212,"column":4},"end":{"line":212,"column":15}},"50":{"start":{"line":221,"column":17},"end":{"line":221,"column":19}},"51":{"start":{"line":222,"column":4},"end":{"line":224,"column":5}},"52":{"start":{"line":223,"column":6},"end":{"line":223,"column":59}},"53":{"start":{"line":225,"column":4},"end":{"line":225,"column":17}},"54":{"start":{"line":235,"column":4},"end":{"line":249,"column":5}},"55":{"start":{"line":258,"column":4},"end":{"line":258,"column":32}},"56":{"start":{"line":267,"column":4},"end":{"line":267,"column":32}},"57":{"start":{"line":276,"column":4},"end":{"line":278,"column":5}},"58":{"start":{"line":277,"column":6},"end":{"line":277,"column":15}},"59":{"start":{"line":279,"column":4},"end":{"line":283,"column":5}},"60":{"start":{"line":280,"column":6},"end":{"line":280,"column":66}},"61":{"start":{"line":280,"column":37},"end":{"line":280,"column":65}},"62":{"start":{"line":282,"column":6},"end":{"line":282,"column":28}},"63":{"start":{"line":293,"column":4},"end":{"line":297,"column":5}},"64":{"start":{"line":294,"column":6},"end":{"line":294,"column":15}},"65":{"start":{"line":296,"column":6},"end":{"line":296,"column":18}},"66":{"start":{"line":306,"column":4},"end":{"line":306,"column":59}},"67":{"start":{"line":306,"column":33},"end":{"line":306,"column":58}}},"fnMap":{"0":{"name":"(anonymous_0)","decl":{"start":{"line":9,"column":2},"end":{"line":9,"column":3}},"loc":{"start":{"line":9,"column":21},"end":{"line":48,"column":3}},"line":9},"1":{"name":"(anonymous_1)","decl":{"start":{"line":54,"column":2},"end":{"line":54,"column":3}},"loc":{"start":{"line":54,"column":27},"end":{"line":56,"column":3}},"line":54},"2":{"name":"(anonymous_2)","decl":{"start":{"line":61,"column":2},"end":{"line":61,"column":3}},"loc":{"start":{"line":61,"column":26},"end":{"line":63,"column":3}},"line":61},"3":{"name":"(anonymous_3)","decl":{"start":{"line":69,"column":2},"end":{"line":69,"column":3}},"loc":{"start":{"line":69,"column":42},"end":{"line":74,"column":3}},"line":69},"4":{"name":"(anonymous_4)","decl":{"start":{"line":80,"column":2},"end":{"line":80,"column":3}},"loc":{"start":{"line":80,"column":42},"end":{"line":84,"column":3}},"line":80},"5":{"name":"(anonymous_5)","decl":{"start":{"line":90,"column":2},"end":{"line":90,"column":3}},"loc":{"start":{"line":90,"column":44},"end":{"line":98,"column":3}},"line":90},"6":{"name":"(anonymous_6)","decl":{"start":{"line":104,"column":2},"end":{"line":104,"column":3}},"loc":{"start":{"line":104,"column":43},"end":{"line":116,"column":3}},"line":104},"7":{"name":"(anonymous_7)","decl":{"start":{"line":107,"column":46},"end":{"line":107,"column":47}},"loc":{"start":{"line":107,"column":59},"end":{"line":109,"column":7}},"line":107},"8":{"name":"(anonymous_8)","decl":{"start":{"line":123,"column":2},"end":{"line":123,"column":3}},"loc":{"start":{"line":123,"column":31},"end":{"line":125,"column":3}},"line":123},"9":{"name":"(anonymous_9)","decl":{"start":{"line":132,"column":2},"end":{"line":132,"column":3}},"loc":{"start":{"line":132,"column":26},"end":{"line":140,"column":3}},"line":132},"10":{"name":"(anonymous_10)","decl":{"start":{"line":147,"column":2},"end":{"line":147,"column":3}},"loc":{"start":{"line":147,"column":33},"end":{"line":149,"column":3}},"line":147},"11":{"name":"(anonymous_11)","decl":{"start":{"line":156,"column":2},"end":{"line":156,"column":3}},"loc":{"start":{"line":156,"column":28},"end":{"line":158,"column":3}},"line":156},"12":{"name":"(anonymous_12)","decl":{"start":{"line":165,"column":2},"end":{"line":165,"column":3}},"loc":{"start":{"line":165,"column":24},"end":{"line":191,"column":3}},"line":165},"13":{"name":"(anonymous_13)","decl":{"start":{"line":193,"column":2},"end":{"line":193,"column":3}},"loc":{"start":{"line":193,"column":27},"end":{"line":198,"column":3}},"line":193},"14":{"name":"(anonymous_14)","decl":{"start":{"line":205,"column":2},"end":{"line":205,"column":3}},"loc":{"start":{"line":205,"column":31},"end":{"line":213,"column":3}},"line":205},"15":{"name":"(anonymous_15)","decl":{"start":{"line":220,"column":2},"end":{"line":220,"column":3}},"loc":{"start":{"line":220,"column":31},"end":{"line":226,"column":3}},"line":220},"16":{"name":"(anonymous_16)","decl":{"start":{"line":234,"column":2},"end":{"line":234,"column":3}},"loc":{"start":{"line":234,"column":39},"end":{"line":250,"column":3}},"line":234},"17":{"name":"(anonymous_17)","decl":{"start":{"line":257,"column":2},"end":{"line":257,"column":3}},"loc":{"start":{"line":257,"column":28},"end":{"line":259,"column":3}},"line":257},"18":{"name":"(anonymous_18)","decl":{"start":{"line":266,"column":2},"end":{"line":266,"column":3}},"loc":{"start":{"line":266,"column":27},"end":{"line":268,"column":3}},"line":266},"19":{"name":"(anonymous_19)","decl":{"start":{"line":275,"column":2},"end":{"line":275,"column":3}},"loc":{"start":{"line":275,"column":27},"end":{"line":284,"column":3}},"line":275},"20":{"name":"(anonymous_20)","decl":{"start":{"line":280,"column":29},"end":{"line":280,"column":30}},"loc":{"start":{"line":280,"column":37},"end":{"line":280,"column":65}},"line":280},"21":{"name":"(anonymous_21)","decl":{"start":{"line":292,"column":2},"end":{"line":292,"column":3}},"loc":{"start":{"line":292,"column":31},"end":{"line":298,"column":3}},"line":292},"22":{"name":"(anonymous_22)","decl":{"start":{"line":305,"column":2},"end":{"line":305,"column":3}},"loc":{"start":{"line":305,"column":28},"end":{"line":307,"column":3}},"line":305},"23":{"name":"(anonymous_23)","decl":{"start":{"line":306,"column":25},"end":{"line":306,"column":26}},"loc":{"start":{"line":306,"column":33},"end":{"line":306,"column":58}},"line":306}},"branchMap":{"0":{"loc":{"start":{"line":81,"column":28},"end":{"line":81,"column":70}},"type":"binary-expr","locations":[{"start":{"line":81,"column":28},"end":{"line":81,"column":49}},{"start":{"line":81,"column":53},"end":{"line":81,"column":70}}],"line":81},"1":{"loc":{"start":{"line":91,"column":4},"end":{"line":96,"column":5}},"type":"if","locations":[{"start":{"line":91,"column":4},"end":{"line":96,"column":5}},{"start":{},"end":{}}],"line":91},"2":{"loc":{"start":{"line":93,"column":8},"end":{"line":95,"column":9}},"type":"if","locations":[{"start":{"line":93,"column":8},"end":{"line":95,"column":9}},{"start":{},"end":{}}],"line":93},"3":{"loc":{"start":{"line":105,"column":22},"end":{"line":105,"column":47}},"type":"binary-expr","locations":[{"start":{"line":105,"column":22},"end":{"line":105,"column":41}},{"start":{"line":105,"column":45},"end":{"line":105,"column":47}}],"line":105},"4":{"loc":{"start":{"line":110,"column":6},"end":{"line":112,"column":7}},"type":"if","locations":[{"start":{"line":110,"column":6},"end":{"line":112,"column":7}},{"start":{},"end":{}}],"line":110},"5":{"loc":{"start":{"line":133,"column":4},"end":{"line":135,"column":5}},"type":"if","locations":[{"start":{"line":133,"column":4},"end":{"line":135,"column":5}},{"start":{},"end":{}}],"line":133},"6":{"loc":{"start":{"line":136,"column":4},"end":{"line":138,"column":5}},"type":"if","locations":[{"start":{"line":136,"column":4},"end":{"line":138,"column":5}},{"start":{},"end":{}}],"line":136},"7":{"loc":{"start":{"line":173,"column":17},"end":{"line":173,"column":78}},"type":"cond-expr","locations":[{"start":{"line":173,"column":38},"end":{"line":173,"column":56}},{"start":{"line":173,"column":59},"end":{"line":173,"column":78}}],"line":173},"8":{"loc":{"start":{"line":180,"column":4},"end":{"line":182,"column":5}},"type":"if","locations":[{"start":{"line":180,"column":4},"end":{"line":182,"column":5}},{"start":{},"end":{}}],"line":180},"9":{"loc":{"start":{"line":185,"column":4},"end":{"line":189,"column":5}},"type":"if","locations":[{"start":{"line":185,"column":4},"end":{"line":189,"column":5}},{"start":{"line":187,"column":11},"end":{"line":189,"column":5}}],"line":185},"10":{"loc":{"start":{"line":185,"column":8},"end":{"line":185,"column":37}},"type":"binary-expr","locations":[{"start":{"line":185,"column":8},"end":{"line":185,"column":15}},{"start":{"line":185,"column":19},"end":{"line":185,"column":37}}],"line":185},"11":{"loc":{"start":{"line":206,"column":4},"end":{"line":211,"column":5}},"type":"if","locations":[{"start":{"line":206,"column":4},"end":{"line":211,"column":5}},{"start":{},"end":{}}],"line":206},"12":{"loc":{"start":{"line":206,"column":8},"end":{"line":206,"column":55}},"type":"binary-expr","locations":[{"start":{"line":206,"column":8},"end":{"line":206,"column":24}},{"start":{"line":206,"column":28},"end":{"line":206,"column":55}}],"line":206},"13":{"loc":{"start":{"line":241,"column":18},"end":{"line":241,"column":69}},"type":"cond-expr","locations":[{"start":{"line":241,"column":54},"end":{"line":241,"column":63}},{"start":{"line":241,"column":66},"end":{"line":241,"column":69}}],"line":241},"14":{"loc":{"start":{"line":241,"column":18},"end":{"line":241,"column":51}},"type":"binary-expr","locations":[{"start":{"line":241,"column":18},"end":{"line":241,"column":27}},{"start":{"line":241,"column":31},"end":{"line":241,"column":51}}],"line":241},"15":{"loc":{"start":{"line":242,"column":18},"end":{"line":242,"column":69}},"type":"cond-expr","locations":[{"start":{"line":242,"column":54},"end":{"line":242,"column":63}},{"start":{"line":242,"column":66},"end":{"line":242,"column":69}}],"line":242},"16":{"loc":{"start":{"line":242,"column":18},"end":{"line":242,"column":51}},"type":"binary-expr","locations":[{"start":{"line":242,"column":18},"end":{"line":242,"column":27}},{"start":{"line":242,"column":31},"end":{"line":242,"column":51}}],"line":242},"17":{"loc":{"start":{"line":276,"column":4},"end":{"line":278,"column":5}},"type":"if","locations":[{"start":{"line":276,"column":4},"end":{"line":278,"column":5}},{"start":{},"end":{}}],"line":276},"18":{"loc":{"start":{"line":279,"column":4},"end":{"line":283,"column":5}},"type":"if","locations":[{"start":{"line":279,"column":4},"end":{"line":283,"column":5}},{"start":{"line":281,"column":11},"end":{"line":283,"column":5}}],"line":279},"19":{"loc":{"start":{"line":280,"column":37},"end":{"line":280,"column":65}},"type":"cond-expr","locations":[{"start":{"line":280,"column":49},"end":{"line":280,"column":58}},{"start":{"line":280,"column":61},"end":{"line":280,"column":65}}],"line":280},"20":{"loc":{"start":{"line":293,"column":4},"end":{"line":297,"column":5}},"type":"if","locations":[{"start":{"line":293,"column":4},"end":{"line":297,"column":5}},{"start":{"line":295,"column":11},"end":{"line":297,"column":5}}],"line":293},"21":{"loc":{"start":{"line":293,"column":8},"end":{"line":293,"column":98}},"type":"binary-expr","locations":[{"start":{"line":293,"column":8},"end":{"line":293,"column":22}},{"start":{"line":293,"column":26},"end":{"line":293,"column":45}},{"start":{"line":293,"column":50},"end":{"line":293,"column":97}}],"line":293}},"s":{"0":27,"1":27,"2":27,"3":27,"4":0,"5":0,"6":0,"7":0,"8":0,"9":0,"10":0,"11":0,"12":0,"13":0,"14":0,"15":0,"16":0,"17":0,"18":0,"19":0,"20":0,"21":0,"22":0,"23":0,"24":0,"25":0,"26":10,"27":6,"28":1,"29":5,"30":4,"31":1,"32":4,"33":23,"34":9,"35":9,"36":9,"37":1,"38":9,"39":9,"40":1,"41":8,"42":9,"43":3,"44":3,"45":3,"46":3,"47":9,"48":1,"49":8,"50":9,"51":9,"52":1,"53":9,"54":1,"55":5,"56":7,"57":4,"58":1,"59":3,"60":1,"61":1,"62":2,"63":1,"64":0,"65":1,"66":1,"67":2},"f":{"0":27,"1":0,"2":0,"3":0,"4":0,"5":0,"6":0,"7":0,"8":10,"9":6,"10":4,"11":23,"12":9,"13":3,"14":9,"15":9,"16":1,"17":5,"18":7,"19":4,"20":1,"21":1,"22":1,"23":2},"b":{"0":[0,0],"1":[0,0],"2":[0,0],"3":[0,0],"4":[0,0],"5":[1,5],"6":[4,1],"7":[3,6],"8":[1,8],"9":[1,8],"10":[9,9],"11":[1,8],"12":[9,9],"13":[1,0],"14":[1,1],"15":[1,0],"16":[1,1],"17":[1,3],"18":[1,2],"19":[1,0],"20":[0,1],"21":[1,0,0]},"_coverageSchema":"1a1c01bbd47fc00a2c39e90264f33305004495a9","hash":"3df7b0fb118c07e97e888ab5e01f54d859c1d535"}
,"F:\\_Alpheios\\____service_workes\\_workspaces-core\\v1\\packages\\wordlist\\src\\storage\\indexeddbDriver\\indexed-db-load-process.js": {"path":"F:\\_Alpheios\\____service_workes\\_workspaces-core\\v1\\packages\\wordlist\\src\\storage\\indexeddbDriver\\indexed-db-load-process.js","statementMap":{"0":{"start":{"line":12,"column":4},"end":{"line":12,"column":34}},"1":{"start":{"line":13,"column":4},"end":{"line":13,"column":32}},"2":{"start":{"line":23,"column":4},"end":{"line":25,"column":5}},"3":{"start":{"line":24,"column":6},"end":{"line":24,"column":27}},"4":{"start":{"line":26,"column":4},"end":{"line":26,"column":53}},"5":{"start":{"line":27,"column":4},"end":{"line":27,"column":19}},"6":{"start":{"line":41,"column":22},"end":{"line":41,"column":41}},"7":{"start":{"line":43,"column":4},"end":{"line":58,"column":5}},"8":{"start":{"line":44,"column":6},"end":{"line":44,"column":58}},"9":{"start":{"line":46,"column":23},"end":{"line":46,"column":74}},"10":{"start":{"line":47,"column":20},"end":{"line":47,"column":22}},"11":{"start":{"line":49,"column":6},"end":{"line":56,"column":7}},"12":{"start":{"line":50,"column":27},"end":{"line":50,"column":61}},"13":{"start":{"line":51,"column":8},"end":{"line":53,"column":9}},"14":{"start":{"line":52,"column":10},"end":{"line":52,"column":70}},"15":{"start":{"line":55,"column":8},"end":{"line":55,"column":81}},"16":{"start":{"line":57,"column":6},"end":{"line":57,"column":69}},"17":{"start":{"line":59,"column":4},"end":{"line":59,"column":19}}},"fnMap":{"0":{"name":"(anonymous_0)","decl":{"start":{"line":9,"column":2},"end":{"line":9,"column":3}},"loc":{"start":{"line":9,"column":33},"end":{"line":14,"column":3}},"line":9},"1":{"name":"(anonymous_1)","decl":{"start":{"line":22,"column":2},"end":{"line":22,"column":3}},"loc":{"start":{"line":22,"column":42},"end":{"line":28,"column":3}},"line":22},"2":{"name":"(anonymous_2)","decl":{"start":{"line":40,"column":2},"end":{"line":40,"column":3}},"loc":{"start":{"line":40,"column":42},"end":{"line":60,"column":3}},"line":40}},"branchMap":{"0":{"loc":{"start":{"line":23,"column":4},"end":{"line":25,"column":5}},"type":"if","locations":[{"start":{"line":23,"column":4},"end":{"line":25,"column":5}},{"start":{},"end":{}}],"line":23},"1":{"loc":{"start":{"line":43,"column":4},"end":{"line":58,"column":5}},"type":"if","locations":[{"start":{"line":43,"column":4},"end":{"line":58,"column":5}},{"start":{"line":45,"column":11},"end":{"line":58,"column":5}}],"line":43},"2":{"loc":{"start":{"line":43,"column":8},"end":{"line":43,"column":98}},"type":"binary-expr","locations":[{"start":{"line":43,"column":8},"end":{"line":43,"column":27}},{"start":{"line":43,"column":31},"end":{"line":43,"column":65}},{"start":{"line":43,"column":69},"end":{"line":43,"column":98}}],"line":43},"3":{"loc":{"start":{"line":49,"column":6},"end":{"line":56,"column":7}},"type":"if","locations":[{"start":{"line":49,"column":6},"end":{"line":56,"column":7}},{"start":{"line":54,"column":13},"end":{"line":56,"column":7}}],"line":49}},"s":{"0":19,"1":19,"2":3,"3":1,"4":3,"5":3,"6":4,"7":4,"8":1,"9":3,"10":3,"11":3,"12":2,"13":2,"14":6,"15":1,"16":3,"17":4},"f":{"0":19,"1":3,"2":4},"b":{"0":[1,2],"1":[1,3],"2":[4,1,1],"3":[2,1]},"_coverageSchema":"1a1c01bbd47fc00a2c39e90264f33305004495a9","hash":"964b46d81fda30bc01807fe725a355f80d6510f4"}
,"F:\\_Alpheios\\____service_workes\\_workspaces-core\\v1\\packages\\wordlist\\src\\storage\\indexeddbDriver\\indexed-db-object-stores-structure.js": {"path":"F:\\_Alpheios\\____service_workes\\_workspaces-core\\v1\\packages\\wordlist\\src\\storage\\indexeddbDriver\\indexed-db-object-stores-structure.js","statementMap":{"0":{"start":{"line":7,"column":4},"end":{"line":16,"column":5}},"1":{"start":{"line":24,"column":4},"end":{"line":24,"column":64}},"2":{"start":{"line":33,"column":20},"end":{"line":33,"column":73}},"3":{"start":{"line":34,"column":4},"end":{"line":36,"column":5}},"4":{"start":{"line":37,"column":4},"end":{"line":37,"column":20}},"5":{"start":{"line":45,"column":4},"end":{"line":45,"column":64}},"6":{"start":{"line":53,"column":4},"end":{"line":53,"column":64}}},"fnMap":{"0":{"name":"(anonymous_0)","decl":{"start":{"line":6,"column":2},"end":{"line":6,"column":3}},"loc":{"start":{"line":6,"column":33},"end":{"line":17,"column":3}},"line":6},"1":{"name":"(anonymous_1)","decl":{"start":{"line":23,"column":2},"end":{"line":23,"column":3}},"loc":{"start":{"line":23,"column":32},"end":{"line":25,"column":3}},"line":23},"2":{"name":"(anonymous_2)","decl":{"start":{"line":32,"column":2},"end":{"line":32,"column":3}},"loc":{"start":{"line":32,"column":33},"end":{"line":38,"column":3}},"line":32},"3":{"name":"(anonymous_3)","decl":{"start":{"line":44,"column":2},"end":{"line":44,"column":3}},"loc":{"start":{"line":44,"column":33},"end":{"line":46,"column":3}},"line":44},"4":{"name":"(anonymous_4)","decl":{"start":{"line":52,"column":2},"end":{"line":52,"column":3}},"loc":{"start":{"line":52,"column":37},"end":{"line":54,"column":3}},"line":52}},"branchMap":{},"s":{"0":208,"1":52,"2":52,"3":52,"4":52,"5":52,"6":52},"f":{"0":208,"1":52,"2":52,"3":52,"4":52},"b":{},"_coverageSchema":"1a1c01bbd47fc00a2c39e90264f33305004495a9","hash":"3eb2fc395c252fe784a72e5aea76c25ef41fc813"}
}
