TN:
SF:src\index.js
FNF:0
FNH:0
LF:0
LH:0
BRF:0
BRH:0
end_of_record
TN:
SF:src\common\utility.js
FN:6,(anonymous_0)
FNF:1
FNH:1
FNDA:54,(anonymous_0)
DA:7,54
DA:8,54
LF:2
LH:2
BRDA:9,0,0,54
BRDA:9,0,1,0
BRDA:10,1,0,0
BRDA:10,1,1,54
BRDA:11,2,0,0
BRDA:11,2,1,54
BRDA:12,3,0,0
BRDA:12,3,1,54
BRDA:13,4,0,0
BRDA:13,4,1,54
BRF:10
BRH:5
end_of_record
TN:
SF:src\controllers\user-data-manager.js
FN:14,(anonymous_0)
FN:31,(anonymous_1)
FN:47,(anonymous_2)
FN:57,(anonymous_3)
FN:67,(anonymous_4)
FN:91,(anonymous_5)
FN:104,(anonymous_6)
FN:154,(anonymous_7)
FN:207,(anonymous_8)
FN:261,(anonymous_9)
FN:310,(anonymous_10)
FN:314,(anonymous_11)
FN:323,(anonymous_12)
FN:325,(anonymous_13)
FN:332,(anonymous_14)
FN:344,(anonymous_15)
FNF:16
FNH:0
FNDA:0,(anonymous_0)
FNDA:0,(anonymous_1)
FNDA:0,(anonymous_2)
FNDA:0,(anonymous_3)
FNDA:0,(anonymous_4)
FNDA:0,(anonymous_5)
FNDA:0,(anonymous_6)
FNDA:0,(anonymous_7)
FNDA:0,(anonymous_8)
FNDA:0,(anonymous_9)
FNDA:0,(anonymous_10)
FNDA:0,(anonymous_11)
FNDA:0,(anonymous_12)
FNDA:0,(anonymous_13)
FNDA:0,(anonymous_14)
FNDA:0,(anonymous_15)
DA:15,0
DA:16,0
DA:17,0
DA:18,0
DA:19,0
DA:20,0
DA:22,0
DA:23,0
DA:32,0
DA:34,0
DA:36,0
DA:37,0
DA:39,0
DA:48,0
DA:49,0
DA:58,0
DA:59,0
DA:68,0
DA:69,0
DA:71,0
DA:72,0
DA:73,0
DA:74,0
DA:75,0
DA:76,0
DA:78,0
DA:79,0
DA:80,0
DA:81,0
DA:83,0
DA:84,0
DA:88,0
DA:92,0
DA:105,0
DA:106,0
DA:110,0
DA:112,0
DA:113,0
DA:114,0
DA:116,0
DA:117,0
DA:119,0
DA:120,0
DA:122,0
DA:123,0
DA:124,0
DA:125,0
DA:126,0
DA:127,0
DA:129,0
DA:130,0
DA:133,0
DA:134,0
DA:136,0
DA:137,0
DA:139,0
DA:141,0
DA:155,0
DA:156,0
DA:160,0
DA:163,0
DA:164,0
DA:165,0
DA:167,0
DA:168,0
DA:170,0
DA:171,0
DA:173,0
DA:174,0
DA:176,0
DA:177,0
DA:179,0
DA:180,0
DA:182,0
DA:183,0
DA:186,0
DA:187,0
DA:189,0
DA:190,0
DA:192,0
DA:194,0
DA:208,0
DA:209,0
DA:213,0
DA:215,0
DA:216,0
DA:217,0
DA:219,0
DA:220,0
DA:222,0
DA:223,0
DA:224,0
DA:226,0
DA:227,0
DA:228,0
DA:230,0
DA:231,0
DA:234,0
DA:235,0
DA:237,0
DA:238,0
DA:241,0
DA:243,0
DA:262,0
DA:263,0
DA:264,0
DA:265,0
DA:267,0
DA:268,0
DA:270,0
DA:273,0
DA:274,0
DA:275,0
DA:276,0
DA:277,0
DA:278,0
DA:281,0
DA:282,0
DA:283,0
DA:284,0
DA:285,0
DA:287,0
DA:288,0
DA:290,0
DA:291,0
DA:292,0
DA:293,0
DA:294,0
DA:297,0
DA:298,0
DA:302,0
DA:303,0
DA:304,0
DA:306,0
DA:311,0
DA:312,0
DA:313,0
DA:314,0
DA:315,0
DA:324,0
DA:325,0
DA:333,0
DA:334,0
DA:335,0
DA:345,0
DA:348,0
DA:349,0
DA:351,0
DA:352,0
DA:353,0
DA:355,0
DA:360,1
DA:363,1
LF:153
LH:2
BRDA:17,0,0,0
BRDA:17,0,1,0
BRDA:32,1,0,0
BRDA:32,1,1,0
BRDA:71,2,0,0
BRDA:71,2,1,0
BRDA:74,3,0,0
BRDA:74,3,1,0
BRDA:80,4,0,0
BRDA:80,4,1,0
BRDA:83,5,0,0
BRDA:83,5,1,0
BRDA:88,6,0,0
BRDA:88,6,1,0
BRDA:104,7,0,0
BRDA:105,8,0,0
BRDA:105,8,1,0
BRDA:113,9,0,0
BRDA:113,9,1,0
BRDA:120,10,0,0
BRDA:120,10,1,0
BRDA:120,11,0,0
BRDA:120,11,1,0
BRDA:122,12,0,0
BRDA:122,12,1,0
BRDA:124,13,0,0
BRDA:124,13,1,0
BRDA:126,14,0,0
BRDA:126,14,1,0
BRDA:154,15,0,0
BRDA:155,16,0,0
BRDA:155,16,1,0
BRDA:173,17,0,0
BRDA:173,17,1,0
BRDA:179,18,0,0
BRDA:179,18,1,0
BRDA:182,19,0,0
BRDA:182,19,1,0
BRDA:192,20,0,0
BRDA:192,20,1,0
BRDA:207,21,0,0
BRDA:208,22,0,0
BRDA:208,22,1,0
BRDA:222,23,0,0
BRDA:222,23,1,0
BRDA:227,24,0,0
BRDA:227,24,1,0
BRDA:230,25,0,0
BRDA:230,25,1,0
BRDA:241,26,0,0
BRDA:241,26,1,0
BRDA:261,27,0,0
BRDA:263,28,0,0
BRDA:263,28,1,0
BRDA:264,29,0,0
BRDA:264,29,1,0
BRDA:265,30,0,0
BRDA:265,30,1,0
BRDA:273,31,0,0
BRDA:273,31,1,0
BRDA:275,32,0,0
BRDA:275,32,1,0
BRDA:282,33,0,0
BRDA:282,33,1,0
BRDA:297,34,0,0
BRDA:297,34,1,0
BRDA:297,35,0,0
BRDA:297,35,1,0
BRDA:314,36,0,0
BRDA:314,36,1,0
BRDA:324,37,0,0
BRDA:324,37,1,0
BRDA:324,38,0,0
BRDA:324,38,1,0
BRDA:333,39,0,0
BRDA:333,39,1,0
BRDA:348,40,0,0
BRDA:348,40,1,0
BRF:78
BRH:0
end_of_record
TN:
SF:src\controllers\wordlist-controller.js
FN:10,(anonymous_0)
FN:29,(anonymous_1)
FN:46,(anonymous_2)
FN:63,(anonymous_3)
FN:80,(anonymous_4)
FN:94,(anonymous_5)
FN:106,(anonymous_6)
FN:128,(anonymous_7)
FN:148,(anonymous_8)
FN:167,(anonymous_9)
FN:183,(anonymous_10)
FN:201,(anonymous_11)
FN:218,(anonymous_12)
FN:236,(anonymous_13)
FN:251,(anonymous_14)
FN:275,(anonymous_15)
FN:292,(anonymous_16)
FN:294,(anonymous_17)
FN:307,(anonymous_18)
FN:317,(anonymous_19)
FNF:20
FNH:16
FNDA:20,(anonymous_0)
FNDA:4,(anonymous_1)
FNDA:3,(anonymous_2)
FNDA:4,(anonymous_3)
FNDA:64,(anonymous_4)
FNDA:2,(anonymous_5)
FNDA:1,(anonymous_6)
FNDA:30,(anonymous_7)
FNDA:4,(anonymous_8)
FNDA:0,(anonymous_9)
FNDA:3,(anonymous_10)
FNDA:0,(anonymous_11)
FNDA:1,(anonymous_12)
FNDA:0,(anonymous_13)
FNDA:9,(anonymous_14)
FNDA:2,(anonymous_15)
FNDA:1,(anonymous_16)
FNDA:2,(anonymous_17)
FNDA:0,(anonymous_18)
FNDA:38,(anonymous_19)
DA:11,20
DA:12,20
DA:13,20
DA:14,20
DA:15,20
DA:16,20
DA:17,20
DA:19,20
DA:20,20
DA:21,20
DA:30,4
DA:32,1
DA:34,3
DA:35,6
DA:36,6
DA:37,6
DA:38,6
DA:39,6
DA:40,6
DA:42,6
DA:43,1
DA:44,2
DA:46,3
DA:47,2
DA:48,3
DA:50,2
DA:51,2
DA:54,1
DA:60,4
DA:64,4
DA:65,4
DA:66,8
DA:67,4
DA:70,4
DA:81,64
DA:82,15
DA:83,15
DA:84,15
DA:86,64
DA:95,2
DA:96,2
DA:97,2
DA:107,1
DA:108,1
DA:109,1
DA:110,1
DA:111,1
DA:112,1
DA:113,1
DA:116,0
DA:129,30
DA:131,30
DA:132,29
DA:133,29
DA:134,12
DA:137,30
DA:138,2
DA:140,30
DA:151,4
DA:152,3
DA:153,3
DA:154,3
DA:155,3
DA:156,3
DA:157,3
DA:159,3
DA:168,0
DA:169,0
DA:172,0
DA:173,0
DA:175,0
DA:184,3
DA:185,3
DA:186,2
DA:187,2
DA:188,2
DA:189,2
DA:192,1
DA:202,0
DA:203,0
DA:204,0
DA:205,0
DA:208,0
DA:219,1
DA:220,1
DA:221,1
DA:222,1
DA:223,1
DA:224,1
DA:226,0
DA:237,0
DA:238,0
DA:239,0
DA:240,0
DA:242,0
DA:254,9
DA:255,9
DA:256,9
DA:257,9
DA:258,9
DA:259,9
DA:261,9
DA:263,0
DA:276,2
DA:277,2
DA:278,2
DA:279,2
DA:280,2
DA:282,0
DA:293,1
DA:294,1
DA:295,2
DA:296,2
DA:297,2
DA:308,0
DA:309,0
DA:318,38
DA:323,2
LF:118
LH:97
BRDA:30,0,0,1
BRDA:30,0,1,3
BRDA:38,1,0,6
BRDA:38,1,1,0
BRDA:42,2,0,1
BRDA:42,2,1,5
BRDA:50,3,0,2
BRDA:50,3,1,0
BRDA:66,4,0,4
BRDA:66,4,1,4
BRDA:80,5,0,13
BRDA:81,6,0,15
BRDA:81,6,1,49
BRDA:81,7,0,64
BRDA:81,7,1,38
BRDA:108,8,0,1
BRDA:108,8,1,0
BRDA:110,9,0,1
BRDA:110,9,1,0
BRDA:112,10,0,1
BRDA:112,10,1,0
BRDA:128,11,0,15
BRDA:131,12,0,29
BRDA:131,12,1,1
BRDA:133,13,0,12
BRDA:133,13,1,17
BRDA:137,14,0,2
BRDA:137,14,1,28
BRDA:155,15,0,1
BRDA:155,15,1,2
BRDA:185,16,0,2
BRDA:185,16,1,1
BRDA:203,17,0,0
BRDA:203,17,1,0
BRDA:220,18,0,1
BRDA:220,18,1,0
BRDA:238,19,0,0
BRDA:238,19,1,0
BRDA:255,20,0,9
BRDA:255,20,1,0
BRDA:277,21,0,2
BRDA:277,21,1,0
BRF:42
BRH:30
end_of_record
TN:
SF:src\storage\indexed-db-adapter.js
FN:12,(anonymous_0)
FN:18,(anonymous_1)
FN:43,(anonymous_2)
FN:72,(anonymous_3)
FN:95,(anonymous_4)
FN:117,(anonymous_5)
FN:149,(anonymous_6)
FN:184,(anonymous_7)
FN:187,(anonymous_8)
FN:189,(anonymous_9)
FN:202,(anonymous_10)
FN:208,(anonymous_11)
FN:218,(anonymous_12)
FN:231,(anonymous_13)
FN:246,(anonymous_14)
FN:248,(anonymous_15)
FN:259,(anonymous_16)
FN:270,(anonymous_17)
FN:289,(anonymous_18)
FN:292,(anonymous_19)
FN:294,(anonymous_20)
FN:299,(anonymous_21)
FN:315,(anonymous_22)
FN:318,(anonymous_23)
FN:321,(anonymous_24)
FN:329,(anonymous_25)
FN:335,(anonymous_26)
FN:360,(anonymous_27)
FN:362,(anonymous_28)
FN:364,(anonymous_29)
FN:374,(anonymous_30)
FN:378,(anonymous_31)
FN:387,(anonymous_32)
FN:402,(anonymous_33)
FN:404,(anonymous_34)
FN:406,(anonymous_35)
FN:417,(anonymous_36)
FN:421,(anonymous_37)
FN:425,(anonymous_38)
FN:439,(anonymous_39)
FNF:40
FNH:30
FNDA:18,(anonymous_0)
FNDA:0,(anonymous_1)
FNDA:11,(anonymous_2)
FNDA:8,(anonymous_3)
FNDA:2,(anonymous_4)
FNDA:43,(anonymous_5)
FNDA:13,(anonymous_6)
FNDA:2,(anonymous_7)
FNDA:2,(anonymous_8)
FNDA:2,(anonymous_9)
FNDA:4,(anonymous_10)
FNDA:0,(anonymous_11)
FNDA:0,(anonymous_12)
FNDA:18,(anonymous_13)
FNDA:87,(anonymous_14)
FNDA:1,(anonymous_15)
FNDA:3,(anonymous_16)
FNDA:42,(anonymous_17)
FNDA:12,(anonymous_18)
FNDA:12,(anonymous_19)
FNDA:12,(anonymous_20)
FNDA:0,(anonymous_21)
FNDA:12,(anonymous_22)
FNDA:12,(anonymous_23)
FNDA:0,(anonymous_24)
FNDA:12,(anonymous_25)
FNDA:0,(anonymous_26)
FNDA:42,(anonymous_27)
FNDA:42,(anonymous_28)
FNDA:42,(anonymous_29)
FNDA:42,(anonymous_30)
FNDA:0,(anonymous_31)
FNDA:0,(anonymous_32)
FNDA:32,(anonymous_33)
FNDA:32,(anonymous_34)
FNDA:32,(anonymous_35)
FNDA:40,(anonymous_36)
FNDA:0,(anonymous_37)
FNDA:8,(anonymous_38)
FNDA:0,(anonymous_39)
DA:13,18
DA:14,18
DA:15,18
DA:19,0
DA:20,0
DA:21,0
DA:22,0
DA:23,0
DA:28,0
DA:29,0
DA:31,0
DA:33,0
DA:35,0
DA:44,11
DA:45,11
DA:50,11
DA:51,41
DA:52,40
DA:53,0
DA:56,10
DA:58,1
DA:59,1
DA:61,1
DA:73,8
DA:74,8
DA:75,8
DA:76,29
DA:77,29
DA:78,28
DA:80,7
DA:82,1
DA:83,1
DA:85,1
DA:96,2
DA:97,2
DA:98,5
DA:99,5
DA:101,1
DA:103,1
DA:104,1
DA:106,1
DA:118,43
DA:119,43
DA:122,43
DA:123,2
DA:126,43
DA:127,46
DA:129,46
DA:130,13
DA:132,33
DA:135,42
DA:137,1
DA:138,1
DA:140,1
DA:150,13
DA:151,13
DA:152,13
DA:154,12
DA:156,12
DA:157,10
DA:159,10
DA:160,30
DA:161,30
DA:163,30
DA:164,0
DA:167,10
DA:170,12
DA:172,1
DA:173,1
DA:175,1
DA:185,2
DA:187,2
DA:188,2
DA:189,2
DA:190,2
DA:191,2
DA:192,2
DA:193,2
DA:195,2
DA:197,5
DA:199,4
DA:201,4
DA:202,4
DA:203,4
DA:204,4
DA:205,1
DA:208,4
DA:209,0
DA:210,0
DA:214,1
DA:215,1
DA:218,2
DA:219,0
DA:220,0
DA:223,1
DA:232,18
DA:233,18
DA:234,18
DA:235,18
DA:236,0
DA:237,0
DA:239,18
DA:247,87
DA:248,87
DA:249,1
DA:250,1
DA:251,1
DA:253,87
DA:260,3
DA:261,3
DA:264,9
DA:265,8
DA:267,0
DA:270,8
DA:271,42
DA:272,42
DA:278,1
DA:290,12
DA:292,12
DA:293,12
DA:294,12
DA:295,12
DA:296,12
DA:297,12
DA:299,12
DA:300,0
DA:301,0
DA:304,12
DA:316,12
DA:318,12
DA:319,12
DA:320,12
DA:321,12
DA:322,0
DA:323,0
DA:325,12
DA:326,12
DA:327,12
DA:328,12
DA:329,12
DA:330,12
DA:331,12
DA:332,12
DA:335,12
DA:336,0
DA:337,0
DA:340,12
DA:341,0
DA:344,0
DA:345,0
DA:346,0
DA:350,12
DA:361,42
DA:362,42
DA:363,42
DA:364,42
DA:365,42
DA:366,42
DA:367,42
DA:368,42
DA:370,42
DA:371,42
DA:373,42
DA:374,42
DA:375,42
DA:378,42
DA:379,0
DA:380,0
DA:383,0
DA:384,0
DA:387,42
DA:388,0
DA:391,42
DA:403,32
DA:404,32
DA:405,32
DA:406,32
DA:407,32
DA:408,32
DA:409,32
DA:410,32
DA:412,32
DA:413,32
DA:415,32
DA:416,32
DA:417,32
DA:418,40
DA:419,40
DA:420,8
DA:421,8
DA:422,0
DA:423,0
DA:425,8
DA:426,8
DA:428,8
DA:430,32
DA:434,0
DA:435,0
DA:439,32
DA:440,0
DA:441,0
DA:445,32
LF:202
LH:162
BRDA:19,0,0,0
BRDA:19,0,1,0
BRDA:19,1,0,0
BRDA:19,1,1,0
BRDA:20,2,0,0
BRDA:20,2,1,0
BRDA:20,3,0,0
BRDA:20,3,1,0
BRDA:20,3,2,0
BRDA:28,4,0,0
BRDA:28,4,1,0
BRDA:52,5,0,0
BRDA:52,5,1,40
BRDA:58,6,0,1
BRDA:58,6,1,0
BRDA:82,7,0,1
BRDA:82,7,1,0
BRDA:103,8,0,1
BRDA:103,8,1,0
BRDA:119,9,0,41
BRDA:119,9,1,2
BRDA:119,10,0,43
BRDA:119,10,1,41
BRDA:119,11,0,0
BRDA:119,11,1,41
BRDA:122,12,0,2
BRDA:122,12,1,41
BRDA:129,13,0,13
BRDA:129,13,1,33
BRDA:129,14,0,46
BRDA:129,14,1,46
BRDA:137,15,0,1
BRDA:137,15,1,0
BRDA:163,16,0,0
BRDA:163,16,1,30
BRDA:172,17,0,1
BRDA:172,17,1,0
BRDA:204,18,0,1
BRDA:204,18,1,3
BRDA:232,19,0,18
BRDA:232,19,1,0
BRDA:232,19,2,0
BRDA:232,19,3,0
BRDA:233,20,0,18
BRDA:233,20,1,0
BRDA:233,20,2,0
BRDA:233,20,3,0
BRDA:234,21,0,18
BRDA:234,21,1,0
BRDA:234,21,2,0
BRDA:235,22,0,0
BRDA:235,22,1,18
BRDA:264,23,0,8
BRDA:264,23,1,0
BRDA:271,24,0,42
BRDA:271,24,1,0
BRDA:331,25,0,12
BRDA:331,25,1,0
BRDA:340,26,0,0
BRDA:340,26,1,12
BRDA:344,27,0,0
BRDA:344,27,1,0
BRDA:419,28,0,8
BRDA:419,28,1,32
BRF:64
BRH:30
end_of_record
TN:
SF:src\storage\remote-db-adapter.js
FN:8,(anonymous_0)
FN:18,(anonymous_1)
FN:22,(anonymous_2)
FN:66,(anonymous_3)
FN:91,(anonymous_4)
FN:119,(anonymous_5)
FN:139,(anonymous_6)
FN:161,(anonymous_7)
FNF:8
FNH:7
FNDA:13,(anonymous_0)
FNDA:15,(anonymous_1)
FNDA:0,(anonymous_2)
FNDA:2,(anonymous_3)
FNDA:2,(anonymous_4)
FNDA:2,(anonymous_5)
FNDA:2,(anonymous_6)
FNDA:2,(anonymous_7)
DA:9,13
DA:10,13
DA:11,13
DA:19,15
DA:23,0
DA:24,0
DA:25,0
DA:26,0
DA:28,0
DA:29,0
DA:30,0
DA:31,0
DA:32,0
DA:34,0
DA:35,0
DA:38,0
DA:42,0
DA:43,0
DA:44,0
DA:46,0
DA:49,0
DA:52,0
DA:54,0
DA:55,0
DA:57,0
DA:67,2
DA:68,2
DA:69,2
DA:71,2
DA:73,1
DA:75,1
DA:77,1
DA:78,1
DA:80,1
DA:92,2
DA:93,2
DA:94,2
DA:97,2
DA:98,0
DA:100,2
DA:103,2
DA:104,1
DA:105,1
DA:107,1
DA:108,1
DA:110,1
DA:120,2
DA:121,2
DA:122,2
DA:123,1
DA:124,1
DA:126,1
DA:127,1
DA:129,1
DA:140,2
DA:141,2
DA:143,2
DA:144,1
DA:145,1
DA:147,1
DA:148,1
DA:150,1
DA:162,2
DA:163,2
DA:164,2
DA:165,1
DA:167,1
DA:169,1
DA:170,1
DA:171,1
DA:172,1
DA:175,1
DA:176,0
DA:178,1
LF:74
LH:51
BRDA:19,0,0,15
BRDA:19,0,1,14
BRDA:19,0,2,14
BRDA:25,1,0,0
BRDA:25,1,1,0
BRDA:31,2,0,0
BRDA:31,2,1,0
BRDA:34,3,0,0
BRDA:34,3,1,0
BRDA:38,4,0,0
BRDA:38,4,1,0
BRDA:43,5,0,0
BRDA:43,5,1,0
BRDA:46,6,0,0
BRDA:46,6,1,0
BRDA:46,7,0,0
BRDA:46,7,1,0
BRDA:77,8,0,1
BRDA:77,8,1,0
BRDA:97,9,0,0
BRDA:97,9,1,2
BRDA:107,10,0,1
BRDA:107,10,1,0
BRDA:126,11,0,1
BRDA:126,11,1,0
BRDA:147,12,0,1
BRDA:147,12,1,0
BRDA:170,13,0,1
BRDA:170,13,1,0
BRDA:170,14,0,1
BRDA:170,14,1,1
BRDA:171,15,0,1
BRDA:171,15,1,0
BRDA:175,16,0,0
BRDA:175,16,1,1
BRF:35
BRH:13
end_of_record
TN:
SF:src\storage\worditem-indexeddb-driver.js
FN:13,(anonymous_0)
FN:71,(anonymous_1)
FN:79,(anonymous_2)
FN:87,(anonymous_3)
FN:88,(anonymous_4)
FN:95,(anonymous_5)
FN:96,(anonymous_6)
FN:103,(anonymous_7)
FN:104,(anonymous_8)
FN:111,(anonymous_9)
FN:112,(anonymous_10)
FN:119,(anonymous_11)
FN:120,(anonymous_12)
FN:128,(anonymous_13)
FN:141,(anonymous_14)
FN:154,(anonymous_15)
FN:168,(anonymous_16)
FN:182,(anonymous_17)
FN:195,(anonymous_18)
FN:206,(anonymous_19)
FN:219,(anonymous_20)
FN:235,(anonymous_21)
FN:247,(anonymous_22)
FN:257,(anonymous_23)
FN:267,(anonymous_24)
FN:279,(anonymous_25)
FN:293,(anonymous_26)
FN:305,(anonymous_27)
FN:325,(anonymous_28)
FN:362,(anonymous_29)
FN:384,(anonymous_30)
FN:393,(anonymous_31)
FN:402,(anonymous_32)
FN:411,(anonymous_33)
FN:420,(anonymous_34)
FN:421,(anonymous_35)
FN:429,(anonymous_36)
FNF:37
FNH:35
FNDA:52,(anonymous_0)
FNDA:90,(anonymous_1)
FNDA:90,(anonymous_2)
FNDA:0,(anonymous_3)
FNDA:0,(anonymous_4)
FNDA:49,(anonymous_5)
FNDA:241,(anonymous_6)
FNDA:11,(anonymous_7)
FNDA:44,(anonymous_8)
FNDA:3,(anonymous_9)
FNDA:9,(anonymous_10)
FNDA:8,(anonymous_11)
FNDA:29,(anonymous_12)
FNDA:130,(anonymous_13)
FNDA:82,(anonymous_14)
FNDA:36,(anonymous_15)
FNDA:15,(anonymous_16)
FNDA:43,(anonymous_17)
FNDA:13,(anonymous_18)
FNDA:18,(anonymous_19)
FNDA:16,(anonymous_20)
FNDA:35,(anonymous_21)
FNDA:13,(anonymous_22)
FNDA:28,(anonymous_23)
FNDA:6,(anonymous_24)
FNDA:31,(anonymous_25)
FNDA:47,(anonymous_26)
FNDA:15,(anonymous_27)
FNDA:12,(anonymous_28)
FNDA:23,(anonymous_29)
FNDA:12,(anonymous_30)
FNDA:82,(anonymous_31)
FNDA:45,(anonymous_32)
FNDA:3,(anonymous_33)
FNDA:1,(anonymous_34)
FNDA:1,(anonymous_35)
FNDA:2,(anonymous_36)
DA:14,52
DA:15,52
DA:72,90
DA:80,90
DA:88,0
DA:96,241
DA:104,44
DA:112,9
DA:120,29
DA:129,130
DA:142,82
DA:155,36
DA:169,15
DA:183,43
DA:196,13
DA:207,18
DA:208,18
DA:220,16
DA:221,10
DA:222,6
DA:223,5
DA:225,1
DA:236,35
DA:237,35
DA:248,13
DA:258,28
DA:268,6
DA:269,6
DA:280,31
DA:281,30
DA:283,1
DA:294,47
DA:306,15
DA:317,15
DA:326,12
DA:327,12
DA:328,12
DA:329,12
DA:330,1
DA:331,1
DA:351,1
DA:353,12
DA:363,23
DA:364,23
DA:365,23
DA:366,1
DA:375,22
DA:385,12
DA:394,82
DA:403,45
DA:412,3
DA:421,1
DA:430,2
DA:432,2
DA:433,1
DA:436,2
DA:437,1
DA:439,2
LF:58
LH:57
BRDA:88,0,0,0
BRDA:88,0,1,0
BRDA:154,1,0,36
BRDA:168,2,0,15
BRDA:182,3,0,43
BRDA:207,4,0,18
BRDA:207,4,1,0
BRDA:220,5,0,10
BRDA:220,5,1,6
BRDA:222,6,0,5
BRDA:222,6,1,1
BRDA:236,7,0,35
BRDA:236,7,1,0
BRDA:268,8,0,6
BRDA:268,8,1,0
BRDA:280,9,0,30
BRDA:280,9,1,1
BRDA:313,10,0,0
BRDA:313,10,1,15
BRDA:343,11,0,1
BRDA:343,11,1,0
BRDA:343,12,0,1
BRDA:343,12,1,1
BRDA:344,13,0,1
BRDA:344,13,1,0
BRDA:344,14,0,1
BRDA:344,14,1,1
BRDA:362,15,0,12
BRDA:363,16,0,23
BRDA:363,16,1,23
BRDA:364,17,0,1
BRDA:364,17,1,22
BRDA:364,18,0,23
BRDA:364,18,1,23
BRDA:365,19,0,1
BRDA:365,19,1,22
BRDA:432,20,0,1
BRDA:432,20,1,1
BRDA:436,21,0,1
BRDA:436,21,1,1
BRF:40
BRH:32
end_of_record
TN:
SF:src\storage\worditem-remotedb-driver.js
FN:9,(anonymous_0)
FN:54,(anonymous_1)
FN:61,(anonymous_2)
FN:69,(anonymous_3)
FN:80,(anonymous_4)
FN:90,(anonymous_5)
FN:104,(anonymous_6)
FN:107,(anonymous_7)
FN:123,(anonymous_8)
FN:132,(anonymous_9)
FN:147,(anonymous_10)
FN:156,(anonymous_11)
FN:165,(anonymous_12)
FN:193,(anonymous_13)
FN:205,(anonymous_14)
FN:220,(anonymous_15)
FN:234,(anonymous_16)
FN:257,(anonymous_17)
FN:266,(anonymous_18)
FN:275,(anonymous_19)
FN:280,(anonymous_20)
FN:292,(anonymous_21)
FN:305,(anonymous_22)
FN:306,(anonymous_23)
FNF:24
FNH:17
FNDA:27,(anonymous_0)
FNDA:0,(anonymous_1)
FNDA:0,(anonymous_2)
FNDA:0,(anonymous_3)
FNDA:0,(anonymous_4)
FNDA:0,(anonymous_5)
FNDA:0,(anonymous_6)
FNDA:0,(anonymous_7)
FNDA:10,(anonymous_8)
FNDA:6,(anonymous_9)
FNDA:4,(anonymous_10)
FNDA:23,(anonymous_11)
FNDA:9,(anonymous_12)
FNDA:3,(anonymous_13)
FNDA:9,(anonymous_14)
FNDA:9,(anonymous_15)
FNDA:1,(anonymous_16)
FNDA:5,(anonymous_17)
FNDA:7,(anonymous_18)
FNDA:4,(anonymous_19)
FNDA:1,(anonymous_20)
FNDA:1,(anonymous_21)
FNDA:1,(anonymous_22)
FNDA:2,(anonymous_23)
DA:10,27
DA:11,27
DA:13,27
DA:23,27
DA:55,0
DA:62,0
DA:70,0
DA:71,0
DA:72,0
DA:73,0
DA:81,0
DA:82,0
DA:83,0
DA:91,0
DA:92,0
DA:93,0
DA:94,0
DA:97,0
DA:105,0
DA:106,0
DA:107,0
DA:108,0
DA:110,0
DA:111,0
DA:114,0
DA:115,0
DA:124,10
DA:133,6
DA:134,1
DA:136,5
DA:137,4
DA:139,1
DA:148,4
DA:157,23
DA:166,9
DA:178,9
DA:180,9
DA:181,1
DA:183,9
DA:185,9
DA:186,1
DA:188,8
DA:190,9
DA:194,3
DA:195,3
DA:196,3
DA:197,3
DA:206,9
DA:207,1
DA:212,8
DA:221,9
DA:222,9
DA:223,1
DA:225,9
DA:235,1
DA:258,5
DA:267,7
DA:276,4
DA:277,1
DA:279,3
DA:280,1
DA:282,2
DA:293,1
DA:294,0
DA:296,1
DA:306,2
LF:66
LH:43
BRDA:81,0,0,0
BRDA:81,0,1,0
BRDA:91,1,0,0
BRDA:91,1,1,0
BRDA:93,2,0,0
BRDA:93,2,1,0
BRDA:105,3,0,0
BRDA:105,3,1,0
BRDA:110,4,0,0
BRDA:110,4,1,0
BRDA:133,5,0,1
BRDA:133,5,1,5
BRDA:136,6,0,4
BRDA:136,6,1,1
BRDA:173,7,0,3
BRDA:173,7,1,6
BRDA:180,8,0,1
BRDA:180,8,1,8
BRDA:185,9,0,1
BRDA:185,9,1,8
BRDA:185,10,0,9
BRDA:185,10,1,9
BRDA:206,11,0,1
BRDA:206,11,1,8
BRDA:206,12,0,9
BRDA:206,12,1,9
BRDA:241,13,0,1
BRDA:241,13,1,0
BRDA:241,14,0,1
BRDA:241,14,1,1
BRDA:242,15,0,1
BRDA:242,15,1,0
BRDA:242,16,0,1
BRDA:242,16,1,1
BRDA:276,17,0,1
BRDA:276,17,1,3
BRDA:279,18,0,1
BRDA:279,18,1,2
BRDA:280,19,0,1
BRDA:280,19,1,0
BRDA:293,20,0,0
BRDA:293,20,1,1
BRDA:293,21,0,1
BRDA:293,21,1,0
BRDA:293,21,2,0
BRF:45
BRH:29
end_of_record
TN:
SF:src\storage\indexeddbDriver\indexed-db-load-process.js
FN:9,(anonymous_0)
FN:22,(anonymous_1)
FN:40,(anonymous_2)
FNF:3
FNH:3
FNDA:19,(anonymous_0)
FNDA:3,(anonymous_1)
FNDA:4,(anonymous_2)
DA:12,19
DA:13,19
DA:23,3
DA:24,1
DA:26,3
DA:27,3
DA:41,4
DA:43,4
DA:44,1
DA:46,3
DA:47,3
DA:49,3
DA:50,2
DA:51,2
DA:52,6
DA:55,1
DA:57,3
DA:59,4
LF:18
LH:18
BRDA:23,0,0,1
BRDA:23,0,1,2
BRDA:43,1,0,1
BRDA:43,1,1,3
BRDA:43,2,0,4
BRDA:43,2,1,1
BRDA:43,2,2,1
BRDA:49,3,0,2
BRDA:49,3,1,1
BRF:9
BRH:9
end_of_record
TN:
SF:src\storage\indexeddbDriver\indexed-db-object-stores-structure.js
FN:6,(anonymous_0)
FN:23,(anonymous_1)
FN:32,(anonymous_2)
FN:44,(anonymous_3)
FN:52,(anonymous_4)
FNF:5
FNH:5
FNDA:208,(anonymous_0)
FNDA:52,(anonymous_1)
FNDA:52,(anonymous_2)
FNDA:52,(anonymous_3)
FNDA:52,(anonymous_4)
DA:7,208
DA:24,52
DA:33,52
DA:34,52
DA:37,52
DA:45,52
DA:53,52
LF:7
LH:7
BRF:0
BRH:0
end_of_record
