TN:
SF:src\base_adapter.js
FN:10,(anonymous_0)
FN:14,(anonymous_1)
FNF:2
FNH:0
FNDA:0,(anonymous_0)
FNDA:0,(anonymous_1)
DA:11,0
DA:15,0
LF:2
LH:0
BRF:0
BRH:0
end_of_record
TN:
SF:src\driver.js
FNF:0
FNH:0
LF:0
LH:0
BRF:0
BRH:0
end_of_record
TN:
SF:src\grammars.js
FN:12,(anonymous_0)
FN:25,(anonymous_1)
FN:33,(anonymous_2)
FN:34,(anonymous_3)
FN:37,(anonymous_4)
FN:44,(anonymous_5)
FN:48,(anonymous_6)
FN:71,(anonymous_7)
FN:77,(anonymous_8)
FN:81,(anonymous_9)
FNF:10
FNH:3
FNDA:0,(anonymous_0)
FNDA:0,(anonymous_1)
FNDA:0,(anonymous_2)
FNDA:0,(anonymous_3)
FNDA:0,(anonymous_4)
FNDA:0,(anonymous_5)
FNDA:0,(anonymous_6)
FNDA:2,(anonymous_7)
FNDA:2,(anonymous_8)
FNDA:2,(anonymous_9)
DA:5,1
DA:13,0
DA:26,0
DA:28,0
DA:29,0
DA:30,0
DA:32,0
DA:33,0
DA:34,0
DA:35,0
DA:36,0
DA:37,0
DA:38,0
DA:42,0
DA:43,0
DA:45,0
DA:47,0
DA:49,0
DA:50,0
DA:53,0
DA:58,0
DA:60,0
DA:61,0
DA:72,2
DA:74,1
DA:76,1
DA:77,2
DA:79,2
DA:80,2
DA:81,2
DA:83,1
LF:31
LH:9
BRDA:32,0,0,0
BRDA:32,0,1,0
BRDA:32,1,0,0
BRDA:32,1,1,0
BRDA:36,2,0,0
BRDA:36,2,1,0
BRDA:45,3,0,0
BRDA:45,3,1,0
BRDA:49,4,0,0
BRDA:49,4,1,0
BRDA:72,5,0,1
BRDA:72,5,1,1
BRDA:80,6,0,1
BRDA:80,6,1,1
BRF:14
BRH:4
end_of_record
TN:
SF:src\grammar\grammar_adapter.js
FN:14,(anonymous_0)
FN:40,(anonymous_1)
FN:84,(anonymous_2)
FN:108,(anonymous_3)
FN:110,(anonymous_4)
FN:112,(anonymous_5)
FN:116,(anonymous_6)
FN:129,(anonymous_7)
FN:146,(anonymous_8)
FN:153,(anonymous_9)
FNF:10
FNH:9
FNDA:5,(anonymous_0)
FNDA:2,(anonymous_1)
FNDA:2,(anonymous_2)
FNDA:1,(anonymous_3)
FNDA:1,(anonymous_4)
FNDA:1,(anonymous_5)
FNDA:0,(anonymous_6)
FNDA:1,(anonymous_7)
FNDA:7,(anonymous_8)
FNDA:1,(anonymous_9)
DA:15,5
DA:16,5
DA:17,5
DA:23,5
DA:24,4
DA:25,4
DA:26,0
DA:28,4
DA:31,1
DA:33,5
DA:42,2
DA:43,1
DA:44,1
DA:45,1
DA:46,1
DA:49,2
DA:50,2
DA:51,2
DA:52,2
DA:54,2
DA:55,2
DA:57,2
DA:58,2
DA:59,2
DA:60,2
DA:61,1
DA:62,1
DA:63,1
DA:64,1
DA:66,1
DA:67,1
DA:68,1
DA:70,0
DA:72,1
DA:75,2
DA:85,2
DA:87,2
DA:88,2
DA:89,2
DA:92,2
DA:93,1
DA:94,1
DA:96,2
DA:97,1
DA:99,1
DA:110,1
DA:111,1
DA:113,1
DA:114,1
DA:117,0
DA:130,1
DA:131,1
DA:132,1
DA:133,0
DA:135,1
DA:138,1
DA:147,7
DA:155,1
DA:156,1
DA:157,1
DA:159,1
DA:161,1
DA:162,3
DA:163,2
DA:166,1
LF:65
LH:61
BRDA:14,0,0,0
BRDA:14,1,0,4
BRDA:23,2,0,4
BRDA:23,2,1,1
BRDA:42,3,0,1
BRDA:42,3,1,1
BRDA:42,4,0,2
BRDA:42,4,1,1
BRDA:51,5,0,2
BRDA:51,5,1,0
BRDA:54,6,0,2
BRDA:54,6,1,0
BRDA:63,7,0,1
BRDA:63,7,1,0
BRDA:63,8,0,1
BRDA:63,8,1,1
BRDA:67,9,0,1
BRDA:67,9,1,0
BRDA:87,10,0,2
BRDA:87,10,1,0
BRDA:92,11,0,1
BRDA:92,11,1,1
BRDA:96,12,0,1
BRDA:96,12,1,1
BRDA:132,13,0,0
BRDA:132,13,1,1
BRDA:162,14,0,2
BRDA:162,14,1,1
BRF:28
BRH:21
end_of_record
