<?xml version="1.0" encoding="UTF-8"?>
<coverage generated="1755676428201" clover="3.2.0">
  <project timestamp="1755676428201" name="All files">
    <metrics statements="2259" coveredstatements="1595" conditionals="1174" coveredconditionals="774" methods="620" coveredmethods="364" elements="4053" coveredelements="2733" complexity="0" loc="2259" ncloc="2259" packages="11" files="54" classes="54"/>
    <package name="src">
      <metrics statements="1637" coveredstatements="1349" conditionals="851" coveredconditionals="629" methods="403" coveredmethods="292"/>
      <file name="arabic_language_model.js" path="F:\_Alpheios\____service_workes\_workspaces-core\v1\packages\data-models\src\arabic_language_model.js">
        <metrics statements="46" coveredstatements="34" conditionals="29" coveredconditionals="22" methods="15" coveredmethods="7"/>
        <line num="5" count="24" type="stmt"/>
        <line num="6" count="24" type="stmt"/>
        <line num="12" count="159" type="stmt"/>
        <line num="13" count="87" type="stmt"/>
        <line num="14" count="4" type="stmt"/>
        <line num="15" count="0" type="stmt"/>
        <line num="16" count="0" type="stmt"/>
        <line num="17" count="0" type="stmt"/>
        <line num="18" count="0" type="stmt"/>
        <line num="21" count="0" type="cond" truecount="0" falsecount="2"/>
        <line num="22" count="0" type="stmt"/>
        <line num="26" count="0" type="stmt"/>
        <line num="27" count="0" type="stmt"/>
        <line num="29" count="0" type="stmt"/>
        <line num="39" count="0" type="stmt"/>
        <line num="50" count="1" type="stmt"/>
        <line num="52" count="1" type="stmt"/>
        <line num="54" count="1" type="stmt"/>
        <line num="56" count="1" type="stmt"/>
        <line num="58" count="1" type="stmt"/>
        <line num="60" count="1" type="stmt"/>
        <line num="61" count="1" type="stmt"/>
        <line num="69" count="1" type="stmt"/>
        <line num="70" count="1" type="cond" truecount="2" falsecount="2"/>
        <line num="71" count="0" type="stmt"/>
        <line num="73" count="1" type="stmt"/>
        <line num="75" count="1" type="cond" truecount="1" falsecount="1"/>
        <line num="76" count="6" type="stmt"/>
        <line num="78" count="1" type="stmt"/>
        <line num="87" count="0" type="stmt"/>
        <line num="98" count="3" type="stmt"/>
        <line num="100" count="3" type="stmt"/>
        <line num="101" count="3" type="stmt"/>
        <line num="102" count="12" type="cond" truecount="4" falsecount="0"/>
        <line num="103" count="3" type="stmt"/>
        <line num="104" count="9" type="cond" truecount="4" falsecount="0"/>
        <line num="105" count="3" type="stmt"/>
        <line num="106" count="6" type="cond" truecount="4" falsecount="0"/>
        <line num="107" count="3" type="stmt"/>
        <line num="110" count="3" type="stmt"/>
        <line num="111" count="3" type="stmt"/>
        <line num="114" count="3" type="stmt"/>
        <line num="115" count="9" type="stmt"/>
        <line num="116" count="9" type="cond" truecount="2" falsecount="0"/>
        <line num="119" count="6" type="stmt"/>
        <line num="125" count="3" type="stmt"/>
      </file>
      <file name="chinese_language_model.js" path="F:\_Alpheios\____service_workes\_workspaces-core\v1\packages\data-models\src\chinese_language_model.js">
        <metrics statements="49" coveredstatements="41" conditionals="22" coveredconditionals="15" methods="15" coveredmethods="13"/>
        <line num="6" count="24" type="stmt"/>
        <line num="7" count="24" type="stmt"/>
        <line num="13" count="28" type="stmt"/>
        <line num="14" count="3" type="stmt"/>
        <line num="16" count="1" type="stmt"/>
        <line num="24" count="1" type="stmt"/>
        <line num="25" count="1" type="stmt"/>
        <line num="26" count="1" type="stmt"/>
        <line num="27" count="1" type="stmt"/>
        <line num="30" count="1" type="stmt"/>
        <line num="53" count="0" type="cond" truecount="0" falsecount="2"/>
        <line num="54" count="0" type="stmt"/>
        <line num="58" count="0" type="stmt"/>
        <line num="59" count="0" type="stmt"/>
        <line num="61" count="0" type="stmt"/>
        <line num="65" count="1" type="stmt"/>
        <line num="69" count="16" type="stmt"/>
        <line num="73" count="6" type="stmt"/>
        <line num="74" count="6" type="stmt"/>
        <line num="75" count="6" type="stmt"/>
        <line num="76" count="6" type="stmt"/>
        <line num="77" count="6" type="stmt"/>
        <line num="78" count="6" type="stmt"/>
        <line num="81" count="36" type="stmt"/>
        <line num="83" count="6" type="stmt"/>
        <line num="84" count="6" type="stmt"/>
        <line num="88" count="6" type="stmt"/>
        <line num="89" count="30" type="cond" truecount="2" falsecount="0"/>
        <line num="90" count="15" type="stmt"/>
        <line num="91" count="15" type="cond" truecount="2" falsecount="0"/>
        <line num="93" count="15" type="cond" truecount="2" falsecount="0"/>
        <line num="94" count="6" type="stmt"/>
        <line num="95" count="9" type="cond" truecount="1" falsecount="1"/>
        <line num="96" count="0" type="stmt"/>
        <line num="97" count="9" type="cond" truecount="1" falsecount="1"/>
        <line num="98" count="0" type="stmt"/>
        <line num="100" count="9" type="stmt"/>
        <line num="101" count="16" type="cond" truecount="2" falsecount="0"/>
        <line num="102" count="9" type="cond" truecount="3" falsecount="1"/>
        <line num="104" count="2" type="stmt"/>
        <line num="105" count="2" type="stmt"/>
        <line num="107" count="3" type="stmt"/>
        <line num="108" count="3" type="stmt"/>
        <line num="110" count="4" type="cond" truecount="2" falsecount="2"/>
        <line num="111" count="4" type="stmt"/>
        <line num="113" count="0" type="stmt"/>
        <line num="115" count="9" type="stmt"/>
        <line num="119" count="15" type="stmt"/>
        <line num="122" count="6" type="stmt"/>
      </file>
      <file name="constants.js" path="F:\_Alpheios\____service_workes\_workspaces-core\v1\packages\data-models\src\constants.js">
        <metrics statements="226" coveredstatements="226" conditionals="0" coveredconditionals="0" methods="0" coveredmethods="0"/>
        <line num="2" count="24" type="stmt"/>
        <line num="3" count="24" type="stmt"/>
        <line num="4" count="24" type="stmt"/>
        <line num="5" count="24" type="stmt"/>
        <line num="6" count="24" type="stmt"/>
        <line num="7" count="24" type="stmt"/>
        <line num="8" count="24" type="stmt"/>
        <line num="9" count="24" type="stmt"/>
        <line num="10" count="24" type="stmt"/>
        <line num="11" count="24" type="stmt"/>
        <line num="12" count="24" type="stmt"/>
        <line num="13" count="24" type="stmt"/>
        <line num="15" count="24" type="stmt"/>
        <line num="16" count="24" type="stmt"/>
        <line num="17" count="24" type="stmt"/>
        <line num="18" count="24" type="stmt"/>
        <line num="19" count="24" type="stmt"/>
        <line num="20" count="24" type="stmt"/>
        <line num="21" count="24" type="stmt"/>
        <line num="22" count="24" type="stmt"/>
        <line num="23" count="24" type="stmt"/>
        <line num="24" count="24" type="stmt"/>
        <line num="25" count="24" type="stmt"/>
        <line num="26" count="24" type="stmt"/>
        <line num="27" count="24" type="stmt"/>
        <line num="28" count="24" type="stmt"/>
        <line num="29" count="24" type="stmt"/>
        <line num="30" count="24" type="stmt"/>
        <line num="31" count="24" type="stmt"/>
        <line num="32" count="24" type="stmt"/>
        <line num="33" count="24" type="stmt"/>
        <line num="36" count="24" type="stmt"/>
        <line num="37" count="24" type="stmt"/>
        <line num="38" count="24" type="stmt"/>
        <line num="39" count="24" type="stmt"/>
        <line num="40" count="24" type="stmt"/>
        <line num="41" count="24" type="stmt"/>
        <line num="42" count="24" type="stmt"/>
        <line num="43" count="24" type="stmt"/>
        <line num="44" count="24" type="stmt"/>
        <line num="45" count="24" type="stmt"/>
        <line num="46" count="24" type="stmt"/>
        <line num="47" count="24" type="stmt"/>
        <line num="48" count="24" type="stmt"/>
        <line num="49" count="24" type="stmt"/>
        <line num="50" count="24" type="stmt"/>
        <line num="51" count="24" type="stmt"/>
        <line num="52" count="24" type="stmt"/>
        <line num="53" count="24" type="stmt"/>
        <line num="54" count="24" type="stmt"/>
        <line num="55" count="24" type="stmt"/>
        <line num="57" count="24" type="stmt"/>
        <line num="58" count="24" type="stmt"/>
        <line num="59" count="24" type="stmt"/>
        <line num="60" count="24" type="stmt"/>
        <line num="61" count="24" type="stmt"/>
        <line num="62" count="24" type="stmt"/>
        <line num="64" count="24" type="stmt"/>
        <line num="65" count="24" type="stmt"/>
        <line num="66" count="24" type="stmt"/>
        <line num="68" count="24" type="stmt"/>
        <line num="69" count="24" type="stmt"/>
        <line num="70" count="24" type="stmt"/>
        <line num="72" count="24" type="stmt"/>
        <line num="73" count="24" type="stmt"/>
        <line num="74" count="24" type="stmt"/>
        <line num="75" count="24" type="stmt"/>
        <line num="76" count="24" type="stmt"/>
        <line num="77" count="24" type="stmt"/>
        <line num="78" count="24" type="stmt"/>
        <line num="79" count="24" type="stmt"/>
        <line num="80" count="24" type="stmt"/>
        <line num="81" count="24" type="stmt"/>
        <line num="82" count="24" type="stmt"/>
        <line num="83" count="24" type="stmt"/>
        <line num="84" count="24" type="stmt"/>
        <line num="85" count="24" type="stmt"/>
        <line num="86" count="24" type="stmt"/>
        <line num="87" count="24" type="stmt"/>
        <line num="88" count="24" type="stmt"/>
        <line num="89" count="24" type="stmt"/>
        <line num="90" count="24" type="stmt"/>
        <line num="91" count="24" type="stmt"/>
        <line num="92" count="24" type="stmt"/>
        <line num="93" count="24" type="stmt"/>
        <line num="94" count="24" type="stmt"/>
        <line num="95" count="24" type="stmt"/>
        <line num="96" count="24" type="stmt"/>
        <line num="97" count="24" type="stmt"/>
        <line num="98" count="24" type="stmt"/>
        <line num="99" count="24" type="stmt"/>
        <line num="100" count="24" type="stmt"/>
        <line num="101" count="24" type="stmt"/>
        <line num="102" count="24" type="stmt"/>
        <line num="103" count="24" type="stmt"/>
        <line num="104" count="24" type="stmt"/>
        <line num="105" count="24" type="stmt"/>
        <line num="106" count="24" type="stmt"/>
        <line num="107" count="24" type="stmt"/>
        <line num="108" count="24" type="stmt"/>
        <line num="109" count="24" type="stmt"/>
        <line num="110" count="24" type="stmt"/>
        <line num="111" count="24" type="stmt"/>
        <line num="112" count="24" type="stmt"/>
        <line num="113" count="24" type="stmt"/>
        <line num="114" count="24" type="stmt"/>
        <line num="115" count="24" type="stmt"/>
        <line num="116" count="24" type="stmt"/>
        <line num="117" count="24" type="stmt"/>
        <line num="118" count="24" type="stmt"/>
        <line num="119" count="24" type="stmt"/>
        <line num="120" count="24" type="stmt"/>
        <line num="121" count="24" type="stmt"/>
        <line num="122" count="24" type="stmt"/>
        <line num="123" count="24" type="stmt"/>
        <line num="124" count="24" type="stmt"/>
        <line num="125" count="24" type="stmt"/>
        <line num="126" count="24" type="stmt"/>
        <line num="127" count="24" type="stmt"/>
        <line num="128" count="24" type="stmt"/>
        <line num="129" count="24" type="stmt"/>
        <line num="130" count="24" type="stmt"/>
        <line num="131" count="24" type="stmt"/>
        <line num="132" count="24" type="stmt"/>
        <line num="133" count="24" type="stmt"/>
        <line num="134" count="24" type="stmt"/>
        <line num="135" count="24" type="stmt"/>
        <line num="136" count="24" type="stmt"/>
        <line num="137" count="24" type="stmt"/>
        <line num="138" count="24" type="stmt"/>
        <line num="139" count="24" type="stmt"/>
        <line num="140" count="24" type="stmt"/>
        <line num="141" count="24" type="stmt"/>
        <line num="142" count="24" type="stmt"/>
        <line num="143" count="24" type="stmt"/>
        <line num="144" count="24" type="stmt"/>
        <line num="145" count="24" type="stmt"/>
        <line num="146" count="24" type="stmt"/>
        <line num="147" count="24" type="stmt"/>
        <line num="148" count="24" type="stmt"/>
        <line num="149" count="24" type="stmt"/>
        <line num="150" count="24" type="stmt"/>
        <line num="151" count="24" type="stmt"/>
        <line num="152" count="24" type="stmt"/>
        <line num="153" count="24" type="stmt"/>
        <line num="154" count="24" type="stmt"/>
        <line num="155" count="24" type="stmt"/>
        <line num="156" count="24" type="stmt"/>
        <line num="157" count="24" type="stmt"/>
        <line num="158" count="24" type="stmt"/>
        <line num="159" count="24" type="stmt"/>
        <line num="160" count="24" type="stmt"/>
        <line num="161" count="24" type="stmt"/>
        <line num="162" count="24" type="stmt"/>
        <line num="163" count="24" type="stmt"/>
        <line num="164" count="24" type="stmt"/>
        <line num="165" count="24" type="stmt"/>
        <line num="166" count="24" type="stmt"/>
        <line num="167" count="24" type="stmt"/>
        <line num="168" count="24" type="stmt"/>
        <line num="169" count="24" type="stmt"/>
        <line num="170" count="24" type="stmt"/>
        <line num="171" count="24" type="stmt"/>
        <line num="172" count="24" type="stmt"/>
        <line num="173" count="24" type="stmt"/>
        <line num="174" count="24" type="stmt"/>
        <line num="175" count="24" type="stmt"/>
        <line num="176" count="24" type="stmt"/>
        <line num="177" count="24" type="stmt"/>
        <line num="178" count="24" type="stmt"/>
        <line num="179" count="24" type="stmt"/>
        <line num="180" count="24" type="stmt"/>
        <line num="181" count="24" type="stmt"/>
        <line num="182" count="24" type="stmt"/>
        <line num="183" count="24" type="stmt"/>
        <line num="184" count="24" type="stmt"/>
        <line num="185" count="24" type="stmt"/>
        <line num="186" count="24" type="stmt"/>
        <line num="187" count="24" type="stmt"/>
        <line num="188" count="24" type="stmt"/>
        <line num="189" count="24" type="stmt"/>
        <line num="190" count="24" type="stmt"/>
        <line num="191" count="24" type="stmt"/>
        <line num="192" count="24" type="stmt"/>
        <line num="193" count="24" type="stmt"/>
        <line num="194" count="24" type="stmt"/>
        <line num="195" count="24" type="stmt"/>
        <line num="196" count="24" type="stmt"/>
        <line num="197" count="24" type="stmt"/>
        <line num="198" count="24" type="stmt"/>
        <line num="199" count="24" type="stmt"/>
        <line num="200" count="24" type="stmt"/>
        <line num="201" count="24" type="stmt"/>
        <line num="202" count="24" type="stmt"/>
        <line num="203" count="24" type="stmt"/>
        <line num="204" count="24" type="stmt"/>
        <line num="205" count="24" type="stmt"/>
        <line num="206" count="24" type="stmt"/>
        <line num="207" count="24" type="stmt"/>
        <line num="208" count="24" type="stmt"/>
        <line num="209" count="24" type="stmt"/>
        <line num="210" count="24" type="stmt"/>
        <line num="211" count="24" type="stmt"/>
        <line num="212" count="24" type="stmt"/>
        <line num="213" count="24" type="stmt"/>
        <line num="214" count="24" type="stmt"/>
        <line num="215" count="24" type="stmt"/>
        <line num="216" count="24" type="stmt"/>
        <line num="217" count="24" type="stmt"/>
        <line num="218" count="24" type="stmt"/>
        <line num="219" count="24" type="stmt"/>
        <line num="220" count="24" type="stmt"/>
        <line num="221" count="24" type="stmt"/>
        <line num="222" count="24" type="stmt"/>
        <line num="224" count="24" type="stmt"/>
        <line num="225" count="24" type="stmt"/>
        <line num="226" count="24" type="stmt"/>
        <line num="227" count="24" type="stmt"/>
        <line num="228" count="24" type="stmt"/>
        <line num="229" count="24" type="stmt"/>
        <line num="230" count="24" type="stmt"/>
        <line num="231" count="24" type="stmt"/>
        <line num="232" count="24" type="stmt"/>
        <line num="233" count="24" type="stmt"/>
        <line num="235" count="24" type="stmt"/>
        <line num="236" count="24" type="stmt"/>
      </file>
      <file name="definition-set.js" path="F:\_Alpheios\____service_workes\_workspaces-core\v1\packages\data-models\src\definition-set.js">
        <metrics statements="28" coveredstatements="24" conditionals="10" coveredconditionals="6" methods="12" coveredmethods="9"/>
        <line num="6" count="125" type="stmt"/>
        <line num="7" count="125" type="stmt"/>
        <line num="9" count="125" type="stmt"/>
        <line num="10" count="125" type="stmt"/>
        <line num="20" count="1" type="stmt"/>
        <line num="22" count="1" type="stmt"/>
        <line num="24" count="1" type="stmt"/>
        <line num="25" count="1" type="stmt"/>
        <line num="27" count="1" type="stmt"/>
        <line num="28" count="0" type="stmt"/>
        <line num="31" count="1" type="stmt"/>
        <line num="40" count="0" type="stmt"/>
        <line num="49" count="0" type="stmt"/>
        <line num="58" count="9" type="cond" truecount="2" falsecount="0"/>
        <line num="69" count="3" type="cond" truecount="1" falsecount="1"/>
        <line num="70" count="3" type="cond" truecount="1" falsecount="1"/>
        <line num="71" count="3" type="stmt"/>
        <line num="73" count="3" type="stmt"/>
        <line num="80" count="1" type="stmt"/>
        <line num="91" count="1" type="cond" truecount="1" falsecount="1"/>
        <line num="92" count="1" type="cond" truecount="1" falsecount="1"/>
        <line num="93" count="1" type="stmt"/>
        <line num="95" count="1" type="stmt"/>
        <line num="102" count="1" type="stmt"/>
        <line num="106" count="1" type="stmt"/>
        <line num="107" count="1" type="stmt"/>
        <line num="110" count="1" type="stmt"/>
        <line num="111" count="0" type="stmt"/>
      </file>
      <file name="definition.js" path="F:\_Alpheios\____service_workes\_workspaces-core\v1\packages\data-models\src\definition.js">
        <metrics statements="16" coveredstatements="15" conditionals="6" coveredconditionals="3" methods="3" coveredmethods="3"/>
        <line num="6" count="3" type="stmt"/>
        <line num="7" count="3" type="stmt"/>
        <line num="8" count="3" type="stmt"/>
        <line num="9" count="3" type="stmt"/>
        <line num="11" count="3" type="stmt"/>
        <line num="16" count="2" type="stmt"/>
        <line num="18" count="2" type="cond" truecount="1" falsecount="1"/>
        <line num="19" count="2" type="stmt"/>
        <line num="22" count="2" type="cond" truecount="1" falsecount="1"/>
        <line num="23" count="2" type="stmt"/>
        <line num="24" count="2" type="stmt"/>
        <line num="26" count="0" type="stmt"/>
        <line num="32" count="2" type="stmt"/>
        <line num="40" count="2" type="cond" truecount="1" falsecount="1"/>
        <line num="41" count="2" type="stmt"/>
        <line num="43" count="2" type="stmt"/>
      </file>
      <file name="driver.js" path="F:\_Alpheios\____service_workes\_workspaces-core\v1\packages\data-models\src\driver.js">
        <metrics statements="0" coveredstatements="0" conditionals="0" coveredconditionals="0" methods="0" coveredmethods="0"/>
      </file>
      <file name="feature.js" path="F:\_Alpheios\____service_workes\_workspaces-core\v1\packages\data-models\src\feature.js">
        <metrics statements="96" coveredstatements="95" conditionals="55" coveredconditionals="55" methods="51" coveredmethods="48"/>
        <line num="39" count="416" type="cond" truecount="2" falsecount="0"/>
        <line num="40" count="1" type="stmt"/>
        <line num="42" count="415" type="cond" truecount="2" falsecount="0"/>
        <line num="43" count="1" type="stmt"/>
        <line num="45" count="414" type="cond" truecount="2" falsecount="0"/>
        <line num="46" count="1" type="stmt"/>
        <line num="49" count="413" type="stmt"/>
        <line num="50" count="413" type="stmt"/>
        <line num="51" count="413" type="stmt"/>
        <line num="52" count="413" type="stmt"/>
        <line num="62" count="413" type="stmt"/>
        <line num="63" count="413" type="stmt"/>
        <line num="75" count="421" type="cond" truecount="2" falsecount="0"/>
        <line num="77" count="238" type="stmt"/>
        <line num="78" count="183" type="cond" truecount="2" falsecount="0"/>
        <line num="85" count="261" type="stmt"/>
        <line num="88" count="52" type="stmt"/>
        <line num="90" count="560" type="stmt"/>
        <line num="102" count="4452" type="stmt"/>
        <line num="149" count="418" type="stmt"/>
        <line num="153" count="246" type="stmt"/>
        <line num="157" count="476" type="stmt"/>
        <line num="161" count="10" type="stmt"/>
        <line num="173" count="2" type="stmt"/>
        <line num="183" count="417" type="cond" truecount="2" falsecount="0"/>
        <line num="195" count="20" type="cond" truecount="2" falsecount="0"/>
        <line num="196" count="19" type="stmt"/>
        <line num="199" count="1" type="stmt"/>
        <line num="204" count="4" type="stmt"/>
        <line num="217" count="473" type="stmt"/>
        <line num="230" count="4" type="cond" truecount="2" falsecount="0"/>
        <line num="231" count="3" type="cond" truecount="2" falsecount="0"/>
        <line num="232" count="2" type="stmt"/>
        <line num="242" count="795" type="stmt"/>
        <line num="251" count="1" type="stmt"/>
        <line num="260" count="4" type="stmt"/>
        <line num="264" count="1" type="stmt"/>
        <line num="268" count="1" type="stmt"/>
        <line num="272" count="1" type="stmt"/>
        <line num="281" count="1" type="stmt"/>
        <line num="291" count="15" type="stmt"/>
        <line num="301" count="2" type="stmt"/>
        <line num="302" count="2" type="stmt"/>
        <line num="303" count="4" type="cond" truecount="2" falsecount="0"/>
        <line num="305" count="2" type="stmt"/>
        <line num="315" count="4" type="stmt"/>
        <line num="316" count="4" type="stmt"/>
        <line num="317" count="8" type="cond" truecount="2" falsecount="0"/>
        <line num="319" count="4" type="stmt"/>
        <line num="323" count="2" type="stmt"/>
        <line num="334" count="14" type="cond" truecount="4" falsecount="0"/>
        <line num="349" count="3" type="cond" truecount="2" falsecount="0"/>
        <line num="350" count="2" type="stmt"/>
        <line num="354" count="2" type="stmt"/>
        <line num="356" count="1" type="stmt"/>
        <line num="358" count="3" type="stmt"/>
        <line num="369" count="2" type="stmt"/>
        <line num="370" count="4" type="stmt"/>
        <line num="371" count="2" type="cond" truecount="2" falsecount="0"/>
        <line num="372" count="1" type="stmt"/>
        <line num="373" count="1" type="stmt"/>
        <line num="375" count="1" type="stmt"/>
        <line num="377" count="2" type="stmt"/>
        <line num="387" count="1" type="stmt"/>
        <line num="403" count="6" type="stmt"/>
        <line num="415" count="1" type="stmt"/>
        <line num="428" count="0" type="stmt"/>
        <line num="435" count="1" type="stmt"/>
        <line num="436" count="1" type="stmt"/>
        <line num="446" count="8" type="cond" truecount="2" falsecount="0"/>
        <line num="447" count="3" type="stmt"/>
        <line num="449" count="8" type="stmt"/>
        <line num="450" count="8" type="stmt"/>
        <line num="454" count="3" type="cond" truecount="4" falsecount="0"/>
        <line num="455" count="1" type="stmt"/>
        <line num="457" count="2" type="stmt"/>
        <line num="468" count="4" type="cond" truecount="4" falsecount="0"/>
        <line num="469" count="2" type="stmt"/>
        <line num="471" count="2" type="stmt"/>
        <line num="472" count="2" type="stmt"/>
        <line num="473" count="2" type="stmt"/>
        <line num="474" count="1" type="stmt"/>
        <line num="475" count="1" type="stmt"/>
        <line num="486" count="5" type="cond" truecount="4" falsecount="0"/>
        <line num="487" count="2" type="stmt"/>
        <line num="489" count="3" type="stmt"/>
        <line num="490" count="3" type="cond" truecount="2" falsecount="0"/>
        <line num="491" count="1" type="stmt"/>
        <line num="493" count="4" type="stmt"/>
        <line num="498" count="3" type="stmt"/>
        <line num="499" count="2" type="stmt"/>
        <line num="503" count="3" type="stmt"/>
        <line num="504" count="3" type="stmt"/>
        <line num="514" count="3" type="stmt"/>
        <line num="515" count="3" type="stmt"/>
        <line num="519" count="24" type="stmt"/>
      </file>
      <file name="feature_importer.js" path="F:\_Alpheios\____service_workes\_workspaces-core\v1\packages\data-models\src\feature_importer.js">
        <metrics statements="17" coveredstatements="15" conditionals="10" coveredconditionals="8" methods="4" coveredmethods="4"/>
        <line num="10" count="18" type="stmt"/>
        <line num="11" count="18" type="stmt"/>
        <line num="12" count="4" type="stmt"/>
        <line num="14" count="18" type="stmt"/>
        <line num="15" count="18" type="stmt"/>
        <line num="26" count="14" type="cond" truecount="1" falsecount="1"/>
        <line num="27" count="0" type="stmt"/>
        <line num="30" count="14" type="cond" truecount="2" falsecount="0"/>
        <line num="31" count="1" type="stmt"/>
        <line num="34" count="13" type="stmt"/>
        <line num="35" count="13" type="stmt"/>
        <line num="45" count="9" type="stmt"/>
        <line num="55" count="8" type="cond" truecount="2" falsecount="0"/>
        <line num="56" count="5" type="stmt"/>
        <line num="57" count="3" type="cond" truecount="1" falsecount="1"/>
        <line num="58" count="0" type="stmt"/>
        <line num="60" count="3" type="stmt"/>
      </file>
      <file name="feature_list.js" path="F:\_Alpheios\____service_workes\_workspaces-core\v1\packages\data-models\src\feature_list.js">
        <metrics statements="13" coveredstatements="0" conditionals="7" coveredconditionals="0" methods="6" coveredmethods="0"/>
        <line num="12" count="0" type="stmt"/>
        <line num="13" count="0" type="stmt"/>
        <line num="14" count="0" type="stmt"/>
        <line num="18" count="0" type="cond" truecount="0" falsecount="4"/>
        <line num="19" count="0" type="stmt"/>
        <line num="22" count="0" type="stmt"/>
        <line num="23" count="0" type="stmt"/>
        <line num="24" count="0" type="stmt"/>
        <line num="34" count="0" type="stmt"/>
        <line num="38" count="0" type="stmt"/>
        <line num="48" count="0" type="cond" truecount="0" falsecount="2"/>
        <line num="49" count="0" type="stmt"/>
        <line num="60" count="0" type="stmt"/>
      </file>
      <file name="feature_type.js" path="F:\_Alpheios\____service_workes\_workspaces-core\v1\packages\data-models\src\feature_type.js">
        <metrics statements="68" coveredstatements="56" conditionals="42" coveredconditionals="37" methods="12" coveredmethods="9"/>
        <line num="30" count="4" type="cond" truecount="4" falsecount="0"/>
        <line num="31" count="2" type="stmt"/>
        <line num="33" count="2" type="cond" truecount="1" falsecount="1"/>
        <line num="34" count="0" type="stmt"/>
        <line num="37" count="2" type="stmt"/>
        <line num="38" count="2" type="stmt"/>
        <line num="39" count="2" type="stmt"/>
        <line num="40" count="2" type="stmt"/>
        <line num="46" count="2" type="stmt"/>
        <line num="47" count="2" type="stmt"/>
        <line num="49" count="2" type="stmt"/>
        <line num="50" count="4" type="stmt"/>
        <line num="51" count="4" type="cond" truecount="2" falsecount="0"/>
        <line num="52" count="1" type="stmt"/>
        <line num="53" count="2" type="stmt"/>
        <line num="54" count="2" type="stmt"/>
        <line num="57" count="3" type="stmt"/>
        <line num="58" count="3" type="stmt"/>
        <line num="69" count="0" type="stmt"/>
        <line num="70" count="0" type="stmt"/>
        <line num="79" count="1" type="cond" truecount="2" falsecount="0"/>
        <line num="91" count="2" type="cond" truecount="2" falsecount="0"/>
        <line num="92" count="1" type="stmt"/>
        <line num="94" count="1" type="stmt"/>
        <line num="104" count="0" type="stmt"/>
        <line num="109" count="0" type="stmt"/>
        <line num="110" count="0" type="stmt"/>
        <line num="113" count="0" type="stmt"/>
        <line num="115" count="0" type="stmt"/>
        <line num="126" count="4" type="cond" truecount="2" falsecount="0"/>
        <line num="127" count="1" type="stmt"/>
        <line num="129" count="3" type="cond" truecount="2" falsecount="0"/>
        <line num="130" count="3" type="cond" truecount="2" falsecount="0"/>
        <line num="131" count="3" type="stmt"/>
        <line num="143" count="3" type="stmt"/>
        <line num="160" count="5" type="stmt"/>
        <line num="171" count="1" type="stmt"/>
        <line num="185" count="6" type="cond" truecount="5" falsecount="0"/>
        <line num="186" count="2" type="stmt"/>
        <line num="190" count="4" type="cond" truecount="1" falsecount="1"/>
        <line num="191" count="0" type="stmt"/>
        <line num="194" count="4" type="stmt"/>
        <line num="195" count="6" type="cond" truecount="2" falsecount="0"/>
        <line num="196" count="1" type="stmt"/>
        <line num="197" count="2" type="cond" truecount="1" falsecount="1"/>
        <line num="198" count="0" type="stmt"/>
        <line num="201" count="2" type="cond" truecount="1" falsecount="1"/>
        <line num="202" count="0" type="stmt"/>
        <line num="205" count="2" type="cond" truecount="1" falsecount="1"/>
        <line num="206" count="0" type="stmt"/>
        <line num="210" count="5" type="cond" truecount="2" falsecount="0"/>
        <line num="211" count="1" type="stmt"/>
        <line num="214" count="4" type="cond" truecount="2" falsecount="0"/>
        <line num="215" count="1" type="stmt"/>
        <line num="218" count="3" type="cond" truecount="2" falsecount="0"/>
        <line num="219" count="1" type="stmt"/>
        <line num="225" count="1" type="stmt"/>
        <line num="226" count="1" type="stmt"/>
        <line num="229" count="1" type="stmt"/>
        <line num="230" count="3" type="cond" truecount="2" falsecount="0"/>
        <line num="232" count="1" type="stmt"/>
        <line num="233" count="1" type="stmt"/>
        <line num="234" count="2" type="stmt"/>
        <line num="235" count="2" type="stmt"/>
        <line num="237" count="1" type="stmt"/>
        <line num="240" count="2" type="stmt"/>
        <line num="241" count="2" type="stmt"/>
        <line num="246" count="24" type="stmt"/>
      </file>
      <file name="geez_language_model.js" path="F:\_Alpheios\____service_workes\_workspaces-core\v1\packages\data-models\src\geez_language_model.js">
        <metrics statements="17" coveredstatements="12" conditionals="2" coveredconditionals="1" methods="12" coveredmethods="7"/>
        <line num="5" count="24" type="stmt"/>
        <line num="6" count="24" type="stmt"/>
        <line num="12" count="47" type="stmt"/>
        <line num="14" count="2" type="stmt"/>
        <line num="16" count="2" type="stmt"/>
        <line num="18" count="0" type="stmt"/>
        <line num="20" count="0" type="stmt"/>
        <line num="22" count="0" type="stmt"/>
        <line num="24" count="0" type="stmt"/>
        <line num="26" count="19" type="stmt"/>
        <line num="56" count="1" type="cond" truecount="1" falsecount="1"/>
        <line num="57" count="1" type="stmt"/>
        <line num="61" count="1" type="stmt"/>
        <line num="62" count="18" type="stmt"/>
        <line num="64" count="1" type="stmt"/>
        <line num="74" count="1" type="stmt"/>
        <line num="83" count="0" type="stmt"/>
      </file>
      <file name="greek_language_model.js" path="F:\_Alpheios\____service_workes\_workspaces-core\v1\packages\data-models\src\greek_language_model.js">
        <metrics statements="94" coveredstatements="91" conditionals="67" coveredconditionals="60" methods="25" coveredmethods="25"/>
        <line num="9" count="24" type="stmt"/>
        <line num="10" count="24" type="stmt"/>
        <line num="15" count="1006" type="stmt"/>
        <line num="16" count="558" type="stmt"/>
        <line num="17" count="305" type="stmt"/>
        <line num="18" count="1" type="stmt"/>
        <line num="19" count="1" type="stmt"/>
        <line num="20" count="8" type="stmt"/>
        <line num="21" count="1" type="stmt"/>
        <line num="28" count="25" type="stmt"/>
        <line num="114" count="3" type="cond" truecount="2" falsecount="0"/>
        <line num="115" count="3" type="stmt"/>
        <line num="119" count="1" type="stmt"/>
        <line num="120" count="23" type="stmt"/>
        <line num="122" count="1" type="stmt"/>
        <line num="132" count="1" type="stmt"/>
        <line num="140" count="2" type="stmt"/>
        <line num="153" count="215" type="cond" truecount="2" falsecount="0"/>
        <line num="154" count="214" type="stmt"/>
        <line num="156" count="214" type="stmt"/>
        <line num="158" count="215" type="stmt"/>
        <line num="169" count="114" type="cond" truecount="2" falsecount="0"/>
        <line num="170" count="112" type="cond" truecount="2" falsecount="0"/>
        <line num="173" count="4" type="stmt"/>
        <line num="174" count="108" type="cond" truecount="2" falsecount="0"/>
        <line num="176" count="1" type="stmt"/>
        <line num="178" count="107" type="stmt"/>
        <line num="181" count="2" type="stmt"/>
        <line num="195" count="45" type="cond" truecount="3" falsecount="1"/>
        <line num="196" count="0" type="stmt"/>
        <line num="197" count="45" type="cond" truecount="4" falsecount="0"/>
        <line num="199" count="1" type="stmt"/>
        <line num="201" count="44" type="stmt"/>
        <line num="206" count="183" type="stmt"/>
        <line num="234" count="182" type="cond" truecount="1" falsecount="1"/>
        <line num="235" count="0" type="stmt"/>
        <line num="238" count="182" type="stmt"/>
        <line num="240" count="182" type="cond" truecount="2" falsecount="0"/>
        <line num="241" count="107" type="stmt"/>
        <line num="243" count="182" type="stmt"/>
        <line num="257" count="182" type="stmt"/>
        <line num="259" count="182" type="stmt"/>
        <line num="278" count="182" type="stmt"/>
        <line num="281" count="182" type="stmt"/>
        <line num="282" count="182" type="cond" truecount="1" falsecount="1"/>
        <line num="283" count="0" type="stmt"/>
        <line num="284" count="182" type="cond" truecount="2" falsecount="0"/>
        <line num="285" count="105" type="stmt"/>
        <line num="286" count="77" type="cond" truecount="2" falsecount="0"/>
        <line num="287" count="75" type="stmt"/>
        <line num="291" count="2" type="stmt"/>
        <line num="292" count="2" type="cond" truecount="1" falsecount="1"/>
        <line num="293" count="2" type="stmt"/>
        <line num="296" count="182" type="cond" truecount="2" falsecount="0"/>
        <line num="297" count="80" type="stmt"/>
        <line num="299" count="182" type="stmt"/>
        <line num="308" count="1" type="stmt"/>
        <line num="318" count="7" type="stmt"/>
        <line num="323" count="7" type="stmt"/>
        <line num="324" count="7" type="cond" truecount="2" falsecount="0"/>
        <line num="325" count="6" type="cond" truecount="2" falsecount="0"/>
        <line num="326" count="4" type="stmt"/>
        <line num="328" count="2" type="stmt"/>
        <line num="331" count="1" type="stmt"/>
        <line num="334" count="7" type="stmt"/>
        <line num="339" count="7" type="stmt"/>
        <line num="359" count="6" type="stmt"/>
        <line num="360" count="6" type="stmt"/>
        <line num="362" count="8" type="stmt"/>
        <line num="366" count="8" type="cond" truecount="5" falsecount="0"/>
        <line num="367" count="6" type="stmt"/>
        <line num="369" count="8" type="stmt"/>
        <line num="372" count="6" type="stmt"/>
        <line num="373" count="3" type="cond" truecount="2" falsecount="0"/>
        <line num="374" count="2" type="stmt"/>
        <line num="375" count="2" type="stmt"/>
        <line num="379" count="6" type="cond" truecount="2" falsecount="0"/>
        <line num="380" count="2" type="stmt"/>
        <line num="398" count="54" type="stmt"/>
        <line num="399" count="54" type="cond" truecount="2" falsecount="0"/>
        <line num="400" count="52" type="cond" truecount="2" falsecount="0"/>
        <line num="405" count="39" type="stmt"/>
        <line num="406" count="39" type="stmt"/>
        <line num="409" count="52" type="stmt"/>
        <line num="414" count="52" type="stmt"/>
        <line num="419" count="52" type="stmt"/>
        <line num="420" count="52" type="stmt"/>
        <line num="421" count="52" type="cond" truecount="2" falsecount="0"/>
        <line num="422" count="47" type="stmt"/>
        <line num="425" count="52" type="cond" truecount="2" falsecount="0"/>
        <line num="426" count="5" type="stmt"/>
        <line num="429" count="2" type="stmt"/>
        <line num="431" count="54" type="stmt"/>
        <line num="435" count="351" type="stmt"/>
      </file>
      <file name="grm-feature.js" path="F:\_Alpheios\____service_workes\_workspaces-core\v1\packages\data-models\src\grm-feature.js">
        <metrics statements="50" coveredstatements="19" conditionals="39" coveredconditionals="9" methods="11" coveredmethods="4"/>
        <line num="24" count="7" type="cond" truecount="2" falsecount="0"/>
        <line num="25" count="3" type="stmt"/>
        <line num="27" count="4" type="cond" truecount="1" falsecount="1"/>
        <line num="28" count="0" type="stmt"/>
        <line num="30" count="4" type="cond" truecount="1" falsecount="1"/>
        <line num="31" count="0" type="stmt"/>
        <line num="33" count="4" type="cond" truecount="2" falsecount="0"/>
        <line num="34" count="1" type="stmt"/>
        <line num="36" count="3" type="stmt"/>
        <line num="37" count="3" type="stmt"/>
        <line num="38" count="3" type="stmt"/>
        <line num="39" count="3" type="stmt"/>
        <line num="40" count="3" type="stmt"/>
        <line num="41" count="3" type="stmt"/>
        <line num="50" count="0" type="stmt"/>
        <line num="51" count="0" type="stmt"/>
        <line num="55" count="0" type="cond" truecount="0" falsecount="2"/>
        <line num="58" count="0" type="cond" truecount="0" falsecount="4"/>
        <line num="59" count="0" type="stmt"/>
        <line num="61" count="0" type="cond" truecount="0" falsecount="2"/>
        <line num="62" count="0" type="cond" truecount="0" falsecount="2"/>
        <line num="63" count="0" type="stmt"/>
        <line num="65" count="0" type="stmt"/>
        <line num="67" count="0" type="cond" truecount="0" falsecount="3"/>
        <line num="72" count="0" type="cond" truecount="0" falsecount="2"/>
        <line num="73" count="0" type="stmt"/>
        <line num="76" count="0" type="stmt"/>
        <line num="77" count="0" type="stmt"/>
        <line num="78" count="0" type="stmt"/>
        <line num="79" count="0" type="cond" truecount="0" falsecount="5"/>
        <line num="80" count="0" type="stmt"/>
        <line num="82" count="0" type="stmt"/>
        <line num="92" count="3" type="cond" truecount="1" falsecount="1"/>
        <line num="93" count="3" type="stmt"/>
        <line num="95" count="0" type="stmt"/>
        <line num="105" count="1" type="cond" truecount="1" falsecount="1"/>
        <line num="106" count="0" type="stmt"/>
        <line num="108" count="1" type="stmt"/>
        <line num="113" count="0" type="cond" truecount="0" falsecount="2"/>
        <line num="114" count="0" type="cond" truecount="0" falsecount="2"/>
        <line num="115" count="0" type="stmt"/>
        <line num="116" count="0" type="stmt"/>
        <line num="117" count="0" type="stmt"/>
        <line num="118" count="0" type="stmt"/>
        <line num="121" count="0" type="cond" truecount="0" falsecount="2"/>
        <line num="122" count="0" type="stmt"/>
        <line num="125" count="0" type="stmt"/>
        <line num="129" count="1" type="stmt"/>
        <line num="162" count="7" type="stmt"/>
        <line num="163" count="7" type="stmt"/>
      </file>
      <file name="homonym-group.js" path="F:\_Alpheios\____service_workes\_workspaces-core\v1\packages\data-models\src\homonym-group.js">
        <metrics statements="10" coveredstatements="9" conditionals="7" coveredconditionals="6" methods="6" coveredmethods="5"/>
        <line num="5" count="8" type="stmt"/>
        <line num="9" count="2" type="stmt"/>
        <line num="13" count="2" type="stmt"/>
        <line num="26" count="4" type="cond" truecount="2" falsecount="0"/>
        <line num="27" count="1" type="stmt"/>
        <line num="29" count="3" type="stmt"/>
        <line num="30" count="3" type="cond" truecount="1" falsecount="1"/>
        <line num="31" count="0" type="stmt"/>
        <line num="33" count="3" type="stmt"/>
        <line num="37" count="1" type="stmt"/>
      </file>
      <file name="homonym.js" path="F:\_Alpheios\____service_workes\_workspaces-core\v1\packages\data-models\src\homonym.js">
        <metrics statements="66" coveredstatements="57" conditionals="37" coveredconditionals="30" methods="14" coveredmethods="8"/>
        <line num="14" count="61" type="cond" truecount="5" falsecount="0"/>
        <line num="15" count="2" type="stmt"/>
        <line num="18" count="59" type="cond" truecount="2" falsecount="0"/>
        <line num="19" count="1" type="stmt"/>
        <line num="22" count="58" type="stmt"/>
        <line num="23" count="73" type="cond" truecount="2" falsecount="0"/>
        <line num="24" count="1" type="stmt"/>
        <line num="29" count="57" type="stmt"/>
        <line num="30" count="57" type="stmt"/>
        <line num="44" count="0" type="stmt"/>
        <line num="45" count="0" type="stmt"/>
        <line num="46" count="0" type="stmt"/>
        <line num="55" count="0" type="cond" truecount="0" falsecount="2"/>
        <line num="64" count="0" type="cond" truecount="0" falsecount="2"/>
        <line num="68" count="3" type="stmt"/>
        <line num="69" count="3" type="cond" truecount="2" falsecount="0"/>
        <line num="70" count="2" type="stmt"/>
        <line num="71" count="4" type="stmt"/>
        <line num="74" count="1" type="stmt"/>
        <line num="75" count="1" type="stmt"/>
        <line num="77" count="2" type="cond" truecount="1" falsecount="1"/>
        <line num="78" count="2" type="stmt"/>
        <line num="79" count="2" type="stmt"/>
        <line num="83" count="0" type="stmt"/>
        <line num="84" count="0" type="stmt"/>
        <line num="85" count="0" type="stmt"/>
        <line num="87" count="0" type="stmt"/>
        <line num="99" count="1" type="stmt"/>
        <line num="100" count="1" type="stmt"/>
        <line num="112" count="3" type="cond" truecount="6" falsecount="0"/>
        <line num="113" count="2" type="stmt"/>
        <line num="115" count="1" type="stmt"/>
        <line num="125" count="7" type="stmt"/>
        <line num="126" count="7" type="stmt"/>
        <line num="127" count="7" type="stmt"/>
        <line num="129" count="7" type="stmt"/>
        <line num="133" count="19" type="stmt"/>
        <line num="143" count="28" type="cond" truecount="2" falsecount="0"/>
        <line num="145" count="14" type="stmt"/>
        <line num="147" count="14" type="stmt"/>
        <line num="148" count="14" type="stmt"/>
        <line num="149" count="14" type="stmt"/>
        <line num="150" count="14" type="stmt"/>
        <line num="151" count="14" type="stmt"/>
        <line num="154" count="14" type="stmt"/>
        <line num="155" count="14" type="stmt"/>
        <line num="157" count="19" type="cond" truecount="2" falsecount="0"/>
        <line num="159" count="19" type="cond" truecount="2" falsecount="0"/>
        <line num="160" count="13" type="cond" truecount="2" falsecount="0"/>
        <line num="163" count="7" type="stmt"/>
        <line num="164" count="7" type="stmt"/>
        <line num="169" count="6" type="stmt"/>
        <line num="172" count="6" type="stmt"/>
        <line num="175" count="14" type="cond" truecount="2" falsecount="0"/>
        <line num="176" count="7" type="cond" truecount="2" falsecount="0"/>
        <line num="179" count="5" type="stmt"/>
        <line num="180" count="5" type="stmt"/>
        <line num="182" count="5" type="stmt"/>
        <line num="183" count="2" type="stmt"/>
        <line num="184" count="2" type="stmt"/>
        <line num="190" count="2" type="stmt"/>
        <line num="191" count="2" type="stmt"/>
        <line num="192" count="2" type="stmt"/>
        <line num="194" count="2" type="stmt"/>
        <line num="199" count="14" type="stmt"/>
        <line num="200" count="14" type="stmt"/>
      </file>
      <file name="inflection.js" path="F:\_Alpheios\____service_workes\_workspaces-core\v1\packages\data-models\src\inflection.js">
        <metrics statements="126" coveredstatements="85" conditionals="109" coveredconditionals="70" methods="21" coveredmethods="16"/>
        <line num="39" count="248" type="cond" truecount="4" falsecount="0"/>
        <line num="40" count="1" type="stmt"/>
        <line num="42" count="247" type="cond" truecount="2" falsecount="0"/>
        <line num="43" count="1" type="stmt"/>
        <line num="46" count="246" type="cond" truecount="2" falsecount="0"/>
        <line num="47" count="1" type="stmt"/>
        <line num="50" count="245" type="stmt"/>
        <line num="51" count="245" type="stmt"/>
        <line num="52" count="245" type="stmt"/>
        <line num="53" count="245" type="stmt"/>
        <line num="54" count="245" type="stmt"/>
        <line num="55" count="245" type="stmt"/>
        <line num="59" count="245" type="stmt"/>
        <line num="69" count="245" type="stmt"/>
        <line num="72" count="245" type="stmt"/>
        <line num="75" count="245" type="stmt"/>
        <line num="79" count="245" type="stmt"/>
        <line num="84" count="0" type="stmt"/>
        <line num="86" count="0" type="stmt"/>
        <line num="87" count="0" type="stmt"/>
        <line num="96" count="0" type="stmt"/>
        <line num="97" count="0" type="stmt"/>
        <line num="106" count="8" type="cond" truecount="2" falsecount="0"/>
        <line num="107" count="8" type="stmt"/>
        <line num="119" count="8" type="cond" truecount="2" falsecount="0"/>
        <line num="121" count="8" type="cond" truecount="1" falsecount="1"/>
        <line num="122" count="0" type="cond" truecount="0" falsecount="2"/>
        <line num="123" count="0" type="cond" truecount="0" falsecount="2"/>
        <line num="125" count="0" type="stmt"/>
        <line num="127" count="8" type="cond" truecount="2" falsecount="0"/>
        <line num="128" count="8" type="cond" truecount="2" falsecount="0"/>
        <line num="130" count="8" type="stmt"/>
        <line num="133" count="8" type="stmt"/>
        <line num="142" count="0" type="stmt"/>
        <line num="143" count="0" type="stmt"/>
        <line num="150" count="8" type="cond" truecount="1" falsecount="1"/>
        <line num="151" count="8" type="stmt"/>
        <line num="152" count="8" type="stmt"/>
        <line num="171" count="5" type="cond" truecount="1" falsecount="1"/>
        <line num="172" count="5" type="cond" truecount="1" falsecount="1"/>
        <line num="175" count="5" type="cond" truecount="2" falsecount="0"/>
        <line num="176" count="3" type="cond" truecount="1" falsecount="1"/>
        <line num="178" count="2" type="cond" truecount="1" falsecount="1"/>
        <line num="179" count="0" type="stmt"/>
        <line num="181" count="2" type="cond" truecount="2" falsecount="0"/>
        <line num="185" count="5" type="stmt"/>
        <line num="187" count="5" type="cond" truecount="2" falsecount="3"/>
        <line num="188" count="0" type="stmt"/>
        <line num="189" count="0" type="cond" truecount="0" falsecount="5"/>
        <line num="190" count="0" type="stmt"/>
        <line num="191" count="0" type="stmt"/>
        <line num="195" count="5" type="stmt"/>
        <line num="199" count="4" type="cond" truecount="2" falsecount="0"/>
        <line num="200" count="4" type="stmt"/>
        <line num="212" count="13" type="stmt"/>
        <line num="213" count="13" type="stmt"/>
        <line num="226" count="63" type="stmt"/>
        <line num="227" count="63" type="stmt"/>
        <line num="243" count="38" type="stmt"/>
        <line num="244" count="38" type="stmt"/>
        <line num="246" count="38" type="cond" truecount="3" falsecount="1"/>
        <line num="247" count="0" type="stmt"/>
        <line num="250" count="38" type="cond" truecount="2" falsecount="0"/>
        <line num="251" count="2" type="stmt"/>
        <line num="253" count="38" type="stmt"/>
        <line num="254" count="67" type="cond" truecount="4" falsecount="0"/>
        <line num="255" count="4" type="stmt"/>
        <line num="257" count="63" type="stmt"/>
        <line num="258" count="63" type="cond" truecount="2" falsecount="0"/>
        <line num="259" count="26" type="stmt"/>
        <line num="260" count="26" type="stmt"/>
        <line num="266" count="37" type="cond" truecount="2" falsecount="0"/>
        <line num="267" count="2" type="stmt"/>
        <line num="271" count="38" type="stmt"/>
        <line num="282" count="0" type="stmt"/>
        <line num="283" count="0" type="cond" truecount="0" falsecount="2"/>
        <line num="284" count="0" type="stmt"/>
        <line num="286" count="0" type="cond" truecount="0" falsecount="2"/>
        <line num="287" count="0" type="stmt"/>
        <line num="290" count="0" type="stmt"/>
        <line num="291" count="0" type="stmt"/>
        <line num="292" count="0" type="stmt"/>
        <line num="293" count="0" type="cond" truecount="0" falsecount="2"/>
        <line num="294" count="0" type="stmt"/>
        <line num="297" count="0" type="cond" truecount="0" falsecount="2"/>
        <line num="298" count="0" type="stmt"/>
        <line num="302" count="0" type="stmt"/>
        <line num="303" count="0" type="stmt"/>
        <line num="313" count="173" type="cond" truecount="2" falsecount="0"/>
        <line num="314" count="1" type="stmt"/>
        <line num="317" count="172" type="cond" truecount="4" falsecount="0"/>
        <line num="318" count="1" type="stmt"/>
        <line num="321" count="171" type="cond" truecount="2" falsecount="0"/>
        <line num="322" count="1" type="stmt"/>
        <line num="326" count="170" type="stmt"/>
        <line num="327" count="170" type="stmt"/>
        <line num="336" count="3" type="cond" truecount="2" falsecount="0"/>
        <line num="337" count="1" type="stmt"/>
        <line num="340" count="2" type="stmt"/>
        <line num="341" count="4" type="stmt"/>
        <line num="355" count="67" type="cond" truecount="2" falsecount="0"/>
        <line num="356" count="63" type="stmt"/>
        <line num="358" count="4" type="stmt"/>
        <line num="362" count="0" type="stmt"/>
        <line num="363" count="0" type="stmt"/>
        <line num="364" count="0" type="stmt"/>
        <line num="366" count="0" type="stmt"/>
        <line num="367" count="0" type="stmt"/>
        <line num="368" count="0" type="cond" truecount="0" falsecount="2"/>
        <line num="369" count="0" type="stmt"/>
        <line num="371" count="0" type="stmt"/>
        <line num="374" count="0" type="stmt"/>
        <line num="375" count="0" type="stmt"/>
        <line num="381" count="1" type="stmt"/>
        <line num="383" count="1" type="stmt"/>
        <line num="385" count="1" type="cond" truecount="3" falsecount="1"/>
        <line num="386" count="1" type="stmt"/>
        <line num="387" count="2" type="stmt"/>
        <line num="390" count="1" type="cond" truecount="1" falsecount="1"/>
        <line num="391" count="0" type="stmt"/>
        <line num="393" count="1" type="stmt"/>
        <line num="397" count="1" type="stmt"/>
        <line num="398" count="1" type="stmt"/>
        <line num="399" count="2" type="stmt"/>
        <line num="401" count="1" type="stmt"/>
        <line num="402" count="1" type="stmt"/>
      </file>
      <file name="inflection_group.js" path="F:\_Alpheios\____service_workes\_workspaces-core\v1\packages\data-models\src\inflection_group.js">
        <metrics statements="3" coveredstatements="3" conditionals="2" coveredconditionals="1" methods="2" coveredmethods="2"/>
        <line num="10" count="33" type="stmt"/>
        <line num="11" count="33" type="stmt"/>
        <line num="20" count="7" type="stmt"/>
      </file>
      <file name="inflection_grouping_key.js" path="F:\_Alpheios\____service_workes\_workspaces-core\v1\packages\data-models\src\inflection_grouping_key.js">
        <metrics statements="11" coveredstatements="10" conditionals="5" coveredconditionals="4" methods="3" coveredmethods="3"/>
        <line num="11" count="41" type="stmt"/>
        <line num="12" count="154" type="stmt"/>
        <line num="14" count="41" type="stmt"/>
        <line num="26" count="17" type="cond" truecount="1" falsecount="1"/>
        <line num="27" count="17" type="stmt"/>
        <line num="29" count="0" type="stmt"/>
        <line num="38" count="41" type="stmt"/>
        <line num="39" count="41" type="stmt"/>
        <line num="41" count="195" type="cond" truecount="2" falsecount="0"/>
        <line num="42" count="195" type="stmt"/>
        <line num="44" count="41" type="stmt"/>
      </file>
      <file name="language_model.js" path="F:\_Alpheios\____service_workes\_workspaces-core\v1\packages\data-models\src\language_model.js">
        <metrics statements="149" coveredstatements="93" conditionals="51" coveredconditionals="35" methods="54" coveredmethods="25"/>
        <line num="16" count="10" type="stmt"/>
        <line num="19" count="0" type="stmt"/>
        <line num="20" count="10" type="stmt"/>
        <line num="21" count="0" type="stmt"/>
        <line num="22" count="0" type="stmt"/>
        <line num="28" count="0" type="stmt"/>
        <line num="29" count="0" type="stmt"/>
        <line num="36" count="0" type="stmt"/>
        <line num="37" count="0" type="stmt"/>
        <line num="44" count="0" type="stmt"/>
        <line num="45" count="0" type="stmt"/>
        <line num="52" count="0" type="stmt"/>
        <line num="53" count="0" type="stmt"/>
        <line num="60" count="0" type="stmt"/>
        <line num="61" count="0" type="stmt"/>
        <line num="70" count="6" type="stmt"/>
        <line num="83" count="5" type="cond" truecount="1" falsecount="1"/>
        <line num="84" count="5" type="stmt"/>
        <line num="86" count="0" type="stmt"/>
        <line num="98" count="0" type="stmt"/>
        <line num="102" count="1" type="stmt"/>
        <line num="103" count="1" type="stmt"/>
        <line num="104" count="16" type="stmt"/>
        <line num="106" count="1" type="stmt"/>
        <line num="110" count="1" type="stmt"/>
        <line num="114" count="0" type="stmt"/>
        <line num="123" count="0" type="stmt"/>
        <line num="127" count="0" type="stmt"/>
        <line num="128" count="0" type="stmt"/>
        <line num="136" count="0" type="stmt"/>
        <line num="137" count="0" type="stmt"/>
        <line num="145" count="0" type="stmt"/>
        <line num="146" count="0" type="stmt"/>
        <line num="154" count="1" type="stmt"/>
        <line num="155" count="1" type="stmt"/>
        <line num="168" count="122" type="stmt"/>
        <line num="273" count="0" type="stmt"/>
        <line num="274" count="0" type="stmt"/>
        <line num="282" count="0" type="stmt"/>
        <line num="283" count="0" type="stmt"/>
        <line num="292" count="0" type="stmt"/>
        <line num="293" count="0" type="stmt"/>
        <line num="294" count="0" type="cond" truecount="0" falsecount="2"/>
        <line num="295" count="0" type="stmt"/>
        <line num="297" count="0" type="stmt"/>
        <line num="309" count="114" type="stmt"/>
        <line num="310" count="114" type="cond" truecount="1" falsecount="1"/>
        <line num="311" count="114" type="stmt"/>
        <line num="312" count="114" type="stmt"/>
        <line num="314" count="0" type="stmt"/>
        <line num="319" count="0" type="stmt"/>
        <line num="320" count="0" type="stmt"/>
        <line num="321" count="0" type="stmt"/>
        <line num="323" count="0" type="stmt"/>
        <line num="330" count="0" type="stmt"/>
        <line num="331" count="0" type="stmt"/>
        <line num="340" count="0" type="stmt"/>
        <line num="350" count="1" type="stmt"/>
        <line num="360" count="0" type="stmt"/>
        <line num="370" count="116" type="stmt"/>
        <line num="381" count="120" type="cond" truecount="2" falsecount="0"/>
        <line num="394" count="22" type="stmt"/>
        <line num="404" count="24" type="stmt"/>
        <line num="415" count="0" type="stmt"/>
        <line num="426" count="0" type="cond" truecount="0" falsecount="2"/>
        <line num="438" count="0" type="stmt"/>
        <line num="457" count="4" type="cond" truecount="2" falsecount="0"/>
        <line num="469" count="22" type="cond" truecount="2" falsecount="0"/>
        <line num="470" count="21" type="stmt"/>
        <line num="471" count="21" type="stmt"/>
        <line num="472" count="21" type="stmt"/>
        <line num="474" count="1" type="stmt"/>
        <line num="488" count="63" type="cond" truecount="1" falsecount="1"/>
        <line num="489" count="63" type="stmt"/>
        <line num="490" count="63" type="stmt"/>
        <line num="492" count="63" type="stmt"/>
        <line num="501" count="2" type="stmt"/>
        <line num="509" count="0" type="stmt"/>
        <line num="510" count="0" type="stmt"/>
        <line num="514" count="0" type="stmt"/>
        <line num="518" count="0" type="stmt"/>
        <line num="535" count="972" type="cond" truecount="1" falsecount="1"/>
        <line num="536" count="972" type="stmt"/>
        <line num="538" count="0" type="stmt"/>
        <line num="549" count="972" type="stmt"/>
        <line num="559" count="972" type="stmt"/>
        <line num="567" count="0" type="stmt"/>
        <line num="568" count="0" type="stmt"/>
        <line num="587" count="2" type="stmt"/>
        <line num="588" count="2" type="stmt"/>
        <line num="591" count="2" type="stmt"/>
        <line num="592" count="8" type="stmt"/>
        <line num="600" count="8" type="stmt"/>
        <line num="601" count="8" type="cond" truecount="2" falsecount="0"/>
        <line num="602" count="4" type="stmt"/>
        <line num="604" count="4" type="stmt"/>
        <line num="609" count="2" type="stmt"/>
        <line num="610" count="4" type="stmt"/>
        <line num="611" count="4" type="stmt"/>
        <line num="613" count="8" type="stmt"/>
        <line num="614" count="8" type="cond" truecount="2" falsecount="0"/>
        <line num="616" count="3" type="stmt"/>
        <line num="617" count="3" type="stmt"/>
        <line num="618" count="5" type="cond" truecount="2" falsecount="0"/>
        <line num="620" count="3" type="stmt"/>
        <line num="621" count="2" type="cond" truecount="1" falsecount="1"/>
        <line num="623" count="0" type="stmt"/>
        <line num="624" count="2" type="cond" truecount="1" falsecount="1"/>
        <line num="625" count="0" type="stmt"/>
        <line num="628" count="2" type="stmt"/>
        <line num="632" count="8" type="stmt"/>
        <line num="633" count="8" type="stmt"/>
        <line num="634" count="8" type="cond" truecount="2" falsecount="0"/>
        <line num="635" count="2" type="stmt"/>
        <line num="637" count="6" type="stmt"/>
        <line num="647" count="4" type="stmt"/>
        <line num="648" count="6" type="stmt"/>
        <line num="649" count="6" type="stmt"/>
        <line num="650" count="6" type="stmt"/>
        <line num="651" count="8" type="cond" truecount="2" falsecount="0"/>
        <line num="652" count="8" type="stmt"/>
        <line num="653" count="8" type="stmt"/>
        <line num="654" count="8" type="cond" truecount="2" falsecount="0"/>
        <line num="655" count="1" type="stmt"/>
        <line num="657" count="7" type="stmt"/>
        <line num="658" count="7" type="stmt"/>
        <line num="661" count="6" type="stmt"/>
        <line num="662" count="6" type="stmt"/>
        <line num="664" count="1" type="stmt"/>
        <line num="665" count="1" type="stmt"/>
        <line num="666" count="1" type="cond" truecount="2" falsecount="2"/>
        <line num="669" count="6" type="stmt"/>
        <line num="670" count="7" type="stmt"/>
        <line num="676" count="4" type="stmt"/>
        <line num="677" count="6" type="stmt"/>
        <line num="678" count="6" type="stmt"/>
        <line num="679" count="7" type="stmt"/>
        <line num="680" count="7" type="stmt"/>
        <line num="682" count="8" type="stmt"/>
        <line num="685" count="8" type="stmt"/>
        <line num="686" count="8" type="cond" truecount="1" falsecount="1"/>
        <line num="687" count="0" type="stmt"/>
        <line num="689" count="8" type="stmt"/>
        <line num="692" count="7" type="stmt"/>
        <line num="695" count="4" type="stmt"/>
        <line num="697" count="2" type="stmt"/>
        <line num="708" count="4" type="stmt"/>
        <line num="717" count="0" type="stmt"/>
        <line num="718" count="0" type="stmt"/>
      </file>
      <file name="language_model_factory.js" path="F:\_Alpheios\____service_workes\_workspaces-core\v1\packages\data-models\src\language_model_factory.js">
        <metrics statements="31" coveredstatements="30" conditionals="17" coveredconditionals="14" methods="10" coveredmethods="10"/>
        <line num="11" count="24" type="stmt"/>
        <line num="33" count="247" type="cond" truecount="2" falsecount="0"/>
        <line num="34" count="247" type="stmt"/>
        <line num="38" count="1" type="stmt"/>
        <line num="39" count="1" type="stmt"/>
        <line num="40" count="11" type="stmt"/>
        <line num="42" count="1" type="stmt"/>
        <line num="52" count="489" type="stmt"/>
        <line num="53" count="489" type="stmt"/>
        <line num="57" count="491" type="cond" truecount="2" falsecount="0"/>
        <line num="58" count="489" type="stmt"/>
        <line num="61" count="2" type="stmt"/>
        <line num="66" count="10" type="stmt"/>
        <line num="67" count="10" type="cond" truecount="2" falsecount="0"/>
        <line num="68" count="9" type="stmt"/>
        <line num="72" count="1" type="stmt"/>
        <line num="82" count="351" type="stmt"/>
        <line num="83" count="972" type="cond" truecount="2" falsecount="0"/>
        <line num="84" count="350" type="stmt"/>
        <line num="88" count="1" type="stmt"/>
        <line num="98" count="1060" type="stmt"/>
        <line num="99" count="2652" type="cond" truecount="2" falsecount="0"/>
        <line num="100" count="1060" type="stmt"/>
        <line num="104" count="0" type="stmt"/>
        <line num="116" count="380" type="cond" truecount="2" falsecount="0"/>
        <line num="118" count="37" type="stmt"/>
        <line num="124" count="343" type="stmt"/>
        <line num="141" count="254" type="cond" truecount="1" falsecount="1"/>
        <line num="142" count="254" type="cond" truecount="1" falsecount="1"/>
        <line num="143" count="254" type="stmt"/>
        <line num="153" count="7" type="stmt"/>
      </file>
      <file name="latin_language_model.js" path="F:\_Alpheios\____service_workes\_workspaces-core\v1\packages\data-models\src\latin_language_model.js">
        <metrics statements="55" coveredstatements="54" conditionals="22" coveredconditionals="21" methods="17" coveredmethods="17"/>
        <line num="6" count="24" type="stmt"/>
        <line num="7" count="24" type="stmt"/>
        <line num="13" count="1800" type="stmt"/>
        <line num="14" count="392" type="stmt"/>
        <line num="15" count="656" type="stmt"/>
        <line num="16" count="1" type="stmt"/>
        <line num="17" count="1" type="stmt"/>
        <line num="18" count="2" type="stmt"/>
        <line num="19" count="1" type="stmt"/>
        <line num="26" count="25" type="stmt"/>
        <line num="112" count="5" type="cond" truecount="2" falsecount="0"/>
        <line num="113" count="1" type="stmt"/>
        <line num="115" count="5" type="stmt"/>
        <line num="119" count="1" type="stmt"/>
        <line num="120" count="23" type="stmt"/>
        <line num="122" count="1" type="stmt"/>
        <line num="130" count="2" type="stmt"/>
        <line num="139" count="1" type="stmt"/>
        <line num="150" count="48" type="cond" truecount="2" falsecount="0"/>
        <line num="151" count="47" type="stmt"/>
        <line num="152" count="47" type="stmt"/>
        <line num="153" count="47" type="stmt"/>
        <line num="154" count="47" type="stmt"/>
        <line num="155" count="47" type="stmt"/>
        <line num="156" count="47" type="stmt"/>
        <line num="157" count="47" type="stmt"/>
        <line num="158" count="47" type="stmt"/>
        <line num="159" count="47" type="stmt"/>
        <line num="160" count="47" type="stmt"/>
        <line num="161" count="47" type="stmt"/>
        <line num="162" count="47" type="stmt"/>
        <line num="163" count="47" type="stmt"/>
        <line num="164" count="47" type="stmt"/>
        <line num="166" count="48" type="stmt"/>
        <line num="179" count="84" type="cond" truecount="4" falsecount="0"/>
        <line num="180" count="1" type="stmt"/>
        <line num="181" count="83" type="cond" truecount="4" falsecount="0"/>
        <line num="182" count="1" type="stmt"/>
        <line num="184" count="82" type="stmt"/>
        <line num="195" count="22" type="cond" truecount="1" falsecount="1"/>
        <line num="198" count="22" type="cond" truecount="2" falsecount="0"/>
        <line num="199" count="1" type="stmt"/>
        <line num="201" count="21" type="stmt"/>
        <line num="204" count="0" type="stmt"/>
        <line num="214" count="1" type="stmt"/>
        <line num="225" count="10" type="stmt"/>
        <line num="230" count="10" type="cond" truecount="2" falsecount="0"/>
        <line num="231" count="9" type="cond" truecount="2" falsecount="0"/>
        <line num="232" count="6" type="stmt"/>
        <line num="233" count="6" type="stmt"/>
        <line num="234" count="3" type="cond" truecount="2" falsecount="0"/>
        <line num="235" count="1" type="stmt"/>
        <line num="237" count="2" type="stmt"/>
        <line num="240" count="1" type="stmt"/>
        <line num="243" count="10" type="stmt"/>
      </file>
      <file name="lemma.js" path="F:\_Alpheios\____service_workes\_workspaces-core\v1\packages\data-models\src\lemma.js">
        <metrics statements="97" coveredstatements="90" conditionals="71" coveredconditionals="64" methods="13" coveredmethods="12"/>
        <line num="21" count="133" type="cond" truecount="2" falsecount="0"/>
        <line num="22" count="2" type="stmt"/>
        <line num="25" count="131" type="cond" truecount="2" falsecount="0"/>
        <line num="26" count="1" type="stmt"/>
        <line num="30" count="130" type="stmt"/>
        <line num="31" count="130" type="stmt"/>
        <line num="32" count="130" type="stmt"/>
        <line num="34" count="130" type="stmt"/>
        <line num="35" count="130" type="stmt"/>
        <line num="36" count="130" type="stmt"/>
        <line num="38" count="130" type="stmt"/>
        <line num="42" count="1" type="stmt"/>
        <line num="43" count="1" type="stmt"/>
        <line num="47" count="2" type="stmt"/>
        <line num="51" count="2" type="cond" truecount="1" falsecount="1"/>
        <line num="53" count="2" type="stmt"/>
        <line num="55" count="2" type="cond" truecount="4" falsecount="0"/>
        <line num="56" count="1" type="stmt"/>
        <line num="57" count="1" type="stmt"/>
        <line num="61" count="2" type="cond" truecount="2" falsecount="0"/>
        <line num="62" count="1" type="stmt"/>
        <line num="64" count="2" type="stmt"/>
        <line num="68" count="1" type="stmt"/>
        <line num="69" count="1" type="stmt"/>
        <line num="70" count="1" type="stmt"/>
        <line num="73" count="1" type="stmt"/>
        <line num="80" count="1" type="cond" truecount="1" falsecount="1"/>
        <line num="81" count="1" type="stmt"/>
        <line num="83" count="1" type="stmt"/>
        <line num="94" count="5" type="stmt"/>
        <line num="95" count="5" type="cond" truecount="2" falsecount="0"/>
        <line num="96" count="1" type="stmt"/>
        <line num="98" count="4" type="cond" truecount="2" falsecount="0"/>
        <line num="99" count="3" type="stmt"/>
        <line num="102" count="4" type="stmt"/>
        <line num="103" count="4" type="stmt"/>
        <line num="104" count="4" type="stmt"/>
        <line num="105" count="4" type="cond" truecount="2" falsecount="0"/>
        <line num="106" count="1" type="stmt"/>
        <line num="109" count="3" type="cond" truecount="2" falsecount="0"/>
        <line num="110" count="1" type="stmt"/>
        <line num="114" count="2" type="stmt"/>
        <line num="124" count="58" type="cond" truecount="2" falsecount="0"/>
        <line num="125" count="1" type="stmt"/>
        <line num="128" count="57" type="cond" truecount="4" falsecount="0"/>
        <line num="129" count="1" type="stmt"/>
        <line num="132" count="56" type="cond" truecount="2" falsecount="0"/>
        <line num="133" count="1" type="stmt"/>
        <line num="137" count="55" type="stmt"/>
        <line num="146" count="2" type="cond" truecount="2" falsecount="0"/>
        <line num="147" count="1" type="stmt"/>
        <line num="150" count="1" type="stmt"/>
        <line num="151" count="2" type="stmt"/>
        <line num="161" count="5" type="cond" truecount="2" falsecount="0"/>
        <line num="162" count="1" type="stmt"/>
        <line num="165" count="4" type="cond" truecount="2" falsecount="0"/>
        <line num="166" count="1" type="stmt"/>
        <line num="169" count="3" type="stmt"/>
        <line num="186" count="47" type="cond" truecount="6" falsecount="0"/>
        <line num="190" count="2" type="stmt"/>
        <line num="193" count="45" type="stmt"/>
        <line num="195" count="45" type="cond" truecount="2" falsecount="0"/>
        <line num="201" count="45" type="stmt"/>
        <line num="202" count="45" type="stmt"/>
        <line num="203" count="45" type="cond" truecount="4" falsecount="0"/>
        <line num="204" count="11" type="stmt"/>
        <line num="205" count="11" type="stmt"/>
        <line num="206" count="11" type="cond" truecount="2" falsecount="0"/>
        <line num="207" count="1" type="stmt"/>
        <line num="211" count="44" type="stmt"/>
        <line num="221" count="12" type="stmt"/>
        <line num="224" count="12" type="stmt"/>
        <line num="225" count="12" type="cond" truecount="1" falsecount="1"/>
        <line num="226" count="0" type="stmt"/>
        <line num="229" count="12" type="stmt"/>
        <line num="230" count="12" type="stmt"/>
        <line num="235" count="12" type="cond" truecount="2" falsecount="0"/>
        <line num="236" count="1" type="stmt"/>
        <line num="238" count="11" type="cond" truecount="1" falsecount="1"/>
        <line num="239" count="0" type="stmt"/>
        <line num="245" count="11" type="stmt"/>
        <line num="246" count="11" type="stmt"/>
        <line num="247" count="11" type="cond" truecount="2" falsecount="0"/>
        <line num="248" count="1" type="stmt"/>
        <line num="250" count="10" type="cond" truecount="1" falsecount="1"/>
        <line num="251" count="0" type="stmt"/>
        <line num="256" count="10" type="stmt"/>
        <line num="257" count="10" type="stmt"/>
        <line num="258" count="10" type="cond" truecount="2" falsecount="0"/>
        <line num="259" count="3" type="stmt"/>
        <line num="261" count="7" type="cond" truecount="2" falsecount="0"/>
        <line num="262" count="1" type="stmt"/>
        <line num="264" count="6" type="stmt"/>
        <line num="272" count="0" type="stmt"/>
        <line num="273" count="0" type="cond" truecount="0" falsecount="2"/>
        <line num="274" count="0" type="stmt"/>
        <line num="276" count="0" type="stmt"/>
      </file>
      <file name="lexeme.js" path="F:\_Alpheios\____service_workes\_workspaces-core\v1\packages\data-models\src\lexeme.js">
        <metrics statements="99" coveredstatements="90" conditionals="86" coveredconditionals="72" methods="21" coveredmethods="18"/>
        <line num="22" count="128" type="cond" truecount="2" falsecount="0"/>
        <line num="23" count="1" type="stmt"/>
        <line num="26" count="127" type="cond" truecount="2" falsecount="0"/>
        <line num="27" count="1" type="stmt"/>
        <line num="30" count="126" type="cond" truecount="2" falsecount="0"/>
        <line num="31" count="1" type="stmt"/>
        <line num="34" count="125" type="cond" truecount="2" falsecount="0"/>
        <line num="35" count="1" type="stmt"/>
        <line num="38" count="124" type="stmt"/>
        <line num="39" count="199" type="cond" truecount="2" falsecount="0"/>
        <line num="40" count="1" type="stmt"/>
        <line num="44" count="123" type="cond" truecount="4" falsecount="0"/>
        <line num="45" count="1" type="stmt"/>
        <line num="48" count="122" type="stmt"/>
        <line num="49" count="122" type="stmt"/>
        <line num="50" count="122" type="stmt"/>
        <line num="51" count="122" type="stmt"/>
        <line num="52" count="122" type="cond" truecount="2" falsecount="0"/>
        <line num="53" count="122" type="stmt"/>
        <line num="54" count="122" type="stmt"/>
        <line num="64" count="12" type="stmt"/>
        <line num="74" count="28" type="stmt"/>
        <line num="85" count="0" type="cond" truecount="0" falsecount="2"/>
        <line num="86" count="0" type="stmt"/>
        <line num="87" count="0" type="stmt"/>
        <line num="89" count="0" type="stmt"/>
        <line num="99" count="199" type="stmt"/>
        <line num="100" count="199" type="stmt"/>
        <line num="101" count="199" type="stmt"/>
        <line num="111" count="122" type="cond" truecount="1" falsecount="1"/>
        <line num="112" count="197" type="stmt"/>
        <line num="121" count="1" type="stmt"/>
        <line num="134" count="4" type="cond" truecount="3" falsecount="0"/>
        <line num="145" count="0" type="cond" truecount="0" falsecount="2"/>
        <line num="154" count="0" type="cond" truecount="0" falsecount="2"/>
        <line num="165" count="54" type="stmt"/>
        <line num="166" count="54" type="stmt"/>
        <line num="167" count="54" type="cond" truecount="2" falsecount="0"/>
        <line num="168" count="41" type="stmt"/>
        <line num="169" count="41" type="stmt"/>
        <line num="171" count="13" type="stmt"/>
        <line num="190" count="31" type="cond" truecount="2" falsecount="0"/>
        <line num="191" count="31" type="cond" truecount="2" falsecount="0"/>
        <line num="203" count="12" type="stmt"/>
        <line num="204" count="12" type="stmt"/>
        <line num="205" count="12" type="cond" truecount="2" falsecount="0"/>
        <line num="208" count="11" type="stmt"/>
        <line num="209" count="25" type="stmt"/>
        <line num="210" count="25" type="stmt"/>
        <line num="211" count="25" type="stmt"/>
        <line num="212" count="25" type="stmt"/>
        <line num="213" count="25" type="cond" truecount="2" falsecount="0"/>
        <line num="214" count="8" type="cond" truecount="1" falsecount="1"/>
        <line num="217" count="8" type="stmt"/>
        <line num="222" count="0" type="stmt"/>
        <line num="228" count="12" type="stmt"/>
        <line num="239" count="14" type="stmt"/>
        <line num="240" count="14" type="cond" truecount="2" falsecount="0"/>
        <line num="241" count="12" type="stmt"/>
        <line num="246" count="1" type="stmt"/>
        <line num="247" count="1" type="stmt"/>
        <line num="251" count="1" type="stmt"/>
        <line num="252" count="1" type="stmt"/>
        <line num="253" count="1" type="stmt"/>
        <line num="254" count="1" type="stmt"/>
        <line num="257" count="1" type="stmt"/>
        <line num="258" count="1" type="cond" truecount="1" falsecount="1"/>
        <line num="259" count="1" type="stmt"/>
        <line num="262" count="1" type="cond" truecount="1" falsecount="1"/>
        <line num="263" count="1" type="stmt"/>
        <line num="264" count="1" type="stmt"/>
        <line num="266" count="0" type="stmt"/>
        <line num="271" count="1" type="stmt"/>
        <line num="272" count="1" type="stmt"/>
        <line num="274" count="1" type="stmt"/>
        <line num="279" count="1" type="cond" truecount="1" falsecount="1"/>
        <line num="280" count="1" type="stmt"/>
        <line num="283" count="1" type="cond" truecount="1" falsecount="1"/>
        <line num="284" count="1" type="stmt"/>
        <line num="287" count="1" type="stmt"/>
        <line num="300" count="1" type="stmt"/>
        <line num="301" count="12" type="cond" truecount="6" falsecount="0"/>
        <line num="304" count="8" type="cond" truecount="4" falsecount="0"/>
        <line num="306" count="6" type="stmt"/>
        <line num="309" count="2" type="stmt"/>
        <line num="311" count="8" type="cond" truecount="2" falsecount="0"/>
        <line num="312" count="2" type="stmt"/>
        <line num="313" count="6" type="cond" truecount="4" falsecount="0"/>
        <line num="314" count="3" type="stmt"/>
        <line num="315" count="3" type="cond" truecount="4" falsecount="0"/>
        <line num="316" count="1" type="stmt"/>
        <line num="317" count="2" type="cond" truecount="4" falsecount="0"/>
[...]
        <line num="178" count="0" type="cond" truecount="0" falsecount="4"/>
        <line num="179" count="0" type="stmt"/>
        <line num="181" count="0" type="stmt"/>
        <line num="185" count="0" type="stmt"/>
        <line num="189" count="0" type="stmt"/>
        <line num="190" count="0" type="stmt"/>
        <line num="194" count="0" type="stmt"/>
        <line num="195" count="0" type="stmt"/>
        <line num="199" count="0" type="cond" truecount="0" falsecount="2"/>
        <line num="200" count="0" type="stmt"/>
        <line num="202" count="0" type="stmt"/>
        <line num="207" count="0" type="stmt"/>
        <line num="211" count="0" type="stmt"/>
        <line num="215" count="0" type="stmt"/>
        <line num="216" count="0" type="stmt"/>
        <line num="220" count="0" type="stmt"/>
        <line num="221" count="0" type="stmt"/>
        <line num="225" count="0" type="stmt"/>
        <line num="226" count="0" type="stmt"/>
        <line num="230" count="0" type="stmt"/>
        <line num="234" count="0" type="stmt"/>
        <line num="241" count="0" type="stmt"/>
        <line num="242" count="0" type="stmt"/>
        <line num="246" count="0" type="stmt"/>
        <line num="250" count="0" type="stmt"/>
        <line num="254" count="0" type="stmt"/>
        <line num="258" count="0" type="stmt"/>
        <line num="262" count="0" type="stmt"/>
        <line num="266" count="0" type="stmt"/>
        <line num="270" count="0" type="stmt"/>
        <line num="274" count="0" type="stmt"/>
        <line num="275" count="0" type="stmt"/>
        <line num="279" count="0" type="stmt"/>
        <line num="280" count="0" type="stmt"/>
        <line num="284" count="0" type="stmt"/>
        <line num="285" count="0" type="stmt"/>
        <line num="289" count="0" type="stmt"/>
        <line num="290" count="0" type="stmt"/>
        <line num="294" count="0" type="stmt"/>
        <line num="295" count="0" type="stmt"/>
        <line num="299" count="0" type="stmt"/>
        <line num="300" count="0" type="cond" truecount="0" falsecount="2"/>
        <line num="301" count="0" type="stmt"/>
        <line num="304" count="0" type="stmt"/>
        <line num="315" count="0" type="stmt"/>
        <line num="322" count="0" type="cond" truecount="0" falsecount="2"/>
        <line num="323" count="0" type="stmt"/>
        <line num="324" count="0" type="stmt"/>
        <line num="325" count="0" type="stmt"/>
        <line num="328" count="0" type="stmt"/>
        <line num="330" count="0" type="cond" truecount="0" falsecount="2"/>
        <line num="331" count="0" type="cond" truecount="0" falsecount="2"/>
        <line num="332" count="0" type="cond" truecount="0" falsecount="5"/>
        <line num="333" count="0" type="stmt"/>
        <line num="334" count="0" type="stmt"/>
        <line num="335" count="0" type="stmt"/>
        <line num="341" count="0" type="stmt"/>
        <line num="342" count="0" type="stmt"/>
        <line num="345" count="0" type="stmt"/>
        <line num="346" count="0" type="stmt"/>
        <line num="349" count="0" type="stmt"/>
        <line num="350" count="0" type="stmt"/>
        <line num="353" count="0" type="stmt"/>
        <line num="354" count="0" type="stmt"/>
        <line num="356" count="0" type="stmt"/>
        <line num="369" count="0" type="stmt"/>
        <line num="370" count="0" type="cond" truecount="0" falsecount="2"/>
        <line num="371" count="0" type="cond" truecount="0" falsecount="2"/>
        <line num="373" count="0" type="stmt"/>
        <line num="374" count="0" type="cond" truecount="0" falsecount="2"/>
        <line num="380" count="0" type="stmt"/>
        <line num="381" count="0" type="cond" truecount="0" falsecount="2"/>
        <line num="384" count="0" type="stmt"/>
        <line num="388" count="0" type="cond" truecount="0" falsecount="5"/>
        <line num="389" count="0" type="stmt"/>
        <line num="391" count="0" type="stmt"/>
        <line num="393" count="0" type="cond" truecount="0" falsecount="2"/>
        <line num="394" count="0" type="stmt"/>
        <line num="398" count="0" type="stmt"/>
        <line num="400" count="0" type="cond" truecount="0" falsecount="2"/>
        <line num="401" count="0" type="stmt"/>
        <line num="405" count="0" type="stmt"/>
        <line num="406" count="0" type="cond" truecount="0" falsecount="2"/>
        <line num="408" count="0" type="stmt"/>
      </file>
      <file name="tab.js" path="F:\_Alpheios\____service_workes\_workspaces-core\v1\packages\data-models\src\state\tab.js">
        <metrics statements="13" coveredstatements="0" conditionals="2" coveredconditionals="0" methods="10" coveredmethods="0"/>
        <line num="3" count="0" type="stmt"/>
        <line num="4" count="0" type="stmt"/>
        <line num="5" count="0" type="stmt"/>
        <line num="9" count="0" type="stmt"/>
        <line num="13" count="0" type="stmt"/>
        <line num="17" count="0" type="stmt"/>
        <line num="21" count="0" type="stmt"/>
        <line num="25" count="0" type="stmt"/>
        <line num="26" count="0" type="stmt"/>
        <line num="30" count="0" type="stmt"/>
        <line num="34" count="0" type="cond" truecount="0" falsecount="2"/>
        <line num="38" count="0" type="stmt"/>
        <line num="42" count="0" type="stmt"/>
      </file>
      <file name="ui-state-api.js" path="F:\_Alpheios\____service_workes\_workspaces-core\v1\packages\data-models\src\state\ui-state-api.js">
        <metrics statements="16" coveredstatements="0" conditionals="4" coveredconditionals="0" methods="11" coveredmethods="0"/>
        <line num="17" count="0" type="stmt"/>
        <line num="19" count="0" type="stmt"/>
        <line num="23" count="0" type="stmt"/>
        <line num="47" count="0" type="stmt"/>
        <line num="48" count="0" type="cond" truecount="0" falsecount="4"/>
        <line num="49" count="0" type="stmt"/>
        <line num="51" count="0" type="stmt"/>
        <line num="61" count="0" type="stmt"/>
        <line num="62" count="0" type="stmt"/>
        <line num="70" count="0" type="stmt"/>
        <line num="78" count="0" type="stmt"/>
        <line num="86" count="0" type="stmt"/>
        <line num="94" count="0" type="stmt"/>
        <line num="102" count="0" type="stmt"/>
        <line num="110" count="0" type="stmt"/>
        <line num="119" count="0" type="stmt"/>
      </file>
    </package>
    <package name="src.storages">
      <metrics statements="92" coveredstatements="79" conditionals="44" coveredconditionals="37" methods="29" coveredmethods="20"/>
      <file name="defaults-loader.js" path="F:\_Alpheios\____service_workes\_workspaces-core\v1\packages\data-models\src\storages\defaults-loader.js">
        <metrics statements="4" coveredstatements="2" conditionals="0" coveredconditionals="0" methods="1" coveredmethods="1"/>
        <line num="5" count="1" type="stmt"/>
        <line num="6" count="1" type="stmt"/>
        <line num="8" count="0" type="stmt"/>
        <line num="9" count="0" type="stmt"/>
      </file>
      <file name="extension-sync-storage.js" path="F:\_Alpheios\____service_workes\_workspaces-core\v1\packages\data-models\src\storages\extension-sync-storage.js">
        <metrics statements="3" coveredstatements="0" conditionals="1" coveredconditionals="0" methods="3" coveredmethods="0"/>
        <line num="18" count="0" type="stmt"/>
        <line num="33" count="0" type="stmt"/>
        <line num="37" count="0" type="stmt"/>
      </file>
      <file name="local-storage-area.js" path="F:\_Alpheios\____service_workes\_workspaces-core\v1\packages\data-models\src\storages\local-storage-area.js">
        <metrics statements="59" coveredstatements="54" conditionals="27" coveredconditionals="23" methods="8" coveredmethods="8"/>
        <line num="17" count="6" type="stmt"/>
        <line num="18" count="6" type="stmt"/>
        <line num="19" count="6" type="stmt"/>
        <line num="20" count="6" type="cond" truecount="2" falsecount="0"/>
        <line num="21" count="4" type="stmt"/>
        <line num="23" count="2" type="stmt"/>
        <line num="25" count="6" type="stmt"/>
        <line num="26" count="8" type="stmt"/>
        <line num="27" count="8" type="cond" truecount="2" falsecount="0"/>
        <line num="28" count="5" type="stmt"/>
        <line num="32" count="6" type="stmt"/>
        <line num="34" count="0" type="stmt"/>
        <line num="36" count="6" type="stmt"/>
        <line num="51" count="1" type="stmt"/>
        <line num="52" count="1" type="stmt"/>
        <line num="53" count="1" type="cond" truecount="1" falsecount="1"/>
        <line num="54" count="1" type="stmt"/>
        <line num="55" count="1" type="cond" truecount="1" falsecount="1"/>
        <line num="56" count="1" type="stmt"/>
        <line num="58" count="1" type="stmt"/>
        <line num="59" count="1" type="cond" truecount="1" falsecount="1"/>
        <line num="61" count="1" type="stmt"/>
        <line num="62" count="1" type="stmt"/>
        <line num="64" count="1" type="stmt"/>
        <line num="67" count="0" type="stmt"/>
        <line num="71" count="0" type="stmt"/>
        <line num="88" count="7" type="stmt"/>
        <line num="89" count="7" type="stmt"/>
        <line num="90" count="7" type="cond" truecount="2" falsecount="0"/>
        <line num="91" count="3" type="stmt"/>
        <line num="92" count="4" type="cond" truecount="4" falsecount="0"/>
        <line num="93" count="1" type="stmt"/>
        <line num="94" count="3" type="cond" truecount="2" falsecount="0"/>
        <line num="95" count="1" type="stmt"/>
        <line num="96" count="2" type="cond" truecount="2" falsecount="0"/>
        <line num="97" count="1" type="stmt"/>
        <line num="99" count="1" type="stmt"/>
        <line num="102" count="7" type="stmt"/>
        <line num="103" count="7" type="cond" truecount="2" falsecount="0"/>
        <line num="105" count="5" type="stmt"/>
        <line num="106" count="5" type="cond" truecount="2" falsecount="0"/>
        <line num="107" count="3" type="stmt"/>
        <line num="110" count="2" type="stmt"/>
        <line num="114" count="7" type="stmt"/>
        <line num="115" count="8" type="stmt"/>
        <line num="118" count="5" type="stmt"/>
        <line num="120" count="2" type="stmt"/>
        <line num="126" count="1" type="stmt"/>
        <line num="127" count="1" type="stmt"/>
        <line num="128" count="1" type="stmt"/>
        <line num="129" count="1" type="stmt"/>
        <line num="130" count="1" type="cond" truecount="1" falsecount="1"/>
        <line num="131" count="1" type="stmt"/>
        <line num="132" count="1" type="stmt"/>
        <line num="133" count="2" type="stmt"/>
        <line num="135" count="1" type="stmt"/>
        <line num="136" count="1" type="stmt"/>
        <line num="139" count="0" type="stmt"/>
        <line num="142" count="0" type="stmt"/>
      </file>
      <file name="remote-auth-storage-area.js" path="F:\_Alpheios\____service_workes\_workspaces-core\v1\packages\data-models\src\storages\remote-auth-storage-area.js">
        <metrics statements="19" coveredstatements="19" conditionals="14" coveredconditionals="13" methods="4" coveredmethods="4"/>
        <line num="18" count="10" type="stmt"/>
        <line num="19" count="10" type="cond" truecount="6" falsecount="0"/>
        <line num="23" count="4" type="stmt"/>
        <line num="25" count="6" type="stmt"/>
        <line num="26" count="6" type="stmt"/>
        <line num="46" count="2" type="stmt"/>
        <line num="47" count="2" type="stmt"/>
        <line num="48" count="2" type="stmt"/>
        <line num="49" count="2" type="cond" truecount="2" falsecount="0"/>
        <line num="50" count="1" type="stmt"/>
        <line num="63" count="2" type="stmt"/>
        <line num="64" count="2" type="stmt"/>
        <line num="65" count="2" type="cond" truecount="2" falsecount="0"/>
        <line num="66" count="1" type="stmt"/>
        <line num="68" count="1" type="stmt"/>
        <line num="79" count="2" type="stmt"/>
        <line num="80" count="2" type="stmt"/>
        <line num="81" count="2" type="cond" truecount="2" falsecount="0"/>
        <line num="82" count="1" type="stmt"/>
      </file>
      <file name="storage-adapter.js" path="F:\_Alpheios\____service_workes\_workspaces-core\v1\packages\data-models\src\storages\storage-adapter.js">
        <metrics statements="5" coveredstatements="4" conditionals="1" coveredconditionals="1" methods="9" coveredmethods="7"/>
        <line num="15" count="28" type="stmt"/>
        <line num="27" count="1" type="stmt"/>
        <line num="41" count="1" type="stmt"/>
        <line num="54" count="1" type="stmt"/>
        <line num="61" count="0" type="stmt"/>
      </file>
      <file name="temp-storage-area.js" path="F:\_Alpheios\____service_workes\_workspaces-core\v1\packages\data-models\src\storages\temp-storage-area.js">
        <metrics statements="2" coveredstatements="0" conditionals="1" coveredconditionals="0" methods="4" coveredmethods="0"/>
        <line num="17" count="0" type="stmt"/>
        <line num="32" count="0" type="stmt"/>
      </file>
    </package>
    <package name="src.texts">
      <metrics statements="71" coveredstatements="63" conditionals="43" coveredconditionals="35" methods="21" coveredmethods="19"/>
      <file name="author.js" path="F:\_Alpheios\____service_workes\_workspaces-core\v1\packages\data-models\src\texts\author.js">
        <metrics statements="18" coveredstatements="15" conditionals="12" coveredconditionals="9" methods="4" coveredmethods="4"/>
        <line num="11" count="10" type="stmt"/>
        <line num="12" count="10" type="stmt"/>
        <line num="13" count="10" type="stmt"/>
        <line num="22" count="19" type="stmt"/>
        <line num="32" count="12" type="cond" truecount="2" falsecount="0"/>
        <line num="33" count="3" type="stmt"/>
        <line num="34" count="9" type="cond" truecount="2" falsecount="0"/>
        <line num="35" count="8" type="stmt"/>
        <line num="36" count="1" type="cond" truecount="1" falsecount="1"/>
        <line num="37" count="1" type="stmt"/>
        <line num="39" count="0" type="stmt"/>
        <line num="49" count="3" type="cond" truecount="2" falsecount="0"/>
        <line num="50" count="2" type="stmt"/>
        <line num="51" count="1" type="cond" truecount="1" falsecount="1"/>
        <line num="52" count="0" type="stmt"/>
        <line num="53" count="1" type="cond" truecount="1" falsecount="1"/>
        <line num="54" count="1" type="stmt"/>
        <line num="56" count="0" type="stmt"/>
      </file>
      <file name="text-work.js" path="F:\_Alpheios\____service_workes\_workspaces-core\v1\packages\data-models\src\texts\text-work.js">
        <metrics statements="20" coveredstatements="16" conditionals="12" coveredconditionals="9" methods="5" coveredmethods="4"/>
        <line num="12" count="8" type="stmt"/>
        <line num="13" count="8" type="stmt"/>
        <line num="14" count="8" type="stmt"/>
        <line num="15" count="8" type="stmt"/>
        <line num="24" count="11" type="stmt"/>
        <line num="33" count="0" type="stmt"/>
        <line num="43" count="9" type="cond" truecount="2" falsecount="0"/>
        <line num="44" count="4" type="stmt"/>
        <line num="45" count="5" type="cond" truecount="2" falsecount="0"/>
        <line num="46" count="4" type="stmt"/>
        <line num="47" count="1" type="cond" truecount="1" falsecount="1"/>
        <line num="48" count="1" type="stmt"/>
        <line num="50" count="0" type="stmt"/>
        <line num="60" count="3" type="cond" truecount="2" falsecount="0"/>
        <line num="61" count="2" type="stmt"/>
        <line num="62" count="1" type="cond" truecount="1" falsecount="1"/>
        <line num="63" count="0" type="stmt"/>
        <line num="64" count="1" type="cond" truecount="1" falsecount="1"/>
        <line num="65" count="1" type="stmt"/>
        <line num="67" count="0" type="stmt"/>
      </file>
      <file name="word-usage-example.js" path="F:\_Alpheios\____service_workes\_workspaces-core\v1\packages\data-models\src\texts\word-usage-example.js">
        <metrics statements="33" coveredstatements="32" conditionals="19" coveredconditionals="17" methods="12" coveredmethods="11"/>
        <line num="6" count="10" type="stmt"/>
        <line num="7" count="10" type="stmt"/>
        <line num="8" count="10" type="stmt"/>
        <line num="9" count="10" type="stmt"/>
        <line num="10" count="10" type="stmt"/>
        <line num="11" count="10" type="stmt"/>
        <line num="12" count="10" type="stmt"/>
        <line num="13" count="10" type="stmt"/>
        <line num="17" count="0" type="stmt"/>
        <line num="26" count="4" type="stmt"/>
        <line num="36" count="10" type="cond" truecount="5" falsecount="0"/>
        <line num="37" count="2" type="stmt"/>
        <line num="39" count="8" type="stmt"/>
        <line num="40" count="8" type="cond" truecount="2" falsecount="0"/>
        <line num="41" count="6" type="stmt"/>
        <line num="43" count="2" type="cond" truecount="1" falsecount="1"/>
        <line num="44" count="2" type="cond" truecount="1" falsecount="1"/>
        <line num="45" count="2" type="stmt"/>
        <line num="48" count="8" type="stmt"/>
        <line num="52" count="6" type="cond" truecount="2" falsecount="0"/>
        <line num="56" count="6" type="cond" truecount="2" falsecount="0"/>
        <line num="60" count="8" type="stmt"/>
        <line num="64" count="2" type="cond" truecount="2" falsecount="0"/>
        <line num="65" count="1" type="stmt"/>
        <line num="67" count="1" type="stmt"/>
        <line num="72" count="2" type="cond" truecount="2" falsecount="0"/>
        <line num="73" count="1" type="stmt"/>
        <line num="75" count="1" type="stmt"/>
        <line num="80" count="1" type="stmt"/>
        <line num="81" count="4" type="stmt"/>
        <line num="82" count="1" type="stmt"/>
        <line num="86" count="1" type="stmt"/>
        <line num="87" count="1" type="stmt"/>
      </file>
    </package>
    <package name="src.w3c">
      <metrics statements="26" coveredstatements="14" conditionals="7" coveredconditionals="7" methods="5" coveredmethods="2"/>
      <file name="text-quote-selector.js" path="F:\_Alpheios\____service_workes\_workspaces-core\v1\packages\data-models\src\w3c\text-quote-selector.js">
        <metrics statements="26" coveredstatements="14" conditionals="7" coveredconditionals="7" methods="5" coveredmethods="2"/>
        <line num="8" count="13" type="stmt"/>
        <line num="9" count="13" type="stmt"/>
        <line num="10" count="13" type="stmt"/>
        <line num="11" count="13" type="stmt"/>
        <line num="12" count="13" type="stmt"/>
        <line num="13" count="13" type="stmt"/>
        <line num="14" count="13" type="stmt"/>
        <line num="15" count="13" type="stmt"/>
        <line num="16" count="13" type="stmt"/>
        <line num="20" count="0" type="stmt"/>
        <line num="21" count="0" type="stmt"/>
        <line num="22" count="0" type="stmt"/>
        <line num="24" count="0" type="stmt"/>
        <line num="25" count="0" type="stmt"/>
        <line num="30" count="0" type="stmt"/>
        <line num="31" count="0" type="stmt"/>
        <line num="32" count="0" type="stmt"/>
        <line num="33" count="0" type="stmt"/>
        <line num="34" count="0" type="stmt"/>
        <line num="35" count="0" type="stmt"/>
        <line num="39" count="3" type="stmt"/>
        <line num="40" count="3" type="stmt"/>
        <line num="42" count="3" type="stmt"/>
        <line num="43" count="3" type="stmt"/>
        <line num="45" count="3" type="cond" truecount="4" falsecount="0"/>
        <line num="52" count="0" type="stmt"/>
      </file>
    </package>
  </project>
</coverage>
