{"F:\\_Alpheios\\____service_workes\\_workspaces-core\\v1\\packages\\data-models\\src\\arabic_language_model.js": {"path":"F:\\_Alpheios\\____service_workes\\_workspaces-core\\v1\\packages\\data-models\\src\\arabic_language_model.js","statementMap":{"0":{"start":{"line":5,"column":21},"end":{"line":5,"column":30}},"1":{"start":{"line":6,"column":30},"end":{"line":6,"column":35}},"2":{"start":{"line":12,"column":29},"end":{"line":12,"column":57}},"3":{"start":{"line":13,"column":31},"end":{"line":13,"column":65}},"4":{"start":{"line":14,"column":32},"end":{"line":14,"column":96}},"5":{"start":{"line":15,"column":33},"end":{"line":15,"column":41}},"6":{"start":{"line":16,"column":34},"end":{"line":16,"column":42}},"7":{"start":{"line":17,"column":28},"end":{"line":17,"column":57}},"8":{"start":{"line":18,"column":27},"end":{"line":18,"column":58}},"9":{"start":{"line":21,"column":4},"end":{"line":21,"column":61}},"10":{"start":{"line":21,"column":36},"end":{"line":21,"column":59}},"11":{"start":{"line":22,"column":4},"end":{"line":22,"column":23}},"12":{"start":{"line":26,"column":4},"end":{"line":28,"column":5}},"13":{"start":{"line":27,"column":6},"end":{"line":27,"column":65}},"14":{"start":{"line":29,"column":4},"end":{"line":29,"column":34}},"15":{"start":{"line":39,"column":4},"end":{"line":39,"column":16}},"16":{"start":{"line":50,"column":19},"end":{"line":50,"column":75}},"17":{"start":{"line":52,"column":18},"end":{"line":52,"column":76}},"18":{"start":{"line":54,"column":20},"end":{"line":54,"column":85}},"19":{"start":{"line":56,"column":19},"end":{"line":56,"column":52}},"20":{"start":{"line":58,"column":18},"end":{"line":58,"column":50}},"21":{"start":{"line":60,"column":17},"end":{"line":60,"column":48}},"22":{"start":{"line":61,"column":23},"end":{"line":68,"column":6}},"23":{"start":{"line":69,"column":19},"end":{"line":69,"column":21}},"24":{"start":{"line":70,"column":4},"end":{"line":74,"column":5}},"25":{"start":{"line":71,"column":6},"end":{"line":71,"column":43}},"26":{"start":{"line":73,"column":6},"end":{"line":73,"column":48}},"27":{"start":{"line":75,"column":4},"end":{"line":77,"column":5}},"28":{"start":{"line":76,"column":6},"end":{"line":76,"column":49}},"29":{"start":{"line":76,"column":38},"end":{"line":76,"column":48}},"30":{"start":{"line":78,"column":4},"end":{"line":78,"column":19}},"31":{"start":{"line":87,"column":4},"end":{"line":87,"column":142}},"32":{"start":{"line":98,"column":21},"end":{"line":98,"column":23}},"33":{"start":{"line":100,"column":21},"end":{"line":100,"column":116}},"34":{"start":{"line":101,"column":4},"end":{"line":113,"column":5}},"35":{"start":{"line":102,"column":6},"end":{"line":112,"column":7}},"36":{"start":{"line":103,"column":8},"end":{"line":103,"column":55}},"37":{"start":{"line":104,"column":13},"end":{"line":112,"column":7}},"38":{"start":{"line":105,"column":8},"end":{"line":105,"column":50}},"39":{"start":{"line":106,"column":13},"end":{"line":112,"column":7}},"40":{"start":{"line":107,"column":8},"end":{"line":107,"column":57}},"41":{"start":{"line":110,"column":8},"end":{"line":110,"column":27}},"42":{"start":{"line":111,"column":8},"end":{"line":111,"column":29}},"43":{"start":{"line":114,"column":4},"end":{"line":124,"column":5}},"44":{"start":{"line":115,"column":19},"end":{"line":115,"column":81}},"45":{"start":{"line":115,"column":44},"end":{"line":115,"column":80}},"46":{"start":{"line":116,"column":6},"end":{"line":120,"column":7}},"47":{"start":{"line":119,"column":8},"end":{"line":119,"column":44}},"48":{"start":{"line":125,"column":4},"end":{"line":125,"column":21}}},"fnMap":{"0":{"name":"(anonymous_0)","decl":{"start":{"line":12,"column":2},"end":{"line":12,"column":3}},"loc":{"start":{"line":12,"column":27},"end":{"line":12,"column":59}},"line":12},"1":{"name":"(anonymous_1)","decl":{"start":{"line":13,"column":2},"end":{"line":13,"column":3}},"loc":{"start":{"line":13,"column":29},"end":{"line":13,"column":67}},"line":13},"2":{"name":"(anonymous_2)","decl":{"start":{"line":14,"column":2},"end":{"line":14,"column":3}},"loc":{"start":{"line":14,"column":30},"end":{"line":14,"column":98}},"line":14},"3":{"name":"(anonymous_3)","decl":{"start":{"line":15,"column":2},"end":{"line":15,"column":3}},"loc":{"start":{"line":15,"column":31},"end":{"line":15,"column":43}},"line":15},"4":{"name":"(anonymous_4)","decl":{"start":{"line":16,"column":2},"end":{"line":16,"column":3}},"loc":{"start":{"line":16,"column":32},"end":{"line":16,"column":44}},"line":16},"5":{"name":"(anonymous_5)","decl":{"start":{"line":17,"column":2},"end":{"line":17,"column":3}},"loc":{"start":{"line":17,"column":26},"end":{"line":17,"column":59}},"line":17},"6":{"name":"(anonymous_6)","decl":{"start":{"line":18,"column":2},"end":{"line":18,"column":3}},"loc":{"start":{"line":18,"column":25},"end":{"line":18,"column":60}},"line":18},"7":{"name":"(anonymous_7)","decl":{"start":{"line":20,"column":2},"end":{"line":20,"column":3}},"loc":{"start":{"line":20,"column":29},"end":{"line":23,"column":3}},"line":20},"8":{"name":"(anonymous_8)","decl":{"start":{"line":25,"column":2},"end":{"line":25,"column":3}},"loc":{"start":{"line":25,"column":29},"end":{"line":30,"column":3}},"line":25},"9":{"name":"(anonymous_9)","decl":{"start":{"line":38,"column":2},"end":{"line":38,"column":3}},"loc":{"start":{"line":38,"column":27},"end":{"line":40,"column":3}},"line":38},"10":{"name":"(anonymous_10)","decl":{"start":{"line":45,"column":2},"end":{"line":45,"column":3}},"loc":{"start":{"line":48,"column":10},"end":{"line":79,"column":3}},"line":48},"11":{"name":"(anonymous_11)","decl":{"start":{"line":76,"column":33},"end":{"line":76,"column":34}},"loc":{"start":{"line":76,"column":38},"end":{"line":76,"column":48}},"line":76},"12":{"name":"(anonymous_12)","decl":{"start":{"line":86,"column":2},"end":{"line":86,"column":3}},"loc":{"start":{"line":86,"column":27},"end":{"line":88,"column":3}},"line":86},"13":{"name":"(anonymous_13)","decl":{"start":{"line":95,"column":2},"end":{"line":95,"column":3}},"loc":{"start":{"line":95,"column":54},"end":{"line":126,"column":3}},"line":95},"14":{"name":"(anonymous_14)","decl":{"start":{"line":115,"column":37},"end":{"line":115,"column":38}},"loc":{"start":{"line":115,"column":44},"end":{"line":115,"column":80}},"line":115}},"branchMap":{"0":{"loc":{"start":{"line":21,"column":4},"end":{"line":21,"column":61}},"type":"if","locations":[{"start":{"line":21,"column":4},"end":{"line":21,"column":61}},{"start":{},"end":{}}],"line":21},"1":{"loc":{"start":{"line":45,"column":33},"end":{"line":48,"column":8}},"type":"default-arg","locations":[{"start":{"line":48,"column":6},"end":{"line":48,"column":8}}],"line":45},"2":{"loc":{"start":{"line":46,"column":4},"end":{"line":46,"column":15}},"type":"default-arg","locations":[{"start":{"line":46,"column":11},"end":{"line":46,"column":15}}],"line":46},"3":{"loc":{"start":{"line":46,"column":17},"end":{"line":46,"column":33}},"type":"default-arg","locations":[{"start":{"line":46,"column":29},"end":{"line":46,"column":33}}],"line":46},"4":{"loc":{"start":{"line":46,"column":35},"end":{"line":46,"column":51}},"type":"default-arg","locations":[{"start":{"line":46,"column":47},"end":{"line":46,"column":51}}],"line":46},"5":{"loc":{"start":{"line":46,"column":53},"end":{"line":46,"column":68}},"type":"default-arg","locations":[{"start":{"line":46,"column":64},"end":{"line":46,"column":68}}],"line":46},"6":{"loc":{"start":{"line":47,"column":4},"end":{"line":47,"column":24}},"type":"default-arg","locations":[{"start":{"line":47,"column":19},"end":{"line":47,"column":24}}],"line":47},"7":{"loc":{"start":{"line":47,"column":26},"end":{"line":47,"column":49}},"type":"default-arg","locations":[{"start":{"line":47,"column":44},"end":{"line":47,"column":49}}],"line":47},"8":{"loc":{"start":{"line":70,"column":4},"end":{"line":74,"column":5}},"type":"if","locations":[{"start":{"line":70,"column":4},"end":{"line":74,"column":5}},{"start":{"line":72,"column":11},"end":{"line":74,"column":5}}],"line":70},"9":{"loc":{"start":{"line":70,"column":8},"end":{"line":70,"column":53}},"type":"binary-expr","locations":[{"start":{"line":70,"column":8},"end":{"line":70,"column":25}},{"start":{"line":70,"column":29},"end":{"line":70,"column":53}}],"line":70},"10":{"loc":{"start":{"line":75,"column":4},"end":{"line":77,"column":5}},"type":"if","locations":[{"start":{"line":75,"column":4},"end":{"line":77,"column":5}},{"start":{},"end":{}}],"line":75},"11":{"loc":{"start":{"line":102,"column":6},"end":{"line":112,"column":7}},"type":"if","locations":[{"start":{"line":102,"column":6},"end":{"line":112,"column":7}},{"start":{"line":104,"column":13},"end":{"line":112,"column":7}}],"line":102},"12":{"loc":{"start":{"line":102,"column":10},"end":{"line":102,"column":90}},"type":"binary-expr","locations":[{"start":{"line":102,"column":10},"end":{"line":102,"column":35}},{"start":{"line":102,"column":39},"end":{"line":102,"column":90}}],"line":102},"13":{"loc":{"start":{"line":104,"column":13},"end":{"line":112,"column":7}},"type":"if","locations":[{"start":{"line":104,"column":13},"end":{"line":112,"column":7}},{"start":{"line":106,"column":13},"end":{"line":112,"column":7}}],"line":104},"14":{"loc":{"start":{"line":104,"column":17},"end":{"line":104,"column":98}},"type":"binary-expr","locations":[{"start":{"line":104,"column":17},"end":{"line":104,"column":42}},{"start":{"line":104,"column":46},"end":{"line":104,"column":98}}],"line":104},"15":{"loc":{"start":{"line":106,"column":13},"end":{"line":112,"column":7}},"type":"if","locations":[{"start":{"line":106,"column":13},"end":{"line":112,"column":7}},{"start":{"line":108,"column":13},"end":{"line":112,"column":7}}],"line":106},"16":{"loc":{"start":{"line":106,"column":17},"end":{"line":106,"column":103}},"type":"binary-expr","locations":[{"start":{"line":106,"column":17},"end":{"line":106,"column":42}},{"start":{"line":106,"column":46},"end":{"line":106,"column":103}}],"line":106},"17":{"loc":{"start":{"line":116,"column":6},"end":{"line":120,"column":7}},"type":"if","locations":[{"start":{"line":116,"column":6},"end":{"line":120,"column":7}},{"start":{},"end":{}}],"line":116}},"s":{"0":24,"1":24,"2":159,"3":87,"4":4,"5":0,"6":0,"7":0,"8":0,"9":0,"10":0,"11":0,"12":0,"13":0,"14":0,"15":0,"16":1,"17":1,"18":1,"19":1,"20":1,"21":1,"22":1,"23":1,"24":1,"25":0,"26":1,"27":1,"28":1,"29":6,"30":1,"31":0,"32":3,"33":3,"34":3,"35":12,"36":3,"37":9,"38":3,"39":6,"40":3,"41":3,"42":3,"43":3,"44":9,"45":9,"46":9,"47":6,"48":3},"f":{"0":159,"1":87,"2":4,"3":0,"4":0,"5":0,"6":0,"7":0,"8":0,"9":0,"10":1,"11":6,"12":0,"13":3,"14":9},"b":{"0":[0,0],"1":[0],"2":[0],"3":[1],"4":[1],"5":[1],"6":[1],"7":[1],"8":[0,1],"9":[1,0],"10":[1,0],"11":[3,9],"12":[12,12],"13":[3,6],"14":[9,9],"15":[3,3],"16":[6,6],"17":[6,3]},"_coverageSchema":"1a1c01bbd47fc00a2c39e90264f33305004495a9","hash":"c2943fe974dc02ac7eda4dcd5a78ac06270a7b07"}
,"F:\\_Alpheios\\____service_workes\\_workspaces-core\\v1\\packages\\data-models\\src\\chinese_language_model.js": {"path":"F:\\_Alpheios\\____service_workes\\_workspaces-core\\v1\\packages\\data-models\\src\\chinese_language_model.js","statementMap":{"0":{"start":{"line":6,"column":19},"end":{"line":6,"column":28}},"1":{"start":{"line":7,"column":30},"end":{"line":7,"column":35}},"2":{"start":{"line":13,"column":29},"end":{"line":13,"column":58}},"3":{"start":{"line":14,"column":31},"end":{"line":14,"column":65}},"4":{"start":{"line":16,"column":4},"end":{"line":21,"column":5}},"5":{"start":{"line":24,"column":33},"end":{"line":24,"column":41}},"6":{"start":{"line":25,"column":34},"end":{"line":25,"column":42}},"7":{"start":{"line":26,"column":28},"end":{"line":26,"column":57}},"8":{"start":{"line":27,"column":27},"end":{"line":27,"column":58}},"9":{"start":{"line":30,"column":4},"end":{"line":49,"column":6}},"10":{"start":{"line":53,"column":4},"end":{"line":53,"column":61}},"11":{"start":{"line":53,"column":36},"end":{"line":53,"column":59}},"12":{"start":{"line":54,"column":4},"end":{"line":54,"column":23}},"13":{"start":{"line":58,"column":4},"end":{"line":60,"column":5}},"14":{"start":{"line":59,"column":6},"end":{"line":59,"column":65}},"15":{"start":{"line":61,"column":4},"end":{"line":61,"column":34}},"16":{"start":{"line":65,"column":4},"end":{"line":65,"column":106}},"17":{"start":{"line":69,"column":4},"end":{"line":69,"column":54}},"18":{"start":{"line":73,"column":15},"end":{"line":73,"column":60}},"19":{"start":{"line":74,"column":15},"end":{"line":74,"column":60}},"20":{"start":{"line":75,"column":15},"end":{"line":75,"column":60}},"21":{"start":{"line":76,"column":15},"end":{"line":76,"column":60}},"22":{"start":{"line":77,"column":15},"end":{"line":77,"column":60}},"23":{"start":{"line":78,"column":15},"end":{"line":78,"column":65}},"24":{"start":{"line":81,"column":4},"end":{"line":81,"column":82}},"25":{"start":{"line":81,"column":46},"end":{"line":81,"column":55}},"26":{"start":{"line":81,"column":70},"end":{"line":81,"column":81}},"27":{"start":{"line":83,"column":25},"end":{"line":83,"column":27}},"28":{"start":{"line":84,"column":23},"end":{"line":86,"column":5}},"29":{"start":{"line":88,"column":4},"end":{"line":121,"column":5}},"30":{"start":{"line":88,"column":17},"end":{"line":88,"column":18}},"31":{"start":{"line":89,"column":6},"end":{"line":120,"column":7}},"32":{"start":{"line":90,"column":18},"end":{"line":90,"column":28}},"33":{"start":{"line":91,"column":21},"end":{"line":91,"column":94}},"34":{"start":{"line":93,"column":8},"end":{"line":118,"column":9}},"35":{"start":{"line":94,"column":10},"end":{"line":94,"column":42}},"36":{"start":{"line":95,"column":15},"end":{"line":118,"column":9}},"37":{"start":{"line":96,"column":10},"end":{"line":96,"column":42}},"38":{"start":{"line":97,"column":15},"end":{"line":118,"column":9}},"39":{"start":{"line":98,"column":10},"end":{"line":98,"column":42}},"40":{"start":{"line":100,"column":10},"end":{"line":117,"column":11}},"41":{"start":{"line":100,"column":23},"end":{"line":100,"column":37}},"42":{"start":{"line":101,"column":12},"end":{"line":116,"column":13}},"43":{"start":{"line":102,"column":14},"end":{"line":114,"column":15}},"44":{"start":{"line":104,"column":18},"end":{"line":104,"column":50}},"45":{"start":{"line":105,"column":18},"end":{"line":105,"column":23}},"46":{"start":{"line":107,"column":18},"end":{"line":107,"column":50}},"47":{"start":{"line":108,"column":18},"end":{"line":108,"column":23}},"48":{"start":{"line":110,"column":18},"end":{"line":110,"column":147}},"49":{"start":{"line":110,"column":70},"end":{"line":110,"column":103}},"50":{"start":{"line":110,"column":113},"end":{"line":110,"column":145}},"51":{"start":{"line":111,"column":18},"end":{"line":111,"column":23}},"52":{"start":{"line":113,"column":18},"end":{"line":113,"column":79}},"53":{"start":{"line":115,"column":14},"end":{"line":115,"column":19}},"54":{"start":{"line":119,"column":8},"end":{"line":119,"column":32}},"55":{"start":{"line":122,"column":4},"end":{"line":122,"column":42}}},"fnMap":{"0":{"name":"(anonymous_0)","decl":{"start":{"line":13,"column":2},"end":{"line":13,"column":3}},"loc":{"start":{"line":13,"column":27},"end":{"line":13,"column":60}},"line":13},"1":{"name":"(anonymous_1)","decl":{"start":{"line":14,"column":2},"end":{"line":14,"column":3}},"loc":{"start":{"line":14,"column":29},"end":{"line":14,"column":67}},"line":14},"2":{"name":"(anonymous_2)","decl":{"start":{"line":15,"column":2},"end":{"line":15,"column":3}},"loc":{"start":{"line":15,"column":30},"end":{"line":22,"column":3}},"line":15},"3":{"name":"(anonymous_3)","decl":{"start":{"line":24,"column":2},"end":{"line":24,"column":3}},"loc":{"start":{"line":24,"column":31},"end":{"line":24,"column":43}},"line":24},"4":{"name":"(anonymous_4)","decl":{"start":{"line":25,"column":2},"end":{"line":25,"column":3}},"loc":{"start":{"line":25,"column":32},"end":{"line":25,"column":44}},"line":25},"5":{"name":"(anonymous_5)","decl":{"start":{"line":26,"column":2},"end":{"line":26,"column":3}},"loc":{"start":{"line":26,"column":26},"end":{"line":26,"column":59}},"line":26},"6":{"name":"(anonymous_6)","decl":{"start":{"line":27,"column":2},"end":{"line":27,"column":3}},"loc":{"start":{"line":27,"column":25},"end":{"line":27,"column":60}},"line":27},"7":{"name":"(anonymous_7)","decl":{"start":{"line":29,"column":2},"end":{"line":29,"column":3}},"loc":{"start":{"line":29,"column":30},"end":{"line":50,"column":3}},"line":29},"8":{"name":"(anonymous_8)","decl":{"start":{"line":52,"column":2},"end":{"line":52,"column":3}},"loc":{"start":{"line":52,"column":29},"end":{"line":55,"column":3}},"line":52},"9":{"name":"(anonymous_9)","decl":{"start":{"line":57,"column":2},"end":{"line":57,"column":3}},"loc":{"start":{"line":57,"column":29},"end":{"line":62,"column":3}},"line":57},"10":{"name":"(anonymous_10)","decl":{"start":{"line":64,"column":2},"end":{"line":64,"column":3}},"loc":{"start":{"line":64,"column":27},"end":{"line":66,"column":3}},"line":64},"11":{"name":"(anonymous_11)","decl":{"start":{"line":68,"column":2},"end":{"line":68,"column":3}},"loc":{"start":{"line":68,"column":28},"end":{"line":70,"column":3}},"line":68},"12":{"name":"(anonymous_12)","decl":{"start":{"line":72,"column":2},"end":{"line":72,"column":3}},"loc":{"start":{"line":72,"column":32},"end":{"line":123,"column":3}},"line":72},"13":{"name":"(anonymous_13)","decl":{"start":{"line":81,"column":40},"end":{"line":81,"column":41}},"loc":{"start":{"line":81,"column":46},"end":{"line":81,"column":55}},"line":81},"14":{"name":"(anonymous_14)","decl":{"start":{"line":81,"column":64},"end":{"line":81,"column":65}},"loc":{"start":{"line":81,"column":70},"end":{"line":81,"column":81}},"line":81}},"branchMap":{"0":{"loc":{"start":{"line":53,"column":4},"end":{"line":53,"column":61}},"type":"if","locations":[{"start":{"line":53,"column":4},"end":{"line":53,"column":61}},{"start":{},"end":{}}],"line":53},"1":{"loc":{"start":{"line":89,"column":6},"end":{"line":120,"column":7}},"type":"if","locations":[{"start":{"line":89,"column":6},"end":{"line":120,"column":7}},{"start":{},"end":{}}],"line":89},"2":{"loc":{"start":{"line":91,"column":21},"end":{"line":91,"column":94}},"type":"cond-expr","locations":[{"start":{"line":91,"column":64},"end":{"line":91,"column":90}},{"start":{"line":91,"column":93},"end":{"line":91,"column":94}}],"line":91},"3":{"loc":{"start":{"line":93,"column":8},"end":{"line":118,"column":9}},"type":"if","locations":[{"start":{"line":93,"column":8},"end":{"line":118,"column":9}},{"start":{"line":95,"column":15},"end":{"line":118,"column":9}}],"line":93},"4":{"loc":{"start":{"line":95,"column":15},"end":{"line":118,"column":9}},"type":"if","locations":[{"start":{"line":95,"column":15},"end":{"line":118,"column":9}},{"start":{"line":97,"column":15},"end":{"line":118,"column":9}}],"line":95},"5":{"loc":{"start":{"line":97,"column":15},"end":{"line":118,"column":9}},"type":"if","locations":[{"start":{"line":97,"column":15},"end":{"line":118,"column":9}},{"start":{"line":99,"column":15},"end":{"line":118,"column":9}}],"line":97},"6":{"loc":{"start":{"line":101,"column":12},"end":{"line":116,"column":13}},"type":"if","locations":[{"start":{"line":101,"column":12},"end":{"line":116,"column":13}},{"start":{},"end":{}}],"line":101},"7":{"loc":{"start":{"line":102,"column":14},"end":{"line":114,"column":15}},"type":"switch","locations":[{"start":{"line":103,"column":16},"end":{"line":105,"column":23}},{"start":{"line":106,"column":16},"end":{"line":108,"column":23}},{"start":{"line":109,"column":16},"end":{"line":111,"column":23}},{"start":{"line":112,"column":16},"end":{"line":113,"column":79}}],"line":102},"8":{"loc":{"start":{"line":110,"column":18},"end":{"line":110,"column":147}},"type":"if","locations":[{"start":{"line":110,"column":18},"end":{"line":110,"column":147}},{"start":{"line":110,"column":111},"end":{"line":110,"column":147}}],"line":110},"9":{"loc":{"start":{"line":110,"column":22},"end":{"line":110,"column":66}},"type":"binary-expr","locations":[{"start":{"line":110,"column":22},"end":{"line":110,"column":44}},{"start":{"line":110,"column":48},"end":{"line":110,"column":66}}],"line":110}},"s":{"0":24,"1":24,"2":28,"3":3,"4":1,"5":1,"6":1,"7":1,"8":1,"9":1,"10":0,"11":0,"12":0,"13":0,"14":0,"15":0,"16":1,"17":16,"18":6,"19":6,"20":6,"21":6,"22":6,"23":6,"24":6,"25":36,"26":36,"27":6,"28":6,"29":6,"30":6,"31":30,"32":15,"33":15,"34":15,"35":6,"36":9,"37":0,"38":9,"39":0,"40":9,"41":9,"42":16,"43":9,"44":2,"45":2,"46":3,"47":3,"48":4,"49":0,"50":4,"51":4,"52":0,"53":9,"54":15,"55":6},"f":{"0":28,"1":3,"2":1,"3":1,"4":1,"5":1,"6":1,"7":1,"8":0,"9":0,"10":1,"11":16,"12":6,"13":36,"14":36},"b":{"0":[0,0],"1":[15,15],"2":[14,1],"3":[6,9],"4":[0,9],"5":[0,9],"6":[9,7],"7":[2,3,4,0],"8":[0,4],"9":[4,0]},"_coverageSchema":"1a1c01bbd47fc00a2c39e90264f33305004495a9","hash":"60ac523944c094e5a6e7820eb4322cdd42b822f4"}
,"F:\\_Alpheios\\____service_workes\\_workspaces-core\\v1\\packages\\data-models\\src\\constants.js": {"path":"F:\\_Alpheios\\____service_workes\\_workspaces-core\\v1\\packages\\data-models\\src\\constants.js","statementMap":{"0":{"start":{"line":2,"column":30},"end":{"line":2,"column":44}},"1":{"start":{"line":3,"column":30},"end":{"line":3,"column":44}},"2":{"start":{"line":4,"column":28},"end":{"line":4,"column":41}},"3":{"start":{"line":5,"column":28},"end":{"line":5,"column":41}},"4":{"start":{"line":6,"column":30},"end":{"line":6,"column":49}},"5":{"start":{"line":7,"column":26},"end":{"line":7,"column":41}},"6":{"start":{"line":8,"column":26},"end":{"line":8,"column":41}},"7":{"start":{"line":9,"column":27},"end":{"line":9,"column":43}},"8":{"start":{"line":10,"column":28},"end":{"line":10,"column":45}},"9":{"start":{"line":11,"column":25},"end":{"line":11,"column":41}},"10":{"start":{"line":12,"column":28},"end":{"line":12,"column":45}},"11":{"start":{"line":13,"column":27},"end":{"line":13,"column":43}},"12":{"start":{"line":15,"column":39},"end":{"line":15,"column":50}},"13":{"start":{"line":16,"column":33},"end":{"line":16,"column":38}},"14":{"start":{"line":17,"column":32},"end":{"line":17,"column":36}},"15":{"start":{"line":18,"column":33},"end":{"line":18,"column":38}},"16":{"start":{"line":19,"column":33},"end":{"line":19,"column":38}},"17":{"start":{"line":20,"column":32},"end":{"line":20,"column":36}},"18":{"start":{"line":21,"column":33},"end":{"line":21,"column":38}},"19":{"start":{"line":22,"column":33},"end":{"line":22,"column":38}},"20":{"start":{"line":23,"column":35},"end":{"line":23,"column":42}},"21":{"start":{"line":24,"column":32},"end":{"line":24,"column":36}},"22":{"start":{"line":25,"column":33},"end":{"line":25,"column":38}},"23":{"start":{"line":26,"column":33},"end":{"line":26,"column":38}},"24":{"start":{"line":27,"column":32},"end":{"line":27,"column":36}},"25":{"start":{"line":28,"column":37},"end":{"line":28,"column":46}},"26":{"start":{"line":29,"column":37},"end":{"line":29,"column":46}},"27":{"start":{"line":30,"column":33},"end":{"line":30,"column":38}},"28":{"start":{"line":31,"column":33},"end":{"line":31,"column":38}},"29":{"start":{"line":32,"column":38},"end":{"line":32,"column":48}},"30":{"start":{"line":33,"column":33},"end":{"line":33,"column":38}},"31":{"start":{"line":36,"column":30},"end":{"line":36,"column":41}},"32":{"start":{"line":37,"column":27},"end":{"line":37,"column":35}},"33":{"start":{"line":38,"column":30},"end":{"line":38,"column":41}},"34":{"start":{"line":39,"column":28},"end":{"line":39,"column":37}},"35":{"start":{"line":40,"column":32},"end":{"line":40,"column":45}},"36":{"start":{"line":41,"column":32},"end":{"line":41,"column":45}},"37":{"start":{"line":42,"column":33},"end":{"line":42,"column":47}},"38":{"start":{"line":43,"column":25},"end":{"line":43,"column":31}},"39":{"start":{"line":44,"column":32},"end":{"line":44,"column":45}},"40":{"start":{"line":45,"column":28},"end":{"line":45,"column":37}},"41":{"start":{"line":46,"column":29},"end":{"line":46,"column":39}},"42":{"start":{"line":47,"column":27},"end":{"line":47,"column":35}},"43":{"start":{"line":48,"column":32},"end":{"line":48,"column":45}},"44":{"start":{"line":49,"column":28},"end":{"line":49,"column":37}},"45":{"start":{"line":50,"column":27},"end":{"line":50,"column":35}},"46":{"start":{"line":51,"column":30},"end":{"line":51,"column":41}},"47":{"start":{"line":52,"column":27},"end":{"line":52,"column":35}},"48":{"start":{"line":53,"column":25},"end":{"line":53,"column":31}},"49":{"start":{"line":54,"column":36},"end":{"line":54,"column":53}},"50":{"start":{"line":55,"column":33},"end":{"line":55,"column":47}},"51":{"start":{"line":57,"column":30},"end":{"line":57,"column":41}},"52":{"start":{"line":58,"column":29},"end":{"line":58,"column":39}},"53":{"start":{"line":59,"column":27},"end":{"line":59,"column":35}},"54":{"start":{"line":60,"column":27},"end":{"line":60,"column":35}},"55":{"start":{"line":61,"column":28},"end":{"line":61,"column":37}},"56":{"start":{"line":62,"column":30},"end":{"line":62,"column":41}},"57":{"start":{"line":64,"column":39},"end":{"line":64,"column":59}},"58":{"start":{"line":65,"column":38},"end":{"line":65,"column":57}},"59":{"start":{"line":66,"column":40},"end":{"line":66,"column":61}},"60":{"start":{"line":68,"column":29},"end":{"line":68,"column":39}},"61":{"start":{"line":69,"column":32},"end":{"line":69,"column":45}},"62":{"start":{"line":70,"column":32},"end":{"line":70,"column":45}},"63":{"start":{"line":72,"column":29},"end":{"line":72,"column":39}},"64":{"start":{"line":73,"column":29},"end":{"line":73,"column":39}},"65":{"start":{"line":74,"column":31},"end":{"line":74,"column":43}},"66":{"start":{"line":75,"column":31},"end":{"line":75,"column":43}},"67":{"start":{"line":76,"column":32},"end":{"line":76,"column":45}},"68":{"start":{"line":77,"column":30},"end":{"line":77,"column":41}},"69":{"start":{"line":78,"column":29},"end":{"line":78,"column":39}},"70":{"start":{"line":79,"column":30},"end":{"line":79,"column":41}},"71":{"start":{"line":80,"column":29},"end":{"line":80,"column":39}},"72":{"start":{"line":81,"column":30},"end":{"line":81,"column":41}},"73":{"start":{"line":82,"column":31},"end":{"line":82,"column":43}},"74":{"start":{"line":83,"column":29},"end":{"line":83,"column":39}},"75":{"start":{"line":84,"column":32},"end":{"line":84,"column":45}},"76":{"start":{"line":85,"column":29},"end":{"line":85,"column":39}},"77":{"start":{"line":86,"column":27},"end":{"line":86,"column":35}},"78":{"start":{"line":87,"column":33},"end":{"line":87,"column":47}},"79":{"start":{"line":88,"column":31},"end":{"line":88,"column":43}},"80":{"start":{"line":89,"column":27},"end":{"line":89,"column":35}},"81":{"start":{"line":90,"column":29},"end":{"line":90,"column":39}},"82":{"start":{"line":91,"column":27},"end":{"line":91,"column":35}},"83":{"start":{"line":92,"column":33},"end":{"line":92,"column":47}},"84":{"start":{"line":93,"column":42},"end":{"line":93,"column":65}},"85":{"start":{"line":94,"column":28},"end":{"line":94,"column":37}},"86":{"start":{"line":95,"column":29},"end":{"line":95,"column":39}},"87":{"start":{"line":96,"column":27},"end":{"line":96,"column":35}},"88":{"start":{"line":97,"column":34},"end":{"line":97,"column":49}},"89":{"start":{"line":98,"column":33},"end":{"line":98,"column":47}},"90":{"start":{"line":99,"column":29},"end":{"line":99,"column":39}},"91":{"start":{"line":100,"column":30},"end":{"line":100,"column":41}},"92":{"start":{"line":101,"column":29},"end":{"line":101,"column":39}},"93":{"start":{"line":102,"column":26},"end":{"line":102,"column":33}},"94":{"start":{"line":103,"column":27},"end":{"line":103,"column":35}},"95":{"start":{"line":104,"column":29},"end":{"line":104,"column":39}},"96":{"start":{"line":105,"column":29},"end":{"line":105,"column":39}},"97":{"start":{"line":106,"column":30},"end":{"line":106,"column":41}},"98":{"start":{"line":107,"column":29},"end":{"line":107,"column":39}},"99":{"start":{"line":108,"column":32},"end":{"line":108,"column":45}},"100":{"start":{"line":109,"column":33},"end":{"line":109,"column":47}},"101":{"start":{"line":110,"column":44},"end":{"line":110,"column":69}},"102":{"start":{"line":111,"column":33},"end":{"line":111,"column":47}},"103":{"start":{"line":112,"column":27},"end":{"line":112,"column":35}},"104":{"start":{"line":113,"column":29},"end":{"line":113,"column":39}},"105":{"start":{"line":114,"column":26},"end":{"line":114,"column":33}},"106":{"start":{"line":115,"column":35},"end":{"line":115,"column":51}},"107":{"start":{"line":116,"column":31},"end":{"line":116,"column":43}},"108":{"start":{"line":117,"column":30},"end":{"line":117,"column":41}},"109":{"start":{"line":118,"column":29},"end":{"line":118,"column":39}},"110":{"start":{"line":119,"column":30},"end":{"line":119,"column":41}},"111":{"start":{"line":120,"column":31},"end":{"line":120,"column":43}},"112":{"start":{"line":121,"column":32},"end":{"line":121,"column":45}},"113":{"start":{"line":122,"column":34},"end":{"line":122,"column":49}},"114":{"start":{"line":123,"column":31},"end":{"line":123,"column":43}},"115":{"start":{"line":124,"column":35},"end":{"line":124,"column":51}},"116":{"start":{"line":125,"column":34},"end":{"line":125,"column":49}},"117":{"start":{"line":126,"column":30},"end":{"line":126,"column":41}},"118":{"start":{"line":127,"column":30},"end":{"line":127,"column":41}},"119":{"start":{"line":128,"column":32},"end":{"line":128,"column":45}},"120":{"start":{"line":129,"column":32},"end":{"line":129,"column":45}},"121":{"start":{"line":130,"column":31},"end":{"line":130,"column":43}},"122":{"start":{"line":131,"column":30},"end":{"line":131,"column":41}},"123":{"start":{"line":132,"column":33},"end":{"line":132,"column":47}},"124":{"start":{"line":133,"column":30},"end":{"line":133,"column":41}},"125":{"start":{"line":134,"column":31},"end":{"line":134,"column":43}},"126":{"start":{"line":135,"column":30},"end":{"line":135,"column":41}},"127":{"start":{"line":136,"column":35},"end":{"line":136,"column":51}},"128":{"start":{"line":137,"column":32},"end":{"line":137,"column":45}},"129":{"start":{"line":138,"column":32},"end":{"line":138,"column":45}},"130":{"start":{"line":139,"column":32},"end":{"line":139,"column":45}},"131":{"start":{"line":140,"column":29},"end":{"line":140,"column":39}},"132":{"start":{"line":141,"column":32},"end":{"line":141,"column":45}},"133":{"start":{"line":142,"column":32},"end":{"line":142,"column":45}},"134":{"start":{"line":143,"column":27},"end":{"line":143,"column":35}},"135":{"start":{"line":144,"column":29},"end":{"line":144,"column":39}},"136":{"start":{"line":145,"column":31},"end":{"line":145,"column":43}},"137":{"start":{"line":146,"column":32},"end":{"line":146,"column":45}},"138":{"start":{"line":147,"column":32},"end":{"line":147,"column":45}},"139":{"start":{"line":148,"column":32},"end":{"line":148,"column":45}},"140":{"start":{"line":149,"column":31},"end":{"line":149,"column":43}},"141":{"start":{"line":150,"column":30},"end":{"line":150,"column":41}},"142":{"start":{"line":151,"column":29},"end":{"line":151,"column":39}},"143":{"start":{"line":152,"column":28},"end":{"line":152,"column":37}},"144":{"start":{"line":153,"column":30},"end":{"line":153,"column":41}},"145":{"start":{"line":154,"column":33},"end":{"line":154,"column":47}},"146":{"start":{"line":155,"column":31},"end":{"line":155,"column":43}},"147":{"start":{"line":156,"column":31},"end":{"line":156,"column":43}},"148":{"start":{"line":157,"column":32},"end":{"line":157,"column":45}},"149":{"start":{"line":158,"column":31},"end":{"line":158,"column":43}},"150":{"start":{"line":159,"column":34},"end":{"line":159,"column":49}},"151":{"start":{"line":160,"column":28},"end":{"line":160,"column":37}},"152":{"start":{"line":161,"column":29},"end":{"line":161,"column":39}},"153":{"start":{"line":162,"column":29},"end":{"line":162,"column":39}},"154":{"start":{"line":163,"column":31},"end":{"line":163,"column":43}},"155":{"start":{"line":164,"column":32},"end":{"line":164,"column":45}},"156":{"start":{"line":165,"column":32},"end":{"line":165,"column":45}},"157":{"start":{"line":166,"column":32},"end":{"line":166,"column":45}},"158":{"start":{"line":167,"column":27},"end":{"line":167,"column":35}},"159":{"start":{"line":168,"column":28},"end":{"line":168,"column":38}},"160":{"start":{"line":169,"column":26},"end":{"line":169,"column":34}},"161":{"start":{"line":170,"column":24},"end":{"line":170,"column":30}},"162":{"start":{"line":171,"column":25},"end":{"line":171,"column":32}},"163":{"start":{"line":172,"column":26},"end":{"line":172,"column":34}},"164":{"start":{"line":173,"column":31},"end":{"line":173,"column":44}},"165":{"start":{"line":174,"column":30},"end":{"line":174,"column":42}},"166":{"start":{"line":175,"column":39},"end":{"line":175,"column":60}},"167":{"start":{"line":176,"column":28},"end":{"line":176,"column":38}},"168":{"start":{"line":177,"column":27},"end":{"line":177,"column":36}},"169":{"start":{"line":178,"column":32},"end":{"line":178,"column":46}},"170":{"start":{"line":179,"column":35},"end":{"line":179,"column":51}},"171":{"start":{"line":180,"column":23},"end":{"line":180,"column":28}},"172":{"start":{"line":181,"column":23},"end":{"line":181,"column":28}},"173":{"start":{"line":182,"column":23},"end":{"line":182,"column":28}},"174":{"start":{"line":183,"column":23},"end":{"line":183,"column":28}},"175":{"start":{"line":184,"column":23},"end":{"line":184,"column":28}},"176":{"start":{"line":185,"column":23},"end":{"line":185,"column":28}},"177":{"start":{"line":186,"column":23},"end":{"line":186,"column":28}},"178":{"start":{"line":187,"column":23},"end":{"line":187,"column":28}},"179":{"start":{"line":188,"column":23},"end":{"line":188,"column":28}},"180":{"start":{"line":189,"column":28},"end":{"line":189,"column":36}},"181":{"start":{"line":190,"column":28},"end":{"line":190,"column":36}},"182":{"start":{"line":191,"column":36},"end":{"line":191,"column":52}},"183":{"start":{"line":192,"column":31},"end":{"line":192,"column":42}},"184":{"start":{"line":193,"column":35},"end":{"line":193,"column":50}},"185":{"start":{"line":194,"column":29},"end":{"line":194,"column":38}},"186":{"start":{"line":195,"column":32},"end":{"line":195,"column":44}},"187":{"start":{"line":196,"column":29},"end":{"line":196,"column":38}},"188":{"start":{"line":197,"column":27},"end":{"line":197,"column":34}},"189":{"start":{"line":198,"column":40},"end":{"line":198,"column":60}},"190":{"start":{"line":199,"column":37},"end":{"line":199,"column":54}},"191":{"start":{"line":200,"column":35},"end":{"line":200,"column":50}},"192":{"start":{"line":201,"column":37},"end":{"line":201,"column":54}},"193":{"start":{"line":202,"column":32},"end":{"line":202,"column":44}},"194":{"start":{"line":203,"column":34},"end":{"line":203,"column":48}},"195":{"start":{"line":204,"column":32},"end":{"line":204,"column":44}},"196":{"start":{"line":205,"column":30},"end":{"line":205,"column":40}},"197":{"start":{"line":206,"column":34},"end":{"line":206,"column":48}},"198":{"start":{"line":207,"column":38},"end":{"line":207,"column":56}},"199":{"start":{"line":208,"column":28},"end":{"line":208,"column":36}},"200":{"start":{"line":209,"column":29},"end":{"line":209,"column":38}},"201":{"start":{"line":210,"column":34},"end":{"line":210,"column":48}},"202":{"start":{"line":211,"column":40},"end":{"line":211,"column":60}},"203":{"start":{"line":212,"column":28},"end":{"line":212,"column":36}},"204":{"start":{"line":213,"column":33},"end":{"line":213,"column":46}},"205":{"start":{"line":214,"column":31},"end":{"line":214,"column":42}},"206":{"start":{"line":215,"column":32},"end":{"line":215,"column":44}},"207":{"start":{"line":216,"column":31},"end":{"line":216,"column":42}},"208":{"start":{"line":217,"column":32},"end":{"line":217,"column":44}},"209":{"start":{"line":218,"column":33},"end":{"line":218,"column":46}},"210":{"start":{"line":219,"column":36},"end":{"line":219,"column":52}},"211":{"start":{"line":220,"column":30},"end":{"line":220,"column":40}},"212":{"start":{"line":221,"column":30},"end":{"line":221,"column":41}},"213":{"start":{"line":222,"column":28},"end":{"line":222,"column":37}},"214":{"start":{"line":224,"column":30},"end":{"line":224,"column":40}},"215":{"start":{"line":225,"column":31},"end":{"line":225,"column":42}},"216":{"start":{"line":226,"column":32},"end":{"line":226,"column":44}},"217":{"start":{"line":227,"column":35},"end":{"line":227,"column":50}},"218":{"start":{"line":228,"column":30},"end":{"line":228,"column":40}},"219":{"start":{"line":229,"column":35},"end":{"line":229,"column":50}},"220":{"start":{"line":230,"column":38},"end":{"line":230,"column":56}},"221":{"start":{"line":231,"column":32},"end":{"line":231,"column":44}},"222":{"start":{"line":232,"column":31},"end":{"line":232,"column":42}},"223":{"start":{"line":233,"column":32},"end":{"line":233,"column":44}},"224":{"start":{"line":235,"column":34},"end":{"line":235,"column":41}},"225":{"start":{"line":236,"column":34},"end":{"line":236,"column":41}}},"fnMap":{},"branchMap":{},"s":{"0":24,"1":24,"2":24,"3":24,"4":24,"5":24,"6":24,"7":24,"8":24,"9":24,"10":24,"11":24,"12":24,"13":24,"14":24,"15":24,"16":24,"17":24,"18":24,"19":24,"20":24,"21":24,"22":24,"23":24,"24":24,"25":24,"26":24,"27":24,"28":24,"29":24,"30":24,"31":24,"32":24,"33":24,"34":24,"35":24,"36":24,"37":24,"38":24,"39":24,"40":24,"41":24,"42":24,"43":24,"44":24,"45":24,"46":24,"47":24,"48":24,"49":24,"50":24,"51":24,"52":24,"53":24,"54":24,"55":24,"56":24,"57":24,"58":24,"59":24,"60":24,"61":24,"62":24,"63":24,"64":24,"65":24,"66":24,"67":24,"68":24,"69":24,"70":24,"71":24,"72":24,"73":24,"74":24,"75":24,"76":24,"77":24,"78":24,"79":24,"80":24,"81":24,"82":24,"83":24,"84":24,"85":24,"86":24,"87":24,"88":24,"89":24,"90":24,"91":24,"92":24,"93":24,"94":24,"95":24,"96":24,"97":24,"98":24,"99":24,"100":24,"101":24,"102":24,"103":24,"104":24,"105":24,"106":24,"107":24,"108":24,"109":24,"110":24,"111":24,"112":24,"113":24,"114":24,"115":24,"116":24,"117":24,"118":24,"119":24,"120":24,"121":24,"122":24,"123":24,"124":24,"125":24,"126":24,"127":24,"128":24,"129":24,"130":24,"131":24,"132":24,"133":24,"134":24,"135":24,"136":24,"137":24,"138":24,"139":24,"140":24,"141":24,"142":24,"143":24,"144":24,"145":24,"146":24,"147":24,"148":24,"149":24,"150":24,"151":24,"152":24,"153":24,"154":24,"155":24,"156":24,"157":24,"158":24,"159":24,"160":24,"161":24,"162":24,"163":24,"164":24,"165":24,"166":24,"167":24,"168":24,"169":24,"170":24,"171":24,"172":24,"173":24,"174":24,"175":24,"176":24,"177":24,"178":24,"179":24,"180":24,"181":24,"182":24,"183":24,"184":24,"185":24,"186":24,"187":24,"188":24,"189":24,"190":24,"191":24,"192":24,"193":24,"194":24,"195":24,"196":24,"197":24,"198":24,"199":24,"200":24,"201":24,"202":24,"203":24,"204":24,"205":24,"206":24,"207":24,"208":24,"209":24,"210":24,"211":24,"212":24,"213":24,"214":24,"215":24,"216":24,"217":24,"218":24,"219":24,"220":24,"221":24,"222":24,"223":24,"224":24,"225":24},"f":{},"b":{},"_coverageSchema":"1a1c01bbd47fc00a2c39e90264f33305004495a9","hash":"1c8f9953a672c0bfe0f3c8b925e47e834376f392"}
,"F:\\_Alpheios\\____service_workes\\_workspaces-core\\v1\\packages\\data-models\\src\\definition-set.js": {"path":"F:\\_Alpheios\\____service_workes\\_workspaces-core\\v1\\packages\\data-models\\src\\definition-set.js","statementMap":{"0":{"start":{"line":6,"column":4},"end":{"line":6,"column":30}},"1":{"start":{"line":7,"column":4},"end":{"line":7,"column":32}},"2":{"start":{"line":9,"column":4},"end":{"line":9,"column":23}},"3":{"start":{"line":10,"column":4},"end":{"line":10,"column":22}},"4":{"start":{"line":20,"column":23},"end":{"line":20,"column":73}},"5":{"start":{"line":22,"column":24},"end":{"line":22,"column":75}},"6":{"start":{"line":24,"column":4},"end":{"line":26,"column":5}},"7":{"start":{"line":25,"column":6},"end":{"line":25,"column":67}},"8":{"start":{"line":27,"column":4},"end":{"line":29,"column":5}},"9":{"start":{"line":28,"column":6},"end":{"line":28,"column":65}},"10":{"start":{"line":31,"column":4},"end":{"line":31,"column":24}},"11":{"start":{"line":40,"column":4},"end":{"line":40,"column":36}},"12":{"start":{"line":49,"column":4},"end":{"line":49,"column":35}},"13":{"start":{"line":58,"column":4},"end":{"line":58,"column":68}},"14":{"start":{"line":69,"column":4},"end":{"line":72,"column":5}},"15":{"start":{"line":70,"column":6},"end":{"line":70,"column":70}},"16":{"start":{"line":70,"column":41},"end":{"line":70,"column":68}},"17":{"start":{"line":71,"column":6},"end":{"line":71,"column":57}},"18":{"start":{"line":73,"column":4},"end":{"line":73,"column":25}},"19":{"start":{"line":80,"column":4},"end":{"line":80,"column":23}},"20":{"start":{"line":91,"column":4},"end":{"line":94,"column":5}},"21":{"start":{"line":92,"column":6},"end":{"line":92,"column":70}},"22":{"start":{"line":92,"column":41},"end":{"line":92,"column":68}},"23":{"start":{"line":93,"column":6},"end":{"line":93,"column":55}},"24":{"start":{"line":95,"column":4},"end":{"line":95,"column":24}},"25":{"start":{"line":102,"column":4},"end":{"line":102,"column":22}},"26":{"start":{"line":106,"column":25},"end":{"line":106,"column":67}},"27":{"start":{"line":107,"column":4},"end":{"line":112,"column":5}},"28":{"start":{"line":110,"column":43},"end":{"line":110,"column":68}},"29":{"start":{"line":111,"column":41},"end":{"line":111,"column":66}}},"fnMap":{"0":{"name":"(anonymous_0)","decl":{"start":{"line":5,"column":2},"end":{"line":5,"column":3}},"loc":{"start":{"line":5,"column":38},"end":{"line":11,"column":3}},"line":5},"1":{"name":"(anonymous_1)","decl":{"start":{"line":19,"column":2},"end":{"line":19,"column":3}},"loc":{"start":{"line":19,"column":33},"end":{"line":32,"column":3}},"line":19},"2":{"name":"(anonymous_2)","decl":{"start":{"line":39,"column":2},"end":{"line":39,"column":3}},"loc":{"start":{"line":39,"column":22},"end":{"line":41,"column":3}},"line":39},"3":{"name":"(anonymous_3)","decl":{"start":{"line":48,"column":2},"end":{"line":48,"column":3}},"loc":{"start":{"line":48,"column":21},"end":{"line":50,"column":3}},"line":48},"4":{"name":"(anonymous_4)","decl":{"start":{"line":57,"column":2},"end":{"line":57,"column":3}},"loc":{"start":{"line":57,"column":13},"end":{"line":59,"column":3}},"line":57},"5":{"name":"(anonymous_5)","decl":{"start":{"line":67,"column":2},"end":{"line":67,"column":3}},"loc":{"start":{"line":67,"column":32},"end":{"line":74,"column":3}},"line":67},"6":{"name":"(anonymous_6)","decl":{"start":{"line":79,"column":2},"end":{"line":79,"column":3}},"loc":{"start":{"line":79,"column":20},"end":{"line":81,"column":3}},"line":79},"7":{"name":"(anonymous_7)","decl":{"start":{"line":89,"column":2},"end":{"line":89,"column":3}},"loc":{"start":{"line":89,"column":31},"end":{"line":96,"column":3}},"line":89},"8":{"name":"(anonymous_8)","decl":{"start":{"line":101,"column":2},"end":{"line":101,"column":3}},"loc":{"start":{"line":101,"column":19},"end":{"line":103,"column":3}},"line":101},"9":{"name":"(anonymous_9)","decl":{"start":{"line":105,"column":2},"end":{"line":105,"column":3}},"loc":{"start":{"line":105,"column":25},"end":{"line":113,"column":3}},"line":105},"10":{"name":"(anonymous_10)","decl":{"start":{"line":110,"column":36},"end":{"line":110,"column":37}},"loc":{"start":{"line":110,"column":43},"end":{"line":110,"column":68}},"line":110},"11":{"name":"(anonymous_11)","decl":{"start":{"line":111,"column":34},"end":{"line":111,"column":35}},"loc":{"start":{"line":111,"column":41},"end":{"line":111,"column":66}},"line":111}},"branchMap":{"0":{"loc":{"start":{"line":58,"column":11},"end":{"line":58,"column":68}},"type":"binary-expr","locations":[{"start":{"line":58,"column":11},"end":{"line":58,"column":38}},{"start":{"line":58,"column":42},"end":{"line":58,"column":68}}],"line":58},"1":{"loc":{"start":{"line":69,"column":4},"end":{"line":72,"column":5}},"type":"if","locations":[{"start":{"line":69,"column":4},"end":{"line":72,"column":5}},{"start":{},"end":{}}],"line":69},"2":{"loc":{"start":{"line":70,"column":6},"end":{"line":70,"column":70}},"type":"if","locations":[{"start":{"line":70,"column":6},"end":{"line":70,"column":70}},{"start":{},"end":{}}],"line":70},"3":{"loc":{"start":{"line":91,"column":4},"end":{"line":94,"column":5}},"type":"if","locations":[{"start":{"line":91,"column":4},"end":{"line":94,"column":5}},{"start":{},"end":{}}],"line":91},"4":{"loc":{"start":{"line":92,"column":6},"end":{"line":92,"column":70}},"type":"if","locations":[{"start":{"line":92,"column":6},"end":{"line":92,"column":70}},{"start":{},"end":{}}],"line":92}},"s":{"0":125,"1":125,"2":125,"3":125,"4":1,"5":1,"6":1,"7":1,"8":1,"9":0,"10":1,"11":0,"12":0,"13":9,"14":3,"15":3,"16":0,"17":3,"18":3,"19":1,"20":1,"21":1,"22":0,"23":1,"24":1,"25":1,"26":1,"27":1,"28":1,"29":0},"f":{"0":125,"1":1,"2":0,"3":0,"4":9,"5":3,"6":1,"7":1,"8":1,"9":1,"10":1,"11":0},"b":{"0":[9,6],"1":[3,0],"2":[0,3],"3":[1,0],"4":[0,1]},"_coverageSchema":"1a1c01bbd47fc00a2c39e90264f33305004495a9","hash":"ebf3f95c39ef4f5aa0909e46c052cff1a0026a35"}
,"F:\\_Alpheios\\____service_workes\\_workspaces-core\\v1\\packages\\data-models\\src\\definition.js": {"path":"F:\\_Alpheios\\____service_workes\\_workspaces-core\\v1\\packages\\data-models\\src\\definition.js","statementMap":{"0":{"start":{"line":6,"column":4},"end":{"line":6,"column":20}},"1":{"start":{"line":7,"column":4},"end":{"line":7,"column":28}},"2":{"start":{"line":8,"column":4},"end":{"line":8,"column":24}},"3":{"start":{"line":9,"column":4},"end":{"line":9,"column":30}},"4":{"start":{"line":11,"column":4},"end":{"line":11,"column":22}},"5":{"start":{"line":16,"column":21},"end":{"line":16,"column":114}},"6":{"start":{"line":18,"column":4},"end":{"line":20,"column":5}},"7":{"start":{"line":19,"column":6},"end":{"line":19,"column":35}},"8":{"start":{"line":22,"column":4},"end":{"line":27,"column":5}},"9":{"start":{"line":23,"column":23},"end":{"line":23,"column":71}},"10":{"start":{"line":24,"column":6},"end":{"line":24,"column":60}},"11":{"start":{"line":26,"column":6},"end":{"line":26,"column":23}},"12":{"start":{"line":32,"column":17},"end":{"line":38,"column":5}},"13":{"start":{"line":40,"column":4},"end":{"line":42,"column":5}},"14":{"start":{"line":41,"column":6},"end":{"line":41,"column":59}},"15":{"start":{"line":43,"column":4},"end":{"line":43,"column":17}}},"fnMap":{"0":{"name":"(anonymous_0)","decl":{"start":{"line":5,"column":2},"end":{"line":5,"column":3}},"loc":{"start":{"line":5,"column":50},"end":{"line":12,"column":3}},"line":5},"1":{"name":"(anonymous_1)","decl":{"start":{"line":14,"column":2},"end":{"line":14,"column":3}},"loc":{"start":{"line":14,"column":33},"end":{"line":28,"column":3}},"line":14},"2":{"name":"(anonymous_2)","decl":{"start":{"line":30,"column":2},"end":{"line":30,"column":3}},"loc":{"start":{"line":30,"column":25},"end":{"line":44,"column":3}},"line":30}},"branchMap":{"0":{"loc":{"start":{"line":18,"column":4},"end":{"line":20,"column":5}},"type":"if","locations":[{"start":{"line":18,"column":4},"end":{"line":20,"column":5}},{"start":{},"end":{}}],"line":18},"1":{"loc":{"start":{"line":22,"column":4},"end":{"line":27,"column":5}},"type":"if","locations":[{"start":{"line":22,"column":4},"end":{"line":27,"column":5}},{"start":{"line":25,"column":11},"end":{"line":27,"column":5}}],"line":22},"2":{"loc":{"start":{"line":40,"column":4},"end":{"line":42,"column":5}},"type":"if","locations":[{"start":{"line":40,"column":4},"end":{"line":42,"column":5}},{"start":{},"end":{}}],"line":40}},"s":{"0":3,"1":3,"2":3,"3":3,"4":3,"5":2,"6":2,"7":2,"8":2,"9":2,"10":2,"11":0,"12":2,"13":2,"14":2,"15":2},"f":{"0":3,"1":2,"2":2},"b":{"0":[2,0],"1":[2,0],"2":[2,0]},"_coverageSchema":"1a1c01bbd47fc00a2c39e90264f33305004495a9","hash":"eaec06297e66041e4fbdb08d0b964ca0c1bc3891"}
,"F:\\_Alpheios\\____service_workes\\_workspaces-core\\v1\\packages\\data-models\\src\\driver.js": {"path":"F:\\_Alpheios\\____service_workes\\_workspaces-core\\v1\\packages\\data-models\\src\\driver.js","statementMap":{},"fnMap":{},"branchMap":{},"s":{},"f":{},"b":{}}
,"F:\\_Alpheios\\____service_workes\\_workspaces-core\\v1\\packages\\data-models\\src\\feature.js": {"path":"F:\\_Alpheios\\____service_workes\\_workspaces-core\\v1\\packages\\data-models\\src\\feature.js","statementMap":{"0":{"start":{"line":39,"column":4},"end":{"line":41,"column":5}},"1":{"start":{"line":40,"column":6},"end":{"line":40,"column":75}},"2":{"start":{"line":42,"column":4},"end":{"line":44,"column":5}},"3":{"start":{"line":43,"column":6},"end":{"line":43,"column":66}},"4":{"start":{"line":45,"column":4},"end":{"line":47,"column":5}},"5":{"start":{"line":46,"column":6},"end":{"line":46,"column":51}},"6":{"start":{"line":49,"column":4},"end":{"line":49,"column":20}},"7":{"start":{"line":50,"column":4},"end":{"line":50,"column":32}},"8":{"start":{"line":51,"column":4},"end":{"line":51,"column":30}},"9":{"start":{"line":52,"column":4},"end":{"line":52,"column":38}},"10":{"start":{"line":62,"column":4},"end":{"line":62,"column":50}},"11":{"start":{"line":63,"column":4},"end":{"line":63,"column":15}},"12":{"start":{"line":75,"column":4},"end":{"line":89,"column":5}},"13":{"start":{"line":77,"column":6},"end":{"line":77,"column":50}},"14":{"start":{"line":78,"column":11},"end":{"line":89,"column":5}},"15":{"start":{"line":85,"column":6},"end":{"line":85,"column":59}},"16":{"start":{"line":85,"column":38},"end":{"line":85,"column":58}},"17":{"start":{"line":88,"column":6},"end":{"line":88,"column":23}},"18":{"start":{"line":90,"column":4},"end":{"line":90,"column":92}},"19":{"start":{"line":90,"column":33},"end":{"line":90,"column":89}},"20":{"start":{"line":102,"column":4},"end":{"line":145,"column":5}},"21":{"start":{"line":149,"column":4},"end":{"line":149,"column":57}},"22":{"start":{"line":153,"column":4},"end":{"line":153,"column":12}},"23":{"start":{"line":157,"column":4},"end":{"line":157,"column":14}},"24":{"start":{"line":161,"column":4},"end":{"line":161,"column":20}},"25":{"start":{"line":173,"column":4},"end":{"line":173,"column":42}},"26":{"start":{"line":183,"column":4},"end":{"line":183,"column":119}},"27":{"start":{"line":183,"column":30},"end":{"line":183,"column":118}},"28":{"start":{"line":195,"column":4},"end":{"line":200,"column":5}},"29":{"start":{"line":196,"column":6},"end":{"line":196,"column":70}},"30":{"start":{"line":199,"column":6},"end":{"line":199,"column":15}},"31":{"start":{"line":204,"column":4},"end":{"line":204,"column":21}},"32":{"start":{"line":217,"column":4},"end":{"line":217,"column":59}},"33":{"start":{"line":230,"column":4},"end":{"line":230,"column":39}},"34":{"start":{"line":230,"column":33},"end":{"line":230,"column":39}},"35":{"start":{"line":231,"column":4},"end":{"line":231,"column":79}},"36":{"start":{"line":231,"column":31},"end":{"line":231,"column":79}},"37":{"start":{"line":232,"column":4},"end":{"line":232,"column":30}},"38":{"start":{"line":242,"column":4},"end":{"line":242,"column":39}},"39":{"start":{"line":242,"column":31},"end":{"line":242,"column":38}},"40":{"start":{"line":251,"column":4},"end":{"line":251,"column":57}},"41":{"start":{"line":251,"column":32},"end":{"line":251,"column":56}},"42":{"start":{"line":260,"column":4},"end":{"line":260,"column":28}},"43":{"start":{"line":264,"column":4},"end":{"line":264,"column":28}},"44":{"start":{"line":268,"column":4},"end":{"line":268,"column":28}},"45":{"start":{"line":272,"column":4},"end":{"line":272,"column":26}},"46":{"start":{"line":281,"column":4},"end":{"line":281,"column":21}},"47":{"start":{"line":291,"column":4},"end":{"line":291,"column":38}},"48":{"start":{"line":301,"column":20},"end":{"line":301,"column":24}},"49":{"start":{"line":302,"column":4},"end":{"line":304,"column":5}},"50":{"start":{"line":303,"column":6},"end":{"line":303,"column":51}},"51":{"start":{"line":305,"column":4},"end":{"line":305,"column":20}},"52":{"start":{"line":315,"column":20},"end":{"line":315,"column":25}},"53":{"start":{"line":316,"column":4},"end":{"line":318,"column":5}},"54":{"start":{"line":317,"column":6},"end":{"line":317,"column":51}},"55":{"start":{"line":319,"column":4},"end":{"line":319,"column":20}},"56":{"start":{"line":323,"column":4},"end":{"line":323,"column":42}},"57":{"start":{"line":334,"column":4},"end":{"line":337,"column":34}},"58":{"start":{"line":349,"column":4},"end":{"line":357,"column":5}},"59":{"start":{"line":350,"column":6},"end":{"line":353,"column":8}},"60":{"start":{"line":354,"column":6},"end":{"line":354,"column":17}},"61":{"start":{"line":356,"column":6},"end":{"line":356,"column":131}},"62":{"start":{"line":358,"column":4},"end":{"line":358,"column":15}},"63":{"start":{"line":369,"column":27},"end":{"line":369,"column":69}},"64":{"start":{"line":370,"column":19},"end":{"line":370,"column":51}},"65":{"start":{"line":370,"column":43},"end":{"line":370,"column":50}},"66":{"start":{"line":371,"column":4},"end":{"line":376,"column":5}},"67":{"start":{"line":372,"column":6},"end":{"line":372,"column":52}},"68":{"start":{"line":373,"column":6},"end":{"line":373,"column":17}},"69":{"start":{"line":375,"column":6},"end":{"line":375,"column":157}},"70":{"start":{"line":377,"column":4},"end":{"line":377,"column":15}},"71":{"start":{"line":387,"column":4},"end":{"line":387,"column":68}},"72":{"start":{"line":403,"column":4},"end":{"line":403,"column":108}},"73":{"start":{"line":415,"column":4},"end":{"line":415,"column":92}},"74":{"start":{"line":428,"column":4},"end":{"line":428,"column":98}},"75":{"start":{"line":428,"column":32},"end":{"line":428,"column":97}},"76":{"start":{"line":435,"column":19},"end":{"line":435,"column":71}},"77":{"start":{"line":435,"column":42},"end":{"line":435,"column":70}},"78":{"start":{"line":436,"column":4},"end":{"line":436,"column":102}},"79":{"start":{"line":446,"column":4},"end":{"line":448,"column":5}},"80":{"start":{"line":447,"column":6},"end":{"line":447,"column":32}},"81":{"start":{"line":449,"column":4},"end":{"line":449,"column":38}},"82":{"start":{"line":450,"column":4},"end":{"line":450,"column":19}},"83":{"start":{"line":454,"column":4},"end":{"line":456,"column":5}},"84":{"start":{"line":455,"column":6},"end":{"line":455,"column":58}},"85":{"start":{"line":457,"column":4},"end":{"line":457,"column":35}},"86":{"start":{"line":468,"column":4},"end":{"line":470,"column":5}},"87":{"start":{"line":469,"column":6},"end":{"line":469,"column":58}},"88":{"start":{"line":471,"column":21},"end":{"line":471,"column":45}},"89":{"start":{"line":472,"column":4},"end":{"line":472,"column":67}},"90":{"start":{"line":473,"column":4},"end":{"line":473,"column":116}},"91":{"start":{"line":473,"column":47},"end":{"line":473,"column":112}},"92":{"start":{"line":474,"column":4},"end":{"line":474,"column":15}},"93":{"start":{"line":475,"column":4},"end":{"line":475,"column":15}},"94":{"start":{"line":486,"column":4},"end":{"line":488,"column":5}},"95":{"start":{"line":487,"column":6},"end":{"line":487,"column":58}},"96":{"start":{"line":489,"column":21},"end":{"line":489,"column":45}},"97":{"start":{"line":490,"column":4},"end":{"line":492,"column":5}},"98":{"start":{"line":491,"column":6},"end":{"line":491,"column":33}},"99":{"start":{"line":493,"column":17},"end":{"line":493,"column":56}},"100":{"start":{"line":493,"column":39},"end":{"line":493,"column":55}},"101":{"start":{"line":498,"column":4},"end":{"line":498,"column":59}},"102":{"start":{"line":498,"column":40},"end":{"line":498,"column":54}},"103":{"start":{"line":499,"column":4},"end":{"line":499,"column":94}},"104":{"start":{"line":503,"column":17},"end":{"line":503,"column":81}},"105":{"start":{"line":503,"column":44},"end":{"line":503,"column":80}},"106":{"start":{"line":504,"column":4},"end":{"line":510,"column":5}},"107":{"start":{"line":514,"column":23},"end":{"line":514,"column":90}},"108":{"start":{"line":515,"column":4},"end":{"line":515,"column":116}},"109":{"start":{"line":519,"column":0},"end":{"line":521,"column":1}}},"fnMap":{"0":{"name":"(anonymous_0)","decl":{"start":{"line":38,"column":2},"end":{"line":38,"column":3}},"loc":{"start":{"line":38,"column":74},"end":{"line":64,"column":3}},"line":38},"1":{"name":"(anonymous_1)","decl":{"start":{"line":73,"column":2},"end":{"line":73,"column":3}},"loc":{"start":{"line":73,"column":36},"end":{"line":91,"column":3}},"line":73},"2":{"name":"(anonymous_2)","decl":{"start":{"line":85,"column":28},"end":{"line":85,"column":29}},"loc":{"start":{"line":85,"column":38},"end":{"line":85,"column":58}},"line":85},"3":{"name":"(anonymous_3)","decl":{"start":{"line":90,"column":26},"end":{"line":90,"column":27}},"loc":{"start":{"line":90,"column":31},"end":{"line":90,"column":91}},"line":90},"4":{"name":"(anonymous_4)","decl":{"start":{"line":97,"column":2},"end":{"line":97,"column":3}},"loc":{"start":{"line":97,"column":34},"end":{"line":99,"column":3}},"line":97},"5":{"name":"(anonymous_5)","decl":{"start":{"line":101,"column":2},"end":{"line":101,"column":3}},"loc":{"start":{"line":101,"column":22},"end":{"line":146,"column":3}},"line":101},"6":{"name":"(anonymous_6)","decl":{"start":{"line":148,"column":2},"end":{"line":148,"column":3}},"loc":{"start":{"line":148,"column":31},"end":{"line":150,"column":3}},"line":148},"7":{"name":"(anonymous_7)","decl":{"start":{"line":152,"column":2},"end":{"line":152,"column":3}},"loc":{"start":{"line":152,"column":33},"end":{"line":154,"column":3}},"line":152},"8":{"name":"(anonymous_8)","decl":{"start":{"line":156,"column":2},"end":{"line":156,"column":3}},"loc":{"start":{"line":156,"column":30},"end":{"line":158,"column":3}},"line":156},"9":{"name":"(anonymous_9)","decl":{"start":{"line":160,"column":2},"end":{"line":160,"column":3}},"loc":{"start":{"line":160,"column":36},"end":{"line":162,"column":3}},"line":160},"10":{"name":"(anonymous_10)","decl":{"start":{"line":169,"column":2},"end":{"line":169,"column":3}},"loc":{"start":{"line":169,"column":34},"end":{"line":174,"column":3}},"line":169},"11":{"name":"(anonymous_11)","decl":{"start":{"line":182,"column":2},"end":{"line":182,"column":3}},"loc":{"start":{"line":182,"column":10},"end":{"line":184,"column":3}},"line":182},"12":{"name":"(anonymous_12)","decl":{"start":{"line":183,"column":20},"end":{"line":183,"column":21}},"loc":{"start":{"line":183,"column":30},"end":{"line":183,"column":118}},"line":183},"13":{"name":"(anonymous_13)","decl":{"start":{"line":192,"column":2},"end":{"line":192,"column":3}},"loc":{"start":{"line":192,"column":27},"end":{"line":201,"column":3}},"line":192},"14":{"name":"(anonymous_14)","decl":{"start":{"line":203,"column":2},"end":{"line":203,"column":3}},"loc":{"start":{"line":203,"column":15},"end":{"line":205,"column":3}},"line":203},"15":{"name":"(anonymous_15)","decl":{"start":{"line":216,"column":2},"end":{"line":216,"column":3}},"loc":{"start":{"line":216,"column":15},"end":{"line":218,"column":3}},"line":216},"16":{"name":"(anonymous_16)","decl":{"start":{"line":229,"column":2},"end":{"line":229,"column":3}},"loc":{"start":{"line":229,"column":21},"end":{"line":233,"column":3}},"line":229},"17":{"name":"(anonymous_17)","decl":{"start":{"line":241,"column":2},"end":{"line":241,"column":3}},"loc":{"start":{"line":241,"column":16},"end":{"line":243,"column":3}},"line":241},"18":{"name":"(anonymous_18)","decl":{"start":{"line":242,"column":26},"end":{"line":242,"column":27}},"loc":{"start":{"line":242,"column":31},"end":{"line":242,"column":38}},"line":242},"19":{"name":"(anonymous_19)","decl":{"start":{"line":250,"column":2},"end":{"line":250,"column":3}},"loc":{"start":{"line":250,"column":26},"end":{"line":252,"column":3}},"line":250},"20":{"name":"(anonymous_20)","decl":{"start":{"line":251,"column":27},"end":{"line":251,"column":28}},"loc":{"start":{"line":251,"column":32},"end":{"line":251,"column":56}},"line":251},"21":{"name":"(anonymous_21)","decl":{"start":{"line":259,"column":2},"end":{"line":259,"column":3}},"loc":{"start":{"line":259,"column":16},"end":{"line":261,"column":3}},"line":259},"22":{"name":"(anonymous_22)","decl":{"start":{"line":263,"column":2},"end":{"line":263,"column":3}},"loc":{"start":{"line":263,"column":17},"end":{"line":265,"column":3}},"line":263},"23":{"name":"(anonymous_23)","decl":{"start":{"line":267,"column":2},"end":{"line":267,"column":3}},"loc":{"start":{"line":267,"column":18},"end":{"line":269,"column":3}},"line":267},"24":{"name":"(anonymous_24)","decl":{"start":{"line":271,"column":2},"end":{"line":271,"column":3}},"loc":{"start":{"line":271,"column":20},"end":{"line":273,"column":3}},"line":271},"25":{"name":"(anonymous_25)","decl":{"start":{"line":280,"column":2},"end":{"line":280,"column":3}},"loc":{"start":{"line":280,"column":14},"end":{"line":282,"column":3}},"line":280},"26":{"name":"(anonymous_26)","decl":{"start":{"line":290,"column":2},"end":{"line":290,"column":3}},"loc":{"start":{"line":290,"column":19},"end":{"line":292,"column":3}},"line":290},"27":{"name":"(anonymous_27)","decl":{"start":{"line":300,"column":2},"end":{"line":300,"column":3}},"loc":{"start":{"line":300,"column":21},"end":{"line":306,"column":3}},"line":300},"28":{"name":"(anonymous_28)","decl":{"start":{"line":314,"column":2},"end":{"line":314,"column":3}},"loc":{"start":{"line":314,"column":25},"end":{"line":320,"column":3}},"line":314},"29":{"name":"(anonymous_29)","decl":{"start":{"line":322,"column":2},"end":{"line":322,"column":3}},"loc":{"start":{"line":322,"column":28},"end":{"line":324,"column":3}},"line":322},"30":{"name":"(anonymous_30)","decl":{"start":{"line":333,"column":2},"end":{"line":333,"column":3}},"loc":{"start":{"line":333,"column":20},"end":{"line":338,"column":3}},"line":333},"31":{"name":"(anonymous_31)","decl":{"start":{"line":348,"column":2},"end":{"line":348,"column":3}},"loc":{"start":{"line":348,"column":66},"end":{"line":359,"column":3}},"line":348},"32":{"name":"(anonymous_32)","decl":{"start":{"line":368,"column":2},"end":{"line":368,"column":3}},"loc":{"start":{"line":368,"column":19},"end":{"line":378,"column":3}},"line":368},"33":{"name":"(anonymous_33)","decl":{"start":{"line":370,"column":38},"end":{"line":370,"column":39}},"loc":{"start":{"line":370,"column":43},"end":{"line":370,"column":50}},"line":370},"34":{"name":"(anonymous_34)","decl":{"start":{"line":385,"column":2},"end":{"line":385,"column":3}},"loc":{"start":{"line":385,"column":22},"end":{"line":388,"column":3}},"line":385},"35":{"name":"(anonymous_35)","decl":{"start":{"line":401,"column":2},"end":{"line":401,"column":3}},"loc":{"start":{"line":401,"column":71},"end":{"line":404,"column":3}},"line":401},"36":{"name":"(anonymous_36)","decl":{"start":{"line":414,"column":2},"end":{"line":414,"column":3}},"loc":{"start":{"line":414,"column":24},"end":{"line":416,"column":3}},"line":414},"37":{"name":"(anonymous_37)","decl":{"start":{"line":427,"column":2},"end":{"line":427,"column":3}},"loc":{"start":{"line":427,"column":21},"end":{"line":429,"column":3}},"line":427},"38":{"name":"(anonymous_38)","decl":{"start":{"line":428,"column":27},"end":{"line":428,"column":28}},"loc":{"start":{"line":428,"column":32},"end":{"line":428,"column":97}},"line":428},"39":{"name":"(anonymous_39)","decl":{"start":{"line":434,"column":2},"end":{"line":434,"column":3}},"loc":{"start":{"line":434,"column":13},"end":{"line":437,"column":3}},"line":434},"40":{"name":"(anonymous_40)","decl":{"start":{"line":435,"column":34},"end":{"line":435,"column":35}},"loc":{"start":{"line":435,"column":42},"end":{"line":435,"column":70}},"line":435},"41":{"name":"(anonymous_41)","decl":{"start":{"line":445,"column":2},"end":{"line":445,"column":3}},"loc":{"start":{"line":445,"column":94},"end":{"line":451,"column":3}},"line":445},"42":{"name":"(anonymous_42)","decl":{"start":{"line":453,"column":2},"end":{"line":453,"column":3}},"loc":{"start":{"line":453,"column":60},"end":{"line":458,"column":3}},"line":453},"43":{"name":"(anonymous_43)","decl":{"start":{"line":467,"column":2},"end":{"line":467,"column":3}},"loc":{"start":{"line":467,"column":77},"end":{"line":476,"column":3}},"line":467},"44":{"name":"(anonymous_44)","decl":{"start":{"line":473,"column":39},"end":{"line":473,"column":40}},"loc":{"start":{"line":473,"column":45},"end":{"line":473,"column":114}},"line":473},"45":{"name":"(anonymous_45)","decl":{"start":{"line":485,"column":2},"end":{"line":485,"column":3}},"loc":{"start":{"line":485,"column":80},"end":{"line":500,"column":3}},"line":485},"46":{"name":"(anonymous_46)","decl":{"start":{"line":493,"column":33},"end":{"line":493,"column":34}},"loc":{"start":{"line":493,"column":39},"end":{"line":493,"column":55}},"line":493},"47":{"name":"(anonymous_47)","decl":{"start":{"line":498,"column":27},"end":{"line":498,"column":28}},"loc":{"start":{"line":498,"column":40},"end":{"line":498,"column":54}},"line":498},"48":{"name":"(anonymous_48)","decl":{"start":{"line":502,"column":2},"end":{"line":502,"column":3}},"loc":{"start":{"line":502,"column":25},"end":{"line":511,"column":3}},"line":502},"49":{"name":"(anonymous_49)","decl":{"start":{"line":503,"column":32},"end":{"line":503,"column":33}},"loc":{"start":{"line":503,"column":44},"end":{"line":503,"column":80}},"line":503},"50":{"name":"(anonymous_50)","decl":{"start":{"line":513,"column":2},"end":{"line":513,"column":3}},"loc":{"start":{"line":513,"column":33},"end":{"line":516,"column":3}},"line":513}},"branchMap":{"0":{"loc":{"start":{"line":38,"column":39},"end":{"line":38,"column":52}},"type":"default-arg","locations":[{"start":{"line":38,"column":51},"end":{"line":38,"column":52}}],"line":38},"1":{"loc":{"start":{"line":38,"column":54},"end":{"line":38,"column":72}},"type":"default-arg","locations":[{"start":{"line":38,"column":70},"end":{"line":38,"column":72}}],"line":38},"2":{"loc":{"start":{"line":39,"column":4},"end":{"line":41,"column":5}},"type":"if","locations":[{"start":{"line":39,"column":4},"end":{"line":41,"column":5}},{"start":{},"end":{}}],"line":39},"3":{"loc":{"start":{"line":42,"column":4},"end":{"line":44,"column":5}},"type":"if","locations":[{"start":{"line":42,"column":4},"end":{"line":44,"column":5}},{"start":{},"end":{}}],"line":42},"4":{"loc":{"start":{"line":45,"column":4},"end":{"line":47,"column":5}},"type":"if","locations":[{"start":{"line":45,"column":4},"end":{"line":47,"column":5}},{"start":{},"end":{}}],"line":45},"5":{"loc":{"start":{"line":75,"column":4},"end":{"line":89,"column":5}},"type":"if","locations":[{"start":{"line":75,"column":4},"end":{"line":89,"column":5}},{"start":{"line":78,"column":11},"end":{"line":89,"column":5}}],"line":75},"6":{"loc":{"start":{"line":78,"column":11},"end":{"line":89,"column":5}},"type":"if","locations":[{"start":{"line":78,"column":11},"end":{"line":89,"column":5}},{"start":{"line":86,"column":11},"end":{"line":89,"column":5}}],"line":78},"7":{"loc":{"start":{"line":183,"column":30},"end":{"line":183,"column":118}},"type":"cond-expr","locations":[{"start":{"line":183,"column":60},"end":{"line":183,"column":85}},{"start":{"line":183,"column":88},"end":{"line":183,"column":118}}],"line":183},"8":{"loc":{"start":{"line":195,"column":4},"end":{"line":200,"column":5}},"type":"if","locations":[{"start":{"line":195,"column":4},"end":{"line":200,"column":5}},{"start":{"line":197,"column":11},"end":{"line":200,"column":5}}],"line":195},"9":{"loc":{"start":{"line":230,"column":4},"end":{"line":230,"column":39}},"type":"if","locations":[{"start":{"line":230,"column":4},"end":{"line":230,"column":39}},{"start":{},"end":{}}],"line":230},"10":{"loc":{"start":{"line":231,"column":4},"end":{"line":231,"column":79}},"type":"if","locations":[{"start":{"line":231,"column":4},"end":{"line":231,"column":79}},{"start":{},"end":{}}],"line":231},"11":{"loc":{"start":{"line":303,"column":18},"end":{"line":303,"column":51}},"type":"binary-expr","locations":[{"start":{"line":303,"column":18},"end":{"line":303,"column":27}},{"start":{"line":303,"column":31},"end":{"line":303,"column":51}}],"line":303},"12":{"loc":{"start":{"line":317,"column":18},"end":{"line":317,"column":51}},"type":"binary-expr","locations":[{"start":{"line":317,"column":18},"end":{"line":317,"column":27}},{"start":{"line":317,"column":31},"end":{"line":317,"column":51}}],"line":317},"13":{"loc":{"start":{"line":334,"column":11},"end":{"line":337,"column":34}},"type":"binary-expr","locations":[{"start":{"line":334,"column":11},"end":{"line":334,"column":18}},{"start":{"line":335,"column":6},"end":{"line":335,"column":32}},{"start":{"line":336,"column":6},"end":{"line":336,"column":80}},{"start":{"line":337,"column":6},"end":{"line":337,"column":34}}],"line":334},"14":{"loc":{"start":{"line":348,"column":19},"end":{"line":348,"column":64}},"type":"default-arg","locations":[{"start":{"line":348,"column":31},"end":{"line":348,"column":64}}],"line":348},"15":{"loc":{"start":{"line":349,"column":4},"end":{"line":357,"column":5}},"type":"if","locations":[{"start":{"line":349,"column":4},"end":{"line":357,"column":5}},{"start":{"line":355,"column":11},"end":{"line":357,"column":5}}],"line":349},"16":{"loc":{"start":{"line":371,"column":4},"end":{"line":376,"column":5}},"type":"if","locations":[{"start":{"line":371,"column":4},"end":{"line":376,"column":5}},{"start":{"line":374,"column":11},"end":{"line":376,"column":5}}],"line":371},"17":{"loc":{"start":{"line":401,"column":24},"end":{"line":401,"column":69}},"type":"default-arg","locations":[{"start":{"line":401,"column":36},"end":{"line":401,"column":69}}],"line":401},"18":{"loc":{"start":{"line":445,"column":15},"end":{"line":445,"column":47}},"type":"default-arg","locations":[{"start":{"line":445,"column":26},"end":{"line":445,"column":47}}],"line":445},"19":{"loc":{"start":{"line":445,"column":49},"end":{"line":445,"column":92}},"type":"default-arg","locations":[{"start":{"line":445,"column":56},"end":{"line":445,"column":92}}],"line":445},"20":{"loc":{"start":{"line":446,"column":4},"end":{"line":448,"column":5}},"type":"if","locations":[{"start":{"line":446,"column":4},"end":{"line":448,"column":5}},{"start":{},"end":{}}],"line":446},"21":{"loc":{"start":{"line":453,"column":15},"end":{"line":453,"column":58}},"type":"default-arg","locations":[{"start":{"line":453,"column":22},"end":{"line":453,"column":58}}],"line":453},"22":{"loc":{"start":{"line":454,"column":4},"end":{"line":456,"column":5}},"type":"if","locations":[{"start":{"line":454,"column":4},"end":{"line":456,"column":5}},{"start":{},"end":{}}],"line":454},"23":{"loc":{"start":{"line":454,"column":8},"end":{"line":454,"column":52}},"type":"binary-expr","locations":[{"start":{"line":454,"column":8},"end":{"line":454,"column":23}},{"start":{"line":454,"column":27},"end":{"line":454,"column":52}}],"line":454},"24":{"loc":{"start":{"line":467,"column":32},"end":{"line":467,"column":75}},"type":"default-arg","locations":[{"start":{"line":467,"column":39},"end":{"line":467,"column":75}}],"line":467},"25":{"loc":{"start":{"line":468,"column":4},"end":{"line":470,"column":5}},"type":"if","locations":[{"start":{"line":468,"column":4},"end":{"line":470,"column":5}},{"start":{},"end":{}}],"line":468},"26":{"loc":{"start":{"line":468,"column":8},"end":{"line":468,"column":52}},"type":"binary-expr","locations":[{"start":{"line":468,"column":8},"end":{"line":468,"column":23}},{"start":{"line":468,"column":27},"end":{"line":468,"column":52}}],"line":468},"27":{"loc":{"start":{"line":485,"column":35},"end":{"line":485,"column":78}},"type":"default-arg","locations":[{"start":{"line":485,"column":42},"end":{"line":485,"column":78}}],"line":485},"28":{"loc":{"start":{"line":486,"column":4},"end":{"line":488,"column":5}},"type":"if","locations":[{"start":{"line":486,"column":4},"end":{"line":488,"column":5}},{"start":{},"end":{}}],"line":486},"29":{"loc":{"start":{"line":486,"column":8},"end":{"line":486,"column":52}},"type":"binary-expr","locations":[{"start":{"line":486,"column":8},"end":{"line":486,"column":23}},{"start":{"line":486,"column":27},"end":{"line":486,"column":52}}],"line":486},"30":{"loc":{"start":{"line":490,"column":4},"end":{"line":492,"column":5}},"type":"if","locations":[{"start":{"line":490,"column":4},"end":{"line":492,"column":5}},{"start":{},"end":{}}],"line":490}},"s":{"0":416,"1":1,"2":415,"3":1,"4":414,"5":1,"6":413,"7":413,"8":413,"9":413,"10":413,"11":413,"12":421,"13":238,"14":183,"15":131,"16":261,"17":52,"18":421,"19":560,"20":4452,"21":418,"22":246,"23":476,"24":10,"25":2,"26":417,"27":227,"28":20,"29":19,"30":1,"31":4,"32":473,"33":4,"34":1,"35":3,"36":1,"37":2,"38":753,"39":795,"40":1,"41":1,"42":4,"43":1,"44":1,"45":1,"46":1,"47":15,"48":2,"49":2,"50":4,"51":2,"52":4,"53":4,"54":8,"55":4,"56":2,"57":14,"58":3,"59":2,"60":2,"61":1,"62":3,"63":2,"64":2,"65":4,"66":2,"67":1,"68":1,"69":1,"70":2,"71":1,"72":6,"73":1,"74":0,"75":0,"76":1,"77":1,"78":1,"79":8,"80":3,"81":8,"82":8,"83":3,"84":1,"85":2,"86":4,"87":2,"88":2,"89":2,"90":2,"91":2,"92":1,"93":1,"94":5,"95":2,"96":3,"97":3,"98":1,"99":3,"100":4,"101":2,"102":3,"103":2,"104":3,"105":3,"106":3,"107":3,"108":3,"109":24},"f":{"0":416,"1":421,"2":261,"3":560,"4":0,"5":4452,"6":418,"7":246,"8":476,"9":10,"10":2,"11":417,"12":227,"13":20,"14":4,"15":473,"16":4,"17":753,"18":795,"19":1,"20":1,"21":4,"22":1,"23":1,"24":1,"25":1,"26":15,"27":2,"28":4,"29":2,"30":14,"31":3,"32":2,"33":4,"34":1,"35":6,"36":1,"37":0,"38":0,"39":1,"40":1,"41":8,"42":3,"43":4,"44":2,"45":5,"46":4,"47":3,"48":3,"49":3,"50":3},"b":{"0":[276],"1":[288],"2":[1,415],"3":[1,414],"4":[1,413],"5":[238,183],"6":[131,52],"7":[223,4],"8":[19,1],"9":[1,3],"10":[1,2],"11":[4,4],"12":[8,6],"13":[14,13,12,11],"14":[1],"15":[2,1],"16":[1,1],"17":[6],"18":[5],"19":[4],"20":[3,5],"21":[1],"22":[1,2],"23":[3,3],"24":[1],"25":[2,2],"26":[4,3],"27":[1],"28":[2,3],"29":[5,4],"30":[1,2]},"_coverageSchema":"1a1c01bbd47fc00a2c39e90264f33305004495a9","hash":"0a1b8a93e8b3389ca89b9a81eb7c5ebb50d288af"}
,"F:\\_Alpheios\\____service_workes\\_workspaces-core\\v1\\packages\\data-models\\src\\feature_importer.js": {"path":"F:\\_Alpheios\\____service_workes\\_workspaces-core\\v1\\packages\\data-models\\src\\feature_importer.js","statementMap":{"0":{"start":{"line":10,"column":4},"end":{"line":10,"column":18}},"1":{"start":{"line":11,"column":4},"end":{"line":13,"column":5}},"2":{"start":{"line":12,"column":6},"end":{"line":12,"column":28}},"3":{"start":{"line":14,"column":4},"end":{"line":14,"column":38}},"4":{"start":{"line":15,"column":4},"end":{"line":15,"column":15}},"5":{"start":{"line":26,"column":4},"end":{"line":28,"column":5}},"6":{"start":{"line":27,"column":6},"end":{"line":27,"column":60}},"7":{"start":{"line":30,"column":4},"end":{"line":32,"column":5}},"8":{"start":{"line":31,"column":6},"end":{"line":31,"column":59}},"9":{"start":{"line":34,"column":4},"end":{"line":34,"column":43}},"10":{"start":{"line":35,"column":4},"end":{"line":35,"column":15}},"11":{"start":{"line":45,"column":4},"end":{"line":45,"column":50}},"12":{"start":{"line":55,"column":4},"end":{"line":61,"column":5}},"13":{"start":{"line":56,"column":6},"end":{"line":56,"column":35}},"14":{"start":{"line":57,"column":11},"end":{"line":61,"column":5}},"15":{"start":{"line":58,"column":6},"end":{"line":58,"column":24}},"16":{"start":{"line":60,"column":6},"end":{"line":60,"column":84}}},"fnMap":{"0":{"name":"(anonymous_0)","decl":{"start":{"line":9,"column":2},"end":{"line":9,"column":3}},"loc":{"start":{"line":9,"column":53},"end":{"line":16,"column":3}},"line":9},"1":{"name":"(anonymous_1)","decl":{"start":{"line":25,"column":2},"end":{"line":25,"column":3}},"loc":{"start":{"line":25,"column":36},"end":{"line":36,"column":3}},"line":25},"2":{"name":"(anonymous_2)","decl":{"start":{"line":44,"column":2},"end":{"line":44,"column":3}},"loc":{"start":{"line":44,"column":22},"end":{"line":46,"column":3}},"line":44},"3":{"name":"(anonymous_3)","decl":{"start":{"line":54,"column":2},"end":{"line":54,"column":3}},"loc":{"start":{"line":54,"column":20},"end":{"line":62,"column":3}},"line":54}},"branchMap":{"0":{"loc":{"start":{"line":9,"column":15},"end":{"line":9,"column":28}},"type":"default-arg","locations":[{"start":{"line":9,"column":26},"end":{"line":9,"column":28}}],"line":9},"1":{"loc":{"start":{"line":9,"column":30},"end":{"line":9,"column":51}},"type":"default-arg","locations":[{"start":{"line":9,"column":46},"end":{"line":9,"column":51}}],"line":9},"2":{"loc":{"start":{"line":26,"column":4},"end":{"line":28,"column":5}},"type":"if","locations":[{"start":{"line":26,"column":4},"end":{"line":28,"column":5}},{"start":{},"end":{}}],"line":26},"3":{"loc":{"start":{"line":30,"column":4},"end":{"line":32,"column":5}},"type":"if","locations":[{"start":{"line":30,"column":4},"end":{"line":32,"column":5}},{"start":{},"end":{}}],"line":30},"4":{"loc":{"start":{"line":55,"column":4},"end":{"line":61,"column":5}},"type":"if","locations":[{"start":{"line":55,"column":4},"end":{"line":61,"column":5}},{"start":{"line":57,"column":11},"end":{"line":61,"column":5}}],"line":55},"5":{"loc":{"start":{"line":57,"column":11},"end":{"line":61,"column":5}},"type":"if","locations":[{"start":{"line":57,"column":11},"end":{"line":61,"column":5}},{"start":{"line":59,"column":11},"end":{"line":61,"column":5}}],"line":57}},"s":{"0":18,"1":18,"2":4,"3":18,"4":18,"5":14,"6":0,"7":14,"8":1,"9":13,"10":13,"11":9,"12":8,"13":5,"14":3,"15":0,"16":3},"f":{"0":18,"1":14,"2":9,"3":8},"b":{"0":[15],"1":[18],"2":[0,14],"3":[1,13],"4":[5,3],"5":[0,3]},"_coverageSchema":"1a1c01bbd47fc00a2c39e90264f33305004495a9","hash":"00304f03f51152d45581f84f03399dc4c6349496"}
,"F:\\_Alpheios\\____service_workes\\_workspaces-core\\v1\\packages\\data-models\\src\\feature_list.js": {"path":"F:\\_Alpheios\\____service_workes\\_workspaces-core\\v1\\packages\\data-models\\src\\feature_list.js","statementMap":{"0":{"start":{"line":12,"column":4},"end":{"line":12,"column":23}},"1":{"start":{"line":13,"column":4},"end":{"line":13,"column":20}},"2":{"start":{"line":14,"column":4},"end":{"line":14,"column":22}},"3":{"start":{"line":18,"column":4},"end":{"line":20,"column":5}},"4":{"start":{"line":19,"column":6},"end":{"line":19,"column":76}},"5":{"start":{"line":22,"column":4},"end":{"line":25,"column":5}},"6":{"start":{"line":23,"column":6},"end":{"line":23,"column":34}},"7":{"start":{"line":24,"column":6},"end":{"line":24,"column":41}},"8":{"start":{"line":34,"column":4},"end":{"line":34,"column":25}},"9":{"start":{"line":38,"column":4},"end":{"line":38,"column":36}},"10":{"start":{"line":48,"column":4},"end":{"line":50,"column":5}},"11":{"start":{"line":49,"column":6},"end":{"line":49,"column":30}},"12":{"start":{"line":60,"column":4},"end":{"line":60,"column":43}}},"fnMap":{"0":{"name":"(anonymous_0)","decl":{"start":{"line":11,"column":2},"end":{"line":11,"column":3}},"loc":{"start":{"line":11,"column":30},"end":{"line":15,"column":3}},"line":11},"1":{"name":"(anonymous_1)","decl":{"start":{"line":17,"column":2},"end":{"line":17,"column":3}},"loc":{"start":{"line":17,"column":17},"end":{"line":26,"column":3}},"line":17},"2":{"name":"(anonymous_2)","decl":{"start":{"line":33,"column":2},"end":{"line":33,"column":3}},"loc":{"start":{"line":33,"column":15},"end":{"line":35,"column":3}},"line":33},"3":{"name":"(anonymous_3)","decl":{"start":{"line":37,"column":2},"end":{"line":37,"column":3}},"loc":{"start":{"line":37,"column":21},"end":{"line":39,"column":3}},"line":37},"4":{"name":"(anonymous_4)","decl":{"start":{"line":47,"column":2},"end":{"line":47,"column":3}},"loc":{"start":{"line":47,"column":16},"end":{"line":51,"column":3}},"line":47},"5":{"name":"(anonymous_5)","decl":{"start":{"line":59,"column":2},"end":{"line":59,"column":3}},"loc":{"start":{"line":59,"column":17},"end":{"line":61,"column":3}},"line":59}},"branchMap":{"0":{"loc":{"start":{"line":11,"column":15},"end":{"line":11,"column":28}},"type":"default-arg","locations":[{"start":{"line":11,"column":26},"end":{"line":11,"column":28}}],"line":
[...]
,"F:\\_Alpheios\\____service_workes\\_workspaces-core\\v1\\packages\\data-models\\src\\texts\\author.js": {"path":"F:\\_Alpheios\\____service_workes\\_workspaces-core\\v1\\packages\\data-models\\src\\texts\\author.js","statementMap":{"0":{"start":{"line":11,"column":4},"end":{"line":11,"column":18}},"1":{"start":{"line":12,"column":4},"end":{"line":12,"column":24}},"2":{"start":{"line":13,"column":4},"end":{"line":13,"column":38}},"3":{"start":{"line":22,"column":4},"end":{"line":22,"column":16}},"4":{"start":{"line":32,"column":4},"end":{"line":38,"column":5}},"5":{"start":{"line":33,"column":6},"end":{"line":33,"column":30}},"6":{"start":{"line":34,"column":11},"end":{"line":38,"column":5}},"7":{"start":{"line":35,"column":6},"end":{"line":35,"column":44}},"8":{"start":{"line":36,"column":11},"end":{"line":38,"column":5}},"9":{"start":{"line":37,"column":6},"end":{"line":37,"column":42}},"10":{"start":{"line":39,"column":4},"end":{"line":39,"column":15}},"11":{"start":{"line":49,"column":4},"end":{"line":55,"column":5}},"12":{"start":{"line":50,"column":6},"end":{"line":50,"column":37}},"13":{"start":{"line":51,"column":11},"end":{"line":55,"column":5}},"14":{"start":{"line":52,"column":6},"end":{"line":52,"column":51}},"15":{"start":{"line":53,"column":11},"end":{"line":55,"column":5}},"16":{"start":{"line":54,"column":6},"end":{"line":54,"column":49}},"17":{"start":{"line":56,"column":4},"end":{"line":56,"column":15}}},"fnMap":{"0":{"name":"(anonymous_0)","decl":{"start":{"line":10,"column":2},"end":{"line":10,"column":3}},"loc":{"start":{"line":10,"column":43},"end":{"line":14,"column":3}},"line":10},"1":{"name":"(anonymous_1)","decl":{"start":{"line":21,"column":2},"end":{"line":21,"column":3}},"loc":{"start":{"line":21,"column":28},"end":{"line":23,"column":3}},"line":21},"2":{"name":"(anonymous_2)","decl":{"start":{"line":31,"column":2},"end":{"line":31,"column":3}},"loc":{"start":{"line":31,"column":15},"end":{"line":40,"column":3}},"line":31},"3":{"name":"(anonymous_3)","decl":{"start":{"line":48,"column":2},"end":{"line":48,"column":3}},"loc":{"start":{"line":48,"column":22},"end":{"line":57,"column":3}},"line":48}},"branchMap":{"0":{"loc":{"start":{"line":32,"column":4},"end":{"line":38,"column":5}},"type":"if","locations":[{"start":{"line":32,"column":4},"end":{"line":38,"column":5}},{"start":{"line":34,"column":11},"end":{"line":38,"column":5}}],"line":32},"1":{"loc":{"start":{"line":34,"column":11},"end":{"line":38,"column":5}},"type":"if","locations":[{"start":{"line":34,"column":11},"end":{"line":38,"column":5}},{"start":{"line":36,"column":11},"end":{"line":38,"column":5}}],"line":34},"2":{"loc":{"start":{"line":36,"column":11},"end":{"line":38,"column":5}},"type":"if","locations":[{"start":{"line":36,"column":11},"end":{"line":38,"column":5}},{"start":{},"end":{}}],"line":36},"3":{"loc":{"start":{"line":49,"column":4},"end":{"line":55,"column":5}},"type":"if","locations":[{"start":{"line":49,"column":4},"end":{"line":55,"column":5}},{"start":{"line":51,"column":11},"end":{"line":55,"column":5}}],"line":49},"4":{"loc":{"start":{"line":51,"column":11},"end":{"line":55,"column":5}},"type":"if","locations":[{"start":{"line":51,"column":11},"end":{"line":55,"column":5}},{"start":{"line":53,"column":11},"end":{"line":55,"column":5}}],"line":51},"5":{"loc":{"start":{"line":53,"column":11},"end":{"line":55,"column":5}},"type":"if","locations":[{"start":{"line":53,"column":11},"end":{"line":55,"column":5}},{"start":{},"end":{}}],"line":53}},"s":{"0":10,"1":10,"2":10,"3":19,"4":12,"5":3,"6":9,"7":8,"8":1,"9":1,"10":0,"11":3,"12":2,"13":1,"14":0,"15":1,"16":1,"17":0},"f":{"0":10,"1":19,"2":12,"3":3},"b":{"0":[3,9],"1":[8,1],"2":[1,0],"3":[2,1],"4":[0,1],"5":[1,0]},"_coverageSchema":"1a1c01bbd47fc00a2c39e90264f33305004495a9","hash":"0576a21b705af044574d2e2a86f405b62a86daf7"}
,"F:\\_Alpheios\\____service_workes\\_workspaces-core\\v1\\packages\\data-models\\src\\texts\\text-work.js": {"path":"F:\\_Alpheios\\____service_workes\\_workspaces-core\\v1\\packages\\data-models\\src\\texts\\text-work.js","statementMap":{"0":{"start":{"line":12,"column":4},"end":{"line":12,"column":18}},"1":{"start":{"line":13,"column":4},"end":{"line":13,"column":24}},"2":{"start":{"line":14,"column":4},"end":{"line":14,"column":24}},"3":{"start":{"line":15,"column":4},"end":{"line":15,"column":38}},"4":{"start":{"line":24,"column":4},"end":{"line":24,"column":16}},"5":{"start":{"line":33,"column":4},"end":{"line":33,"column":16}},"6":{"start":{"line":43,"column":4},"end":{"line":49,"column":5}},"7":{"start":{"line":44,"column":6},"end":{"line":44,"column":30}},"8":{"start":{"line":45,"column":11},"end":{"line":49,"column":5}},"9":{"start":{"line":46,"column":6},"end":{"line":46,"column":46}},"10":{"start":{"line":47,"column":11},"end":{"line":49,"column":5}},"11":{"start":{"line":48,"column":6},"end":{"line":48,"column":42}},"12":{"start":{"line":50,"column":4},"end":{"line":50,"column":15}},"13":{"start":{"line":60,"column":4},"end":{"line":66,"column":5}},"14":{"start":{"line":61,"column":6},"end":{"line":61,"column":37}},"15":{"start":{"line":62,"column":11},"end":{"line":66,"column":5}},"16":{"start":{"line":63,"column":6},"end":{"line":63,"column":53}},"17":{"start":{"line":64,"column":11},"end":{"line":66,"column":5}},"18":{"start":{"line":65,"column":6},"end":{"line":65,"column":49}},"19":{"start":{"line":67,"column":4},"end":{"line":67,"column":15}}},"fnMap":{"0":{"name":"(anonymous_0)","decl":{"start":{"line":11,"column":2},"end":{"line":11,"column":3}},"loc":{"start":{"line":11,"column":51},"end":{"line":16,"column":3}},"line":11},"1":{"name":"(anonymous_1)","decl":{"start":{"line":23,"column":2},"end":{"line":23,"column":3}},"loc":{"start":{"line":23,"column":28},"end":{"line":25,"column":3}},"line":23},"2":{"name":"(anonymous_2)","decl":{"start":{"line":32,"column":2},"end":{"line":32,"column":3}},"loc":{"start":{"line":32,"column":32},"end":{"line":34,"column":3}},"line":32},"3":{"name":"(anonymous_3)","decl":{"start":{"line":42,"column":2},"end":{"line":42,"column":3}},"loc":{"start":{"line":42,"column":15},"end":{"line":51,"column":3}},"line":42},"4":{"name":"(anonymous_4)","decl":{"start":{"line":59,"column":2},"end":{"line":59,"column":3}},"loc":{"start":{"line":59,"column":22},"end":{"line":68,"column":3}},"line":59}},"branchMap":{"0":{"loc":{"start":{"line":43,"column":4},"end":{"line":49,"column":5}},"type":"if","locations":[{"start":{"line":43,"column":4},"end":{"line":49,"column":5}},{"start":{"line":45,"column":11},"end":{"line":49,"column":5}}],"line":43},"1":{"loc":{"start":{"line":45,"column":11},"end":{"line":49,"column":5}},"type":"if","locations":[{"start":{"line":45,"column":11},"end":{"line":49,"column":5}},{"start":{"line":47,"column":11},"end":{"line":49,"column":5}}],"line":45},"2":{"loc":{"start":{"line":47,"column":11},"end":{"line":49,"column":5}},"type":"if","locations":[{"start":{"line":47,"column":11},"end":{"line":49,"column":5}},{"start":{},"end":{}}],"line":47},"3":{"loc":{"start":{"line":60,"column":4},"end":{"line":66,"column":5}},"type":"if","locations":[{"start":{"line":60,"column":4},"end":{"line":66,"column":5}},{"start":{"line":62,"column":11},"end":{"line":66,"column":5}}],"line":60},"4":{"loc":{"start":{"line":62,"column":11},"end":{"line":66,"column":5}},"type":"if","locations":[{"start":{"line":62,"column":11},"end":{"line":66,"column":5}},{"start":{"line":64,"column":11},"end":{"line":66,"column":5}}],"line":62},"5":{"loc":{"start":{"line":64,"column":11},"end":{"line":66,"column":5}},"type":"if","locations":[{"start":{"line":64,"column":11},"end":{"line":66,"column":5}},{"start":{},"end":{}}],"line":64}},"s":{"0":8,"1":8,"2":8,"3":8,"4":11,"5":0,"6":9,"7":4,"8":5,"9":4,"10":1,"11":1,"12":0,"13":3,"14":2,"15":1,"16":0,"17":1,"18":1,"19":0},"f":{"0":8,"1":11,"2":0,"3":9,"4":3},"b":{"0":[4,5],"1":[4,1],"2":[1,0],"3":[2,1],"4":[0,1],"5":[1,0]},"_coverageSchema":"1a1c01bbd47fc00a2c39e90264f33305004495a9","hash":"8753e30431160c4faa3e9354eabdb4c0adfb66b1"}
,"F:\\_Alpheios\\____service_workes\\_workspaces-core\\v1\\packages\\data-models\\src\\texts\\word-usage-example.js": {"path":"F:\\_Alpheios\\____service_workes\\_workspaces-core\\v1\\packages\\data-models\\src\\texts\\word-usage-example.js","statementMap":{"0":{"start":{"line":6,"column":4},"end":{"line":6,"column":31}},"1":{"start":{"line":7,"column":4},"end":{"line":7,"column":24}},"2":{"start":{"line":8,"column":4},"end":{"line":8,"column":24}},"3":{"start":{"line":9,"column":4},"end":{"line":9,"column":24}},"4":{"start":{"line":10,"column":4},"end":{"line":10,"column":18}},"5":{"start":{"line":11,"column":4},"end":{"line":11,"column":22}},"6":{"start":{"line":12,"column":4},"end":{"line":12,"column":24}},"7":{"start":{"line":13,"column":4},"end":{"line":13,"column":23}},"8":{"start":{"line":17,"column":4},"end":{"line":17,"column":15}},"9":{"start":{"line":26,"column":4},"end":{"line":26,"column":131}},"10":{"start":{"line":36,"column":4},"end":{"line":38,"column":5}},"11":{"start":{"line":37,"column":6},"end":{"line":37,"column":21}},"12":{"start":{"line":39,"column":23},"end":{"line":39,"column":25}},"13":{"start":{"line":40,"column":4},"end":{"line":46,"column":5}},"14":{"start":{"line":41,"column":6},"end":{"line":41,"column":102}},"15":{"start":{"line":43,"column":6},"end":{"line":43,"column":64}},"16":{"start":{"line":44,"column":6},"end":{"line":44,"column":91}},"17":{"start":{"line":45,"column":6},"end":{"line":45,"column":63}},"18":{"start":{"line":48,"column":4},"end":{"line":48,"column":30}},"19":{"start":{"line":52,"column":4},"end":{"line":52,"column":49}},"20":{"start":{"line":56,"column":4},"end":{"line":56,"column":53}},"21":{"start":{"line":60,"column":4},"end":{"line":60,"column":23}},"22":{"start":{"line":64,"column":4},"end":{"line":68,"column":5}},"23":{"start":{"line":65,"column":6},"end":{"line":65,"column":50}},"24":{"start":{"line":67,"column":6},"end":{"line":67,"column":45}},"25":{"start":{"line":72,"column":4},"end":{"line":76,"column":5}},"26":{"start":{"line":73,"column":6},"end":{"line":73,"column":52}},"27":{"start":{"line":75,"column":6},"end":{"line":75,"column":45}},"28":{"start":{"line":80,"column":18},"end":{"line":80,"column":82}},"29":{"start":{"line":81,"column":24},"end":{"line":81,"column":159}},"30":{"start":{"line":81,"column":143},"end":{"line":81,"column":158}},"31":{"start":{"line":82,"column":4},"end":{"line":82,"column":46}},"32":{"start":{"line":86,"column":18},"end":{"line":86,"column":82}},"33":{"start":{"line":87,"column":4},"end":{"line":87,"column":102}}},"fnMap":{"0":{"name":"(anonymous_0)","decl":{"start":{"line":5,"column":2},"end":{"line":5,"column":3}},"loc":{"start":{"line":5,"column":66},"end":{"line":14,"column":3}},"line":5},"1":{"name":"(anonymous_1)","decl":{"start":{"line":16,"column":2},"end":{"line":16,"column":3}},"loc":{"start":{"line":16,"column":19},"end":{"line":18,"column":3}},"line":16},"2":{"name":"(anonymous_2)","decl":{"start":{"line":25,"column":2},"end":{"line":25,"column":3}},"loc":{"start":{"line":25,"column":21},"end":{"line":27,"column":3}},"line":25},"3":{"name":"(anonymous_3)","decl":{"start":{"line":35,"column":2},"end":{"line":35,"column":3}},"loc":{"start":{"line":35,"column":17},"end":{"line":49,"column":3}},"line":35},"4":{"name":"(anonymous_4)","decl":{"start":{"line":51,"column":2},"end":{"line":51,"column":3}},"loc":{"start":{"line":51,"column":25},"end":{"line":53,"column":3}},"line":51},"5":{"name":"(anonymous_5)","decl":{"start":{"line":55,"column":2},"end":{"line":55,"column":3}},"loc":{"start":{"line":55,"column":27},"end":{"line":57,"column":3}},"line":55},"6":{"name":"(anonymous_6)","decl":{"start":{"line":59,"column":2},"end":{"line":59,"column":3}},"loc":{"start":{"line":59,"column":26},"end":{"line":61,"column":3}},"line":59},"7":{"name":"(anonymous_7)","decl":{"start":{"line":63,"column":2},"end":{"line":63,"column":3}},"loc":{"start":{"line":63,"column":23},"end":{"line":69,"column":3}},"line":63},"8":{"name":"(anonymous_8)","decl":{"start":{"line":71,"column":2},"end":{"line":71,"column":3}},"loc":{"start":{"line":71,"column":25},"end":{"line":77,"column":3}},"line":71},"9":{"name":"(anonymous_9)","decl":{"start":{"line":79,"column":2},"end":{"line":79,"column":3}},"loc":{"start":{"line":79,"column":23},"end":{"line":83,"column":3}},"line":79},"10":{"name":"(anonymous_10)","decl":{"start":{"line":81,"column":135},"end":{"line":81,"column":136}},"loc":{"start":{"line":81,"column":143},"end":{"line":81,"column":158}},"line":81},"11":{"name":"(anonymous_11)","decl":{"start":{"line":85,"column":2},"end":{"line":85,"column":3}},"loc":{"start":{"line":85,"column":23},"end":{"line":88,"column":3}},"line":85}},"branchMap":{"0":{"loc":{"start":{"line":36,"column":4},"end":{"line":38,"column":5}},"type":"if","locations":[{"start":{"line":36,"column":4},"end":{"line":38,"column":5}},{"start":{},"end":{}}],"line":36},"1":{"loc":{"start":{"line":36,"column":8},"end":{"line":36,"column":55}},"type":"binary-expr","locations":[{"start":{"line":36,"column":8},"end":{"line":36,"column":20}},{"start":{"line":36,"column":24},"end":{"line":36,"column":38}},{"start":{"line":36,"column":42},"end":{"line":36,"column":55}}],"line":36},"2":{"loc":{"start":{"line":40,"column":4},"end":{"line":46,"column":5}},"type":"if","locations":[{"start":{"line":40,"column":4},"end":{"line":46,"column":5}},{"start":{"line":42,"column":11},"end":{"line":46,"column":5}}],"line":40},"3":{"loc":{"start":{"line":43,"column":21},"end":{"line":43,"column":64}},"type":"cond-expr","locations":[{"start":{"line":43,"column":35},"end":{"line":43,"column":58}},{"start":{"line":43,"column":61},"end":{"line":43,"column":64}}],"line":43},"4":{"loc":{"start":{"line":44,"column":43},"end":{"line":44,"column":90}},"type":"cond-expr","locations":[{"start":{"line":44,"column":59},"end":{"line":44,"column":84}},{"start":{"line":44,"column":87},"end":{"line":44,"column":90}}],"line":44},"5":{"loc":{"start":{"line":52,"column":11},"end":{"line":52,"column":49}},"type":"cond-expr","locations":[{"start":{"line":52,"column":25},"end":{"line":52,"column":44}},{"start":{"line":52,"column":47},"end":{"line":52,"column":49}}],"line":52},"6":{"loc":{"start":{"line":56,"column":11},"end":{"line":56,"column":53}},"type":"cond-expr","locations":[{"start":{"line":56,"column":27},"end":{"line":56,"column":48}},{"start":{"line":56,"column":51},"end":{"line":56,"column":53}}],"line":56},"7":{"loc":{"start":{"line":64,"column":4},"end":{"line":68,"column":5}},"type":"if","locations":[{"start":{"line":64,"column":4},"end":{"line":68,"column":5}},{"start":{"line":66,"column":11},"end":{"line":68,"column":5}}],"line":64},"8":{"loc":{"start":{"line":72,"column":4},"end":{"line":76,"column":5}},"type":"if","locations":[{"start":{"line":72,"column":4},"end":{"line":76,"column":5}},{"start":{"line":74,"column":11},"end":{"line":76,"column":5}}],"line":72}},"s":{"0":10,"1":10,"2":10,"3":10,"4":10,"5":10,"6":10,"7":10,"8":0,"9":4,"10":10,"11":2,"12":8,"13":8,"14":6,"15":2,"16":2,"17":2,"18":8,"19":6,"20":6,"21":8,"22":2,"23":1,"24":1,"25":2,"26":1,"27":1,"28":1,"29":1,"30":4,"31":1,"32":1,"33":1},"f":{"0":10,"1":0,"2":4,"3":10,"4":6,"5":6,"6":8,"7":2,"8":2,"9":1,"10":4,"11":1},"b":{"0":[2,8],"1":[10,3,3],"2":[6,2],"3":[2,0],"4":[2,0],"5":[5,1],"6":[2,4],"7":[1,1],"8":[1,1]},"_coverageSchema":"1a1c01bbd47fc00a2c39e90264f33305004495a9","hash":"af6bbd6f194f7ec74e3bb21efcbd51035f6f6c93"}
,"F:\\_Alpheios\\____service_workes\\_workspaces-core\\v1\\packages\\data-models\\src\\w3c\\text-quote-selector.js": {"path":"F:\\_Alpheios\\____service_workes\\_workspaces-core\\v1\\packages\\data-models\\src\\w3c\\text-quote-selector.js","statementMap":{"0":{"start":{"line":8,"column":4},"end":{"line":8,"column":36}},"1":{"start":{"line":9,"column":4},"end":{"line":9,"column":40}},"2":{"start":{"line":10,"column":4},"end":{"line":10,"column":27}},"3":{"start":{"line":11,"column":4},"end":{"line":11,"column":28}},"4":{"start":{"line":12,"column":4},"end":{"line":12,"column":35}},"5":{"start":{"line":13,"column":4},"end":{"line":13,"column":24}},"6":{"start":{"line":14,"column":4},"end":{"line":14,"column":24}},"7":{"start":{"line":15,"column":4},"end":{"line":15,"column":24}},"8":{"start":{"line":16,"column":4},"end":{"line":16,"column":22}},"9":{"start":{"line":20,"column":25},"end":{"line":20,"column":92}},"10":{"start":{"line":21,"column":24},"end":{"line":21,"column":68}},"11":{"start":{"line":22,"column":24},"end":{"line":22,"column":68}},"12":{"start":{"line":24,"column":21},"end":{"line":24,"column":114}},"13":{"start":{"line":25,"column":4},"end":{"line":25,"column":19}},"14":{"start":{"line":30,"column":13},"end":{"line":30,"column":93}},"15":{"start":{"line":31,"column":4},"end":{"line":31,"column":49}},"16":{"start":{"line":32,"column":4},"end":{"line":32,"column":49}},"17":{"start":{"line":33,"column":4},"end":{"line":33,"column":35}},"18":{"start":{"line":34,"column":4},"end":{"line":34,"column":40}},"19":{"start":{"line":35,"column":4},"end":{"line":35,"column":13}},"20":{"start":{"line":39,"column":27},"end":{"line":39,"column":69}},"21":{"start":{"line":40,"column":4},"end":{"line":40,"column":46}},"22":{"start":{"line":42,"column":28},"end":{"line":42,"column":82}},"23":{"start":{"line":43,"column":4},"end":{"line":43,"column":48}},"24":{"start":{"line":45,"column":4},"end":{"line":48,"column":44}},"25":{"start":{"line":52,"column":4},"end":{"line":52,"column":32}}},"fnMap":{"0":{"name":"(anonymous_0)","decl":{"start":{"line":7,"column":2},"end":{"line":7,"column":3}},"loc":{"start":{"line":7,"column":90},"end":{"line":17,"column":3}},"line":7},"1":{"name":"(anonymous_1)","decl":{"start":{"line":19,"column":2},"end":{"line":19,"column":3}},"loc":{"start":{"line":19,"column":21},"end":{"line":26,"column":3}},"line":19},"2":{"name":"(anonymous_2)","decl":{"start":{"line":28,"column":2},"end":{"line":28,"column":3}},"loc":{"start":{"line":28,"column":33},"end":{"line":36,"column":3}},"line":28},"3":{"name":"(anonymous_3)","decl":{"start":{"line":38,"column":2},"end":{"line":38,"column":3}},"loc":{"start":{"line":38,"column":21},"end":{"line":49,"column":3}},"line":38},"4":{"name":"(anonymous_4)","decl":{"start":{"line":51,"column":2},"end":{"line":51,"column":3}},"loc":{"start":{"line":51,"column":28},"end":{"line":53,"column":3}},"line":51}},"branchMap":{"0":{"loc":{"start":{"line":7,"column":45},"end":{"line":7,"column":58}},"type":"default-arg","locations":[{"start":{"line":7,"column":54},"end":{"line":7,"column":58}}],"line":7},"1":{"loc":{"start":{"line":7,"column":60},"end":{"line":7,"column":73}},"type":"default-arg","locations":[{"start":{"line":7,"column":69},"end":{"line":7,"column":73}}],"line":7},"2":{"loc":{"start":{"line":7,"column":75},"end":{"line":7,"column":88}},"type":"default-arg","locations":[{"start":{"line":7,"column":84},"end":{"line":7,"column":88}}],"line":7},"3":{"loc":{"start":{"line":45,"column":11},"end":{"line":48,"column":44}},"type":"binary-expr","locations":[{"start":{"line":45,"column":11},"end":{"line":45,"column":38}},{"start":{"line":46,"column":6},"end":{"line":46,"column":37}},{"start":{"line":47,"column":6},"end":{"line":47,"column":49}},{"start":{"line":48,"column":6},"end":{"line":48,"column":44}}],"line":45}},"s":{"0":13,"1":13,"2":13,"3":13,"4":13,"5":13,"6":13,"7":13,"8":13,"9":0,"10":0,"11":0,"12":0,"13":0,"14":0,"15":0,"16":0,"17":0,"18":0,"19":0,"20":3,"21":3,"22":3,"23":3,"24":3,"25":0},"f":{"0":13,"1":0,"2":0,"3":3,"4":0},"b":{"0":[13],"1":[13],"2":[13],"3":[3,2,1,1]},"_coverageSchema":"1a1c01bbd47fc00a2c39e90264f33305004495a9","hash":"a1168b70a38254414b5e9ae7b008523aaffdde2a"}
}
