TN:
SF:src\arabic_language_model.js
FN:12,(anonymous_0)
FN:13,(anonymous_1)
FN:14,(anonymous_2)
FN:15,(anonymous_3)
FN:16,(anonymous_4)
FN:17,(anonymous_5)
FN:18,(anonymous_6)
FN:20,(anonymous_7)
FN:25,(anonymous_8)
FN:38,(anonymous_9)
FN:45,(anonymous_10)
FN:76,(anonymous_11)
FN:86,(anonymous_12)
FN:95,(anonymous_13)
FN:115,(anonymous_14)
FNF:15
FNH:7
FNDA:159,(anonymous_0)
FNDA:87,(anonymous_1)
FNDA:4,(anonymous_2)
FNDA:0,(anonymous_3)
FNDA:0,(anonymous_4)
FNDA:0,(anonymous_5)
FNDA:0,(anonymous_6)
FNDA:0,(anonymous_7)
FNDA:0,(anonymous_8)
FNDA:0,(anonymous_9)
FNDA:1,(anonymous_10)
FNDA:6,(anonymous_11)
FNDA:0,(anonymous_12)
FNDA:3,(anonymous_13)
FNDA:9,(anonymous_14)
DA:5,24
DA:6,24
DA:12,159
DA:13,87
DA:14,4
DA:15,0
DA:16,0
DA:17,0
DA:18,0
DA:21,0
DA:22,0
DA:26,0
DA:27,0
DA:29,0
DA:39,0
DA:50,1
DA:52,1
DA:54,1
DA:56,1
DA:58,1
DA:60,1
DA:61,1
DA:69,1
DA:70,1
DA:71,0
DA:73,1
DA:75,1
DA:76,6
DA:78,1
DA:87,0
DA:98,3
DA:100,3
DA:101,3
DA:102,12
DA:103,3
DA:104,9
DA:105,3
DA:106,6
DA:107,3
DA:110,3
DA:111,3
DA:114,3
DA:115,9
DA:116,9
DA:119,6
DA:125,3
LF:46
LH:34
BRDA:21,0,0,0
BRDA:21,0,1,0
BRDA:45,1,0,0
BRDA:46,2,0,0
BRDA:46,3,0,1
BRDA:46,4,0,1
BRDA:46,5,0,1
BRDA:47,6,0,1
BRDA:47,7,0,1
BRDA:70,8,0,0
BRDA:70,8,1,1
BRDA:70,9,0,1
BRDA:70,9,1,0
BRDA:75,10,0,1
BRDA:75,10,1,0
BRDA:102,11,0,3
BRDA:102,11,1,9
BRDA:102,12,0,12
BRDA:102,12,1,12
BRDA:104,13,0,3
BRDA:104,13,1,6
BRDA:104,14,0,9
BRDA:104,14,1,9
BRDA:106,15,0,3
BRDA:106,15,1,3
BRDA:106,16,0,6
BRDA:106,16,1,6
BRDA:116,17,0,6
BRDA:116,17,1,3
BRF:29
BRH:22
end_of_record
TN:
SF:src\chinese_language_model.js
FN:13,(anonymous_0)
FN:14,(anonymous_1)
FN:15,(anonymous_2)
FN:24,(anonymous_3)
FN:25,(anonymous_4)
FN:26,(anonymous_5)
FN:27,(anonymous_6)
FN:29,(anonymous_7)
FN:52,(anonymous_8)
FN:57,(anonymous_9)
FN:64,(anonymous_10)
FN:68,(anonymous_11)
FN:72,(anonymous_12)
FN:81,(anonymous_13)
FN:81,(anonymous_14)
FNF:15
FNH:13
FNDA:28,(anonymous_0)
FNDA:3,(anonymous_1)
FNDA:1,(anonymous_2)
FNDA:1,(anonymous_3)
FNDA:1,(anonymous_4)
FNDA:1,(anonymous_5)
FNDA:1,(anonymous_6)
FNDA:1,(anonymous_7)
FNDA:0,(anonymous_8)
FNDA:0,(anonymous_9)
FNDA:1,(anonymous_10)
FNDA:16,(anonymous_11)
FNDA:6,(anonymous_12)
FNDA:36,(anonymous_13)
FNDA:36,(anonymous_14)
DA:6,24
DA:7,24
DA:13,28
DA:14,3
DA:16,1
DA:24,1
DA:25,1
DA:26,1
DA:27,1
DA:30,1
DA:53,0
DA:54,0
DA:58,0
DA:59,0
DA:61,0
DA:65,1
DA:69,16
DA:73,6
DA:74,6
DA:75,6
DA:76,6
DA:77,6
DA:78,6
DA:81,36
DA:83,6
DA:84,6
DA:88,6
DA:89,30
DA:90,15
DA:91,15
DA:93,15
DA:94,6
DA:95,9
DA:96,0
DA:97,9
DA:98,0
DA:100,9
DA:101,16
DA:102,9
DA:104,2
DA:105,2
DA:107,3
DA:108,3
DA:110,4
DA:111,4
DA:113,0
DA:115,9
DA:119,15
DA:122,6
LF:49
LH:41
BRDA:53,0,0,0
BRDA:53,0,1,0
BRDA:89,1,0,15
BRDA:89,1,1,15
BRDA:91,2,0,14
BRDA:91,2,1,1
BRDA:93,3,0,6
BRDA:93,3,1,9
BRDA:95,4,0,0
BRDA:95,4,1,9
BRDA:97,5,0,0
BRDA:97,5,1,9
BRDA:101,6,0,9
BRDA:101,6,1,7
BRDA:102,7,0,2
BRDA:102,7,1,3
BRDA:102,7,2,4
BRDA:102,7,3,0
BRDA:110,8,0,0
BRDA:110,8,1,4
BRDA:110,9,0,4
BRDA:110,9,1,0
BRF:22
BRH:15
end_of_record
TN:
SF:src\constants.js
FNF:0
FNH:0
DA:2,24
DA:3,24
DA:4,24
DA:5,24
DA:6,24
DA:7,24
DA:8,24
DA:9,24
DA:10,24
DA:11,24
DA:12,24
DA:13,24
DA:15,24
DA:16,24
DA:17,24
DA:18,24
DA:19,24
DA:20,24
DA:21,24
DA:22,24
DA:23,24
DA:24,24
DA:25,24
DA:26,24
DA:27,24
DA:28,24
DA:29,24
DA:30,24
DA:31,24
DA:32,24
DA:33,24
DA:36,24
DA:37,24
DA:38,24
DA:39,24
DA:40,24
DA:41,24
DA:42,24
DA:43,24
DA:44,24
DA:45,24
DA:46,24
DA:47,24
DA:48,24
DA:49,24
DA:50,24
DA:51,24
DA:52,24
DA:53,24
DA:54,24
DA:55,24
DA:57,24
DA:58,24
DA:59,24
DA:60,24
DA:61,24
DA:62,24
DA:64,24
DA:65,24
DA:66,24
DA:68,24
DA:69,24
DA:70,24
DA:72,24
DA:73,24
DA:74,24
DA:75,24
DA:76,24
DA:77,24
DA:78,24
DA:79,24
DA:80,24
DA:81,24
DA:82,24
DA:83,24
DA:84,24
DA:85,24
DA:86,24
DA:87,24
DA:88,24
DA:89,24
DA:90,24
DA:91,24
DA:92,24
DA:93,24
DA:94,24
DA:95,24
DA:96,24
DA:97,24
DA:98,24
DA:99,24
DA:100,24
DA:101,24
DA:102,24
DA:103,24
DA:104,24
DA:105,24
DA:106,24
DA:107,24
DA:108,24
DA:109,24
DA:110,24
DA:111,24
DA:112,24
DA:113,24
DA:114,24
DA:115,24
DA:116,24
DA:117,24
DA:118,24
DA:119,24
DA:120,24
DA:121,24
DA:122,24
DA:123,24
DA:124,24
DA:125,24
DA:126,24
DA:127,24
DA:128,24
DA:129,24
DA:130,24
DA:131,24
DA:132,24
DA:133,24
DA:134,24
DA:135,24
DA:136,24
DA:137,24
DA:138,24
DA:139,24
DA:140,24
DA:141,24
DA:142,24
DA:143,24
DA:144,24
DA:145,24
DA:146,24
DA:147,24
DA:148,24
DA:149,24
DA:150,24
DA:151,24
DA:152,24
DA:153,24
DA:154,24
DA:155,24
DA:156,24
DA:157,24
DA:158,24
DA:159,24
DA:160,24
DA:161,24
DA:162,24
DA:163,24
DA:164,24
DA:165,24
DA:166,24
DA:167,24
DA:168,24
DA:169,24
DA:170,24
DA:171,24
DA:172,24
DA:173,24
DA:174,24
DA:175,24
DA:176,24
DA:177,24
DA:178,24
DA:179,24
DA:180,24
DA:181,24
DA:182,24
DA:183,24
DA:184,24
DA:185,24
DA:186,24
DA:187,24
DA:188,24
DA:189,24
DA:190,24
DA:191,24
DA:192,24
DA:193,24
DA:194,24
DA:195,24
DA:196,24
DA:197,24
DA:198,24
DA:199,24
DA:200,24
DA:201,24
DA:202,24
DA:203,24
DA:204,24
DA:205,24
DA:206,24
DA:207,24
DA:208,24
DA:209,24
DA:210,24
DA:211,24
DA:212,24
DA:213,24
DA:214,24
DA:215,24
DA:216,24
DA:217,24
DA:218,24
DA:219,24
DA:220,24
DA:221,24
DA:222,24
DA:224,24
DA:225,24
DA:226,24
DA:227,24
DA:228,24
DA:229,24
DA:230,24
DA:231,24
DA:232,24
DA:233,24
DA:235,24
DA:236,24
LF:226
LH:226
BRF:0
BRH:0
end_of_record
TN:
SF:src\definition-set.js
FN:5,(anonymous_0)
FN:19,(anonymous_1)
FN:39,(anonymous_2)
FN:48,(anonymous_3)
FN:57,(anonymous_4)
FN:67,(anonymous_5)
FN:79,(anonymous_6)
FN:89,(anonymous_7)
FN:101,(anonymous_8)
FN:105,(anonymous_9)
FN:110,(anonymous_10)
FN:111,(anonymous_11)
FNF:12
FNH:9
FNDA:125,(anonymous_0)
FNDA:1,(anonymous_1)
FNDA:0,(anonymous_2)
FNDA:0,(anonymous_3)
FNDA:9,(anonymous_4)
FNDA:3,(anonymous_5)
FNDA:1,(anonymous_6)
FNDA:1,(anonymous_7)
FNDA:1,(anonymous_8)
FNDA:1,(anonymous_9)
FNDA:1,(anonymous_10)
FNDA:0,(anonymous_11)
DA:6,125
DA:7,125
DA:9,125
DA:10,125
DA:20,1
DA:22,1
DA:24,1
DA:25,1
DA:27,1
DA:28,0
DA:31,1
DA:40,0
DA:49,0
DA:58,9
DA:69,3
DA:70,3
DA:71,3
DA:73,3
DA:80,1
DA:91,1
DA:92,1
DA:93,1
DA:95,1
DA:102,1
DA:106,1
DA:107,1
DA:110,1
DA:111,0
LF:28
LH:24
BRDA:58,0,0,9
BRDA:58,0,1,6
BRDA:69,1,0,3
BRDA:69,1,1,0
BRDA:70,2,0,0
BRDA:70,2,1,3
BRDA:91,3,0,1
BRDA:91,3,1,0
BRDA:92,4,0,0
BRDA:92,4,1,1
BRF:10
BRH:6
end_of_record
TN:
SF:src\definition.js
FN:5,(anonymous_0)
FN:14,(anonymous_1)
FN:30,(anonymous_2)
FNF:3
FNH:3
FNDA:3,(anonymous_0)
FNDA:2,(anonymous_1)
FNDA:2,(anonymous_2)
DA:6,3
DA:7,3
DA:8,3
DA:9,3
DA:11,3
DA:16,2
DA:18,2
DA:19,2
DA:22,2
DA:23,2
DA:24,2
DA:26,0
DA:32,2
DA:40,2
DA:41,2
DA:43,2
LF:16
LH:15
BRDA:18,0,0,2
BRDA:18,0,1,0
BRDA:22,1,0,2
BRDA:22,1,1,0
BRDA:40,2,0,2
BRDA:40,2,1,0
BRF:6
BRH:3
end_of_record
TN:
SF:src\driver.js
FNF:0
FNH:0
LF:0
LH:0
BRF:0
BRH:0
end_of_record
TN:
SF:src\feature.js
FN:38,(anonymous_0)
FN:73,(anonymous_1)
FN:85,(anonymous_2)
FN:90,(anonymous_3)
FN:97,(anonymous_4)
FN:101,(anonymous_5)
FN:148,(anonymous_6)
FN:152,(anonymous_7)
FN:156,(anonymous_8)
FN:160,(anonymous_9)
FN:169,(anonymous_10)
FN:182,(anonymous_11)
FN:183,(anonymous_12)
FN:192,(anonymous_13)
FN:203,(anonymous_14)
FN:216,(anonymous_15)
FN:229,(anonymous_16)
FN:241,(anonymous_17)
FN:242,(anonymous_18)
FN:250,(anonymous_19)
FN:251,(anonymous_20)
FN:259,(anonymous_21)
FN:263,(anonymous_22)
FN:267,(anonymous_23)
FN:271,(anonymous_24)
FN:280,(anonymous_25)
FN:290,(anonymous_26)
FN:300,(anonymous_27)
FN:314,(anonymous_28)
FN:322,(anonymous_29)
FN:333,(anonymous_30)
FN:348,(anonymous_31)
FN:368,(anonymous_32)
FN:370,(anonymous_33)
FN:385,(anonymous_34)
FN:401,(anonymous_35)
FN:414,(anonymous_36)
FN:427,(anonymous_37)
FN:428,(anonymous_38)
FN:434,(anonymous_39)
FN:435,(anonymous_40)
FN:445,(anonymous_41)
FN:453,(anonymous_42)
FN:467,(anonymous_43)
FN:473,(anonymous_44)
FN:485,(anonymous_45)
FN:493,(anonymous_46)
FN:498,(anonymous_47)
FN:502,(anonymous_48)
FN:503,(anonymous_49)
FN:513,(anonymous_50)
FNF:51
FNH:48
FNDA:416,(anonymous_0)
FNDA:421,(anonymous_1)
FNDA:261,(anonymous_2)
FNDA:560,(anonymous_3)
FNDA:0,(anonymous_4)
FNDA:4452,(anonymous_5)
FNDA:418,(anonymous_6)
FNDA:246,(anonymous_7)
FNDA:476,(anonymous_8)
FNDA:10,(anonymous_9)
FNDA:2,(anonymous_10)
FNDA:417,(anonymous_11)
FNDA:227,(anonymous_12)
FNDA:20,(anonymous_13)
FNDA:4,(anonymous_14)
FNDA:473,(anonymous_15)
FNDA:4,(anonymous_16)
FNDA:753,(anonymous_17)
FNDA:795,(anonymous_18)
FNDA:1,(anonymous_19)
FNDA:1,(anonymous_20)
FNDA:4,(anonymous_21)
FNDA:1,(anonymous_22)
FNDA:1,(anonymous_23)
FNDA:1,(anonymous_24)
FNDA:1,(anonymous_25)
FNDA:15,(anonymous_26)
FNDA:2,(anonymous_27)
FNDA:4,(anonymous_28)
FNDA:2,(anonymous_29)
FNDA:14,(anonymous_30)
FNDA:3,(anonymous_31)
FNDA:2,(anonymous_32)
FNDA:4,(anonymous_33)
FNDA:1,(anonymous_34)
FNDA:6,(anonymous_35)
FNDA:1,(anonymous_36)
FNDA:0,(anonymous_37)
FNDA:0,(anonymous_38)
FNDA:1,(anonymous_39)
FNDA:1,(anonymous_40)
FNDA:8,(anonymous_41)
FNDA:3,(anonymous_42)
FNDA:4,(anonymous_43)
FNDA:2,(anonymous_44)
FNDA:5,(anonymous_45)
FNDA:4,(anonymous_46)
FNDA:3,(anonymous_47)
FNDA:3,(anonymous_48)
FNDA:3,(anonymous_49)
FNDA:3,(anonymous_50)
DA:39,416
DA:40,1
DA:42,415
DA:43,1
DA:45,414
DA:46,1
DA:49,413
DA:50,413
DA:51,413
DA:52,413
DA:62,413
DA:63,413
DA:75,421
DA:77,238
DA:78,183
DA:85,261
DA:88,52
DA:90,560
DA:102,4452
DA:149,418
DA:153,246
DA:157,476
DA:161,10
DA:173,2
DA:183,417
DA:195,20
DA:196,19
DA:199,1
DA:204,4
DA:217,473
DA:230,4
DA:231,3
DA:232,2
DA:242,795
DA:251,1
DA:260,4
DA:264,1
DA:268,1
DA:272,1
DA:281,1
DA:291,15
DA:301,2
DA:302,2
DA:303,4
DA:305,2
DA:315,4
DA:316,4
DA:317,8
DA:319,4
DA:323,2
DA:334,14
DA:349,3
DA:350,2
DA:354,2
DA:356,1
DA:358,3
DA:369,2
DA:370,4
DA:371,2
DA:372,1
DA:373,1
DA:375,1
DA:377,2
DA:387,1
DA:403,6
DA:415,1
DA:428,0
DA:435,1
DA:436,1
DA:446,8
DA:447,3
DA:449,8
DA:450,8
DA:454,3
DA:455,1
DA:457,2
DA:468,4
DA:469,2
DA:471,2
DA:472,2
DA:473,2
DA:474,1
DA:475,1
DA:486,5
DA:487,2
DA:489,3
DA:490,3
DA:491,1
DA:493,4
DA:498,3
DA:499,2
DA:503,3
DA:504,3
DA:514,3
DA:515,3
DA:519,24
LF:96
LH:95
BRDA:38,0,0,276
BRDA:38,1,0,288
BRDA:39,2,0,1
BRDA:39,2,1,415
BRDA:42,3,0,1
BRDA:42,3,1,414
BRDA:45,4,0,1
BRDA:45,4,1,413
BRDA:75,5,0,238
BRDA:75,5,1,183
BRDA:78,6,0,131
BRDA:78,6,1,52
BRDA:183,7,0,223
BRDA:183,7,1,4
BRDA:195,8,0,19
BRDA:195,8,1,1
BRDA:230,9,0,1
BRDA:230,9,1,3
BRDA:231,10,0,1
BRDA:231,10,1,2
BRDA:303,11,0,4
BRDA:303,11,1,4
BRDA:317,12,0,8
BRDA:317,12,1,6
BRDA:334,13,0,14
BRDA:334,13,1,13
BRDA:334,13,2,12
BRDA:334,13,3,11
BRDA:348,14,0,1
BRDA:349,15,0,2
BRDA:349,15,1,1
BRDA:371,16,0,1
BRDA:371,16,1,1
BRDA:401,17,0,6
BRDA:445,18,0,5
BRDA:445,19,0,4
BRDA:446,20,0,3
BRDA:446,20,1,5
BRDA:453,21,0,1
BRDA:454,22,0,1
BRDA:454,22,1,2
BRDA:454,23,0,3
BRDA:454,23,1,3
BRDA:467,24,0,1
BRDA:468,25,0,2
BRDA:468,25,1,2
BRDA:468,26,0,4
BRDA:468,26,1,3
BRDA:485,27,0,1
BRDA:486,28,0,2
BRDA:486,28,1,3
BRDA:486,29,0,5
BRDA:486,29,1,4
BRDA:490,30,0,1
BRDA:490,30,1,2
BRF:55
BRH:55
end_of_record
TN:
SF:src\feature_importer.js
FN:9,(anonymous_0)
FN:25,(anonymous_1)
FN:44,(anonymous_2)
FN:54,(anonymous_3)
FNF:4
FNH:4
FNDA:18,(anonymous_0)
FNDA:14,(anonymous_1)
FNDA:9,(anonymous_2)
FNDA:8,(anonymous_3)
DA:10,18
DA:11,18
DA:12,4
DA:14,18
DA:15,18
DA:26,14
DA:27,0
DA:30,14
DA:31,1
DA:34,13
DA:35,13
DA:45,9
DA:55,8
DA:56,5
DA:57,3
DA:58,0
DA:60,3
LF:17
LH:15
BRDA:9,0,0,15
BRDA:9,1,0,18
BRDA:26,2,0,0
BRDA:26,2,1,14
BRDA:30,3,0,1
BRDA:30,3,1,13
BRDA:55,4,0,5
BRDA:55,4,1,3
BRDA:57,5,0,0
BRDA:57,5,1,3
BRF:10
BRH:8
end_of_record
TN:
SF:src\feature_list.js
FN:11,(anonymous_0)
FN:17,(anonymous_1)
FN:33,(anonymous_2)
FN:37,(anonymous_3)
FN:47,(anonymous_4)
FN:59,(anonymous_5)
FNF:6
FNH:0
FNDA:0,(anonymous_0)
FNDA:0,(anonymous_1)
FNDA:0,(anonymous_2)
FNDA:0,(anonymous_3)
FNDA:0,(anonymous_4)
FNDA:0,(anonymous_5)
DA:12,0
DA:13,0
DA:14,0
DA:18,0
DA:19,0
DA:22,0
DA:23,0
DA:24,0
DA:34,0
DA:38,0
DA:48,0
DA:49,0
DA:60,0
LF:13
LH:0
BRDA:11,0,0,0
BRDA:18,1,0,0
BRDA:18,1,1,0
BRDA:18,2,0,0
BRDA:18,2,1,0
BRDA:48,3,0,0
BRDA:48,3,1,0
BRF:7
BRH:0
end_of_record
TN:
SF:src\feature_type.js
FN:29,(anonymous_0)
FN:68,(anonymous_1)
FN:78,(anonymous_2)
FN:90,(anonymous_3)
FN:103,(anonymous_4)
FN:107,(anonymous_5)
FN:125,(anonymous_6)
FN:142,(anonymous_7)
FN:143,(anonymous_8)
FN:159,(anonymous_9)
FN:170,(anonymous_10)
FN:184,(anonymous_11)
FNF:12
FNH:9
FNDA:4,(anonymous_0)
FNDA:0,(anonymous_1)
FNDA:1,(anonymous_2)
FNDA:2,(anonymous_3)
FNDA:0,(anonymous_4)
FNDA:0,(anonymous_5)
FNDA:4,(anonymous_6)
FNDA:1,(anonymous_7)
FNDA:3,(anonymous_8)
FNDA:5,(anonymous_9)
FNDA:1,(anonymous_10)
FNDA:6,(anonymous_11)
DA:30,4
DA:31,2
DA:33,2
DA:34,0
DA:37,2
DA:38,2
DA:39,2
DA:40,2
DA:46,2
DA:47,2
DA:49,2
DA:50,4
DA:51,4
DA:52,1
DA:53,2
DA:54,2
DA:57,3
DA:58,3
DA:69,0
DA:70,0
DA:79,1
DA:91,2
DA:92,1
DA:94,1
DA:104,0
DA:109,0
DA:110,0
DA:113,0
DA:115,0
DA:126,4
DA:127,1
DA:129,3
DA:130,3
DA:131,3
DA:143,3
DA:160,5
DA:171,1
DA:185,6
DA:186,2
DA:190,4
DA:191,0
DA:194,4
DA:195,6
DA:196,1
DA:197,2
DA:198,0
DA:201,2
DA:202,0
DA:205,2
DA:206,0
DA:210,5
DA:211,1
DA:214,4
DA:215,1
DA:218,3
DA:219,1
DA:225,1
DA:226,1
DA:229,1
DA:230,3
DA:232,1
DA:233,1
DA:234,2
DA:235,2
DA:237,1
DA:240,2
DA:241,2
DA:246,24
LF:68
LH:56
BRDA:30,0,0,2
BRDA:30,0,1,2
BRDA:30,1,0,4
BRDA:30,1,1,3
BRDA:33,2,0,0
BRDA:33,2,1,2
BRDA:51,3,0,1
BRDA:51,3,1,3
BRDA:79,4,0,1
BRDA:79,4,1,1
BRDA:90,5,0,2
BRDA:91,6,0,1
BRDA:91,6,1,1
BRDA:126,7,0,1
BRDA:126,7,1,3
BRDA:129,8,0,3
BRDA:129,8,1,1
BRDA:130,9,0,3
BRDA:130,9,1,1
BRDA:185,10,0,2
BRDA:185,10,1,4
BRDA:185,11,0,6
BRDA:185,11,1,5
BRDA:185,11,2,5
BRDA:190,12,0,0
BRDA:190,12,1,4
BRDA:195,13,0,1
BRDA:195,13,1,5
BRDA:197,14,0,0
BRDA:197,14,1,2
BRDA:201,15,0,0
BRDA:201,15,1,2
BRDA:205,16,0,0
BRDA:205,16,1,2
BRDA:210,17,0,1
BRDA:210,17,1,4
BRDA:214,18,0,1
BRDA:214,18,1,3
BRDA:218,19,0,1
BRDA:218,19,1,2
BRDA:230,20,0,1
BRDA:230,20,1,2
BRF:42
BRH:37
end_of_record
TN:
SF:src\geez_language_model.js
FN:12,(anonymous_0)
FN:14,(anonymous_1)
FN:16,(anonymous_2)
FN:18,(anonymous_3)
FN:20,(anonymous_4)
FN:22,(anonymous_5)
FN:24,(anonymous_6)
FN:25,(anonymous_7)
FN:55,(anonymous_8)
FN:60,(anonymous_9)
FN:73,(anonymous_10)
FN:82,(anonymous_11)
FNF:12
FNH:7
FNDA:47,(anonymous_0)
FNDA:2,(anonymous_1)
FNDA:2,(anonymous_2)
FNDA:0,(anonymous_3)
FNDA:0,(anonymous_4)
FNDA:0,(anonymous_5)
FNDA:0,(anonymous_6)
FNDA:19,(anonymous_7)
FNDA:1,(anonymous_8)
FNDA:1,(anonymous_9)
FNDA:1,(anonymous_10)
FNDA:0,(anonymous_11)
DA:5,24
DA:6,24
DA:12,47
DA:14,2
DA:16,2
DA:18,0
DA:20,0
DA:22,0
DA:24,0
DA:26,19
DA:56,1
DA:57,1
DA:61,1
DA:62,18
DA:64,1
DA:74,1
DA:83,0
LF:17
LH:12
BRDA:56,0,0,1
BRDA:56,0,1,0
BRF:2
BRH:1
end_of_record
TN:
SF:src\greek_language_model.js
FN:15,(anonymous_0)
FN:16,(anonymous_1)
FN:17,(anonymous_2)
FN:18,(anonymous_3)
FN:19,(anonymous_4)
FN:20,(anonymous_5)
FN:21,(anonymous_6)
FN:23,(anonymous_7)
FN:113,(anonymous_8)
FN:118,(anonymous_9)
FN:131,(anonymous_10)
FN:138,(anonymous_11)
FN:151,(anonymous_12)
FN:168,(anonymous_13)
FN:192,(anonymous_14)
FN:205,(anonymous_15)
FN:221,(anonymous_16)
FN:297,(anonymous_17)
FN:307,(anonymous_18)
FN:317,(anonymous_19)
FN:357,(anonymous_20)
FN:361,(anonymous_21)
FN:396,(anonymous_22)
FN:434,(anonymous_23)
FN:435,(anonymous_24)
FNF:25
FNH:25
FNDA:1006,(anonymous_0)
FNDA:558,(anonymous_1)
FNDA:305,(anonymous_2)
FNDA:1,(anonymous_3)
FNDA:1,(anonymous_4)
FNDA:8,(anonymous_5)
FNDA:1,(anonymous_6)
FNDA:25,(anonymous_7)
FNDA:3,(anonymous_8)
FNDA:1,(anonymous_9)
FNDA:1,(anonymous_10)
FNDA:2,(anonymous_11)
FNDA:215,(anonymous_12)
FNDA:114,(anonymous_13)
FNDA:45,(anonymous_14)
FNDA:183,(anonymous_15)
FNDA:182,(anonymous_16)
FNDA:80,(anonymous_17)
FNDA:1,(anonymous_18)
FNDA:7,(anonymous_19)
FNDA:6,(anonymous_20)
FNDA:8,(anonymous_21)
FNDA:54,(anonymous_22)
FNDA:2,(anonymous_23)
FNDA:351,(anonymous_24)
DA:9,24
DA:10,24
DA:15,1006
DA:16,558
DA:17,305
DA:18,1
DA:19,1
DA:20,8
DA:21,1
DA:28,25
DA:114,3
DA:115,3
DA:119,1
DA:120,23
DA:122,1
DA:132,1
DA:140,2
DA:153,215
DA:154,214
DA:156,214
DA:158,215
DA:169,114
DA:170,112
DA:173,4
DA:174,108
DA:176,1
DA:178,107
DA:181,2
DA:195,45
DA:196,0
DA:197,45
DA:199,1
DA:201,44
DA:206,183
DA:234,182
DA:235,0
DA:238,182
DA:240,182
DA:241,107
DA:243,182
DA:257,182
DA:259,182
DA:278,182
DA:281,182
DA:282,182
DA:283,0
DA:284,182
DA:285,105
DA:286,77
DA:287,75
DA:291,2
DA:292,2
DA:293,2
DA:296,182
DA:297,80
DA:299,182
DA:308,1
DA:318,7
DA:323,7
DA:324,7
DA:325,6
DA:326,4
DA:328,2
DA:331,1
DA:334,7
DA:339,7
DA:359,6
DA:360,6
DA:362,8
DA:366,8
DA:367,6
DA:369,8
DA:372,6
DA:373,3
DA:374,2
DA:375,2
DA:379,6
DA:380,2
DA:398,54
DA:399,54
DA:400,52
DA:405,39
DA:406,39
DA:409,52
DA:414,52
DA:419,52
DA:420,52
DA:421,52
DA:422,47
DA:425,52
DA:426,5
DA:429,2
DA:431,54
DA:435,351
LF:94
LH:91
BRDA:114,0,0,1
BRDA:114,0,1,2
BRDA:153,1,0,214
BRDA:153,1,1,1
BRDA:169,2,0,112
BRDA:169,2,1,2
BRDA:170,3,0,4
BRDA:170,3,1,108
BRDA:174,4,0,1
BRDA:174,4,1,107
BRDA:195,5,0,0
BRDA:195,5,1,45
BRDA:195,6,0,45
BRDA:195,6,1,1
BRDA:197,7,0,1
BRDA:197,7,1,44
BRDA:197,8,0,45
BRDA:197,8,1,1
BRDA:221,9,0,0
BRDA:222,10,0,0
BRDA:222,11,0,182
BRDA:222,12,0,182
BRDA:223,13,0,2
BRDA:223,14,0,107
BRDA:223,15,0,78
BRDA:234,16,0,0
BRDA:234,16,1,182
BRDA:240,17,0,107
BRDA:240,17,1,75
BRDA:282,18,0,0
BRDA:282,18,1,182
BRDA:284,19,0,105
BRDA:284,19,1,77
BRDA:286,20,0,75
BRDA:286,20,1,2
BRDA:292,21,0,2
BRDA:292,21,1,0
BRDA:296,22,0,78
BRDA:296,22,1,104
BRDA:324,23,0,6
BRDA:324,23,1,1
BRDA:325,24,0,4
BRDA:325,24,1,2
BRDA:335,25,0,7
BRDA:335,25,1,7
BRDA:335,25,2,6
BRDA:357,26,0,6
BRDA:366,27,0,6
BRDA:366,27,1,2
BRDA:366,28,0,8
BRDA:366,28,1,7
BRDA:366,28,2,2
BRDA:373,29,0,2
BRDA:373,29,1,1
BRDA:379,30,0,2
BRDA:379,30,1,4
BRDA:396,31,0,0
BRDA:397,32,0,15
BRDA:397,33,0,15
BRDA:399,34,0,52
BRDA:399,34,1,2
BRDA:400,35,0,39
BRDA:400,35,1,13
BRDA:421,36,0,47
BRDA:421,36,1,5
BRDA:425,37,0,5
BRDA:425,37,1,47
BRF:67
BRH:60
end_of_record
TN:
SF:src\grm-feature.js
FN:23,(anonymous_0)
FN:49,(anonymous_1)
FN:54,(anonymous_2)
FN:62,(anonymous_3)
FN:71,(anonymous_4)
FN:78,(anonymous_5)
FN:91,(anonymous_6)
FN:104,(anonymous_7)
FN:112,(anonymous_8)
FN:117,(anonymous_9)
FN:161,(anonymous_10)
FNF:11
FNH:4
FNDA:7,(anonymous_0)
FNDA:0,(anonymous_1)
FNDA:0,(anonymous_2)
FNDA:0,(anonymous_3)
FNDA:0,(anonymous_4)
FNDA:0,(anonymous_5)
FNDA:3,(anonymous_6)
FNDA:1,(anonymous_7)
FNDA:0,(anonymous_8)
FNDA:0,(anonymous_9)
FNDA:7,(anonymous_10)
DA:24,7
DA:25,3
DA:27,4
DA:28,0
DA:30,4
DA:31,0
DA:33,4
DA:34,1
DA:36,3
DA:37,3
DA:38,3
DA:39,3
DA:40,3
DA:41,3
DA:50,0
DA:51,0
DA:55,0
DA:58,0
DA:59,0
DA:61,0
DA:62,0
DA:63,0
DA:65,0
DA:67,0
DA:72,0
DA:73,0
DA:76,0
DA:77,0
DA:78,0
DA:79,0
DA:80,0
DA:82,0
DA:92,3
DA:93,3
DA:95,0
DA:105,1
DA:106,0
DA:108,1
DA:113,0
DA:114,0
DA:115,0
DA:116,0
DA:117,0
DA:118,0
DA:121,0
DA:122,0
DA:125,0
DA:129,1
DA:162,7
DA:163,7
LF:50
LH:19
BRDA:23,0,0,7
BRDA:24,1,0,3
BRDA:24,1,1,4
BRDA:27,2,0,0
BRDA:27,2,1,4
BRDA:30,3,0,0
BRDA:30,3,1,4
BRDA:33,4,0,1
BRDA:33,4,1,3
BRDA:55,5,0,0
BRDA:55,5,1,0
BRDA:58,6,0,0
BRDA:58,6,1,0
BRDA:58,7,0,0
BRDA:58,7,1,0
BRDA:61,8,0,0
BRDA:61,8,1,0
BRDA:62,9,0,0
BRDA:62,9,1,0
BRDA:67,10,0,0
BRDA:67,10,1,0
BRDA:67,10,2,0
BRDA:72,11,0,0
BRDA:72,11,1,0
BRDA:79,12,0,0
BRDA:79,12,1,0
BRDA:79,13,0,0
BRDA:79,13,1,0
BRDA:79,13,2,0
BRDA:92,14,0,3
BRDA:92,14,1,0
BRDA:105,15,0,0
BRDA:105,15,1,1
BRDA:113,16,0,0
BRDA:113,16,1,0
BRDA:114,17,0,0
BRDA:114,17,1,0
BRDA:121,18,0,0
BRDA:121,18,1,0
BRF:39
BRH:9
end_of_record
TN:
SF:src\homonym-group.js
FN:4,(anonymous_0)
FN:8,(anonymous_1)
FN:12,(anonymous_2)
FN:25,(anonymous_3)
FN:29,(anonymous_4)
FN:31,(anonymous_5)
FNF:6
FNH:5
FNDA:8,(anonymous_0)
FNDA:2,(anonymous_1)
FNDA:2,(anonymous_2)
FNDA:4,(anonymous_3)
FNDA:3,(anonymous_4)
FNDA:0,(anonymous_5)
DA:5,8
DA:9,2
DA:13,2
DA:26,4
DA:27,1
DA:29,3
DA:30,3
DA:31,0
DA:33,3
DA:37,1
LF:10
LH:9
BRDA:4,0,0,4
BRDA:25,1,0,4
BRDA:25,2,0,4
BRDA:26,3,0,1
BRDA:26,3,1,3
BRDA:30,4,0,0
BRDA:30,4,1,3
BRF:7
BRH:6
end_of_record
TN:
SF:src\homonym.js
FN:13,(anonymous_0)
FN:43,(anonymous_1)
FN:54,(anonymous_2)
FN:55,(anonymous_3)
FN:63,(anonymous_4)
FN:64,(anonymous_5)
FN:67,(anonymous_6)
FN:82,(anonymous_7)
FN:98,(anonymous_8)
FN:111,(anonymous_9)
FN:124,(anonymous_10)
FN:132,(anonymous_11)
FN:133,(anonymous_12)
FN:142,(anonymous_13)
FNF:14
FNH:8
FNDA:61,(anonymous_0)
FNDA:0,(anonymous_1)
FNDA:0,(anonymous_2)
FNDA:0,(anonymous_3)
FNDA:0,(anonymous_4)
FNDA:0,(anonymous_5)
FNDA:3,(anonymous_6)
FNDA:0,(anonymous_7)
FNDA:1,(anonymous_8)
FNDA:3,(anonymous_9)
FNDA:7,(anonymous_10)
FNDA:12,(anonymous_11)
FNDA:19,(anonymous_12)
FNDA:28,(anonymous_13)
DA:14,61
DA:15,2
DA:18,59
DA:19,1
DA:22,58
DA:23,73
DA:24,1
DA:29,57
DA:30,57
DA:44,0
DA:45,0
DA:46,0
DA:55,0
DA:64,0
DA:68,3
DA:69,3
DA:70,2
DA:71,4
DA:74,1
DA:75,1
DA:77,2
DA:78,2
DA:79,2
DA:83,0
DA:84,0
DA:85,0
DA:87,0
DA:99,1
DA:100,1
DA:112,3
DA:113,2
DA:115,1
DA:125,7
DA:126,7
DA:127,7
DA:129,7
DA:133,19
DA:143,28
DA:145,14
DA:147,14
DA:148,14
DA:149,14
DA:150,14
DA:151,14
DA:154,14
DA:155,14
DA:157,19
DA:159,19
DA:160,13
DA:163,7
DA:164,7
DA:169,6
DA:172,6
DA:175,14
DA:176,7
DA:179,5
DA:180,5
DA:182,5
DA:183,2
DA:184,2
DA:190,2
DA:191,2
DA:192,2
DA:194,2
DA:199,14
DA:200,14
LF:66
LH:57
BRDA:14,0,0,2
BRDA:14,0,1,59
BRDA:14,1,0,61
BRDA:14,1,1,60
BRDA:14,1,2,59
BRDA:18,2,0,1
BRDA:18,2,1,58
BRDA:23,3,0,1
BRDA:23,3,1,72
BRDA:43,4,0,0
BRDA:55,5,0,0
BRDA:55,5,1,0
BRDA:64,6,0,0
BRDA:64,6,1,0
BRDA:69,7,0,2
BRDA:69,7,1,1
BRDA:77,8,0,2
BRDA:77,8,1,0
BRDA:82,9,0,0
BRDA:112,10,0,2
BRDA:112,10,1,1
BRDA:112,11,0,3
BRDA:112,11,1,3
BRDA:112,11,2,3
BRDA:112,11,3,3
BRDA:143,12,0,14
BRDA:143,12,1,14
BRDA:157,13,0,10
BRDA:157,13,1,9
BRDA:159,14,0,13
BRDA:159,14,1,6
BRDA:160,15,0,7
BRDA:160,15,1,6
BRDA:175,16,0,7
BRDA:175,16,1,7
BRDA:176,17,0,5
BRDA:176,17,1,2
BRF:37
BRH:30
end_of_record
TN:
SF:src\inflection.js
FN:38,(anonymous_0)
FN:82,(anonymous_1)
FN:86,(anonymous_2)
FN:105,(anonymous_3)
FN:116,(anonymous_4)
FN:141,(anonymous_5)
FN:149,(anonymous_6)
FN:169,(anonymous_7)
FN:198,(anonymous_8)
FN:211,(anonymous_9)
FN:225,(anonymous_10)
FN:242,(anonymous_11)
FN:281,(anonymous_12)
FN:312,(anonymous_13)
FN:335,(anonymous_14)
FN:354,(anonymous_15)
FN:356,(anonymous_16)
FN:361,(anonymous_17)
FN:378,(anonymous_18)
FN:386,(anonymous_19)
FN:396,(anonymous_20)
FNF:21
FNH:16
FNDA:248,(anonymous_0)
FNDA:0,(anonymous_1)
FNDA:0,(anonymous_2)
FNDA:8,(anonymous_3)
FNDA:8,(anonymous_4)
FNDA:0,(anonymous_5)
FNDA:8,(anonymous_6)
FNDA:5,(anonymous_7)
FNDA:4,(anonymous_8)
FNDA:13,(anonymous_9)
FNDA:63,(anonymous_10)
FNDA:38,(anonymous_11)
FNDA:0,(anonymous_12)
FNDA:173,(anonymous_13)
FNDA:3,(anonymous_14)
FNDA:67,(anonymous_15)
FNDA:63,(anonymous_16)
FNDA:0,(anonymous_17)
FNDA:1,(anonymous_18)
FNDA:2,(anonymous_19)
FNDA:1,(anonymous_20)
DA:39,248
DA:40,1
DA:42,247
DA:43,1
DA:46,246
DA:47,1
DA:50,245
DA:51,245
DA:52,245
DA:53,245
DA:54,245
DA:55,245
DA:59,245
DA:69,245
DA:72,245
DA:75,245
DA:79,245
DA:84,0
DA:86,0
DA:87,0
DA:96,0
DA:97,0
DA:106,8
DA:107,8
DA:119,8
DA:121,8
DA:122,0
DA:123,0
DA:125,0
DA:127,8
DA:128,8
DA:130,8
DA:133,8
DA:142,0
DA:143,0
DA:150,8
DA:151,8
DA:152,8
DA:171,5
DA:172,5
DA:175,5
DA:176,3
DA:178,2
DA:179,0
DA:181,2
DA:185,5
DA:187,5
DA:188,0
DA:189,0
DA:190,0
DA:191,0
DA:195,5
DA:199,4
DA:200,4
DA:212,13
DA:213,13
DA:226,63
DA:227,63
DA:243,38
DA:244,38
DA:246,38
DA:247,0
DA:250,38
DA:251,2
DA:253,38
DA:254,67
DA:255,4
DA:257,63
DA:258,63
DA:259,26
DA:260,26
DA:266,37
DA:267,2
DA:271,38
DA:282,0
DA:283,0
DA:284,0
DA:286,0
DA:287,0
DA:290,0
DA:291,0
DA:292,0
DA:293,0
DA:294,0
DA:297,0
DA:298,0
DA:302,0
DA:303,0
DA:313,173
DA:314,1
DA:317,172
DA:318,1
DA:321,171
DA:322,1
DA:326,170
DA:327,170
DA:336,3
DA:337,1
DA:340,2
DA:341,4
DA:355,67
DA:356,63
DA:358,4
DA:362,0
DA:363,0
DA:364,0
DA:366,0
DA:367,0
DA:368,0
DA:369,0
DA:371,0
DA:374,0
DA:375,0
DA:381,1
DA:383,1
DA:385,1
DA:386,1
DA:387,2
DA:390,1
DA:391,0
DA:393,1
DA:397,1
DA:398,1
DA:399,2
DA:401,1
DA:402,1
LF:126
LH:85
BRDA:38,0,0,1
BRDA:38,1,0,191
BRDA:38,2,0,225
BRDA:38,3,0,226
BRDA:39,4,0,1
BRDA:39,4,1,247
BRDA:39,5,0,248
BRDA:39,5,1,4
BRDA:42,6,0,1
BRDA:42,6,1,246
BRDA:46,7,0,1
BRDA:46,7,1,245
BRDA:91,8,0,0
BRDA:91,8,1,0
BRDA:92,9,0,0
BRDA:92,9,1,0
BRDA:93,10,0,0
BRDA:93,10,1,0
BRDA:106,11,0,6
BRDA:106,11,1,2
BRDA:116,12,0,0
BRDA:119,13,0,6
BRDA:119,13,1,2
BRDA:121,14,0,0
BRDA:121,14,1,8
BRDA:122,15,0,0
BRDA:122,15,1,0
BRDA:123,16,0,0
BRDA:123,16,1,0
BRDA:127,17,0,1
BRDA:127,17,1,7
BRDA:128,18,0,6
BRDA:128,18,1,2
BRDA:150,19,0,8
BRDA:150,19,1,0
BRDA:169,20,0,5
BRDA:171,21,0,5
BRDA:171,21,1,0
BRDA:172,22,0,5
BRDA:172,22,1,0
BRDA:175,23,0,3
BRDA:175,23,1,2
BRDA:176,24,0,3
BRDA:176,24,1,0
BRDA:178,25,0,0
BRDA:178,25,1,2
BRDA:181,26,0,1
BRDA:181,26,1,1
BRDA:187,27,0,0
BRDA:187,27,1,5
BRDA:187,28,0,5
BRDA:187,28,1,0
BRDA:187,28,2,0
BRDA:189,29,0,0
BRDA:189,29,1,0
BRDA:189,30,0,0
BRDA:189,30,1,0
BRDA:189,30,2,0
BRDA:198,31,0,4
BRDA:199,32,0,2
BRDA:199,32,1,2
BRDA:211,33,0,0
BRDA:225,34,0,63
BRDA:242,35,0,10
BRDA:242,36,0,10
BRDA:246,37,0,0
BRDA:246,37,1,38
BRDA:246,38,0,38
BRDA:246,38,1,38
BRDA:250,39,0,2
BRDA:250,39,1,36
BRDA:254,40,0,4
BRDA:254,40,1,63
BRDA:254,41,0,67
BRDA:254,41,1,36
BRDA:258,42,0,26
BRDA:258,42,1,37
BRDA:266,43,0,2
BRDA:266,43,1,35
BRDA:283,44,0,0
BRDA:283,44,1,0
BRDA:286,45,0,0
BRDA:286,45,1,0
BRDA:293,46,0,0
BRDA:293,46,1,0
BRDA:297,47,0,0
BRDA:297,47,1,0
BRDA:313,48,0,1
BRDA:313,48,1,172
BRDA:317,49,0,1
BRDA:317,49,1,171
BRDA:317,50,0,172
BRDA:317,50,1,1
BRDA:321,51,0,1
BRDA:321,51,1,170
BRDA:336,52,0,1
BRDA:336,52,1,2
BRDA:354,53,0,4
BRDA:354,54,0,4
BRDA:355,55,0,63
BRDA:355,55,1,4
BRDA:368,56,0,0
BRDA:368,56,1,0
BRDA:385,57,0,1
BRDA:385,57,1,0
BRDA:385,58,0,1
BRDA:385,58,1,1
BRDA:390,59,0,0
BRDA:390,59,1,1
BRF:109
BRH:70
end_of_record
TN:
SF:src\inflection_group.js
FN:9,(anonymous_0)
FN:19,(anonymous_1)
FNF:2
FNH:2
FNDA:33,(anonymous_0)
FNDA:7,(anonymous_1)
DA:10,33
DA:11,33
DA:20,7
LF:3
LH:3
BRDA:9,0,0,0
BRDA:9,1,0,24
BRF:2
BRH:1
end_of_record
TN:
SF:src\inflection_grouping_key.js
FN:10,(anonymous_0)
FN:25,(anonymous_1)
FN:37,(anonymous_2)
FNF:3
FNH:3
FNDA:41,(anonymous_0)
FNDA:17,(anonymous_1)
FNDA:41,(anonymous_2)
DA:11,41
DA:12,154
DA:14,41
DA:26,17
DA:27,17
DA:29,0
DA:38,41
DA:39,41
DA:41,195
DA:42,195
DA:44,41
LF:11
LH:10
BRDA:10,0,0,20
BRDA:26,1,0,17
BRDA:26,1,1,0
BRDA:41,2,0,45
BRDA:41,2,1,150
BRF:5
BRH:4
end_of_record
TN:
SF:src\language_model.js
FN:13,(anonymous_0)
FN:19,(anonymous_1)
FN:20,(anonymous_2)
FN:21,(anonymous_3)
FN:22,(anonymous_4)
FN:27,(anonymous_5)
FN:35,(anonymous_6)
FN:43,(anonymous_7)
FN:51,(anonymous_8)
FN:59,(anonymous_9)
FN:69,(anonymous_10)
FN:82,(anonymous_11)
FN:97,(anonymous_12)
FN:101,(anonymous_13)
FN:109,(anonymous_14)
FN:113,(anonymous_15)
FN:122,(anonymous_16)
FN:126,(anonymous_17)
FN:135,(anonymous_18)
FN:144,(anonymous_19)
FN:153,(anonymous_20)
FN:163,(anonymous_21)
FN:272,(anonymous_22)
FN:281,(anonymous_23)
FN:291,(anonymous_24)
FN:308,(anonymous_25)
FN:318,(anonymous_26)
FN:329,(anonymous_27)
FN:339,(anonymous_28)
FN:349,(anonymous_29)
FN:359,(anonymous_30)
FN:369,(anonymous_31)
FN:380,(anonymous_32)
FN:393,(anonymous_33)
FN:403,(anonymous_34)
FN:414,(anonymous_35)
FN:424,(anonymous_36)
FN:436,(anonymous_37)
FN:453,(anonymous_38)
FN:468,(anonymous_39)
FN:487,(anonymous_40)
FN:500,(anonymous_41)
FN:508,(anonymous_42)
FN:513,(anonymous_43)
FN:517,(anonymous_44)
FN:534,(anonymous_45)
FN:548,(anonymous_46)
FN:558,(anonymous_47)
FN:566,(anonymous_48)
FN:586,(anonymous_49)
FN:651,(anonymous_50)
FN:663,(anonymous_51)
FN:706,(anonymous_52)
FN:716,(anonymous_53)
FNF:54
FNH:25
FNDA:10,(anonymous_0)
FNDA:0,(anonymous_1)
FNDA:10,(anonymous_2)
FNDA:0,(anonymous_3)
FNDA:0,(anonymous_4)
FNDA:0,(anonymous_5)
FNDA:0,(anonymous_6)
FNDA:0,(anonymous_7)
FNDA:0,(anonymous_8)
FNDA:0,(anonymous_9)
FNDA:6,(anonymous_10)
FNDA:5,(anonymous_11)
FNDA:0,(anonymous_12)
FNDA:1,(anonymous_13)
FNDA:1,(anonymous_14)
FNDA:0,(anonymous_15)
FNDA:0,(anonymous_16)
FNDA:0,(anonymous_17)
FNDA:0,(anonymous_18)
FNDA:0,(anonymous_19)
FNDA:1,(anonymous_20)
FNDA:122,(anonymous_21)
FNDA:0,(anonymous_22)
FNDA:0,(anonymous_23)
FNDA:0,(anonymous_24)
FNDA:114,(anonymous_25)
FNDA:0,(anonymous_26)
FNDA:0,(anonymous_27)
FNDA:0,(anonymous_28)
FNDA:1,(anonymous_29)
FNDA:0,(anonymous_30)
FNDA:116,(anonymous_31)
FNDA:120,(anonymous_32)
FNDA:22,(anonymous_33)
FNDA:24,(anonymous_34)
FNDA:0,(anonymous_35)
FNDA:0,(anonymous_36)
FNDA:0,(anonymous_37)
FNDA:4,(anonymous_38)
FNDA:22,(anonymous_39)
FNDA:63,(anonymous_40)
FNDA:2,(anonymous_41)
FNDA:0,(anonymous_42)
FNDA:0,(anonymous_43)
FNDA:0,(anonymous_44)
FNDA:972,(anonymous_45)
FNDA:972,(anonymous_46)
FNDA:972,(anonymous_47)
FNDA:0,(anonymous_48)
FNDA:2,(anonymous_49)
FNDA:3,(anonymous_50)
FNDA:1,(anonymous_51)
FNDA:4,(anonymous_52)
FNDA:0,(anonymous_53)
DA:16,10
DA:19,0
DA:20,10
DA:21,0
DA:22,0
DA:28,0
DA:29,0
DA:36,0
DA:37,0
DA:44,0
DA:45,0
DA:52,0
DA:53,0
DA:60,0
DA:61,0
DA:70,6
DA:83,5
DA:84,5
DA:86,0
DA:98,0
DA:102,1
DA:103,1
DA:104,16
DA:106,1
DA:110,1
DA:114,0
DA:123,0
DA:127,0
DA:128,0
DA:136,0
DA:137,0
DA:145,0
DA:146,0
DA:154,1
DA:155,1
DA:168,122
DA:273,0
DA:274,0
DA:282,0
DA:283,0
DA:292,0
DA:293,0
DA:294,0
DA:295,0
DA:297,0
DA:309,114
DA:310,114
DA:311,114
DA:312,114
DA:314,0
DA:319,0
DA:320,0
DA:321,0
DA:323,0
DA:330,0
DA:331,0
DA:340,0
DA:350,1
DA:360,0
DA:370,116
DA:381,120
DA:394,22
DA:404,24
DA:415,0
DA:426,0
DA:438,0
DA:457,4
DA:469,22
DA:470,21
DA:471,21
DA:472,21
DA:474,1
DA:488,63
DA:489,63
DA:490,63
DA:492,63
DA:501,2
DA:509,0
DA:510,0
DA:514,0
DA:518,0
DA:535,972
DA:536,972
DA:538,0
DA:549,972
DA:559,972
DA:567,0
DA:568,0
DA:587,2
DA:588,2
DA:591,2
DA:592,8
DA:600,8
DA:601,8
DA:602,4
DA:604,4
DA:609,2
DA:610,4
DA:611,4
DA:613,8
DA:614,8
DA:616,3
DA:617,3
DA:618,5
DA:620,3
DA:621,2
DA:623,0
DA:624,2
DA:625,0
DA:628,2
DA:632,8
DA:633,8
DA:634,8
DA:635,2
DA:637,6
DA:647,4
DA:648,6
DA:649,6
DA:650,6
DA:651,8
DA:652,8
DA:653,8
DA:654,8
DA:655,1
DA:657,7
DA:658,7
DA:661,6
DA:662,6
DA:664,1
DA:665,1
DA:666,1
DA:669,6
DA:670,7
DA:676,4
DA:677,6
DA:678,6
DA:679,7
DA:680,7
DA:682,8
DA:685,8
DA:686,8
DA:687,0
DA:689,8
DA:692,7
DA:695,4
DA:697,2
DA:708,4
DA:717,0
DA:718,0
LF:149
LH:93
BRDA:83,0,0,5
BRDA:83,0,1,0
BRDA:294,1,0,0
BRDA:294,1,1,0
BRDA:310,2,0,114
BRDA:310,2,1,0
BRDA:381,3,0,33
BRDA:381,3,1,87
BRDA:426,4,0,0
BRDA:426,4,1,0
BRDA:453,5,0,2
BRDA:454,6,0,2
BRDA:454,7,0,4
BRDA:454,8,0,4
BRDA:454,9,0,4
BRDA:455,10,0,4
BRDA:455,11,0,3
BRDA:457,12,0,1
BRDA:457,12,1,3
BRDA:468,13,0,0
BRDA:468,14,0,8
BRDA:469,15,0,21
BRDA:469,15,1,1
BRDA:487,16,0,0
BRDA:487,17,0,0
BRDA:488,18,0,63
BRDA:488,18,1,0
BRDA:535,19,0,972
BRDA:535,19,1,0
BRDA:601,20,0,4
BRDA:601,20,1,4
BRDA:614,21,0,3
BRDA:614,21,1,5
BRDA:618,22,0,3
BRDA:618,22,1,2
BRDA:621,23,0,0
BRDA:621,23,1,2
BRDA:624,24,0,0
BRDA:624,24,1,2
BRDA:634,25,0,2
BRDA:634,25,1,6
BRDA:651,26,0,3
BRDA:651,26,1,5
BRDA:654,27,0,1
BRDA:654,27,1,7
BRDA:666,28,0,0
BRDA:666,28,1,1
BRDA:666,29,0,0
BRDA:666,29,1,1
BRDA:686,30,0,0
BRDA:686,30,1,8
BRF:51
BRH:35
end_of_record
TN:
SF:src\language_model_factory.js
FN:32,(anonymous_0)
FN:37,(anonymous_1)
FN:51,(anonymous_2)
FN:56,(anonymous_3)
FN:65,(anonymous_4)
FN:81,(anonymous_5)
FN:97,(anonymous_6)
FN:115,(anonymous_7)
FN:140,(anonymous_8)
FN:152,(anonymous_9)
FNF:10
FNH:10
FNDA:247,(anonymous_0)
FNDA:1,(anonymous_1)
FNDA:489,(anonymous_2)
FNDA:491,(anonymous_3)
FNDA:10,(anonymous_4)
FNDA:351,(anonymous_5)
FNDA:1060,(anonymous_6)
FNDA:380,(anonymous_7)
FNDA:254,(anonymous_8)
FNDA:7,(anonymous_9)
DA:11,24
DA:33,247
DA:34,247
DA:38,1
DA:39,1
DA:40,11
DA:42,1
DA:52,489
DA:53,489
DA:57,491
DA:58,489
DA:61,2
DA:66,10
DA:67,10
DA:68,9
DA:72,1
DA:82,351
DA:83,972
DA:84,350
DA:88,1
DA:98,1060
DA:99,2652
DA:100,1060
DA:104,0
DA:116,380
DA:118,37
DA:124,343
DA:141,254
DA:142,254
DA:143,254
DA:153,7
LF:31
LH:30
BRDA:33,0,0,20
BRDA:33,0,1,227
BRDA:57,1,0,489
BRDA:57,1,1,2
BRDA:65,2,0,0
BRDA:67,3,0,9
BRDA:67,3,1,1
BRDA:83,4,0,350
BRDA:83,4,1,622
BRDA:99,5,0,1060
BRDA:99,5,1,1592
BRDA:116,6,0,37
BRDA:116,6,1,343
BRDA:141,7,0,254
BRDA:141,7,1,0
BRDA:142,8,0,254
BRDA:142,8,1,0
BRF:17
BRH:14
end_of_record
TN:
SF:src\latin_language_model.js
FN:13,(anonymous_0)
FN:14,(anonymous_1)
FN:15,(anonymous_2)
FN:16,(anonymous_3)
FN:17,(anonymous_4)
FN:18,(anonymous_5)
FN:19,(anonymous_6)
FN:21,(anonymous_7)
FN:111,(anonymous_8)
FN:118,(anonymous_9)
FN:128,(anonymous_10)
FN:138,(anonymous_11)
FN:149,(anonymous_12)
FN:176,(anonymous_13)
FN:194,(anonymous_14)
FN:213,(anonymous_15)
FN:223,(anonymous_16)
FNF:17
FNH:17
FNDA:1800,(anonymous_0)
FNDA:392,(anonymous_1)
FNDA:656,(anonymous_2)
FNDA:1,(anonymous_3)
FNDA:1,(anonymous_4)
FNDA:2,(anonymous_5)
FNDA:1,(anonymous_6)
FNDA:25,(anonymous_7)
FNDA:5,(anonymous_8)
FNDA:1,(anonymous_9)
FNDA:2,(anonymous_10)
FNDA:1,(anonymous_11)
FNDA:48,(anonymous_12)
FNDA:84,(anonymous_13)
FNDA:22,(anonymous_14)
FNDA:1,(anonymous_15)
FNDA:10,(anonymous_16)
DA:6,24
DA:7,24
DA:13,1800
DA:14,392
DA:15,656
DA:16,1
DA:17,1
DA:18,2
DA:19,1
DA:26,25
DA:112,5
DA:113,1
DA:115,5
DA:119,1
DA:120,23
DA:122,1
DA:130,2
DA:139,1
DA:150,48
DA:151,47
DA:152,47
DA:153,47
DA:154,47
DA:155,47
DA:156,47
DA:157,47
DA:158,47
DA:159,47
DA:160,47
DA:161,47
DA:162,47
DA:163,47
DA:164,47
DA:166,48
DA:179,84
DA:180,1
DA:181,83
DA:182,1
DA:184,82
DA:195,22
DA:198,22
DA:199,1
DA:201,21
DA:204,0
DA:214,1
DA:225,10
DA:230,10
DA:231,9
DA:232,6
DA:233,6
DA:234,3
DA:235,1
DA:237,2
DA:240,1
DA:243,10
LF:55
LH:54
BRDA:112,0,0,1
BRDA:112,0,1,4
BRDA:150,1,0,47
BRDA:150,1,1,1
BRDA:179,2,0,1
BRDA:179,2,1,83
BRDA:179,3,0,84
BRDA:179,3,1,5
BRDA:181,4,0,1
BRDA:181,4,1,82
BRDA:181,5,0,83
BRDA:181,5,1,27
BRDA:195,6,0,22
BRDA:195,6,1,0
BRDA:198,7,0,1
BRDA:198,7,1,21
BRDA:230,8,0,9
BRDA:230,8,1,1
BRDA:231,9,0,6
BRDA:231,9,1,3
BRDA:234,10,0,1
BRDA:234,10,1,2
BRF:22
BRH:21
end_of_record
TN:
SF:src\lemma.js
FN:20,(anonymous_0)
FN:41,(anonymous_1)
FN:46,(anonymous_2)
FN:50,(anonymous_3)
FN:56,(anonymous_4)
FN:67,(anonymous_5)
FN:93,(anonymous_6)
FN:123,(anonymous_7)
FN:145,(anonymous_8)
FN:160,(anonymous_9)
FN:183,(anonymous_10)
FN:220,(anonymous_11)
FN:271,(anonymous_12)
FNF:13
FNH:12
FNDA:133,(anonymous_0)
FNDA:1,(anonymous_1)
FNDA:2,(anonymous_2)
FNDA:2,(anonymous_3)
FNDA:1,(anonymous_4)
FNDA:1,(anonymous_5)
FNDA:5,(anonymous_6)
FNDA:58,(anonymous_7)
FNDA:2,(anonymous_8)
FNDA:5,(anonymous_9)
FNDA:47,(anonymous_10)
FNDA:12,(anonymous_11)
FNDA:0,(anonymous_12)
DA:21,133
DA:22,2
DA:25,131
DA:26,1
DA:30,130
DA:31,130
DA:32,130
DA:34,130
DA:35,130
DA:36,130
DA:38,130
DA:42,1
DA:43,1
DA:47,2
DA:51,2
DA:53,2
DA:55,2
DA:56,1
DA:57,1
DA:61,2
DA:62,1
DA:64,2
DA:68,1
DA:69,1
DA:70,1
DA:73,1
DA:80,1
DA:81,1
DA:83,1
DA:94,5
DA:95,5
DA:96,1
DA:98,4
DA:99,3
DA:102,4
DA:103,4
DA:104,4
DA:105,4
DA:106,1
DA:109,3
DA:110,1
DA:114,2
DA:124,58
DA:125,1
DA:128,57
DA:129,1
DA:132,56
DA:133,1
DA:137,55
DA:146,2
DA:147,1
DA:150,1
DA:151,2
DA:161,5
DA:162,1
DA:165,4
DA:166,1
DA:169,3
DA:186,47
DA:190,2
DA:193,45
DA:195,45
DA:201,45
DA:202,45
DA:203,45
DA:204,11
DA:205,11
DA:206,11
DA:207,1
DA:211,44
DA:221,12
DA:224,12
DA:225,12
DA:226,0
DA:229,12
DA:230,12
DA:235,12
DA:236,1
DA:238,11
DA:239,0
DA:245,11
DA:246,11
DA:247,11
DA:248,1
DA:250,10
DA:251,0
DA:256,10
DA:257,10
DA:258,10
DA:259,3
DA:261,7
DA:262,1
DA:264,6
DA:272,0
DA:273,0
DA:274,0
DA:276,0
LF:97
LH:90
BRDA:20,0,0,130
BRDA:20,1,0,132
BRDA:21,2,0,2
BRDA:21,2,1,131
BRDA:25,3,0,1
BRDA:25,3,1,130
BRDA:51,4,0,2
BRDA:51,4,1,0
BRDA:55,5,0,1
BRDA:55,5,1,1
BRDA:55,6,0,2
BRDA:55,6,1,2
BRDA:61,7,0,1
BRDA:61,7,1,1
BRDA:80,8,0,1
BRDA:80,8,1,0
BRDA:95,9,0,1
BRDA:95,9,1,4
BRDA:98,10,0,3
BRDA:98,10,1,1
BRDA:105,11,0,1
BRDA:105,11,1,3
BRDA:109,12,0,1
BRDA:109,12,1,2
BRDA:124,13,0,1
BRDA:124,13,1,57
BRDA:128,14,0,1
BRDA:128,14,1,56
BRDA:128,15,0,57
BRDA:128,15,1,1
BRDA:132,16,0,1
BRDA:132,16,1,55
BRDA:146,17,0,1
BRDA:146,17,1,1
BRDA:161,18,0,1
BRDA:161,18,1,4
BRDA:165,19,0,1
BRDA:165,19,1,3
BRDA:183,20,0,3
BRDA:183,21,0,3
BRDA:183,22,0,6
BRDA:186,23,0,2
BRDA:186,23,1,45
BRDA:186,24,0,47
BRDA:186,24,1,6
BRDA:186,24,2,6
BRDA:186,24,3,5
BRDA:195,25,0,41
BRDA:195,25,1,4
BRDA:203,26,0,11
BRDA:203,26,1,34
BRDA:203,27,0,45
BRDA:203,27,1,14
BRDA:206,28,0,1
BRDA:206,28,1,10
BRDA:225,29,0,0
BRDA:225,29,1,12
BRDA:235,30,0,1
BRDA:235,30,1,11
BRDA:238,31,0,0
BRDA:238,31,1,11
BRDA:247,32,0,1
BRDA:247,32,1,10
BRDA:250,33,0,0
BRDA:250,33,1,10
BRDA:258,34,0,3
BRDA:258,34,1,7
BRDA:261,35,0,1
BRDA:261,35,1,6
BRDA:273,36,0,0
BRDA:273,36,1,0
BRF:71
BRH:64
end_of_record
TN:
SF:src\lexeme.js
FN:21,(anonymous_0)
FN:63,(anonymous_1)
FN:73,(anonymous_2)
FN:84,(anonymous_3)
FN:98,(anonymous_4)
FN:110,(anonymous_5)
FN:112,(anonymous_6)
FN:120,(anonymous_7)
FN:133,(anonymous_8)
FN:144,(anonymous_9)
FN:153,(anonymous_10)
FN:164,(anonymous_11)
FN:182,(anonymous_12)
FN:202,(anonymous_13)
FN:238,(anonymous_14)
FN:245,(anonymous_15)
FN:250,(anonymous_16)
FN:270,(anonymous_17)
FN:272,(anonymous_18)
FN:299,(anonymous_19)
FN:300,(anonymous_20)
FNF:21
FNH:18
FNDA:128,(anonymous_0)
FNDA:12,(anonymous_1)
FNDA:28,(anonymous_2)
FNDA:0,(anonymous_3)
FNDA:199,(anonymous_4)
FNDA:122,(anonymous_5)
FNDA:197,(anonymous_6)
FNDA:1,(anonymous_7)
FNDA:4,(anonymous_8)
FNDA:0,(anonymous_9)
FNDA:0,(anonymous_10)
FNDA:54,(anonymous_11)
FNDA:31,(anonymous_12)
FNDA:12,(anonymous_13)
FNDA:14,(anonymous_14)
FNDA:1,(anonymous_15)
FNDA:1,(anonymous_16)
FNDA:1,(anonymous_17)
FNDA:1,(anonymous_18)
FNDA:1,(anonymous_19)
FNDA:12,(anonymous_20)
DA:22,128
DA:23,1
DA:26,127
DA:27,1
DA:30,126
DA:31,1
DA:34,125
DA:35,1
DA:38,124
DA:39,199
DA:40,1
DA:44,123
DA:45,1
DA:48,122
DA:49,122
DA:50,122
DA:51,122
DA:52,122
DA:53,122
DA:54,122
DA:64,12
DA:74,28
DA:85,0
DA:86,0
DA:87,0
DA:89,0
DA:99,199
DA:100,199
DA:101,199
DA:111,122
DA:112,197
DA:121,1
DA:134,4
DA:145,0
DA:154,0
DA:165,54
DA:166,54
DA:167,54
DA:168,41
DA:169,41
DA:171,13
DA:190,31
DA:191,31
DA:203,12
DA:204,12
DA:205,12
DA:208,11
DA:209,25
DA:210,25
DA:211,25
DA:212,25
DA:213,25
DA:214,8
DA:217,8
DA:222,0
DA:228,12
DA:239,14
DA:240,14
DA:241,12
DA:246,1
DA:247,1
DA:251,1
DA:252,1
DA:253,1
DA:254,1
DA:257,1
DA:258,1
DA:259,1
DA:262,1
DA:263,1
DA:264,1
DA:266,0
DA:271,1
DA:272,1
DA:274,1
DA:279,1
DA:280,1
DA:283,1
DA:284,1
DA:287,1
DA:300,1
DA:301,12
DA:304,8
DA:306,6
DA:309,2
DA:311,8
DA:312,2
DA:313,6
DA:314,3
DA:315,3
DA:316,1
DA:317,2
DA:318,1
DA:321,1
DA:323,4
DA:324,2
DA:325,2
DA:326,2
DA:328,0
LF:99
LH:90
BRDA:21,0,0,114
BRDA:22,1,0,1
BRDA:22,1,1,127
BRDA:26,2,0,1
BRDA:26,2,1,126
BRDA:30,3,0,1
BRDA:30,3,1,125
BRDA:34,4,0,1
BRDA:34,4,1,124
BRDA:39,5,0,1
BRDA:39,5,1,198
BRDA:44,6,0,1
BRDA:44,6,1,122
BRDA:44,7,0,123
BRDA:44,7,1,14
BRDA:52,8,0,122
BRDA:52,8,1,109
BRDA:85,9,0,0
BRDA:85,9,1,0
BRDA:111,10,0,0
BRDA:111,10,1,122
BRDA:134,11,0,4
BRDA:134,11,1,3
BRDA:134,11,2,2
BRDA:145,12,0,0
BRDA:145,12,1,0
BRDA:154,13,0,0
BRDA:154,13,1,0
BRDA:164,14,0,4
BRDA:164,15,0,4
BRDA:167,16,0,41
BRDA:167,16,1,13
BRDA:190,17,0,31
BRDA:190,17,1,6
BRDA:191,18,0,31
BRDA:191,18,1,25
BRDA:205,19,0,11
BRDA:205,19,1,1
BRDA:213,20,0,8
BRDA:213,20,1,17
BRDA:214,21,0,8
BRDA:214,21,1,0
BRDA:238,22,0,2
BRDA:240,23,0,12
BRDA:240,23,1,2
BRDA:258,24,0,1
BRDA:258,24,1,0
BRDA:262,25,0,1
BRDA:262,25,1,0
BRDA:270,26,0,0
BRDA:279,27,0,1
BRDA:279,27,1,0
BRDA:283,28,0,1
BRDA:283,28,1,0
BRDA:301,29,0,8
BRDA:301,29,1,4
BRDA:301,30,0,12
BRDA:301,30,1,8
BRDA:301,30,2,6
BRDA:301,30,3,4
BRDA:304,31,0,6
BRDA:304,31,1,2
BRDA:304,32,0,8
BRDA:304,32,1,6
BRDA:311,33,0,2
BRDA:311,33,1,6
BRDA:313,34,0,3
BRDA:313,34,1,3
BRDA:313,35,0,6
BRDA:313,35,1,4
BRDA:315,36,0,1
BRDA:315,36,1,2
BRDA:315,37,0,3
BRDA:315,37,1,1
BRDA:317,38,0,1
BRDA:317,38,1,1
BRDA:317,39,0,2
BRDA:317,39,1,2
BRDA:323,40,0,2
BRDA:323,40,1,2
BRDA:323,41,0,4
BRDA:323,41,1,2
BRDA:325,42,0,2
BRDA:325,42,1,0
BRDA:325,43,0,2
BRDA:325,43,1,2
BRF:86
BRH:72
end_of_record
TN:
SF:src\persian_language_model.js
FN:11,(anonymous_0)
FN:13,(anonymous_1)
FN:15,(anonymous_2)
FN:17,(anonymous_3)
FN:19,(anonymous_4)
FN:21,(anonymous_5)
FN:23,(anonymous_6)
FN:25,(anonymous_7)
FN:30,(anonymous_8)
FN:42,(anonymous_9)
FN:51,(anonymous_10)
FNF:11
FNH:5
FNDA:46,(anonymous_0)
FNDA:2,(anonymous_1)
FNDA:2,(anonymous_2)
FNDA:0,(anonymous_3)
FNDA:0,(anonymous_4)
FNDA:0,(anonymous_5)
FNDA:0,(anonymous_6)
FNDA:1,(anonymous_7)
FNDA:1,(anonymous_8)
FNDA:0,(anonymous_9)
FNDA:0,(anonymous_10)
DA:4,24
DA:5,24
DA:11,46
DA:13,2
DA:15,2
DA:17,0
DA:19,0
DA:21,0
DA:23,0
DA:26,1
DA:27,1
DA:31,1
DA:32,16
DA:34,1
DA:43,0
DA:52,0
LF:16
LH:10
BRDA:26,0,0,1
BRDA:26,0,1,0
BRF:2
BRH:1
end_of_record
TN:
SF:src\resource_provider.js
FN:10,(anonymous_0)
FN:21,(anonymous_1)
FN:31,(anonymous_2)
FN:35,(anonymous_3)
FN:37,(anonymous_4)
FN:43,(anonymous_5)
FN:56,(anonymous_6)
FN:59,(anonymous_7)
FNF:8
FNH:8
FNDA:8,(anonymous_0)
FNDA:1,(anonymous_1)
FNDA:2,(anonymous_2)
FNDA:7,(anonymous_3)
FNDA:53,(anonymous_4)
FNDA:6,(anonymous_5)
FNDA:6,(anonymous_6)
FNDA:6,(anonymous_7)
DA:11,8
DA:12,8
DA:13,8
DA:14,2
DA:22,1
DA:32,2
DA:36,7
DA:38,53
DA:44,6
DA:45,6
DA:46,6
DA:49,6
DA:53,6
DA:57,6
DA:58,6
DA:59,6
DA:60,6
DA:64,6
LF:18
LH:18
BRDA:10,0,0,0
BRDA:10,1,0,0
BRDA:10,2,0,0
BRDA:13,3,0,2
BRDA:13,3,1,6
BRDA:32,4,0,2
BRDA:32,4,1,1
BRDA:35,5,0,0
BRDA:35,6,0,0
BRDA:38,7,0,15
BRDA:38,7,1,38
BRDA:58,8,0,6
BRDA:58,8,1,0
BRF:13
BRH:7
end_of_record
TN:
SF:src\syriac_language_model.js
FN:14,(anonymous_0)
FN:16,(anonymous_1)
FN:18,(anonymous_2)
FN:20,(anonymous_3)
FN:22,(anonymous_4)
FN:24,(anonymous_5)
FN:26,(anonymous_6)
FN:27,(anonymous_7)
FN:64,(anonymous_8)
FN:69,(anonymous_9)
FN:82,(anonymous_10)
FN:92,(anonymous_11)
FN:111,(anonymous_12)
FN:176,(anonymous_13)
FN:188,(anonymous_14)
FNF:15
FNH:8
FNDA:44,(anonymous_0)
FNDA:28,(anonymous_1)
FNDA:4,(anonymous_2)
FNDA:0,(anonymous_3)
FNDA:0,(anonymous_4)
FNDA:0,(anonymous_5)
FNDA:0,(anonymous_6)
FNDA:19,(anonymous_7)
FNDA:5,(anonymous_8)
FNDA:1,(anonymous_9)
FNDA:1,(anonymous_10)
FNDA:0,(anonymous_11)
FNDA:2,(anonymous_12)
FNDA:0,(anonymous_13)
FNDA:0,(anonymous_14)
DA:7,24
DA:8,24
DA:14,44
DA:16,28
DA:18,4
DA:20,0
DA:22,0
DA:24,0
DA:26,0
DA:28,19
DA:65,5
DA:66,5
DA:70,1
DA:71,18
DA:73,1
DA:83,1
DA:93,0
DA:112,2
DA:113,2
DA:116,2
DA:117,2
DA:125,2
DA:126,2
DA:127,0
DA:129,2
DA:134,2
DA:135,2
DA:136,2
DA:138,2
DA:139,2
DA:141,0
DA:142,0
DA:143,2
DA:145,0
DA:146,2
DA:148,0
DA:149,2
DA:150,0
DA:153,2
DA:157,2
DA:158,2
DA:159,2
DA:160,0
DA:162,2
DA:172,2
DA:173,2
DA:174,2
DA:175,2
DA:176,2
DA:177,2
DA:178,2
DA:179,2
DA:180,0
DA:182,2
DA:183,2
DA:186,2
DA:187,2
DA:189,0
DA:190,0
DA:191,0
DA:194,2
DA:195,2
DA:201,2
DA:202,2
DA:203,2
DA:204,2
DA:205,2
DA:207,2
DA:210,2
DA:211,2
DA:212,0
DA:214,2
DA:217,2
DA:220,2
DA:222,2
LF:75
LH:58
BRDA:65,0,0,1
BRDA:65,0,1,4
BRDA:126,1,0,0
BRDA:126,1,1,2
BRDA:139,2,0,0
BRDA:139,2,1,2
BRDA:143,3,0,0
BRDA:143,3,1,2
BRDA:146,4,0,0
BRDA:146,4,1,2
BRDA:149,5,0,0
BRDA:149,5,1,2
BRDA:159,6,0,0
BRDA:159,6,1,2
BRDA:176,7,0,0
BRDA:176,7,1,2
BRDA:179,8,0,0
BRDA:179,8,1,2
BRDA:191,9,0,0
BRDA:191,9,1,0
BRDA:191,10,0,0
BRDA:191,10,1,0
BRDA:211,11,0,0
BRDA:211,11,1,2
BRF:24
BRH:11
end_of_record
TN:
SF:src\translation.js
FN:14,(anonymous_0)
FN:23,(anonymous_1)
FN:27,(anonymous_2)
FN:36,(anonymous_3)
FN:40,(anonymous_4)
FN:53,(anonymous_5)
FNF:6
FNH:6
FNDA:9,(anonymous_0)
FNDA:5,(anonymous_1)
FNDA:4,(anonymous_2)
FNDA:2,(anonymous_3)
FNDA:2,(anonymous_4)
FNDA:2,(anonymous_5)
DA:15,9
DA:16,1
DA:18,8
DA:19,8
DA:20,8
DA:24,5
DA:25,1
DA:27,4
DA:28,4
DA:29,4
DA:30,1
DA:32,3
DA:37,2
DA:42,2
DA:47,2
DA:48,2
DA:50,2
DA:54,2
DA:55,2
DA:56,2
DA:57,2
DA:59,0
LF:22
LH:21
BRDA:14,0,0,2
BRDA:15,1,0,1
BRDA:15,1,1,8
BRDA:24,2,0,1
BRDA:24,2,1,4
BRDA:24,3,0,5
BRDA:24,3,1,4
BRDA:29,4,0,1
BRDA:29,4,1,3
BRDA:47,5,0,2
BRDA:47,5,1,0
BRDA:55,6,0,2
BRDA:55,6,1,0
BRF:13
BRH:11
end_of_record
TN:
SF:src\treebank_data_item.js
FN:14,(anonymous_0)
FN:116,(anonymous_1)
FN:120,(anonymous_2)
FN:123,(anonymous_3)
FN:131,(anonymous_4)
FN:145,(anonymous_5)
FN:154,(anonymous_6)
FN:158,(anonymous_7)
FN:162,(anonymous_8)
FN:166,(anonymous_9)
FN:170,(anonymous_10)
FN:174,(anonymous_11)
FN:178,(anonymous_12)
FNF:13
FNH:8
FNDA:9,(anonymous_0)
FNDA:5,(anonymous_1)
FNDA:4,(anonymous_2)
FNDA:4,(anonymous_3)
FNDA:0,(anonymous_4)
FNDA:5,(anonymous_5)
FNDA:0,(anonymous_6)
FNDA:0,(anonymous_7)
FNDA:10,(anonymous_8)
FNDA:5,(anonymous_9)
FNDA:5,(anonymous_10)
FNDA:0,(anonymous_11)
FNDA:0,(anonymous_12)
DA:15,9
DA:16,9
DA:17,9
DA:18,9
DA:19,9
DA:20,9
DA:25,9
DA:45,9
DA:48,9
DA:49,9
DA:50,9
DA:51,1
DA:53,8
DA:54,8
DA:55,8
DA:58,8
DA:59,8
DA:61,8
DA:63,1
DA:67,8
DA:69,8
DA:71,8
DA:73,8
DA:74,8
DA:77,0
DA:79,8
DA:80,1
DA:87,7
DA:93,3
DA:94,0
DA:96,3
DA:97,3
DA:98,0
DA:100,3
DA:101,3
DA:103,3
DA:104,3
DA:113,4
DA:115,4
DA:116,5
DA:118,1
DA:120,4
DA:121,3
DA:122,3
DA:123,4
DA:127,6
DA:128,6
DA:132,0
DA:133,0
DA:135,0
DA:146,5
DA:147,5
DA:148,4
DA:149,4
DA:150,4
DA:151,4
DA:155,0
DA:159,0
DA:163,10
DA:167,5
DA:171,5
DA:175,0
DA:179,0
LF:63
LH:53
BRDA:14,0,0,0
BRDA:45,1,0,9
BRDA:45,1,1,0
BRDA:48,2,0,9
BRDA:48,2,1,0
BRDA:50,3,0,1
BRDA:50,3,1,8
BRDA:53,4,0,8
BRDA:53,4,1,0
BRDA:55,5,0,0
BRDA:55,5,1,8
BRDA:58,6,0,0
BRDA:58,6,1,8
BRDA:61,7,0,1
BRDA:61,7,1,7
BRDA:67,8,0,8
BRDA:67,8,1,0
BRDA:71,9,0,8
BRDA:71,9,1,0
BRDA:74,10,0,3
BRDA:74,10,1,5
BRDA:79,11,0,1
BRDA:79,11,1,7
BRDA:79,12,0,8
BRDA:79,12,1,4
BRDA:79,13,0,4
BRDA:79,13,1,1
BRDA:87,14,0,3
BRDA:87,14,1,4
BRDA:87,15,0,7
BRDA:87,15,1,4
BRDA:93,16,0,0
BRDA:93,16,1,3
BRDA:96,17,0,3
BRDA:96,17,1,0
BRDA:97,18,0,0
BRDA:97,18,1,3
BRDA:100,19,0,3
BRDA:100,19,1,0
BRDA:120,20,0,4
BRDA:120,20,1,4
BRDA:127,21,0,0
BRDA:127,21,1,6
BRDA:128,22,0,0
BRDA:128,22,1,6
BRDA:131,23,0,0
BRDA:147,24,0,1
BRDA:147,24,1,4
BRDA:147,25,0,5
BRDA:147,25,1,5
BRDA:149,26,0,0
BRDA:149,26,1,4
BRDA:150,27,0,0
BRDA:150,27,1,4
BRF:54
BRH:37
end_of_record
TN:
SF:src\word-item.js
FN:15,(anonymous_0)
FN:38,(anonymous_1)
FN:63,(anonymous_2)
FN:67,(anonymous_3)
FN:76,(anonymous_4)
FN:90,(anonymous_5)
FN:92,(anonymous_6)
FN:102,(anonymous_7)
FN:104,(anonymous_8)
FN:104,(anonymous_9)
FN:116,(anonymous_10)
FN:130,(anonymous_11)
FN:134,(anonymous_12)
FNF:13
FNH:5
FNDA:6,(anonymous_0)
FNDA:0,(anonymous_1)
FNDA:0,(anonymous_2)
FNDA:0,(anonymous_3)
FNDA:0,(anonymous_4)
FNDA:4,(anonymous_5)
FNDA:2,(anonymous_6)
FNDA:0,(anonymous_7)
FNDA:0,(anonymous_8)
FNDA:0,(anonymous_9)
FNDA:1,(anonymous_10)
FNDA:5,(anonymous_11)
FNDA:0,(anonymous_12)
DA:17,6
DA:18,6
DA:19,6
DA:20,6
DA:21,1
DA:23,5
DA:24,5
DA:25,5
DA:26,5
DA:28,5
DA:29,5
DA:30,5
DA:39,0
DA:40,0
DA:41,0
DA:42,0
DA:44,0
DA:45,0
DA:47,0
DA:55,0
DA:64,0
DA:68,0
DA:77,0
DA:78,0
DA:79,0
DA:80,0
DA:82,0
DA:91,4
DA:92,4
DA:93,4
DA:94,3
DA:103,0
DA:104,0
DA:105,0
DA:108,0
DA:117,1
DA:118,1
DA:119,3
DA:120,1
DA:131,5
DA:135,0
DA:136,0
DA:137,0
DA:138,0
DA:140,0
DA:142,0
LF:46
LH:21
BRDA:15,0,0,0
BRDA:20,1,0,1
BRDA:20,1,1,5
BRDA:20,2,0,6
BRDA:20,2,1,5
BRDA:23,3,0,5
BRDA:23,3,1,0
BRDA:24,4,0,5
BRDA:24,4,1,0
BRDA:25,5,0,5
BRDA:25,5,1,5
BRDA:26,6,0,5
BRDA:26,6,1,4
BRDA:41,7,0,0
BRDA:41,7,1,0
BRDA:44,8,0,0
BRDA:44,8,1,0
BRDA:93,9,0,3
BRDA:93,9,1,1
BRDA:103,10,0,0
BRDA:103,10,1,0
BRDA:103,11,0,0
BRDA:103,11,1,0
BRDA:119,12,0,1
BRDA:119,12,1,2
BRDA:119,13,0,3
BRDA:119,13,1,2
BRDA:131,14,0,5
BRDA:131,14,1,3
BRDA:131,14,2,2
BRDA:137,15,0,0
BRDA:137,15,1,0
BRF:32
BRH:19
end_of_record
TN:
SF:src\word-list.js
FN:9,(anonymous_0)
FN:15,(anonymous_1)
FN:20,(anonymous_2)
FN:27,(anonymous_3)
FN:36,(anonymous_4)
FN:40,(anonymous_5)
FN:58,(anonymous_6)
FN:70,(anonymous_7)
FN:82,(anonymous_8)
FN:100,(anonymous_9)
FNF:10
FNH:7
FNDA:6,(anonymous_0)
FNDA:4,(anonymous_1)
FNDA:1,(anonymous_2)
FNDA:4,(anonymous_3)
FNDA:0,(anonymous_4)
FNDA:7,(anonymous_5)
FNDA:0,(anonymous_6)
FNDA:0,(anonymous_7)
FNDA:6,(anonymous_8)
FNDA:14,(anonymous_9)
DA:10,6
DA:11,1
DA:13,5
DA:14,5
DA:15,5
DA:16,4
DA:21,1
DA:28,4
DA:37,0
DA:41,7
DA:42,1
DA:44,6
DA:45,6
DA:46,1
DA:48,6
DA:49,6
DA:59,0
DA:60,0
DA:61,0
DA:62,0
DA:64,0
DA:71,0
DA:83,6
DA:84,6
DA:85,0
DA:86,0
DA:87,0
DA:89,0
DA:91,6
DA:101,14
LF:30
LH:19
BRDA:9,0,0,2
BRDA:10,1,0,1
BRDA:10,1,1,5
BRDA:41,2,0,1
BRDA:41,2,1,6
BRDA:45,3,0,1
BRDA:45,3,1,5
BRDA:61,4,0,0
BRDA:61,4,1,0
BRDA:82,5,0,0
BRDA:82,6,0,6
BRDA:84,7,0,0
BRDA:84,7,1,6
BRDA:84,8,0,6
BRDA:84,8,1,0
BRDA:86,9,0,0
BRDA:86,9,1,0
BRF:17
BRH:10
end_of_record
TN:
SF:src\dts\collection.js
FN:13,(anonymous_0)
FN:33,(anonymous_1)
FN:45,(anonymous_2)
FN:53,(anonymous_3)
FN:67,(anonymous_4)
FN:68,(anonymous_5)
FN:74,(anonymous_6)
FN:75,(anonymous_7)
FN:81,(anonymous_8)
FN:90,(anonymous_9)
FN:98,(anonymous_10)
FNF:11
FNH:0
FNDA:0,(anonymous_0)
FNDA:0,(anonymous_1)
FNDA:0,(anonymous_2)
FNDA:0,(anonymous_3)
FNDA:0,(anonymous_4)
FNDA:0,(anonymous_5)
FNDA:0,(anonymous_6)
FNDA:0,(anonymous_7)
FNDA:0,(anonymous_8)
FNDA:0,(anonymous_9)
FNDA:0,(anonymous_10)
DA:14,0
DA:15,0
DA:16,0
DA:17,0
DA:18,0
DA:20,0
DA:21,0
DA:23,0
DA:24,0
DA:34,0
DA:35,0
DA:37,0
DA:38,0
DA:46,0
DA:47,0
DA:54,0
DA:68,0
DA:75,0
DA:82,0
DA:83,0
DA:84,0
DA:85,0
DA:87,0
DA:91,0
DA:92,0
DA:93,0
DA:95,0
DA:99,0
DA:106,0
DA:107,0
LF:30
LH:0
BRDA:13,0,0,0
BRDA:23,1,0,0
BRDA:23,1,1,0
BRDA:34,2,0,0
BRDA:34,2,1,0
BRDA:37,3,0,0
BRDA:37,3,1,0
BRDA:46,4,0,0
BRDA:46,4,1,0
BRDA:82,5,0,0
BRDA:82,5,1,0
BRDA:84,6,0,0
BRDA:84,6,1,0
BRDA:91,7,0,0
BRDA:91,7,1,0
BRDA:93,8,0,0
BRDA:93,8,1,0
BRDA:106,9,0,0
BRDA:106,9,1,0
BRDA:106,10,0,0
BRDA:106,10,1,0
BRF:21
BRH:0
end_of_record
TN:
SF:src\dts\resource.js
FN:8,(anonymous_0)
FN:20,(anonymous_1)
FN:28,(anonymous_2)
FN:39,(anonymous_3)
FN:40,(anonymous_4)
FNF:5
FNH:0
FNDA:0,(anonymous_0)
FNDA:0,(anonymous_1)
FNDA:0,(anonymous_2)
FNDA:0,(anonymous_3)
FNDA:0,(anonymous_4)
DA:9,0
DA:10,0
DA:11,0
DA:12,0
DA:21,0
DA:22,0
DA:29,0
DA:40,0
DA:41,0
LF:9
LH:0
BRDA:8,0,0,0
BRDA:20,1,0,0
BRF:2
BRH:0
end_of_record
TN:
SF:src\l10n\l10n.js
FN:7,(anonymous_0)
FN:22,(anonymous_1)
FN:45,(anonymous_2)
FN:64,(anonymous_3)
FN:73,(anonymous_4)
FN:83,(anonymous_5)
FN:95,(anonymous_6)
FNF:7
FNH:0
FNDA:0,(anonymous_0)
FNDA:0,(anonymous_1)
FNDA:0,(anonymous_2)
FNDA:0,(anonymous_3)
FNDA:0,(anonymous_4)
FNDA:0,(anonymous_5)
FNDA:0,(anonymous_6)
DA:8,0
DA:9,0
DA:10,0
DA:24,0
DA:25,0
DA:26,0
DA:28,0
DA:29,0
DA:30,0
DA:32,0
DA:35,0
DA:46,0
DA:47,0
DA:48,0
DA:50,0
DA:51,0
DA:53,0
DA:56,0
DA:65,0
DA:74,0
DA:84,0
DA:96,0
DA:97,0
DA:99,0
LF:24
LH:0
BRDA:24,0,0,0
BRDA:24,0,1,0
BRDA:30,1,0,0
BRDA:30,1,1,0
BRDA:47,2,0,0
BRDA:47,2,1,0
BRDA:51,3,0,0
BRDA:51,3,1,0
BRDA:84,4,0,0
BRDA:84,4,1,0
BRDA:96,5,0,0
BRDA:96,5,1,0
BRF:12
BRH:0
end_of_record
TN:
SF:src\l10n\message-bundle.js
FN:15,(anonymous_0)
FN:15,(anonymous_1)
FN:46,(anonymous_2)
FN:57,(anonymous_3)
FN:69,(anonymous_4)
FN:81,(anonymous_5)
FN:91,(anonymous_6)
FN:111,(anonymous_7)
FN:133,(anonymous_8)
FN:148,(anonymous_9)
FN:163,(anonymous_10)
FN:172,(anonymous_11)
FNF:12
FNH:0
FNDA:0,(anonymous_0)
FNDA:0,(anonymous_1)
FNDA:0,(anonymous_2)
FNDA:0,(anonymous_3)
FNDA:0,(anonymous_4)
FNDA:0,(anonymous_5)
FNDA:0,(anonymous_6)
FNDA:0,(anonymous_7)
FNDA:0,(anonymous_8)
FNDA:0,(anonymous_9)
FNDA:0,(anonymous_10)
FNDA:0,(anonymous_11)
DA:15,0
DA:16,0
DA:17,0
DA:19,0
DA:20,0
DA:23,0
DA:31,0
DA:33,0
DA:35,0
DA:36,0
DA:47,0
DA:48,0
DA:58,0
DA:59,0
DA:70,0
DA:71,0
DA:72,0
DA:82,0
DA:92,0
DA:112,0
DA:115,0
DA:116,0
DA:117,0
DA:120,0
DA:134,0
DA:135,0
DA:149,0
DA:150,0
DA:153,0
DA:164,0
DA:173,0
LF:31
LH:0
BRDA:15,0,0,0
BRDA:16,1,0,0
BRDA:16,1,1,0
BRDA:19,2,0,0
BRDA:19,2,1,0
BRDA:35,3,0,0
BRDA:35,3,1,0
BRDA:58,4,0,0
BRDA:58,4,1,0
BRDA:111,5,0,0
BRDA:111,6,0,0
BRDA:116,7,0,0
BRDA:116,7,1,0
BRDA:120,8,0,0
BRDA:120,8,1,0
BRDA:133,9,0,0
BRDA:148,10,0,0
BRDA:149,11,0,0
BRDA:149,11,1,0
BRDA:164,12,0,0
BRDA:164,12,1,0
BRF:21
BRH:0
end_of_record
TN:
SF:src\l10n\message.js
FN:17,(anonymous_0)
FN:42,(anonymous_1)
FN:57,(anonymous_2)
FN:76,(anonymous_3)
FNF:4
FNH:0
FNDA:0,(anonymous_0)
FNDA:0,(anonymous_1)
FNDA:0,(anonymous_2)
FNDA:0,(anonymous_3)
DA:18,0
DA:19,0
DA:21,0
DA:22,0
DA:25,0
DA:26,0
DA:28,0
DA:29,0
DA:30,0
DA:33,0
DA:34,0
DA:43,0
DA:58,0
DA:59,0
DA:61,0
DA:63,0
DA:77,0
LF:17
LH:0
BRDA:18,0,0,0
BRDA:18,0,1,0
BRDA:21,1,0,0
BRDA:21,1,1,0
BRDA:34,2,0,0
BRDA:34,2,1,0
BRDA:58,3,0,0
BRDA:58,3,1,0
BRDA:58,4,0,0
BRDA:58,4,1,0
BRDA:63,5,0,0
BRDA:63,5,1,0
BRDA:77,6,0,0
BRDA:77,6,1,0
BRF:14
BRH:0
end_of_record
TN:
SF:src\languages\greek-chars.js
FN:2,(anonymous_0)
FNF:1
FNH:1
FNDA:2,(anonymous_0)
DA:3,2
LF:1
LH:1
BRF:0
BRH:0
end_of_record
TN:
SF:src\logging\logger.js
FN:17,(anonymous_0)
FN:31,(anonymous_1)
FN:53,(anonymous_2)
FN:58,(anonymous_3)
FN:63,(anonymous_4)
FN:68,(anonymous_5)
FN:73,(anonymous_6)
FN:78,(anonymous_7)
FN:83,(anonymous_8)
FN:88,(anonymous_9)
FN:93,(anonymous_10)
FN:98,(anonymous_11)
FN:108,(anonymous_12)
FN:120,(anonymous_13)
FN:132,(anonymous_14)
FNF:15
FNH:9
FNDA:8,(anonymous_0)
FNDA:25,(anonymous_1)
FNDA:8,(anonymous_2)
FNDA:0,(anonymous_3)
FNDA:0,(anonymous_4)
FNDA:4,(anonymous_5)
FNDA:4,(anonymous_6)
FNDA:0,(anonymous_7)
FNDA:0,(anonymous_8)
FNDA:0,(anonymous_9)
FNDA:0,(anonymous_10)
FNDA:3,(anonymous_11)
FNDA:10,(anonymous_12)
FNDA:2,(anonymous_13)
FNDA:2,(anonymous_14)
DA:18,8
DA:19,8
DA:20,8
DA:32,25
DA:33,8
DA:37,17
DA:38,0
DA:39,0
DA:41,17
DA:42,0
DA:43,0
DA:45,17
DA:46,0
DA:47,0
DA:50,25
DA:54,8
DA:55,8
DA:59,0
DA:60,0
DA:64,0
DA:65,0
DA:69,4
DA:70,4
DA:74,4
DA:75,4
DA:79,0
DA:80,0
DA:84,0
DA:85,0
DA:89,0
DA:90,0
DA:94,0
DA:95,0
DA:99,3
DA:100,3
DA:102,3
DA:103,3
DA:104,0
DA:109,10
DA:110,1
DA:111,1
DA:113,1
DA:114,1
DA:115,0
DA:121,2
DA:122,1
DA:123,1
DA:125,1
DA:126,1
DA:127,0
DA:133,2
DA:134,1
DA:135,1
DA:137,1
DA:138,1
DA:139,0
LF:56
LH:34
BRDA:17,0,0,0
BRDA:17,1,0,5
BRDA:17,2,0,8
BRDA:17,3,0,8
BRDA:31,4,0,22
BRDA:32,5,0,8
BRDA:32,5,1,17
BRDA:37,6,0,0
BRDA:37,6,1,17
BRDA:41,7,0,0
BRDA:41,7,1,17
BRDA:45,8,0,0
BRDA:45,8,1,17
BRDA:99,9,0,3
BRDA:99,9,1,0
BRDA:99,10,0,3
BRDA:99,10,1,3
BRDA:99,10,2,3
BRDA:99,10,3,3
BRDA:103,11,0,0
BRDA:103,11,1,3
BRDA:109,12,0,1
BRDA:109,12,1,9
BRDA:110,13,0,1
BRDA:110,13,1,0
BRDA:110,14,0,1
BRDA:110,14,1,1
BRDA:110,14,2,1
BRDA:110,14,3,1
BRDA:114,15,0,0
BRDA:114,15,1,1
BRDA:121,16,0,1
BRDA:121,16,1,1
BRDA:122,17,0,1
BRDA:122,17,1,0
BRDA:122,18,0,1
BRDA:122,18,1,1
BRDA:122,18,2,1
BRDA:122,18,3,1
BRDA:126,19,0,0
BRDA:126,19,1,1
BRDA:133,20,0,1
BRDA:133,20,1,1
BRDA:134,21,0,1
BRDA:134,21,1,0
BRDA:134,22,0,1
BRDA:134,22,1,1
BRDA:134,22,2,1
BRDA:134,22,3,1
BRDA:138,23,0,0
BRDA:138,23,1,1
BRF:51
BRH:39
end_of_record
TN:
SF:src\options\option-item.js
FN:7,(anonymous_0)
FN:25,(anonymous_1)
FN:26,(anonymous_2)
FN:38,(anonymous_3)
FN:55,(anonymous_4)
FN:59,(anonymous_5)
FN:64,(anonymous_6)
FN:70,(anonymous_7)
FN:85,(anonymous_8)
FN:88,(anonymous_9)
FN:91,(anonymous_10)
FN:100,(anonymous_11)
FN:105,(anonymous_12)
FN:108,(anonymous_13)
FN:118,(anonymous_14)
FNF:15
FNH:12
FNDA:13,(anonymous_0)
FNDA:1,(anonymous_1)
FNDA:4,(anonymous_2)
FNDA:2,(anonymous_3)
FNDA:2,(anonymous_4)
FNDA:1,(anonymous_5)
FNDA:3,(anonymous_6)
FNDA:2,(anonymous_7)
FNDA:0,(anonymous_8)
FNDA:0,(anonymous_9)
FNDA:0,(anonymous_10)
FNDA:7,(anonymous_11)
FNDA:1,(anonymous_12)
FNDA:1,(anonymous_13)
FNDA:1,(anonymous_14)
DA:8,13
DA:9,1
DA:11,12
DA:12,1
DA:14,11
DA:15,1
DA:17,10
DA:18,21
DA:20,10
DA:21,10
DA:22,10
DA:26,4
DA:39,2
DA:40,2
DA:41,8
DA:42,4
DA:43,2
DA:44,2
DA:47,4
DA:48,1
DA:52,2
DA:56,2
DA:60,1
DA:61,1
DA:65,3
DA:66,3
DA:67,3
DA:71,2
DA:72,2
DA:73,10
DA:74,5
DA:75,10
DA:78,5
DA:81,2
DA:82,2
DA:86,0
DA:87,0
DA:92,0
DA:101,7
DA:102,7
DA:104,7
DA:109,1
DA:119,1
DA:120,1
LF:44
LH:41
BRDA:8,0,0,1
BRDA:8,0,1,12
BRDA:11,1,0,1
BRDA:11,1,1,11
BRDA:14,2,0,1
BRDA:14,2,1,10
BRDA:38,3,0,0
BRDA:41,4,0,4
BRDA:41,4,1,4
BRDA:42,5,0,2
BRDA:42,5,1,2
BRDA:43,6,0,2
BRDA:43,6,1,0
BRDA:47,7,0,1
BRDA:47,7,1,3
BRDA:48,8,0,1
BRDA:48,8,1,0
BRDA:71,9,0,1
BRDA:71,9,1,1
BRDA:73,10,0,5
BRDA:73,10,1,5
BRDA:75,11,0,2
BRDA:75,11,1,8
BRDA:78,12,0,1
BRDA:78,12,1,4
BRF:25
BRH:22
end_of_record
TN:
SF:src\options\options.js
FN:17,(anonymous_0)
FN:32,(anonymous_1)
FN:52,(anonymous_2)
FN:57,(anonymous_3)
FN:67,(anonymous_4)
FN:75,(anonymous_5)
FN:112,(anonymous_6)
FN:125,(anonymous_7)
FN:146,(anonymous_8)
FN:148,(anonymous_9)
FN:161,(anonymous_10)
FN:162,(anonymous_11)
FN:174,(anonymous_12)
FN:179,(anonymous_13)
FNF:14
FNH:0
FNDA:0,(anonymous_0)
FNDA:0,(anonymous_1)
FNDA:0,(anonymous_2)
FNDA:0,(anonymous_3)
FNDA:0,(anonymous_4)
FNDA:0,(anonymous_5)
FNDA:0,(anonymous_6)
FNDA:0,(anonymous_7)
FNDA:0,(anonymous_8)
FNDA:0,(anonymous_9)
FNDA:0,(anonymous_10)
FNDA:0,(anonymous_11)
FNDA:0,(anonymous_12)
FNDA:0,(anonymous_13)
DA:18,0
DA:19,0
DA:21,0
DA:22,0
DA:25,0
DA:26,0
DA:27,0
DA:28,0
DA:29,0
DA:33,0
DA:34,0
DA:35,0
DA:36,0
DA:37,0
DA:38,0
DA:39,0
DA:42,0
DA:43,0
DA:46,0
DA:53,0
DA:54,0
DA:58,0
DA:68,0
DA:69,0
DA:70,0
DA:71,0
DA:73,0
DA:74,0
DA:75,0
DA:76,0
DA:77,0
DA:78,0
DA:80,0
DA:85,0
DA:86,0
DA:89,0
DA:94,0
DA:96,0
DA:98,0
DA:113,0
DA:114,0
DA:115,0
DA:117,0
DA:126,0
DA:128,0
DA:129,0
DA:136,0
DA:138,0
DA:147,0
DA:148,0
DA:149,0
DA:150,0
DA:153,0
DA:162,0
DA:163,0
DA:164,0
DA:175,0
DA:177,0
DA:178,0
DA:179,0
DA:180,0
DA:182,0
DA:183,0
DA:187,0
LF:64
LH:0
BRDA:18,0,0,0
BRDA:18,0,1,0
BRDA:18,1,0,0
BRDA:18,1,1,0
BRDA:18,1,2,0
BRDA:18,1,3,0
BRDA:21,2,0,0
BRDA:21,2,1,0
BRDA:35,3,0,0
BRDA:35,3,1,0
BRDA:73,4,0,0
BRDA:73,4,1,0
BRDA:73,5,0,0
BRDA:73,5,1,0
BRDA:74,6,0,0
BRDA:74,6,1,0
BRDA:76,7,0,0
BRDA:76,7,1,0
BRDA:112,8,0,0
BRDA:114,9,0,0
BRDA:114,9,1,0
BRDA:149,10,0,0
BRDA:149,10,1,0
BRDA:163,11,0,0
BRDA:163,11,1,0
BRDA:163,12,0,0
BRDA:163,12,1,0
BRDA:163,12,2,0
BRDA:182,13,0,0
BRDA:182,13,1,0
BRF:30
BRH:0
end_of_record
TN:
SF:src\ps-events\ps-event-data.js
FN:19,(anonymous_0)
FN:33,(anonymous_1)
FNF:2
FNH:2
FNDA:15,(anonymous_0)
FNDA:2,(anonymous_1)
DA:20,15
DA:21,15
DA:22,15
DA:34,2
LF:4
LH:4
BRDA:19,0,0,4
BRDA:34,1,0,1
BRDA:34,1,1,1
BRF:3
BRH:3
end_of_record
TN:
SF:src\ps-events\ps-event.js
FN:13,(anonymous_0)
FN:51,(anonymous_1)
FN:62,(anonymous_2)
FN:65,(anonymous_3)
FN:77,(anonymous_4)
FN:78,(anonymous_5)
FN:84,(anonymous_6)
FNF:7
FNH:7
FNDA:10,(anonymous_0)
FNDA:6,(anonymous_1)
FNDA:16,(anonymous_2)
FNDA:1,(anonymous_3)
FNDA:4,(anonymous_4)
FNDA:8,(anonymous_5)
FNDA:1,(anonymous_6)
DA:19,10
DA:26,10
DA:33,10
DA:52,6
DA:63,16
DA:64,16
DA:65,16
DA:66,1
DA:78,8
DA:85,1
LF:10
LH:10
BRDA:77,0,0,2
BRDA:77,1,0,3
BRF:2
BRH:2
end_of_record
TN:
SF:src\state\tab-script.js
FN:10,(anonymous_0)
FN:23,(anonymous_1)
FN:29,(anonymous_2)
FN:33,(anonymous_3)
FN:37,(anonymous_4)
FN:41,(anonymous_5)
FN:49,(anonymous_6)
FN:94,(anonymous_7)
FN:98,(anonymous_8)
FN:102,(anonymous_9)
FN:112,(anonymous_10)
FN:121,(anonymous_11)
FN:129,(anonymous_12)
FN:136,(anonymous_13)
FN:162,(anonymous_14)
FN:176,(anonymous_15)
FN:184,(anonymous_16)
FN:188,(anonymous_17)
FN:193,(anonymous_18)
FN:198,(anonymous_19)
FN:206,(anonymous_20)
FN:210,(anonymous_21)
FN:214,(anonymous_22)
FN:219,(anonymous_23)
FN:224,(anonymous_24)
FN:229,(anonymous_25)
FN:233,(anonymous_26)
FN:240,(anonymous_27)
FN:245,(anonymous_28)
FN:249,(anonymous_29)
FN:253,(anonymous_30)
FN:257,(anonymous_31)
FN:261,(anonymous_32)
FN:265,(anonymous_33)
FN:269,(anonymous_34)
FN:273,(anonymous_35)
FN:278,(anonymous_36)
FN:283,(anonymous_37)
FN:288,(anonymous_38)
FN:293,(anonymous_39)
FN:298,(anonymous_40)
FN:314,(anonymous_41)
FN:341,(anonymous_42)
FN:345,(anonymous_43)
FN:349,(anonymous_44)
FN:353,(anonymous_45)
FN:368,(anonymous_46)
FN:387,(anonymous_47)
FNF:48
FNH:0
FNDA:0,(anonymous_0)
FNDA:0,(anonymous_1)
FNDA:0,(anonymous_2)
FNDA:0,(anonymous_3)
FNDA:0,(anonymous_4)
FNDA:0,(anonymous_5)
FNDA:0,(anonymous_6)
FNDA:0,(anonymous_7)
FNDA:0,(anonymous_8)
FNDA:0,(anonymous_9)
FNDA:0,(anonymous_10)
FNDA:0,(anonymous_11)
FNDA:0,(anonymous_12)
FNDA:0,(anonymous_13)
FNDA:0,(anonymous_14)
FNDA:0,(anonymous_15)
FNDA:0,(anonymous_16)
FNDA:0,(anonymous_17)
FNDA:0,(anonymous_18)
FNDA:0,(anonymous_19)
FNDA:0,(anonymous_20)
FNDA:0,(anonymous_21)
FNDA:0,(anonymous_22)
FNDA:0,(anonymous_23)
FNDA:0,(anonymous_24)
FNDA:0,(anonymous_25)
FNDA:0,(anonymous_26)
FNDA:0,(anonymous_27)
FNDA:0,(anonymous_28)
FNDA:0,(anonymous_29)
FNDA:0,(anonymous_30)
FNDA:0,(anonymous_31)
FNDA:0,(anonymous_32)
FNDA:0,(anonymous_33)
FNDA:0,(anonymous_34)
FNDA:0,(anonymous_35)
FNDA:0,(anonymous_36)
FNDA:0,(anonymous_37)
FNDA:0,(anonymous_38)
FNDA:0,(anonymous_39)
FNDA:0,(anonymous_40)
FNDA:0,(anonymous_41)
FNDA:0,(anonymous_42)
FNDA:0,(anonymous_43)
FNDA:0,(anonymous_44)
FNDA:0,(anonymous_45)
FNDA:0,(anonymous_46)
FNDA:0,(anonymous_47)
DA:11,0
DA:12,0
DA:13,0
DA:14,0
DA:15,0
DA:16,0
DA:17,0
DA:18,0
DA:20,0
DA:24,0
DA:25,0
DA:26,0
DA:30,0
DA:34,0
DA:38,0
DA:42,0
DA:50,0
DA:95,0
DA:99,0
DA:103,0
DA:113,0
DA:122,0
DA:123,0
DA:124,0
DA:126,0
DA:130,0
DA:137,0
DA:163,0
DA:164,0
DA:177,0
DA:178,0
DA:179,0
DA:181,0
DA:185,0
DA:189,0
DA:190,0
DA:194,0
DA:195,0
DA:199,0
DA:200,0
DA:202,0
DA:207,0
DA:211,0
DA:215,0
DA:216,0
DA:220,0
DA:221,0
DA:225,0
DA:226,0
DA:230,0
DA:234,0
DA:241,0
DA:242,0
DA:246,0
DA:250,0
DA:254,0
DA:258,0
DA:262,0
DA:266,0
DA:270,0
DA:274,0
DA:275,0
DA:279,0
DA:280,0
DA:284,0
DA:285,0
DA:289,0
DA:290,0
DA:294,0
DA:295,0
DA:299,0
DA:300,0
DA:301,0
DA:304,0
DA:315,0
DA:322,0
DA:323,0
DA:324,0
DA:325,0
DA:328,0
DA:330,0
DA:331,0
DA:332,0
DA:333,0
DA:334,0
DA:335,0
DA:341,0
DA:342,0
DA:345,0
DA:346,0
DA:349,0
DA:350,0
DA:353,0
DA:354,0
DA:356,0
DA:369,0
DA:370,0
DA:371,0
DA:373,0
DA:374,0
DA:380,0
DA:381,0
DA:384,0
DA:388,0
DA:389,0
DA:391,0
DA:393,0
DA:394,0
DA:398,0
DA:400,0
DA:401,0
DA:405,0
DA:406,0
DA:408,0
LF:114
LH:0
BRDA:12,0,0,0
BRDA:12,0,1,0
BRDA:178,1,0,0
BRDA:178,1,1,0
BRDA:178,2,0,0
BRDA:178,2,1,0
BRDA:199,3,0,0
BRDA:199,3,1,0
BRDA:235,4,0,0
BRDA:235,4,1,0
BRDA:300,5,0,0
BRDA:300,5,1,0
BRDA:322,6,0,0
BRDA:322,6,1,0
BRDA:330,7,0,0
BRDA:330,7,1,0
BRDA:331,8,0,0
BRDA:331,8,1,0
BRDA:332,9,0,0
BRDA:332,9,1,0
BRDA:332,10,0,0
BRDA:332,10,1,0
BRDA:332,10,2,0
BRDA:370,11,0,0
BRDA:370,11,1,0
BRDA:371,12,0,0
BRDA:371,12,1,0
BRDA:374,13,0,0
BRDA:374,13,1,0
BRDA:381,14,0,0
BRDA:381,14,1,0
BRDA:388,15,0,0
BRDA:388,15,1,0
BRDA:388,16,0,0
BRDA:388,16,1,0
BRDA:388,16,2,0
BRDA:393,17,0,0
BRDA:393,17,1,0
BRDA:400,18,0,0
BRDA:400,18,1,0
BRDA:406,19,0,0
BRDA:406,19,1,0
BRF:42
BRH:0
end_of_record
TN:
SF:src\state\tab.js
FN:2,(anonymous_0)
FN:8,(anonymous_1)
FN:12,(anonymous_2)
FN:16,(anonymous_3)
FN:20,(anonymous_4)
FN:24,(anonymous_5)
FN:29,(anonymous_6)
FN:33,(anonymous_7)
FN:37,(anonymous_8)
FN:41,(anonymous_9)
FNF:10
FNH:0
FNDA:0,(anonymous_0)
FNDA:0,(anonymous_1)
FNDA:0,(anonymous_2)
FNDA:0,(anonymous_3)
FNDA:0,(anonymous_4)
FNDA:0,(anonymous_5)
FNDA:0,(anonymous_6)
FNDA:0,(anonymous_7)
FNDA:0,(anonymous_8)
FNDA:0,(anonymous_9)
DA:3,0
DA:4,0
DA:5,0
DA:9,0
DA:13,0
DA:17,0
DA:21,0
DA:25,0
DA:26,0
DA:30,0
DA:34,0
DA:38,0
DA:42,0
LF:13
LH:0
BRDA:34,0,0,0
BRDA:34,0,1,0
BRF:2
BRH:0
end_of_record
TN:
SF:src\state\ui-state-api.js
FN:11,(anonymous_0)
FN:22,(anonymous_1)
FN:46,(anonymous_2)
FN:60,(anonymous_3)
FN:69,(anonymous_4)
FN:77,(anonymous_5)
FN:85,(anonymous_6)
FN:93,(anonymous_7)
FN:101,(anonymous_8)
FN:109,(anonymous_9)
FN:118,(anonymous_10)
FNF:11
FNH:0
FNDA:0,(anonymous_0)
FNDA:0,(anonymous_1)
FNDA:0,(anonymous_2)
FNDA:0,(anonymous_3)
FNDA:0,(anonymous_4)
FNDA:0,(anonymous_5)
FNDA:0,(anonymous_6)
FNDA:0,(anonymous_7)
FNDA:0,(anonymous_8)
FNDA:0,(anonymous_9)
FNDA:0,(anonymous_10)
DA:17,0
DA:19,0
DA:23,0
DA:47,0
DA:48,0
DA:49,0
DA:51,0
DA:61,0
DA:62,0
DA:70,0
DA:78,0
DA:86,0
DA:94,0
DA:102,0
DA:110,0
DA:119,0
LF:16
LH:0
BRDA:48,0,0,0
BRDA:48,0,1,0
BRDA:48,1,0,0
BRDA:48,1,1,0
BRF:4
BRH:0
end_of_record
TN:
SF:src\storages\defaults-loader.js
FN:4,(anonymous_0)
FNF:1
FNH:1
FNDA:1,(anonymous_0)
DA:5,1
DA:6,1
DA:8,0
DA:9,0
LF:4
LH:2
BRF:0
BRH:0
end_of_record
TN:
SF:src\storages\extension-sync-storage.js
FN:17,(anonymous_0)
FN:32,(anonymous_1)
FN:36,(anonymous_2)
FNF:3
FNH:0
FNDA:0,(anonymous_0)
FNDA:0,(anonymous_1)
FNDA:0,(anonymous_2)
DA:18,0
DA:33,0
DA:37,0
LF:3
LH:0
BRDA:32,0,0,0
BRF:1
BRH:0
end_of_record
TN:
SF:src\storages\local-storage-area.js
FN:16,(anonymous_0)
FN:17,(anonymous_1)
FN:50,(anonymous_2)
FN:51,(anonymous_3)
FN:87,(anonymous_4)
FN:88,(anonymous_5)
FN:125,(anonymous_6)
FN:126,(anonymous_7)
FNF:8
FNH:8
FNDA:6,(anonymous_0)
FNDA:6,(anonymous_1)
FNDA:1,(anonymous_2)
FNDA:1,(anonymous_3)
FNDA:7,(anonymous_4)
FNDA:7,(anonymous_5)
FNDA:1,(anonymous_6)
FNDA:1,(anonymous_7)
DA:17,6
DA:18,6
DA:19,6
DA:20,6
DA:21,4
DA:23,2
DA:25,6
DA:26,8
DA:27,8
DA:28,5
DA:32,6
DA:34,0
DA:36,6
DA:51,1
DA:52,1
DA:53,1
DA:54,1
DA:55,1
DA:56,1
DA:58,1
DA:59,1
DA:61,1
DA:62,1
DA:64,1
DA:67,0
DA:71,0
DA:88,7
DA:89,7
DA:90,7
DA:91,3
DA:92,4
DA:93,1
DA:94,3
DA:95,1
DA:96,2
DA:97,1
DA:99,1
DA:102,7
DA:103,7
DA:105,5
DA:106,5
DA:107,3
DA:110,2
DA:114,7
DA:115,8
DA:118,5
DA:120,2
DA:126,1
DA:127,1
DA:128,1
DA:129,1
DA:130,1
DA:131,1
DA:132,1
DA:133,2
DA:135,1
DA:136,1
DA:139,0
DA:142,0
LF:59
LH:54
BRDA:20,0,0,4
BRDA:20,0,1,2
BRDA:27,1,0,5
BRDA:27,1,1,3
BRDA:53,2,0,1
BRDA:53,2,1,0
BRDA:55,3,0,1
BRDA:55,3,1,0
BRDA:59,4,0,1
BRDA:59,4,1,0
BRDA:87,5,0,3
BRDA:90,6,0,3
BRDA:90,6,1,4
BRDA:92,7,0,1
BRDA:92,7,1,3
BRDA:92,8,0,4
BRDA:92,8,1,1
BRDA:94,9,0,1
BRDA:94,9,1,2
BRDA:96,10,0,1
BRDA:96,10,1,1
BRDA:103,11,0,5
BRDA:103,11,1,2
BRDA:106,12,0,3
BRDA:106,12,1,2
BRDA:130,13,0,1
BRDA:130,13,1,0
BRF:27
BRH:23
end_of_record
TN:
SF:src\storages\remote-auth-storage-area.js
FN:17,(anonymous_0)
FN:45,(anonymous_1)
FN:62,(anonymous_2)
FN:78,(anonymous_3)
FNF:4
FNH:4
FNDA:10,(anonymous_0)
FNDA:2,(anonymous_1)
FNDA:2,(anonymous_2)
FNDA:2,(anonymous_3)
DA:18,10
DA:19,10
DA:23,4
DA:25,6
DA:26,6
DA:46,2
DA:47,2
DA:48,2
DA:49,2
DA:50,1
DA:63,2
DA:64,2
DA:65,2
DA:66,1
DA:68,1
DA:79,2
DA:80,2
DA:81,2
DA:82,1
LF:19
LH:19
BRDA:17,0,0,0
BRDA:17,1,0,1
BRDA:19,2,0,4
BRDA:19,2,1,6
BRDA:19,3,0,10
BRDA:19,3,1,9
BRDA:19,3,2,6
BRDA:19,3,3,6
BRDA:49,4,0,1
BRDA:49,4,1,1
BRDA:65,5,0,1
BRDA:65,5,1,1
BRDA:81,6,0,1
BRDA:81,6,1,1
BRF:14
BRH:13
end_of_record
TN:
SF:src\storages\storage-adapter.js
FN:14,(anonymous_0)
FN:26,(anonymous_1)
FN:27,(anonymous_2)
FN:40,(anonymous_3)
FN:41,(anonymous_4)
FN:53,(anonymous_5)
FN:54,(anonymous_6)
FN:60,(anonymous_7)
FN:61,(anonymous_8)
FNF:9
FNH:7
FNDA:28,(anonymous_0)
FNDA:1,(anonymous_1)
FNDA:1,(anonymous_2)
FNDA:1,(anonymous_3)
FNDA:1,(anonymous_4)
FNDA:1,(anonymous_5)
FNDA:1,(anonymous_6)
FNDA:0,(anonymous_7)
FNDA:0,(anonymous_8)
DA:15,28
DA:27,1
DA:41,1
DA:54,1
DA:61,0
LF:5
LH:4
BRDA:14,0,0,4
BRF:1
BRH:1
end_of_record
TN:
SF:src\storages\temp-storage-area.js
FN:16,(anonymous_0)
FN:17,(anonymous_1)
FN:31,(anonymous_2)
FN:32,(anonymous_3)
FNF:4
FNH:0
FNDA:0,(anonymous_0)
FNDA:0,(anonymous_1)
FNDA:0,(anonymous_2)
FNDA:0,(anonymous_3)
DA:17,0
DA:32,0
LF:2
LH:0
BRDA:31,0,0,0
BRF:1
BRH:0
end_of_record
TN:
SF:src\texts\author.js
FN:10,(anonymous_0)
FN:21,(anonymous_1)
FN:31,(anonymous_2)
FN:48,(anonymous_3)
FNF:4
FNH:4
FNDA:10,(anonymous_0)
FNDA:19,(anonymous_1)
FNDA:12,(anonymous_2)
FNDA:3,(anonymous_3)
DA:11,10
DA:12,10
DA:13,10
DA:22,19
DA:32,12
DA:33,3
DA:34,9
DA:35,8
DA:36,1
DA:37,1
DA:39,0
DA:49,3
DA:50,2
DA:51,1
DA:52,0
DA:53,1
DA:54,1
DA:56,0
LF:18
LH:15
BRDA:32,0,0,3
BRDA:32,0,1,9
BRDA:34,1,0,8
BRDA:34,1,1,1
BRDA:36,2,0,1
BRDA:36,2,1,0
BRDA:49,3,0,2
BRDA:49,3,1,1
BRDA:51,4,0,0
BRDA:51,4,1,1
BRDA:53,5,0,1
BRDA:53,5,1,0
BRF:12
BRH:9
end_of_record
TN:
SF:src\texts\text-work.js
FN:11,(anonymous_0)
FN:23,(anonymous_1)
FN:32,(anonymous_2)
FN:42,(anonymous_3)
FN:59,(anonymous_4)
FNF:5
FNH:4
FNDA:8,(anonymous_0)
FNDA:11,(anonymous_1)
FNDA:0,(anonymous_2)
FNDA:9,(anonymous_3)
FNDA:3,(anonymous_4)
DA:12,8
DA:13,8
DA:14,8
DA:15,8
DA:24,11
DA:33,0
DA:43,9
DA:44,4
DA:45,5
DA:46,4
DA:47,1
DA:48,1
DA:50,0
DA:60,3
DA:61,2
DA:62,1
DA:63,0
DA:64,1
DA:65,1
DA:67,0
LF:20
LH:16
BRDA:43,0,0,4
BRDA:43,0,1,5
BRDA:45,1,0,4
BRDA:45,1,1,1
BRDA:47,2,0,1
BRDA:47,2,1,0
BRDA:60,3,0,2
BRDA:60,3,1,1
BRDA:62,4,0,0
BRDA:62,4,1,1
BRDA:64,5,0,1
BRDA:64,5,1,0
BRF:12
BRH:9
end_of_record
TN:
SF:src\texts\word-usage-example.js
FN:5,(anonymous_0)
FN:16,(anonymous_1)
FN:25,(anonymous_2)
FN:35,(anonymous_3)
FN:51,(anonymous_4)
FN:55,(anonymous_5)
FN:59,(anonymous_6)
FN:63,(anonymous_7)
FN:71,(anonymous_8)
FN:79,(anonymous_9)
FN:81,(anonymous_10)
FN:85,(anonymous_11)
FNF:12
FNH:11
FNDA:10,(anonymous_0)
FNDA:0,(anonymous_1)
FNDA:4,(anonymous_2)
FNDA:10,(anonymous_3)
FNDA:6,(anonymous_4)
FNDA:6,(anonymous_5)
FNDA:8,(anonymous_6)
FNDA:2,(anonymous_7)
FNDA:2,(anonymous_8)
FNDA:1,(anonymous_9)
FNDA:4,(anonymous_10)
FNDA:1,(anonymous_11)
DA:6,10
DA:7,10
DA:8,10
DA:9,10
DA:10,10
DA:11,10
DA:12,10
DA:13,10
DA:17,0
DA:26,4
DA:36,10
DA:37,2
DA:39,8
DA:40,8
DA:41,6
DA:43,2
DA:44,2
DA:45,2
DA:48,8
DA:52,6
DA:56,6
DA:60,8
DA:64,2
DA:65,1
DA:67,1
DA:72,2
DA:73,1
DA:75,1
DA:80,1
DA:81,4
DA:82,1
DA:86,1
DA:87,1
LF:33
LH:32
BRDA:36,0,0,2
BRDA:36,0,1,8
BRDA:36,1,0,10
BRDA:36,1,1,3
BRDA:36,1,2,3
BRDA:40,2,0,6
BRDA:40,2,1,2
BRDA:43,3,0,2
BRDA:43,3,1,0
BRDA:44,4,0,2
BRDA:44,4,1,0
BRDA:52,5,0,5
BRDA:52,5,1,1
BRDA:56,6,0,2
BRDA:56,6,1,4
BRDA:64,7,0,1
BRDA:64,7,1,1
BRDA:72,8,0,1
BRDA:72,8,1,1
BRF:19
BRH:17
end_of_record
TN:
SF:src\w3c\text-quote-selector.js
FN:7,(anonymous_0)
FN:19,(anonymous_1)
FN:28,(anonymous_2)
FN:38,(anonymous_3)
FN:51,(anonymous_4)
FNF:5
FNH:2
FNDA:13,(anonymous_0)
FNDA:0,(anonymous_1)
FNDA:0,(anonymous_2)
FNDA:3,(anonymous_3)
FNDA:0,(anonymous_4)
DA:8,13
DA:9,13
DA:10,13
DA:11,13
DA:12,13
DA:13,13
DA:14,13
DA:15,13
DA:16,13
DA:20,0
DA:21,0
DA:22,0
DA:24,0
DA:25,0
DA:30,0
DA:31,0
DA:32,0
DA:33,0
DA:34,0
DA:35,0
DA:39,3
DA:40,3
DA:42,3
DA:43,3
DA:45,3
DA:52,0
LF:26
LH:14
BRDA:7,0,0,13
BRDA:7,1,0,13
BRDA:7,2,0,13
BRDA:45,3,0,3
BRDA:45,3,1,2
BRDA:45,3,2,1
BRDA:45,3,3,1
BRF:7
BRH:7
end_of_record
