TN:
SF:/home/balmas/workspace/data-models/src/arabic_language_model.js
FN:11,(anonymous_0)
FN:22,(anonymous_1)
FN:26,(anonymous_2)
FN:30,(anonymous_3)
FN:35,(anonymous_4)
FN:39,(anonymous_5)
FN:48,(anonymous_6)
FN:56,(anonymous_7)
FN:63,(anonymous_8)
FN:95,(anonymous_9)
FNF:10
FNH:8
FNDA:2,(anonymous_0)
FNDA:2,(anonymous_1)
FNDA:74,(anonymous_2)
FNDA:220,(anonymous_3)
FNDA:2,(anonymous_4)
FNDA:2,(anonymous_5)
FNDA:218,(anonymous_6)
FNDA:0,(anonymous_7)
FNDA:1,(anonymous_8)
FNDA:0,(anonymous_9)
DA:12,2
DA:13,2
DA:14,2
DA:15,2
DA:16,2
DA:17,2
DA:18,2
DA:19,2
DA:23,2
DA:27,74
DA:31,220
DA:36,2
DA:40,2
DA:49,218
DA:57,0
DA:65,1
DA:67,1
DA:69,1
DA:71,1
DA:73,1
DA:75,1
DA:76,1
DA:84,1
DA:85,0
DA:87,1
DA:96,0
LF:26
LH:23
BRDA:63,0,0,1
BRDA:63,1,0,1
BRDA:63,2,0,1
BRDA:84,3,0,0
BRDA:84,3,1,1
BRDA:84,4,0,1
BRDA:84,4,1,0
BRF:7
BRH:5
end_of_record
TN:
SF:/home/balmas/workspace/data-models/src/constants.js
FNF:0
FNH:0
DA:2,13
DA:3,13
DA:4,13
DA:5,13
DA:6,13
DA:7,13
DA:8,13
DA:9,13
DA:10,13
DA:11,13
DA:12,13
DA:13,13
DA:14,13
DA:15,13
DA:16,13
DA:17,13
DA:18,13
DA:20,13
DA:21,13
DA:22,13
DA:23,13
DA:24,13
DA:25,13
DA:26,13
DA:27,13
DA:28,13
DA:29,13
DA:30,13
DA:31,13
DA:32,13
DA:33,13
DA:34,13
DA:35,13
DA:36,13
DA:38,13
DA:39,13
DA:40,13
DA:41,13
DA:42,13
DA:43,13
DA:45,13
DA:46,13
DA:47,13
DA:49,13
DA:50,13
DA:51,13
DA:53,13
DA:54,13
DA:55,13
DA:56,13
DA:57,13
DA:58,13
DA:59,13
DA:60,13
DA:61,13
DA:62,13
DA:63,13
DA:64,13
DA:65,13
DA:66,13
DA:67,13
DA:68,13
DA:69,13
DA:70,13
DA:71,13
DA:72,13
DA:73,13
DA:74,13
DA:75,13
DA:76,13
DA:77,13
DA:78,13
DA:79,13
DA:80,13
DA:81,13
DA:82,13
DA:83,13
DA:84,13
DA:85,13
DA:86,13
DA:87,13
DA:88,13
DA:89,13
DA:90,13
DA:91,13
DA:92,13
DA:93,13
DA:94,13
DA:95,13
DA:96,13
DA:97,13
DA:98,13
DA:99,13
DA:100,13
DA:101,13
DA:102,13
DA:103,13
DA:104,13
DA:105,13
DA:106,13
DA:107,13
DA:108,13
DA:109,13
DA:110,13
DA:111,13
DA:112,13
DA:113,13
DA:114,13
DA:115,13
DA:116,13
DA:117,13
DA:118,13
DA:119,13
DA:120,13
DA:121,13
DA:122,13
DA:123,13
DA:124,13
DA:125,13
DA:126,13
DA:127,13
DA:128,13
DA:129,13
DA:130,13
DA:131,13
DA:132,13
DA:133,13
DA:134,13
DA:135,13
DA:136,13
DA:137,13
DA:138,13
DA:139,13
DA:140,13
DA:141,13
DA:142,13
DA:143,13
DA:144,13
DA:145,13
DA:146,13
DA:147,13
DA:148,13
DA:149,13
DA:150,13
DA:151,13
DA:152,13
DA:153,13
DA:154,13
DA:155,13
DA:156,13
DA:157,13
DA:158,13
DA:159,13
DA:160,13
DA:161,13
DA:162,13
DA:163,13
DA:164,13
DA:165,13
DA:166,13
DA:167,13
DA:168,13
DA:169,13
DA:170,13
DA:171,13
DA:172,13
DA:173,13
DA:174,13
DA:175,13
DA:176,13
DA:177,13
DA:178,13
DA:179,13
DA:180,13
DA:181,13
DA:182,13
DA:183,13
DA:184,13
DA:185,13
DA:186,13
DA:187,13
DA:188,13
DA:189,13
DA:190,13
DA:191,13
DA:192,13
DA:193,13
DA:194,13
DA:195,13
DA:196,13
DA:197,13
DA:198,13
DA:199,13
DA:200,13
DA:201,13
DA:202,13
DA:203,13
LF:197
LH:197
BRF:0
BRH:0
end_of_record
TN:
SF:/home/balmas/workspace/data-models/src/definition-set.js
FN:4,(anonymous_0)
FN:17,(anonymous_1)
FN:35,(anonymous_2)
FN:49,(anonymous_3)
FNF:4
FNH:1
FNDA:3,(anonymous_0)
FNDA:0,(anonymous_1)
FNDA:0,(anonymous_2)
FNDA:0,(anonymous_3)
DA:5,3
DA:6,3
DA:8,3
DA:9,3
DA:18,0
DA:20,0
DA:21,0
DA:23,0
DA:24,0
DA:27,0
DA:37,0
DA:38,0
DA:39,0
DA:41,0
DA:51,0
DA:52,0
DA:53,0
DA:55,0
LF:18
LH:4
BRDA:37,0,0,0
BRDA:37,0,1,0
BRDA:38,1,0,0
BRDA:38,1,1,0
BRDA:51,2,0,0
BRDA:51,2,1,0
BRDA:52,3,0,0
BRDA:52,3,1,0
BRF:8
BRH:0
end_of_record
TN:
SF:/home/balmas/workspace/data-models/src/definition.js
FN:2,(anonymous_0)
FN:9,(anonymous_1)
FNF:2
FNH:1
FNDA:1,(anonymous_0)
FNDA:0,(anonymous_1)
DA:3,1
DA:4,1
DA:5,1
DA:6,1
DA:10,0
LF:5
LH:4
BRF:0
BRH:0
end_of_record
TN:
SF:/home/balmas/workspace/data-models/src/feature.js
FN:15,(anonymous_0)
FN:36,(anonymous_1)
FN:42,(anonymous_2)
FN:56,(anonymous_3)
FN:68,(anonymous_4)
FN:80,(anonymous_5)
FN:82,(anonymous_6)
FNF:7
FNH:4
FNDA:526,(anonymous_0)
FNDA:0,(anonymous_1)
FNDA:0,(anonymous_2)
FNDA:16,(anonymous_3)
FNDA:39,(anonymous_4)
FNDA:1,(anonymous_5)
FNDA:0,(anonymous_6)
DA:16,526
DA:17,3
DA:19,523
DA:20,0
DA:22,523
DA:23,0
DA:25,523
DA:26,1
DA:28,522
DA:29,522
DA:30,522
DA:31,522
DA:32,522
DA:33,522
DA:37,0
DA:38,0
DA:39,0
DA:41,0
DA:42,0
DA:43,0
DA:45,0
DA:47,0
DA:57,16
DA:58,3
DA:60,13
DA:69,39
DA:70,1
DA:72,38
DA:81,1
DA:82,0
DA:84,1
DA:89,13
DA:119,682
DA:120,682
LF:34
LH:23
BRDA:15,0,0,515
BRDA:16,1,0,3
BRDA:16,1,1,523
BRDA:19,2,0,0
BRDA:19,2,1,523
BRDA:22,3,0,0
BRDA:22,3,1,523
BRDA:25,4,0,1
BRDA:25,4,1,522
BRDA:37,5,0,0
BRDA:37,5,1,0
BRDA:38,6,0,0
BRDA:38,6,1,0
BRDA:38,7,0,0
BRDA:38,7,1,0
BRDA:41,8,0,0
BRDA:41,8,1,0
BRDA:42,9,0,0
BRDA:42,9,1,0
BRDA:47,10,0,0
BRDA:47,10,1,0
BRDA:47,10,2,0
BRDA:57,11,0,3
BRDA:57,11,1,13
BRDA:69,12,0,1
BRDA:69,12,1,38
BRDA:80,13,0,0
BRDA:81,14,0,0
BRDA:81,14,1,1
BRF:29
BRH:12
end_of_record
TN:
SF:/home/balmas/workspace/data-models/src/feature_importer.js
FN:2,(anonymous_0)
FN:16,(anonymous_1)
FN:34,(anonymous_2)
FN:43,(anonymous_3)
FNF:4
FNH:4
FNDA:8,(anonymous_0)
FNDA:10,(anonymous_1)
FNDA:3,(anonymous_2)
FNDA:2,(anonymous_3)
DA:3,8
DA:4,8
DA:5,0
DA:7,8
DA:17,10
DA:18,0
DA:21,10
DA:22,1
DA:25,9
DA:26,9
DA:35,3
DA:44,2
DA:45,1
DA:47,1
LF:14
LH:12
BRDA:2,0,0,8
BRDA:17,1,0,0
BRDA:17,1,1,10
BRDA:21,2,0,1
BRDA:21,2,1,9
BRDA:44,3,0,1
BRDA:44,3,1,1
BRF:7
BRH:6
end_of_record
TN:
SF:/home/balmas/workspace/data-models/src/feature_type.js
FN:25,(anonymous_0)
FN:64,(anonymous_1)
FN:75,(anonymous_2)
FN:83,(anonymous_3)
FN:100,(anonymous_4)
FN:116,(anonymous_5)
FN:117,(anonymous_6)
FN:132,(anonymous_7)
FN:142,(anonymous_8)
FN:157,(anonymous_9)
FNF:10
FNH:9
FNDA:156,(anonymous_0)
FNDA:1,(anonymous_1)
FNDA:2,(anonymous_2)
FNDA:0,(anonymous_3)
FNDA:4,(anonymous_4)
FNDA:1,(anonymous_5)
FNDA:3,(anonymous_6)
FNDA:5,(anonymous_7)
FNDA:1,(anonymous_8)
FNDA:6,(anonymous_9)
DA:26,156
DA:27,1
DA:29,155
DA:30,1
DA:32,154
DA:33,0
DA:36,154
DA:37,154
DA:43,154
DA:44,154
DA:46,154
DA:47,475
DA:48,475
DA:49,1
DA:50,2
DA:51,2
DA:54,474
DA:55,474
DA:65,1
DA:76,2
DA:77,1
DA:79,1
DA:85,0
DA:86,0
DA:89,0
DA:91,0
DA:101,4
DA:102,1
DA:104,3
DA:105,3
DA:106,3
DA:117,3
DA:133,5
DA:143,1
DA:158,6
DA:159,2
DA:163,4
DA:164,0
DA:167,4
DA:168,6
DA:169,1
DA:170,2
DA:171,0
DA:174,2
DA:175,0
DA:178,2
DA:179,0
DA:183,5
DA:184,1
DA:187,4
DA:188,1
DA:191,3
DA:192,1
DA:198,1
DA:199,1
DA:202,1
DA:203,3
DA:205,1
DA:206,1
DA:207,2
DA:208,2
DA:210,1
DA:213,2
DA:214,2
DA:219,13
LF:65
LH:56
BRDA:26,0,0,1
BRDA:26,0,1,155
BRDA:29,1,0,1
BRDA:29,1,1,154
BRDA:29,2,0,155
BRDA:29,2,1,155
BRDA:32,3,0,0
BRDA:32,3,1,154
BRDA:48,4,0,1
BRDA:48,4,1,474
BRDA:65,5,0,1
BRDA:65,5,1,1
BRDA:75,6,0,2
BRDA:76,7,0,1
BRDA:76,7,1,1
BRDA:101,8,0,1
BRDA:101,8,1,3
BRDA:104,9,0,3
BRDA:104,9,1,1
BRDA:105,10,0,3
BRDA:105,10,1,1
BRDA:158,11,0,2
BRDA:158,11,1,4
BRDA:158,12,0,6
BRDA:158,12,1,5
BRDA:158,12,2,5
BRDA:163,13,0,0
BRDA:163,13,1,4
BRDA:168,14,0,1
BRDA:168,14,1,5
BRDA:170,15,0,0
BRDA:170,15,1,2
BRDA:174,16,0,0
BRDA:174,16,1,2
BRDA:178,17,0,0
BRDA:178,17,1,2
BRDA:183,18,0,1
BRDA:183,18,1,4
BRDA:187,19,0,1
BRDA:187,19,1,3
BRDA:191,20,0,1
BRDA:191,20,1,2
BRDA:203,21,0,1
BRDA:203,21,1,2
BRF:44
BRH:39
end_of_record
TN:
SF:/home/balmas/workspace/data-models/src/greek_language_model.js
FN:13,(anonymous_0)
FN:24,(anonymous_1)
FN:63,(anonymous_2)
FN:67,(anonymous_3)
FN:76,(anonymous_4)
FN:81,(anonymous_5)
FN:85,(anonymous_6)
FN:93,(anonymous_7)
FN:104,(anonymous_8)
FN:112,(anonymous_9)
FN:160,(anonymous_10)
FNF:11
FNH:9
FNDA:3,(anonymous_0)
FNDA:3,(anonymous_1)
FNDA:211,(anonymous_2)
FNDA:355,(anonymous_3)
FNDA:352,(anonymous_4)
FNDA:7,(anonymous_5)
FNDA:8,(anonymous_6)
FNDA:0,(anonymous_7)
FNDA:1,(anonymous_8)
FNDA:1,(anonymous_9)
FNDA:0,(anonymous_10)
DA:14,3
DA:15,3
DA:16,3
DA:17,3
DA:18,3
DA:19,3
DA:20,3
DA:21,3
DA:25,3
DA:26,3
DA:27,3
DA:28,3
DA:35,3
DA:37,3
DA:46,3
DA:52,3
DA:59,3
DA:60,3
DA:64,211
DA:68,355
DA:77,352
DA:82,7
DA:86,8
DA:94,0
DA:106,1
DA:123,1
DA:124,1
DA:132,1
DA:149,1
DA:150,0
DA:152,1
DA:161,0
LF:32
LH:29
BRDA:112,0,0,1
BRDA:112,1,0,1
BRDA:112,2,0,1
BRDA:149,3,0,0
BRDA:149,3,1,1
BRF:5
BRH:4
end_of_record
TN:
SF:/home/balmas/workspace/data-models/src/homonym.js
FN:10,(anonymous_0)
FN:29,(anonymous_1)
FN:50,(anonymous_2)
FN:61,(anonymous_3)
FNF:4
FNH:3
FNDA:4,(anonymous_0)
FNDA:0,(anonymous_1)
FNDA:1,(anonymous_2)
FNDA:1,(anonymous_3)
DA:11,4
DA:12,1
DA:15,3
DA:16,1
DA:19,2
DA:20,3
DA:21,1
DA:25,1
DA:26,1
DA:30,0
DA:31,0
DA:32,0
DA:33,0
DA:36,0
DA:37,0
DA:38,0
DA:40,0
DA:51,1
DA:62,1
DA:63,1
DA:65,0
LF:21
LH:12
BRDA:11,0,0,1
BRDA:11,0,1,3
BRDA:15,1,0,1
BRDA:15,1,1,2
BRDA:20,2,0,1
BRDA:20,2,1,2
BRDA:31,3,0,0
BRDA:31,3,1,0
BRDA:37,4,0,0
BRDA:37,4,1,0
BRDA:62,5,0,1
BRDA:62,5,1,0
BRDA:62,6,0,1
BRDA:62,6,1,1
BRDA:62,6,2,1
BRDA:62,6,3,1
BRF:16
BRH:11
end_of_record
TN:
SF:/home/balmas/workspace/data-models/src/i18n.js
FNF:0
FNH:0
DA:4,13
LF:1
LH:1
BRF:0
BRH:0
end_of_record
TN:
SF:/home/balmas/workspace/data-models/src/inflection.js
FN:35,(anonymous_0)
FN:61,(anonymous_1)
FN:74,(anonymous_2)
FNF:3
FNH:2
FNDA:16,(anonymous_0)
FNDA:0,(anonymous_1)
FNDA:30,(anonymous_2)
DA:36,16
DA:37,0
DA:40,16
DA:41,1
DA:44,15
DA:45,1
DA:48,14
DA:49,14
DA:52,14
DA:55,14
DA:58,14
DA:63,0
DA:65,0
DA:75,30
DA:76,1
DA:78,29
DA:79,28
DA:82,29
DA:83,29
DA:84,29
DA:85,30
DA:86,1
DA:89,29
DA:90,1
DA:94,28
LF:25
LH:22
BRDA:35,0,0,9
BRDA:35,1,0,9
BRDA:35,2,0,9
BRDA:36,3,0,0
BRDA:36,3,1,16
BRDA:40,4,0,1
BRDA:40,4,1,15
BRDA:44,5,0,1
BRDA:44,5,1,14
BRDA:75,6,0,1
BRDA:75,6,1,29
BRDA:78,7,0,28
BRDA:78,7,1,1
BRDA:85,8,0,1
BRDA:85,8,1,29
BRDA:89,9,0,1
BRDA:89,9,1,28
BRF:17
BRH:16
end_of_record
TN:
SF:/home/balmas/workspace/data-models/src/inflection_group.js
FN:8,(anonymous_0)
FN:17,(anonymous_1)
FNF:2
FNH:2
FNDA:17,(anonymous_0)
FNDA:7,(anonymous_1)
DA:9,17
DA:10,17
DA:18,7
LF:3
LH:3
BRDA:8,0,0,0
BRDA:8,1,0,12
BRF:2
BRH:1
end_of_record
TN:
SF:/home/balmas/workspace/data-models/src/inflection_grouping_key.js
FN:8,(anonymous_0)
FN:20,(anonymous_1)
FN:33,(anonymous_2)
FN:37,(anonymous_3)
FNF:4
FNH:4
FNDA:25,(anonymous_0)
FNDA:13,(anonymous_1)
FNDA:25,(anonymous_2)
FNDA:36,(anonymous_3)
DA:9,25
DA:10,92
DA:12,25
DA:21,13
DA:22,13
DA:23,7
DA:26,6
DA:34,25
DA:35,25
DA:36,117
DA:37,36
DA:39,81
DA:42,25
LF:13
LH:13
BRDA:8,0,0,12
BRDA:22,1,0,7
BRDA:22,1,1,6
BRDA:36,2,0,36
BRDA:36,2,1,81
BRF:5
BRH:5
end_of_record
TN:
SF:/home/balmas/workspace/data-models/src/language_model.js
FN:13,(anonymous_0)
FN:22,(anonymous_1)
FN:78,(anonymous_2)
FN:110,(anonymous_3)
FN:120,(anonymous_4)
FN:131,(anonymous_5)
FN:143,(anonymous_6)
FN:151,(anonymous_7)
FN:155,(anonymous_8)
FN:159,(anonymous_9)
FN:163,(anonymous_10)
FN:178,(anonymous_11)
FN:188,(anonymous_12)
FN:201,(anonymous_13)
FN:210,(anonymous_14)
FN:227,(anonymous_15)
FN:290,(anonymous_16)
FN:302,(anonymous_17)
FNF:18
FNH:8
FNDA:11,(anonymous_0)
FNDA:9,(anonymous_1)
FNDA:0,(anonymous_2)
FNDA:0,(anonymous_3)
FNDA:0,(anonymous_4)
FNDA:0,(anonymous_5)
FNDA:0,(anonymous_6)
FNDA:0,(anonymous_7)
FNDA:0,(anonymous_8)
FNDA:0,(anonymous_9)
FNDA:0,(anonymous_10)
FNDA:0,(anonymous_11)
FNDA:1526,(anonymous_12)
FNDA:1526,(anonymous_13)
FNDA:1526,(anonymous_14)
FNDA:1,(anonymous_15)
FNDA:3,(anonymous_16)
FNDA:1,(anonymous_17)
DA:14,11
DA:15,11
DA:16,11
DA:17,11
DA:18,11
DA:19,11
DA:23,9
DA:24,9
DA:25,9
DA:43,9
DA:45,9
DA:47,9
DA:50,9
DA:52,9
DA:54,9
DA:56,9
DA:58,9
DA:60,9
DA:62,9
DA:64,9
DA:66,9
DA:68,9
DA:111,0
DA:121,0
DA:132,0
DA:144,0
DA:152,0
DA:156,0
DA:160,0
DA:164,0
DA:179,0
DA:189,1526
DA:190,1526
DA:192,0
DA:202,1526
DA:211,1526
DA:228,1
DA:231,1
DA:232,6
DA:239,6
DA:240,6
DA:241,4
DA:243,2
DA:248,1
DA:249,2
DA:250,2
DA:252,6
DA:253,6
DA:255,3
DA:256,3
DA:257,3
DA:259,3
DA:260,0
DA:262,0
DA:263,0
DA:264,0
DA:267,0
DA:271,6
DA:272,6
DA:273,6
DA:274,2
DA:276,4
DA:286,2
DA:287,4
DA:288,4
DA:289,4
DA:290,6
DA:291,6
DA:292,6
DA:293,6
DA:294,1
DA:296,5
DA:297,5
DA:300,4
DA:301,4
DA:303,1
DA:304,1
DA:305,1
DA:308,4
DA:309,5
DA:315,2
DA:316,4
DA:317,4
DA:318,5
DA:319,5
DA:321,6
DA:324,6
DA:325,6
DA:326,0
DA:328,6
DA:331,5
DA:334,2
DA:336,1
LF:93
LH:77
BRDA:143,0,0,0
BRDA:143,1,0,0
BRDA:143,2,0,0
BRDA:189,3,0,1526
BRDA:189,3,1,0
BRDA:240,4,0,4
BRDA:240,4,1,2
BRDA:253,5,0,3
BRDA:253,5,1,3
BRDA:257,6,0,3
BRDA:257,6,1,0
BRDA:260,7,0,0
BRDA:260,7,1,0
BRDA:263,8,0,0
BRDA:263,8,1,0
BRDA:273,9,0,2
BRDA:273,9,1,4
BRDA:290,10,0,3
BRDA:290,10,1,3
BRDA:293,11,0,1
BRDA:293,11,1,5
BRDA:305,12,0,0
BRDA:305,12,1,1
BRDA:305,13,0,0
BRDA:305,13,1,1
BRDA:325,14,0,0
BRDA:325,14,1,6
BRF:27
BRH:15
end_of_record
TN:
SF:/home/balmas/workspace/data-models/src/language_model_factory.js
FN:18,(anonymous_0)
FN:22,(anonymous_1)
FN:37,(anonymous_2)
FN:50,(anonymous_3)
FNF:4
FNH:4
FNDA:16,(anonymous_0)
FNDA:11,(anonymous_1)
FNDA:531,(anonymous_2)
FNDA:1,(anonymous_3)
DA:8,13
DA:19,16
DA:23,11
DA:24,11
DA:25,9
DA:29,2
DA:38,531
DA:39,1526
DA:40,531
DA:51,1
DA:52,3
DA:53,1
LF:12
LH:12
BRDA:22,0,0,0
BRDA:24,1,0,9
BRDA:24,1,1,2
BRDA:39,2,0,531
BRDA:39,2,1,995
BRDA:52,3,0,1
BRDA:52,3,1,2
BRF:7
BRH:6
end_of_record
TN:
SF:/home/balmas/workspace/data-models/src/latin_language_model.js
FN:11,(anonymous_0)
FN:22,(anonymous_1)
FN:26,(anonymous_2)
FN:35,(anonymous_3)
FN:39,(anonymous_4)
FN:82,(anonymous_5)
FN:93,(anonymous_6)
FN:101,(anonymous_7)
FN:106,(anonymous_8)
FN:110,(anonymous_9)
FNF:10
FNH:7
FNDA:2,(anonymous_0)
FNDA:183,(anonymous_1)
FNDA:885,(anonymous_2)
FNDA:883,(anonymous_3)
FNDA:2,(anonymous_4)
FNDA:0,(anonymous_5)
FNDA:0,(anonymous_6)
FNDA:0,(anonymous_7)
FNDA:4,(anonymous_8)
FNDA:4,(anonymous_9)
DA:12,2
DA:13,2
DA:14,2
DA:15,2
DA:16,2
DA:17,2
DA:18,2
DA:19,2
DA:23,183
DA:27,885
DA:36,883
DA:40,2
DA:41,2
DA:42,2
DA:43,2
DA:52,2
DA:54,2
DA:62,2
DA:63,2
DA:69,2
DA:75,2
DA:83,0
DA:94,0
DA:102,0
DA:107,4
DA:111,4
LF:26
LH:23
BRF:0
BRH:0
end_of_record
TN:
SF:/home/balmas/workspace/data-models/src/lemma.js
FN:15,(anonymous_0)
FN:36,(anonymous_1)
FN:46,(anonymous_2)
FN:74,(anonymous_3)
FNF:4
FNH:3
FNDA:8,(anonymous_0)
FNDA:0,(anonymous_1)
FNDA:2,(anonymous_2)
FNDA:1,(anonymous_3)
DA:16,8
DA:17,1
DA:20,7
DA:21,0
DA:28,7
DA:29,7
DA:30,7
DA:31,7
DA:32,7
DA:33,7
DA:37,0
DA:47,2
DA:48,0
DA:50,2
DA:51,2
DA:54,2
DA:55,2
DA:56,2
DA:57,2
DA:58,0
DA:61,2
DA:62,0
DA:66,2
DA:75,1
LF:24
LH:19
BRDA:15,0,0,7
BRDA:15,1,0,8
BRDA:16,2,0,1
BRDA:16,2,1,7
BRDA:20,3,0,0
BRDA:20,3,1,7
BRDA:47,4,0,0
BRDA:47,4,1,2
BRDA:50,5,0,2
BRDA:50,5,1,0
BRDA:57,6,0,0
BRDA:57,6,1,2
BRDA:61,7,0,0
BRDA:61,7,1,2
BRF:14
BRH:9
end_of_record
TN:
SF:/home/balmas/workspace/data-models/src/lexeme.js
FN:18,(anonymous_0)
FN:46,(anonymous_1)
FN:51,(anonymous_2)
FN:71,(anonymous_3)
FN:72,(anonymous_4)
FNF:5
FNH:3
FNDA:7,(anonymous_0)
FNDA:0,(anonymous_1)
FNDA:0,(anonymous_2)
FNDA:1,(anonymous_3)
FNDA:2,(anonymous_4)
DA:19,7
DA:20,1
DA:23,6
DA:24,0
DA:27,6
DA:28,0
DA:31,6
DA:32,1
DA:35,5
DA:36,8
DA:37,1
DA:41,4
DA:42,4
DA:43,4
DA:47,0
DA:48,0
DA:52,0
DA:53,0
DA:54,0
DA:55,0
DA:58,0
DA:59,0
DA:60,0
DA:72,1
DA:73,2
DA:74,1
DA:75,0
DA:76,1
DA:77,0
DA:78,1
DA:79,1
DA:80,1
DA:81,0
DA:82,0
DA:83,0
DA:84,0
DA:85,0
DA:86,0
DA:88,0
DA:91,1
DA:92,1
DA:93,0
DA:94,0
DA:96,0
LF:44
LH:21
BRDA:18,0,0,6
BRDA:19,1,0,1
BRDA:19,1,1,6
BRDA:23,2,0,0
BRDA:23,2,1,6
BRDA:27,3,0,0
BRDA:27,3,1,6
BRDA:31,4,0,1
BRDA:31,4,1,5
BRDA:36,5,0,1
BRDA:36,5,1,7
BRDA:43,6,0,4
BRDA:43,6,1,3
BRDA:73,7,0,1
BRDA:73,7,1,1
BRDA:73,8,0,2
BRDA:73,8,1,2
BRDA:74,9,0,0
BRDA:74,9,1,1
BRDA:76,10,0,0
BRDA:76,10,1,1
BRDA:78,11,0,1
BRDA:78,11,1,0
BRDA:78,12,0,1
BRDA:78,12,1,1
BRDA:79,13,0,1
BRDA:79,13,1,0
BRDA:81,14,0,0
BRDA:81,14,1,0
BRDA:83,15,0,0
BRDA:83,15,1,0
BRDA:83,16,0,0
BRDA:83,16,1,0
BRDA:85,17,0,0
BRDA:85,17,1,0
BRDA:85,18,0,0
BRDA:85,18,1,0
BRDA:91,19,0,1
BRDA:91,19,1,0
BRDA:91,20,0,1
BRDA:91,20,1,1
BRDA:93,21,0,0
BRDA:93,21,1,0
BRDA:93,22,0,0
BRDA:93,22,1,0
BRF:45
BRH:24
end_of_record
TN:
SF:/home/balmas/workspace/data-models/src/persian_language_model.js
FN:11,(anonymous_0)
FN:22,(anonymous_1)
FN:26,(anonymous_2)
FN:30,(anonymous_3)
FN:35,(anonymous_4)
FN:39,(anonymous_5)
FN:48,(anonymous_6)
FN:56,(anonymous_7)
FN:64,(anonymous_8)
FNF:9
FNH:7
FNDA:2,(anonymous_0)
FNDA:2,(anonymous_1)
FNDA:75,(anonymous_2)
FNDA:75,(anonymous_3)
FNDA:2,(anonymous_4)
FNDA:2,(anonymous_5)
FNDA:73,(anonymous_6)
FNDA:0,(anonymous_7)
FNDA:0,(anonymous_8)
DA:12,2
DA:13,2
DA:14,2
DA:15,2
DA:16,2
DA:17,2
DA:18,2
DA:19,2
DA:23,2
DA:27,75
DA:31,75
DA:36,2
DA:40,2
DA:49,73
DA:57,0
DA:65,0
LF:16
LH:14
BRF:0
BRH:0
end_of_record
TN:
SF:/home/balmas/workspace/data-models/src/resource_provider.js
FN:11,(anonymous_0)
FN:22,(anonymous_1)
FN:31,(anonymous_2)
FN:35,(anonymous_3)
FN:37,(anonymous_4)
FNF:5
FNH:5
FNDA:2,(anonymous_0)
FNDA:1,(anonymous_1)
FNDA:2,(anonymous_2)
FNDA:1,(anonymous_3)
FNDA:2,(anonymous_4)
DA:12,2
DA:13,2
DA:14,2
DA:15,2
DA:23,1
DA:32,2
DA:36,1
DA:38,2
LF:8
LH:8
BRDA:11,0,0,0
BRDA:11,1,0,0
BRDA:11,2,0,0
BRDA:14,3,0,2
BRDA:14,3,1,0
BRDA:32,4,0,2
BRDA:32,4,1,1
BRDA:35,5,0,0
BRDA:35,6,0,0
BRDA:38,7,0,1
BRDA:38,7,1,1
BRF:11
BRH:5
end_of_record
